CRITICAL - 2023-01-31 14:48:56 --> syntax error, unexpected '<', expecting ':'
in APPPATH\Views\admin\galerias\images.php on line 119.
 1 SYSTEMPATH\View\View.php(216): CodeIgniter\View\View->CodeIgniter\View\{closure}()
 2 SYSTEMPATH\Common.php(1135): CodeIgniter\View\View->render('admin/galerias/images.php', [], true)
 3 APPPATH\Controllers\Admin\Galeria.php(261): view('admin/galerias/images.php', [...])
 4 SYSTEMPATH\CodeIgniter.php(925): App\Controllers\Admin\Galeria->images('2')
 5 SYSTEMPATH\CodeIgniter.php(480): CodeIgniter\CodeIgniter->runController(Object(App\Controllers\Admin\Galeria))
 6 SYSTEMPATH\CodeIgniter.php(349): CodeIgniter\CodeIgniter->handleRequest(null, Object(Config\Cache), false)
 7 FCPATH\index.php(67): CodeIgniter\CodeIgniter->run()
CRITICAL - 2023-01-31 14:49:38 --> syntax error, unexpected end of file
in APPPATH\Views\admin\galerias\images.php on line 131.
 1 SYSTEMPATH\View\View.php(216): CodeIgniter\View\View->CodeIgniter\View\{closure}()
 2 SYSTEMPATH\Common.php(1135): CodeIgniter\View\View->render('admin/galerias/images.php', [], true)
 3 APPPATH\Controllers\Admin\Galeria.php(261): view('admin/galerias/images.php', [...])
 4 SYSTEMPATH\CodeIgniter.php(925): App\Controllers\Admin\Galeria->images('2')
 5 SYSTEMPATH\CodeIgniter.php(480): CodeIgniter\CodeIgniter->runController(Object(App\Controllers\Admin\Galeria))
 6 SYSTEMPATH\CodeIgniter.php(349): CodeIgniter\CodeIgniter->handleRequest(null, Object(Config\Cache), false)
 7 FCPATH\index.php(67): CodeIgniter\CodeIgniter->run()
CRITICAL - 2023-01-31 16:09:30 --> Trying to get property 'id' of non-object
in APPPATH\Views\admin\galerias\images.php on line 80.
 1 APPPATH\Views\admin\galerias\images.php(80): CodeIgniter\Debug\Exceptions->errorHandler(8, 'Trying to get property \'id\' of non-object', 'APPPATH\\Views\\admin\\galerias\\images.php', 80, [...])
 2 SYSTEMPATH\View\View.php(213): include('APPPATH\\Views\\admin\\galerias\\images.php')
 3 SYSTEMPATH\View\View.php(216): CodeIgniter\View\View->CodeIgniter\View\{closure}()
 4 SYSTEMPATH\Common.php(1135): CodeIgniter\View\View->render('admin/galerias/images.php', [], true)
 5 APPPATH\Controllers\Admin\Galeria.php(261): view('admin/galerias/images.php', [...])
 6 SYSTEMPATH\CodeIgniter.php(925): App\Controllers\Admin\Galeria->images('86')
 7 SYSTEMPATH\CodeIgniter.php(480): CodeIgniter\CodeIgniter->runController(Object(App\Controllers\Admin\Galeria))
 8 SYSTEMPATH\CodeIgniter.php(349): CodeIgniter\CodeIgniter->handleRequest(null, Object(Config\Cache), false)
 9 FCPATH\index.php(67): CodeIgniter\CodeIgniter->run()
CRITICAL - 2023-01-31 16:18:11 --> Undefined variable: field
in APPPATH\Views\admin\noticias\galery.php on line 80.
 1 APPPATH\Views\admin\noticias\galery.php(80): CodeIgniter\Debug\Exceptions->errorHandler(8, 'Undefined variable: field', 'APPPATH\\Views\\admin\\noticias\\galery.php', 80, [...])
 2 SYSTEMPATH\View\View.php(213): include('APPPATH\\Views\\admin\\noticias\\galery.php')
 3 SYSTEMPATH\View\View.php(216): CodeIgniter\View\View->CodeIgniter\View\{closure}()
 4 SYSTEMPATH\Common.php(1135): CodeIgniter\View\View->render('admin/noticias/galery.php', [], true)
 5 APPPATH\Controllers\Admin\Noticias.php(257): view('admin/noticias/galery.php')
 6 SYSTEMPATH\CodeIgniter.php(925): App\Controllers\Admin\Noticias->galery('1')
 7 SYSTEMPATH\CodeIgniter.php(480): CodeIgniter\CodeIgniter->runController(Object(App\Controllers\Admin\Noticias))
 8 SYSTEMPATH\CodeIgniter.php(349): CodeIgniter\CodeIgniter->handleRequest(null, Object(Config\Cache), false)
 9 FCPATH\index.php(67): CodeIgniter\CodeIgniter->run()
CRITICAL - 2023-01-31 16:18:32 --> Undefined variable: field
in APPPATH\Views\admin\noticias\galery.php on line 80.
 1 APPPATH\Views\admin\noticias\galery.php(80): CodeIgniter\Debug\Exceptions->errorHandler(8, 'Undefined variable: field', 'APPPATH\\Views\\admin\\noticias\\galery.php', 80, [...])
 2 SYSTEMPATH\View\View.php(213): include('APPPATH\\Views\\admin\\noticias\\galery.php')
 3 SYSTEMPATH\View\View.php(216): CodeIgniter\View\View->CodeIgniter\View\{closure}()
 4 SYSTEMPATH\Common.php(1135): CodeIgniter\View\View->render('admin/noticias/galery.php', [], true)
 5 APPPATH\Controllers\Admin\Noticias.php(257): view('admin/noticias/galery.php')
 6 SYSTEMPATH\CodeIgniter.php(925): App\Controllers\Admin\Noticias->galery('1')
 7 SYSTEMPATH\CodeIgniter.php(480): CodeIgniter\CodeIgniter->runController(Object(App\Controllers\Admin\Noticias))
 8 SYSTEMPATH\CodeIgniter.php(349): CodeIgniter\CodeIgniter->handleRequest(null, Object(Config\Cache), false)
 9 FCPATH\index.php(67): CodeIgniter\CodeIgniter->run()
CRITICAL - 2023-01-31 16:27:08 --> Undefined property: App\Controllers\Admin\Noticias::$modelImagens
in APPPATH\Controllers\Admin\Noticias.php on line 313.
 1 APPPATH\Controllers\Admin\Noticias.php(313): CodeIgniter\Debug\Exceptions->errorHandler(8, 'Undefined property: App\\Controllers\\Admin\\Noticias::$modelImagens', 'APPPATH\\Controllers\\Admin\\Noticias.php', 313, [...])
 2 APPPATH\Controllers\Admin\Noticias.php(287): App\Controllers\Admin\Noticias->saveImage('1675196827_3461b02ee28bec91841e.jpg', '1')
 3 SYSTEMPATH\CodeIgniter.php(925): App\Controllers\Admin\Noticias->uploadImages('1')
 4 SYSTEMPATH\CodeIgniter.php(480): CodeIgniter\CodeIgniter->runController(Object(App\Controllers\Admin\Noticias))
 5 SYSTEMPATH\CodeIgniter.php(349): CodeIgniter\CodeIgniter->handleRequest(null, Object(Config\Cache), false)
 6 FCPATH\index.php(67): CodeIgniter\CodeIgniter->run()
ERROR - 2023-01-31 16:34:57 --> mysqli_sql_exception: Table 'admin.noticias-imagens' doesn't exist in C:\wamp64\www\admin\system\Database\MySQLi\Connection.php:292
Stack trace:
#0 C:\wamp64\www\admin\system\Database\MySQLi\Connection.php(292): mysqli->query('INSERT INTO `no...', 0)
#1 C:\wamp64\www\admin\system\Database\BaseConnection.php(666): CodeIgniter\Database\MySQLi\Connection->execute('INSERT INTO `no...')
#2 C:\wamp64\www\admin\system\Database\BaseConnection.php(593): CodeIgniter\Database\BaseConnection->simpleQuery('INSERT INTO `no...')
#3 C:\wamp64\www\admin\system\Database\BaseBuilder.php(1916): CodeIgniter\Database\BaseConnection->query('INSERT INTO `no...', Array, false)
#4 C:\wamp64\www\admin\system\Model.php(303): CodeIgniter\Database\BaseBuilder->insert()
#5 C:\wamp64\www\admin\system\BaseModel.php(750): CodeIgniter\Model->doInsert(Array)
#6 C:\wamp64\www\admin\system\Model.php(699): CodeIgniter\BaseModel->insert(Array, true)
#7 C:\wamp64\www\admin\app\Controllers\Admin\Noticias.php(315): CodeIgniter\Model->insert(Array)
#8 C:\wamp64\www\admin\app\Controllers\Admin\Noticias.php(289): App\Controllers\Admin\Noticias->saveImage('1675197297_abc6...', '1')
#9 C:\wamp64\www\admin\system\CodeIgniter.php(925): App\Controllers\Admin\Noticias->uploadImages('1')
#10 C:\wamp64\www\admin\system\CodeIgniter.php(480): CodeIgniter\CodeIgniter->runController(Object(App\Controllers\Admin\Noticias))
#11 C:\wamp64\www\admin\system\CodeIgniter.php(349): CodeIgniter\CodeIgniter->handleRequest(NULL, Object(Config\Cache), false)
#12 C:\wamp64\www\admin\public\index.php(67): CodeIgniter\CodeIgniter->run()
#13 {main}
CRITICAL - 2023-01-31 16:34:58 --> Table 'admin.noticias-imagens' doesn't exist
in SYSTEMPATH\Database\MySQLi\Connection.php on line 292.
 1 SYSTEMPATH\Database\MySQLi\Connection.php(292): mysqli->query('INSERT INTO `noticias-imagens` (`idNoticia`, `imagem`, `created_at`, `updated_at`) VALUES (\'1\', \'http://local.admin/uploads/img/1675197297_abc64d30b2341c7e3fe8.jpg\', \'2023-01-31 16:34:57\', \'2023-01-31 16:34:57\')', 0)
 2 SYSTEMPATH\Database\BaseConnection.php(666): CodeIgniter\Database\MySQLi\Connection->execute('INSERT INTO `noticias-imagens` (`idNoticia`, `imagem`, `created_at`, `updated_at`) VALUES (\'1\', \'http://local.admin/uploads/img/1675197297_abc64d30b2341c7e3fe8.jpg\', \'2023-01-31 16:34:57\', \'2023-01-31 16:34:57\')')
 3 SYSTEMPATH\Database\BaseConnection.php(593): CodeIgniter\Database\BaseConnection->simpleQuery('INSERT INTO `noticias-imagens` (`idNoticia`, `imagem`, `created_at`, `updated_at`) VALUES (\'1\', \'http://local.admin/uploads/img/1675197297_abc64d30b2341c7e3fe8.jpg\', \'2023-01-31 16:34:57\', \'2023-01-31 16:34:57\')')
 4 SYSTEMPATH\Database\BaseBuilder.php(1916): CodeIgniter\Database\BaseConnection->query('INSERT INTO `noticias-imagens` (`idNoticia`, `imagem`, `created_at`, `updated_at`) VALUES (:idNoticia:, :imagem:, :created_at:, :updated_at:)', [...], false)
 5 SYSTEMPATH\Model.php(303): CodeIgniter\Database\BaseBuilder->insert()
 6 SYSTEMPATH\BaseModel.php(750): CodeIgniter\Model->doInsert([...])
 7 SYSTEMPATH\Model.php(699): CodeIgniter\BaseModel->insert([...], true)
 8 APPPATH\Controllers\Admin\Noticias.php(315): CodeIgniter\Model->insert([...])
 9 APPPATH\Controllers\Admin\Noticias.php(289): App\Controllers\Admin\Noticias->saveImage('1675197297_abc64d30b2341c7e3fe8.jpg', '1')
10 SYSTEMPATH\CodeIgniter.php(925): App\Controllers\Admin\Noticias->uploadImages('1')
11 SYSTEMPATH\CodeIgniter.php(480): CodeIgniter\CodeIgniter->runController(Object(App\Controllers\Admin\Noticias))
12 SYSTEMPATH\CodeIgniter.php(349): CodeIgniter\CodeIgniter->handleRequest(null, Object(Config\Cache), false)
13 FCPATH\index.php(67): CodeIgniter\CodeIgniter->run()
CRITICAL - 2023-01-31 16:55:55 --> Class 'App\Controllers\Admin\NoticiaModel' not found
in APPPATH\Controllers\Admin\Banners.php on line 17.
 1 SYSTEMPATH\CodeIgniter.php(887): App\Controllers\Admin\Banners->__construct()
 2 SYSTEMPATH\CodeIgniter.php(471): CodeIgniter\CodeIgniter->createController()
 3 SYSTEMPATH\CodeIgniter.php(349): CodeIgniter\CodeIgniter->handleRequest(null, Object(Config\Cache), false)
 4 FCPATH\index.php(67): CodeIgniter\CodeIgniter->run()
ERROR - 2023-01-31 16:56:04 --> mysqli_sql_exception: Table 'admin.banner' doesn't exist in C:\wamp64\www\admin\system\Database\MySQLi\Connection.php:292
Stack trace:
#0 C:\wamp64\www\admin\system\Database\MySQLi\Connection.php(292): mysqli->query('SELECT COUNT(*)...', 0)
#1 C:\wamp64\www\admin\system\Database\BaseConnection.php(666): CodeIgniter\Database\MySQLi\Connection->execute('SELECT COUNT(*)...')
#2 C:\wamp64\www\admin\system\Database\BaseConnection.php(593): CodeIgniter\Database\BaseConnection->simpleQuery('SELECT COUNT(*)...')
#3 C:\wamp64\www\admin\system\Database\BaseBuilder.php(1669): CodeIgniter\Database\BaseConnection->query('SELECT COUNT(*)...', Array, false)
#4 C:\wamp64\www\admin\system\Model.php(575): CodeIgniter\Database\BaseBuilder->countAllResults(false)
#5 C:\wamp64\www\admin\system\BaseModel.php(1108): CodeIgniter\Model->countAllResults(false)
#6 C:\wamp64\www\admin\app\Controllers\Admin\Banners.php(39): CodeIgniter\BaseModel->paginate(10)
#7 C:\wamp64\www\admin\system\CodeIgniter.php(925): App\Controllers\Admin\Banners->index()
#8 C:\wamp64\www\admin\system\CodeIgniter.php(480): CodeIgniter\CodeIgniter->runController(Object(App\Controllers\Admin\Banners))
#9 C:\wamp64\www\admin\system\CodeIgniter.php(349): CodeIgniter\CodeIgniter->handleRequest(NULL, Object(Config\Cache), false)
#10 C:\wamp64\www\admin\public\index.php(67): CodeIgniter\CodeIgniter->run()
#11 {main}
CRITICAL - 2023-01-31 16:56:05 --> Table 'admin.banner' doesn't exist
in SYSTEMPATH\Database\MySQLi\Connection.php on line 292.
 1 SYSTEMPATH\Database\MySQLi\Connection.php(292): mysqli->query('SELECT COUNT(*) AS `numrows`
FROM `banner`
WHERE `banner`.`deleted_at` IS NULL', 0)
 2 SYSTEMPATH\Database\BaseConnection.php(666): CodeIgniter\Database\MySQLi\Connection->execute('SELECT COUNT(*) AS `numrows`
FROM `banner`
WHERE `banner`.`deleted_at` IS NULL')
 3 SYSTEMPATH\Database\BaseConnection.php(593): CodeIgniter\Database\BaseConnection->simpleQuery('SELECT COUNT(*) AS `numrows`
FROM `banner`
WHERE `banner`.`deleted_at` IS NULL')
 4 SYSTEMPATH\Database\BaseBuilder.php(1669): CodeIgniter\Database\BaseConnection->query('SELECT COUNT(*) AS `numrows`
FROM `banner`
WHERE `banner`.`deleted_at` IS NULL', [], false)
 5 SYSTEMPATH\Model.php(575): CodeIgniter\Database\BaseBuilder->countAllResults(false)
 6 SYSTEMPATH\BaseModel.php(1108): CodeIgniter\Model->countAllResults(false)
 7 APPPATH\Controllers\Admin\Banners.php(39): CodeIgniter\BaseModel->paginate(10)
 8 SYSTEMPATH\CodeIgniter.php(925): App\Controllers\Admin\Banners->index()
 9 SYSTEMPATH\CodeIgniter.php(480): CodeIgniter\CodeIgniter->runController(Object(App\Controllers\Admin\Banners))
10 SYSTEMPATH\CodeIgniter.php(349): CodeIgniter\CodeIgniter->handleRequest(null, Object(Config\Cache), false)
11 FCPATH\index.php(67): CodeIgniter\CodeIgniter->run()
CRITICAL - 2023-01-31 16:56:38 --> Arquivo inválido: admin/banner/index.php
in SYSTEMPATH\Exceptions\FrameworkException.php on line 33.
 1 SYSTEMPATH\View\View.php(201): CodeIgniter\Exceptions\FrameworkException::forInvalidFile('admin/banner/index.php')
 2 SYSTEMPATH\Common.php(1135): CodeIgniter\View\View->render('admin/banner/index.php', [], true)
 3 APPPATH\Controllers\Admin\Banners.php(46): view('admin/banner/index.php', [...])
 4 SYSTEMPATH\CodeIgniter.php(925): App\Controllers\Admin\Banners->index()
 5 SYSTEMPATH\CodeIgniter.php(480): CodeIgniter\CodeIgniter->runController(Object(App\Controllers\Admin\Banners))
 6 SYSTEMPATH\CodeIgniter.php(349): CodeIgniter\CodeIgniter->handleRequest(null, Object(Config\Cache), false)
 7 FCPATH\index.php(67): CodeIgniter\CodeIgniter->run()
CRITICAL - 2023-01-31 16:58:27 --> Arquivo inválido: admin/banner/index.php
in SYSTEMPATH\Exceptions\FrameworkException.php on line 33.
 1 SYSTEMPATH\View\View.php(201): CodeIgniter\Exceptions\FrameworkException::forInvalidFile('admin/banner/index.php')
 2 SYSTEMPATH\Common.php(1135): CodeIgniter\View\View->render('admin/banner/index.php', [], true)
 3 APPPATH\Controllers\Admin\Banners.php(46): view('admin/banner/index.php', [...])
 4 SYSTEMPATH\CodeIgniter.php(925): App\Controllers\Admin\Banners->index()
 5 SYSTEMPATH\CodeIgniter.php(480): CodeIgniter\CodeIgniter->runController(Object(App\Controllers\Admin\Banners))
 6 SYSTEMPATH\CodeIgniter.php(349): CodeIgniter\CodeIgniter->handleRequest(null, Object(Config\Cache), false)
 7 FCPATH\index.php(67): CodeIgniter\CodeIgniter->run()
