CRITICAL - 2025-07-29 07:36:36 --> ini_set(): session.sid_length INI setting is deprecated
in SYSTEMPATH\Session\Handlers\FileHandler.php on line 321.
 1 [internal function]: CodeIgniter\Debug\Exceptions->errorHandler(8192, 'ini_set(): session.sid_length INI setting is deprecated', 'SYSTEMPATH\\Session\\Handlers\\FileHandler.php', 321)
 2 SYSTEMPATH\Session\Handlers\FileHandler.php(321): ini_set('session.sid_length', '40')
 3 SYSTEMPATH\Session\Handlers\FileHandler.php(85): CodeIgniter\Session\Handlers\FileHandler->configureSessionIDRegex()
 4 SYSTEMPATH\Config\Services.php(658): CodeIgniter\Session\Handlers\FileHandler->__construct(Object(Config\App), '::1')
 5 SYSTEMPATH\Config\BaseService.php(253): CodeIgniter\Config\Services::session(Object(Config\App), false)
 6 SYSTEMPATH\Config\BaseService.php(194): CodeIgniter\Config\BaseService::__callStatic('session', [...])
 7 SYSTEMPATH\Config\Services.php(637): CodeIgniter\Config\BaseService::getSharedInstance('session', null)
 8 SYSTEMPATH\Config\BaseService.php(253): CodeIgniter\Config\Services::session()
 9 SYSTEMPATH\Common.php(932): CodeIgniter\Config\BaseService::__callStatic('session', [])
10 APPPATH\Controllers\Admin\Auth.php(16): session()
11 SYSTEMPATH\CodeIgniter.php(887): App\Controllers\Admin\Auth->__construct()
12 SYSTEMPATH\CodeIgniter.php(471): CodeIgniter\CodeIgniter->createController()
13 SYSTEMPATH\CodeIgniter.php(349): CodeIgniter\CodeIgniter->handleRequest(null, Object(Config\Cache), false)
14 FCPATH\index.php(69): CodeIgniter\CodeIgniter->run()
CRITICAL - 2025-07-29 07:50:47 --> array_key_last(): Argument #1 ($array) must be of type array, stdClass given
in APPPATH\Views\admin\relatorios\ficha-individual.php on line 106.
 1 APPPATH\Views\admin\relatorios\ficha-individual.php(106): array_key_last(Object(stdClass))
 2 SYSTEMPATH\View\View.php(213): include('APPPATH\\Views\\admin\\relatorios\\ficha-individual.php')
 3 SYSTEMPATH\View\View.php(216): CodeIgniter\View\View->CodeIgniter\View\{closure}()
 4 SYSTEMPATH\Common.php(1135): CodeIgniter\View\View->render('admin/relatorios/ficha-individual', [], true)
 5 APPPATH\Controllers\Admin\Relatorios.php(157): view('admin/relatorios/ficha-individual', [...])
 6 APPPATH\Controllers\Admin\Relatorios.php(85): App\Controllers\Admin\Relatorios->fichaIndividual('1', '2')
 7 SYSTEMPATH\CodeIgniter.php(925): App\Controllers\Admin\Relatorios->gerarRelatorio()
 8 SYSTEMPATH\CodeIgniter.php(480): CodeIgniter\CodeIgniter->runController(Object(App\Controllers\Admin\Relatorios))
 9 SYSTEMPATH\CodeIgniter.php(349): CodeIgniter\CodeIgniter->handleRequest(null, Object(Config\Cache), false)
10 FCPATH\index.php(69): CodeIgniter\CodeIgniter->run()
CRITICAL - 2025-07-29 07:50:52 --> array_key_last(): Argument #1 ($array) must be of type array, stdClass given
in APPPATH\Views\admin\relatorios\ficha-individual.php on line 106.
 1 APPPATH\Views\admin\relatorios\ficha-individual.php(106): array_key_last(Object(stdClass))
 2 SYSTEMPATH\View\View.php(213): include('APPPATH\\Views\\admin\\relatorios\\ficha-individual.php')
 3 SYSTEMPATH\View\View.php(216): CodeIgniter\View\View->CodeIgniter\View\{closure}()
 4 SYSTEMPATH\Common.php(1135): CodeIgniter\View\View->render('admin/relatorios/ficha-individual', [], true)
 5 APPPATH\Controllers\Admin\Relatorios.php(157): view('admin/relatorios/ficha-individual', [...])
 6 APPPATH\Controllers\Admin\Relatorios.php(85): App\Controllers\Admin\Relatorios->fichaIndividual('1', '29')
 7 SYSTEMPATH\CodeIgniter.php(925): App\Controllers\Admin\Relatorios->gerarRelatorio()
 8 SYSTEMPATH\CodeIgniter.php(480): CodeIgniter\CodeIgniter->runController(Object(App\Controllers\Admin\Relatorios))
 9 SYSTEMPATH\CodeIgniter.php(349): CodeIgniter\CodeIgniter->handleRequest(null, Object(Config\Cache), false)
10 FCPATH\index.php(69): CodeIgniter\CodeIgniter->run()
CRITICAL - 2025-07-29 07:50:58 --> array_key_last(): Argument #1 ($array) must be of type array, stdClass given
in APPPATH\Views\admin\relatorios\ficha-individual.php on line 106.
 1 APPPATH\Views\admin\relatorios\ficha-individual.php(106): array_key_last(Object(stdClass))
 2 SYSTEMPATH\View\View.php(213): include('APPPATH\\Views\\admin\\relatorios\\ficha-individual.php')
 3 SYSTEMPATH\View\View.php(216): CodeIgniter\View\View->CodeIgniter\View\{closure}()
 4 SYSTEMPATH\Common.php(1135): CodeIgniter\View\View->render('admin/relatorios/ficha-individual', [], true)
 5 APPPATH\Controllers\Admin\Relatorios.php(157): view('admin/relatorios/ficha-individual', [...])
 6 APPPATH\Controllers\Admin\Relatorios.php(85): App\Controllers\Admin\Relatorios->fichaIndividual('1', '1')
 7 SYSTEMPATH\CodeIgniter.php(925): App\Controllers\Admin\Relatorios->gerarRelatorio()
 8 SYSTEMPATH\CodeIgniter.php(480): CodeIgniter\CodeIgniter->runController(Object(App\Controllers\Admin\Relatorios))
 9 SYSTEMPATH\CodeIgniter.php(349): CodeIgniter\CodeIgniter->handleRequest(null, Object(Config\Cache), false)
10 FCPATH\index.php(69): CodeIgniter\CodeIgniter->run()
CRITICAL - 2025-07-29 07:54:57 --> array_key_last(): Argument #1 ($array) must be of type array, stdClass given
in APPPATH\Views\admin\relatorios\ficha-individual.php on line 106.
 1 APPPATH\Views\admin\relatorios\ficha-individual.php(106): array_key_last(Object(stdClass))
 2 SYSTEMPATH\View\View.php(213): include('APPPATH\\Views\\admin\\relatorios\\ficha-individual.php')
 3 SYSTEMPATH\View\View.php(216): CodeIgniter\View\View->CodeIgniter\View\{closure}()
 4 SYSTEMPATH\Common.php(1135): CodeIgniter\View\View->render('admin/relatorios/ficha-individual', [], true)
 5 APPPATH\Controllers\Admin\Relatorios.php(157): view('admin/relatorios/ficha-individual', [...])
 6 APPPATH\Controllers\Admin\Relatorios.php(85): App\Controllers\Admin\Relatorios->fichaIndividual('1', '2')
 7 SYSTEMPATH\CodeIgniter.php(925): App\Controllers\Admin\Relatorios->gerarRelatorio()
 8 SYSTEMPATH\CodeIgniter.php(480): CodeIgniter\CodeIgniter->runController(Object(App\Controllers\Admin\Relatorios))
 9 SYSTEMPATH\CodeIgniter.php(349): CodeIgniter\CodeIgniter->handleRequest(null, Object(Config\Cache), false)
10 FCPATH\index.php(69): CodeIgniter\CodeIgniter->run()
CRITICAL - 2025-07-29 08:08:40 --> Call to undefined method App\Models\Admin\AlunosNotasModel::getNotasByTurmaAndAluno
in SYSTEMPATH\Model.php on line 811.
 1 APPPATH\Controllers\Admin\Relatorios.php(179): CodeIgniter\Model->__call('getNotasByTurmaAndAluno', [...])
 2 APPPATH\Controllers\Admin\Relatorios.php(87): App\Controllers\Admin\Relatorios->avaliacaoIndividual('2', 'C:\\wamp64\\www\\secretaria-digital\\public')
 3 SYSTEMPATH\CodeIgniter.php(925): App\Controllers\Admin\Relatorios->gerarRelatorio()
 4 SYSTEMPATH\CodeIgniter.php(480): CodeIgniter\CodeIgniter->runController(Object(App\Controllers\Admin\Relatorios))
 5 SYSTEMPATH\CodeIgniter.php(349): CodeIgniter\CodeIgniter->handleRequest(null, Object(Config\Cache), false)
 6 FCPATH\index.php(69): CodeIgniter\CodeIgniter->run()
CRITICAL - 2025-07-29 08:10:58 --> syntax error, unexpected token "<", expecting end of file
in APPPATH\Views\admin\relatorios\avaliacao-individual.php on line 2.
 1 SYSTEMPATH\View\View.php(216): CodeIgniter\View\View->CodeIgniter\View\{closure}()
 2 SYSTEMPATH\Common.php(1135): CodeIgniter\View\View->render('admin/relatorios/avaliacao-individual', [], true)
 3 APPPATH\Controllers\Admin\Relatorios.php(186): view('admin/relatorios/avaliacao-individual', [...])
 4 APPPATH\Controllers\Admin\Relatorios.php(87): App\Controllers\Admin\Relatorios->avaliacaoIndividual('2', 'C:\\wamp64\\www\\secretaria-digital\\public')
 5 SYSTEMPATH\CodeIgniter.php(925): App\Controllers\Admin\Relatorios->gerarRelatorio()
 6 SYSTEMPATH\CodeIgniter.php(480): CodeIgniter\CodeIgniter->runController(Object(App\Controllers\Admin\Relatorios))
 7 SYSTEMPATH\CodeIgniter.php(349): CodeIgniter\CodeIgniter->handleRequest(null, Object(Config\Cache), false)
 8 FCPATH\index.php(69): CodeIgniter\CodeIgniter->run()
CRITICAL - 2025-07-29 08:11:54 --> syntax error, unexpected token "<", expecting end of file
in APPPATH\Views\admin\relatorios\avaliacao-individual.php on line 2.
 1 SYSTEMPATH\View\View.php(216): CodeIgniter\View\View->CodeIgniter\View\{closure}()
 2 SYSTEMPATH\Common.php(1135): CodeIgniter\View\View->render('admin/relatorios/avaliacao-individual', [], true)
 3 APPPATH\Controllers\Admin\Relatorios.php(186): view('admin/relatorios/avaliacao-individual', [...])
 4 APPPATH\Controllers\Admin\Relatorios.php(87): App\Controllers\Admin\Relatorios->avaliacaoIndividual('2', 'C:\\wamp64\\www\\secretaria-digital\\public')
 5 SYSTEMPATH\CodeIgniter.php(925): App\Controllers\Admin\Relatorios->gerarRelatorio()
 6 SYSTEMPATH\CodeIgniter.php(480): CodeIgniter\CodeIgniter->runController(Object(App\Controllers\Admin\Relatorios))
 7 SYSTEMPATH\CodeIgniter.php(349): CodeIgniter\CodeIgniter->handleRequest(null, Object(Config\Cache), false)
 8 FCPATH\index.php(69): CodeIgniter\CodeIgniter->run()
CRITICAL - 2025-07-29 08:12:18 --> Cannot use object of type stdClass as array
in APPPATH\Views\admin\relatorios\avaliacao-individual.php on line 19.
 1 SYSTEMPATH\View\View.php(213): include()
 2 SYSTEMPATH\View\View.php(216): CodeIgniter\View\View->CodeIgniter\View\{closure}()
 3 SYSTEMPATH\Common.php(1135): CodeIgniter\View\View->render('admin/relatorios/avaliacao-individual', [], true)
 4 APPPATH\Controllers\Admin\Relatorios.php(186): view('admin/relatorios/avaliacao-individual', [...])
 5 APPPATH\Controllers\Admin\Relatorios.php(87): App\Controllers\Admin\Relatorios->avaliacaoIndividual('2', 'C:\\wamp64\\www\\secretaria-digital\\public')
 6 SYSTEMPATH\CodeIgniter.php(925): App\Controllers\Admin\Relatorios->gerarRelatorio()
 7 SYSTEMPATH\CodeIgniter.php(480): CodeIgniter\CodeIgniter->runController(Object(App\Controllers\Admin\Relatorios))
 8 SYSTEMPATH\CodeIgniter.php(349): CodeIgniter\CodeIgniter->handleRequest(null, Object(Config\Cache), false)
 9 FCPATH\index.php(69): CodeIgniter\CodeIgniter->run()
CRITICAL - 2025-07-29 08:12:26 --> Cannot use object of type stdClass as array
in APPPATH\Views\admin\relatorios\avaliacao-individual.php on line 19.
 1 SYSTEMPATH\View\View.php(213): include()
 2 SYSTEMPATH\View\View.php(216): CodeIgniter\View\View->CodeIgniter\View\{closure}()
 3 SYSTEMPATH\Common.php(1135): CodeIgniter\View\View->render('admin/relatorios/avaliacao-individual', [], true)
 4 APPPATH\Controllers\Admin\Relatorios.php(186): view('admin/relatorios/avaliacao-individual', [...])
 5 APPPATH\Controllers\Admin\Relatorios.php(87): App\Controllers\Admin\Relatorios->avaliacaoIndividual('2', '30')
 6 SYSTEMPATH\CodeIgniter.php(925): App\Controllers\Admin\Relatorios->gerarRelatorio()
 7 SYSTEMPATH\CodeIgniter.php(480): CodeIgniter\CodeIgniter->runController(Object(App\Controllers\Admin\Relatorios))
 8 SYSTEMPATH\CodeIgniter.php(349): CodeIgniter\CodeIgniter->handleRequest(null, Object(Config\Cache), false)
 9 FCPATH\index.php(69): CodeIgniter\CodeIgniter->run()
CRITICAL - 2025-07-29 08:13:56 --> Cannot use object of type stdClass as array
in APPPATH\Views\admin\relatorios\avaliacao-individual.php on line 19.
 1 SYSTEMPATH\View\View.php(213): include()
 2 SYSTEMPATH\View\View.php(216): CodeIgniter\View\View->CodeIgniter\View\{closure}()
 3 SYSTEMPATH\Common.php(1135): CodeIgniter\View\View->render('admin/relatorios/avaliacao-individual', [], true)
 4 APPPATH\Controllers\Admin\Relatorios.php(186): view('admin/relatorios/avaliacao-individual', [...])
 5 APPPATH\Controllers\Admin\Relatorios.php(87): App\Controllers\Admin\Relatorios->avaliacaoIndividual('2', '30')
 6 SYSTEMPATH\CodeIgniter.php(925): App\Controllers\Admin\Relatorios->gerarRelatorio()
 7 SYSTEMPATH\CodeIgniter.php(480): CodeIgniter\CodeIgniter->runController(Object(App\Controllers\Admin\Relatorios))
 8 SYSTEMPATH\CodeIgniter.php(349): CodeIgniter\CodeIgniter->handleRequest(null, Object(Config\Cache), false)
 9 FCPATH\index.php(69): CodeIgniter\CodeIgniter->run()
