CRITICAL - 2025-11-10 09:58:39 --> syntax error, unexpected end of file, expecting "elseif" or "else" or "endif"
in APPPATH\Views\admin\template\masterpage.php on line 629.
 1 SYSTEMPATH\View\View.php(216): CodeIgniter\View\View->CodeIgniter\View\{closure}()
 2 SYSTEMPATH\View\View.php(229): CodeIgniter\View\View->render('admin/template/masterpage', [], true)
 3 SYSTEMPATH\Common.php(1135): CodeIgniter\View\View->render('admin/alunos/index.php', [], true)
 4 APPPATH\Controllers\Admin\Alunos.php(67): view('admin/alunos/index.php', [...])
 5 SYSTEMPATH\CodeIgniter.php(925): App\Controllers\Admin\Alunos->index()
 6 SYSTEMPATH\CodeIgniter.php(480): CodeIgniter\CodeIgniter->runController(Object(App\Controllers\Admin\Alunos))
 7 SYSTEMPATH\CodeIgniter.php(349): CodeIgniter\CodeIgniter->handleRequest(null, Object(Config\Cache), false)
 8 FCPATH\index.php(69): CodeIgniter\CodeIgniter->run()
ERROR - 2025-11-10 11:54:35 --> mysqli_sql_exception: Unknown column 'alunos.data_nascimento' in 'field list' in C:\wamp64\www\secretaria-digital\project\system\Database\MySQLi\Connection.php:292
Stack trace:
#0 C:\wamp64\www\secretaria-digital\project\system\Database\MySQLi\Connection.php(292): mysqli->query('SELECT `histori...', 0)
#1 C:\wamp64\www\secretaria-digital\project\system\Database\BaseConnection.php(666): CodeIgniter\Database\MySQLi\Connection->execute('SELECT `histori...')
#2 C:\wamp64\www\secretaria-digital\project\system\Database\BaseConnection.php(593): CodeIgniter\Database\BaseConnection->simpleQuery('SELECT `histori...')
#3 C:\wamp64\www\secretaria-digital\project\system\Database\BaseBuilder.php(1585): CodeIgniter\Database\BaseConnection->query('SELECT `histori...', Array, false)
#4 C:\wamp64\www\secretaria-digital\project\system\Model.php(267): CodeIgniter\Database\BaseBuilder->get()
#5 C:\wamp64\www\secretaria-digital\project\system\BaseModel.php(624): CodeIgniter\Model->doFirst()
#6 C:\wamp64\www\secretaria-digital\project\app\Models\Admin\HistoricoEscolarModel.php(47): CodeIgniter\BaseModel->first()
#7 C:\wamp64\www\secretaria-digital\project\app\Controllers\Admin\HistoricoEscolarPdf.php(41): App\Models\Admin\HistoricoEscolarModel->getComAluno('1')
#8 C:\wamp64\www\secretaria-digital\project\system\CodeIgniter.php(925): App\Controllers\Admin\HistoricoEscolarPdf->gerar('1')
#9 C:\wamp64\www\secretaria-digital\project\system\CodeIgniter.php(480): CodeIgniter\CodeIgniter->runController(Object(App\Controllers\Admin\HistoricoEscolarPdf))
#10 C:\wamp64\www\secretaria-digital\project\system\CodeIgniter.php(349): CodeIgniter\CodeIgniter->handleRequest(NULL, Object(Config\Cache), false)
#11 C:\wamp64\www\secretaria-digital\public\index.php(69): CodeIgniter\CodeIgniter->run()
#12 {main}
CRITICAL - 2025-11-10 11:54:35 --> Unknown column 'alunos.data_nascimento' in 'field list'
in SYSTEMPATH\Database\MySQLi\Connection.php on line 292.
 1 SYSTEMPATH\Database\MySQLi\Connection.php(292): mysqli->query('SELECT `historico_escolar`.*, `alunos`.`nome` as `nome_aluno`, `alunos`.`matricula`, `alunos`.`data_nascimento`, `alunos`.`municipio_nascimento`, `alunos`.`nacionalidade`, `pais`.`nome` as `nome_pai`, `pais`.`nome_mae`
FROM `historico_escolar`
JOIN `alunos` ON `alunos`.`id` = `historico_escolar`.`id_aluno`
LEFT JOIN `pais` ON `pais`.`id` = `alunos`.`id_pai`
WHERE `historico_escolar`.`id` = \'1\'
AND `historico_escolar`.`deleted_at` IS NULL
AND `historico_escolar`.`deleted_at` IS NULL
 LIMIT 1', 0)
 2 SYSTEMPATH\Database\BaseConnection.php(666): CodeIgniter\Database\MySQLi\Connection->execute('SELECT `historico_escolar`.*, `alunos`.`nome` as `nome_aluno`, `alunos`.`matricula`, `alunos`.`data_nascimento`, `alunos`.`municipio_nascimento`, `alunos`.`nacionalidade`, `pais`.`nome` as `nome_pai`, `pais`.`nome_mae`
FROM `historico_escolar`
JOIN `alunos` ON `alunos`.`id` = `historico_escolar`.`id_aluno`
LEFT JOIN `pais` ON `pais`.`id` = `alunos`.`id_pai`
WHERE `historico_escolar`.`id` = \'1\'
AND `historico_escolar`.`deleted_at` IS NULL
AND `historico_escolar`.`deleted_at` IS NULL
 LIMIT 1')
 3 SYSTEMPATH\Database\BaseConnection.php(593): CodeIgniter\Database\BaseConnection->simpleQuery('SELECT `historico_escolar`.*, `alunos`.`nome` as `nome_aluno`, `alunos`.`matricula`, `alunos`.`data_nascimento`, `alunos`.`municipio_nascimento`, `alunos`.`nacionalidade`, `pais`.`nome` as `nome_pai`, `pais`.`nome_mae`
FROM `historico_escolar`
JOIN `alunos` ON `alunos`.`id` = `historico_escolar`.`id_aluno`
LEFT JOIN `pais` ON `pais`.`id` = `alunos`.`id_pai`
WHERE `historico_escolar`.`id` = \'1\'
AND `historico_escolar`.`deleted_at` IS NULL
AND `historico_escolar`.`deleted_at` IS NULL
 LIMIT 1')
 4 SYSTEMPATH\Database\BaseBuilder.php(1585): CodeIgniter\Database\BaseConnection->query('SELECT `historico_escolar`.*, `alunos`.`nome` as `nome_aluno`, `alunos`.`matricula`, `alunos`.`data_nascimento`, `alunos`.`municipio_nascimento`, `alunos`.`nacionalidade`, `pais`.`nome` as `nome_pai`, `pais`.`nome_mae`
FROM `historico_escolar`
JOIN `alunos` ON `alunos`.`id` = `historico_escolar`.`id_aluno`
LEFT JOIN `pais` ON `pais`.`id` = `alunos`.`id_pai`
WHERE `historico_escolar`.`id` = :historico_escolar.id:
AND `historico_escolar`.`deleted_at` IS NULL
AND `historico_escolar`.`deleted_at` IS NULL
 LIMIT 1', [...], false)
 5 SYSTEMPATH\Model.php(267): CodeIgniter\Database\BaseBuilder->get()
 6 SYSTEMPATH\BaseModel.php(624): CodeIgniter\Model->doFirst()
 7 APPPATH\Models\Admin\HistoricoEscolarModel.php(47): CodeIgniter\BaseModel->first()
 8 APPPATH\Controllers\Admin\HistoricoEscolarPdf.php(41): App\Models\Admin\HistoricoEscolarModel->getComAluno('1')
 9 SYSTEMPATH\CodeIgniter.php(925): App\Controllers\Admin\HistoricoEscolarPdf->gerar('1')
10 SYSTEMPATH\CodeIgniter.php(480): CodeIgniter\CodeIgniter->runController(Object(App\Controllers\Admin\HistoricoEscolarPdf))
11 SYSTEMPATH\CodeIgniter.php(349): CodeIgniter\CodeIgniter->handleRequest(null, Object(Config\Cache), false)
12 FCPATH\index.php(69): CodeIgniter\CodeIgniter->run()
ERROR - 2025-11-10 11:55:01 --> mysqli_sql_exception: Unknown column 'alunos.data_nascimento' in 'field list' in C:\wamp64\www\secretaria-digital\project\system\Database\MySQLi\Connection.php:292
Stack trace:
#0 C:\wamp64\www\secretaria-digital\project\system\Database\MySQLi\Connection.php(292): mysqli->query('SELECT `histori...', 0)
#1 C:\wamp64\www\secretaria-digital\project\system\Database\BaseConnection.php(666): CodeIgniter\Database\MySQLi\Connection->execute('SELECT `histori...')
#2 C:\wamp64\www\secretaria-digital\project\system\Database\BaseConnection.php(593): CodeIgniter\Database\BaseConnection->simpleQuery('SELECT `histori...')
#3 C:\wamp64\www\secretaria-digital\project\system\Database\BaseBuilder.php(1585): CodeIgniter\Database\BaseConnection->query('SELECT `histori...', Array, false)
#4 C:\wamp64\www\secretaria-digital\project\system\Model.php(267): CodeIgniter\Database\BaseBuilder->get()
#5 C:\wamp64\www\secretaria-digital\project\system\BaseModel.php(624): CodeIgniter\Model->doFirst()
#6 C:\wamp64\www\secretaria-digital\project\app\Models\Admin\HistoricoEscolarModel.php(47): CodeIgniter\BaseModel->first()
#7 C:\wamp64\www\secretaria-digital\project\app\Controllers\Admin\HistoricoEscolarPdf.php(41): App\Models\Admin\HistoricoEscolarModel->getComAluno('1')
#8 C:\wamp64\www\secretaria-digital\project\system\CodeIgniter.php(925): App\Controllers\Admin\HistoricoEscolarPdf->gerar('1')
#9 C:\wamp64\www\secretaria-digital\project\system\CodeIgniter.php(480): CodeIgniter\CodeIgniter->runController(Object(App\Controllers\Admin\HistoricoEscolarPdf))
#10 C:\wamp64\www\secretaria-digital\project\system\CodeIgniter.php(349): CodeIgniter\CodeIgniter->handleRequest(NULL, Object(Config\Cache), false)
#11 C:\wamp64\www\secretaria-digital\public\index.php(69): CodeIgniter\CodeIgniter->run()
#12 {main}
CRITICAL - 2025-11-10 11:55:01 --> Unknown column 'alunos.data_nascimento' in 'field list'
in SYSTEMPATH\Database\MySQLi\Connection.php on line 292.
 1 SYSTEMPATH\Database\MySQLi\Connection.php(292): mysqli->query('SELECT `historico_escolar`.*, `alunos`.`nome` as `nome_aluno`, `alunos`.`matricula`, `alunos`.`data_nascimento`, `alunos`.`municipio_nascimento`, `alunos`.`nacionalidade`, `pais`.`nome` as `nome_pai`, `pais`.`nome_mae`
FROM `historico_escolar`
JOIN `alunos` ON `alunos`.`id` = `historico_escolar`.`id_aluno`
LEFT JOIN `pais` ON `pais`.`id` = `alunos`.`id_pai`
WHERE `historico_escolar`.`id` = \'1\'
AND `historico_escolar`.`deleted_at` IS NULL
AND `historico_escolar`.`deleted_at` IS NULL
 LIMIT 1', 0)
 2 SYSTEMPATH\Database\BaseConnection.php(666): CodeIgniter\Database\MySQLi\Connection->execute('SELECT `historico_escolar`.*, `alunos`.`nome` as `nome_aluno`, `alunos`.`matricula`, `alunos`.`data_nascimento`, `alunos`.`municipio_nascimento`, `alunos`.`nacionalidade`, `pais`.`nome` as `nome_pai`, `pais`.`nome_mae`
FROM `historico_escolar`
JOIN `alunos` ON `alunos`.`id` = `historico_escolar`.`id_aluno`
LEFT JOIN `pais` ON `pais`.`id` = `alunos`.`id_pai`
WHERE `historico_escolar`.`id` = \'1\'
AND `historico_escolar`.`deleted_at` IS NULL
AND `historico_escolar`.`deleted_at` IS NULL
 LIMIT 1')
 3 SYSTEMPATH\Database\BaseConnection.php(593): CodeIgniter\Database\BaseConnection->simpleQuery('SELECT `historico_escolar`.*, `alunos`.`nome` as `nome_aluno`, `alunos`.`matricula`, `alunos`.`data_nascimento`, `alunos`.`municipio_nascimento`, `alunos`.`nacionalidade`, `pais`.`nome` as `nome_pai`, `pais`.`nome_mae`
FROM `historico_escolar`
JOIN `alunos` ON `alunos`.`id` = `historico_escolar`.`id_aluno`
LEFT JOIN `pais` ON `pais`.`id` = `alunos`.`id_pai`
WHERE `historico_escolar`.`id` = \'1\'
AND `historico_escolar`.`deleted_at` IS NULL
AND `historico_escolar`.`deleted_at` IS NULL
 LIMIT 1')
 4 SYSTEMPATH\Database\BaseBuilder.php(1585): CodeIgniter\Database\BaseConnection->query('SELECT `historico_escolar`.*, `alunos`.`nome` as `nome_aluno`, `alunos`.`matricula`, `alunos`.`data_nascimento`, `alunos`.`municipio_nascimento`, `alunos`.`nacionalidade`, `pais`.`nome` as `nome_pai`, `pais`.`nome_mae`
FROM `historico_escolar`
JOIN `alunos` ON `alunos`.`id` = `historico_escolar`.`id_aluno`
LEFT JOIN `pais` ON `pais`.`id` = `alunos`.`id_pai`
WHERE `historico_escolar`.`id` = :historico_escolar.id:
AND `historico_escolar`.`deleted_at` IS NULL
AND `historico_escolar`.`deleted_at` IS NULL
 LIMIT 1', [...], false)
 5 SYSTEMPATH\Model.php(267): CodeIgniter\Database\BaseBuilder->get()
 6 SYSTEMPATH\BaseModel.php(624): CodeIgniter\Model->doFirst()
 7 APPPATH\Models\Admin\HistoricoEscolarModel.php(47): CodeIgniter\BaseModel->first()
 8 APPPATH\Controllers\Admin\HistoricoEscolarPdf.php(41): App\Models\Admin\HistoricoEscolarModel->getComAluno('1')
 9 SYSTEMPATH\CodeIgniter.php(925): App\Controllers\Admin\HistoricoEscolarPdf->gerar('1')
10 SYSTEMPATH\CodeIgniter.php(480): CodeIgniter\CodeIgniter->runController(Object(App\Controllers\Admin\HistoricoEscolarPdf))
11 SYSTEMPATH\CodeIgniter.php(349): CodeIgniter\CodeIgniter->handleRequest(null, Object(Config\Cache), false)
12 FCPATH\index.php(69): CodeIgniter\CodeIgniter->run()
ERROR - 2025-11-10 11:58:18 --> mysqli_sql_exception: Unknown column 'alunos.municipio_nascimento' in 'field list' in C:\wamp64\www\secretaria-digital\project\system\Database\MySQLi\Connection.php:292
Stack trace:
#0 C:\wamp64\www\secretaria-digital\project\system\Database\MySQLi\Connection.php(292): mysqli->query('SELECT `histori...', 0)
#1 C:\wamp64\www\secretaria-digital\project\system\Database\BaseConnection.php(666): CodeIgniter\Database\MySQLi\Connection->execute('SELECT `histori...')
#2 C:\wamp64\www\secretaria-digital\project\system\Database\BaseConnection.php(593): CodeIgniter\Database\BaseConnection->simpleQuery('SELECT `histori...')
#3 C:\wamp64\www\secretaria-digital\project\system\Database\BaseBuilder.php(1585): CodeIgniter\Database\BaseConnection->query('SELECT `histori...', Array, false)
#4 C:\wamp64\www\secretaria-digital\project\system\Model.php(267): CodeIgniter\Database\BaseBuilder->get()
#5 C:\wamp64\www\secretaria-digital\project\system\BaseModel.php(624): CodeIgniter\Model->doFirst()
#6 C:\wamp64\www\secretaria-digital\project\app\Models\Admin\HistoricoEscolarModel.php(47): CodeIgniter\BaseModel->first()
#7 C:\wamp64\www\secretaria-digital\project\app\Controllers\Admin\HistoricoEscolarPdf.php(41): App\Models\Admin\HistoricoEscolarModel->getComAluno('1')
#8 C:\wamp64\www\secretaria-digital\project\system\CodeIgniter.php(925): App\Controllers\Admin\HistoricoEscolarPdf->gerar('1')
#9 C:\wamp64\www\secretaria-digital\project\system\CodeIgniter.php(480): CodeIgniter\CodeIgniter->runController(Object(App\Controllers\Admin\HistoricoEscolarPdf))
#10 C:\wamp64\www\secretaria-digital\project\system\CodeIgniter.php(349): CodeIgniter\CodeIgniter->handleRequest(NULL, Object(Config\Cache), false)
#11 C:\wamp64\www\secretaria-digital\public\index.php(69): CodeIgniter\CodeIgniter->run()
#12 {main}
CRITICAL - 2025-11-10 11:58:18 --> Unknown column 'alunos.municipio_nascimento' in 'field list'
in SYSTEMPATH\Database\MySQLi\Connection.php on line 292.
 1 SYSTEMPATH\Database\MySQLi\Connection.php(292): mysqli->query('SELECT `historico_escolar`.*, `alunos`.`nome` as `nome_aluno`, `alunos`.`matricula`, `alunos`.`nascimento` as `data_nascimento`, `alunos`.`municipio_nascimento`, `alunos`.`nacionalidade`, `pais`.`nome` as `nome_pai`, `pais`.`nome_mae`
FROM `historico_escolar`
JOIN `alunos` ON `alunos`.`id` = `historico_escolar`.`id_aluno`
LEFT JOIN `pais` ON `pais`.`id` = `alunos`.`id_pai`
WHERE `historico_escolar`.`id` = \'1\'
AND `historico_escolar`.`deleted_at` IS NULL
AND `historico_escolar`.`deleted_at` IS NULL
 LIMIT 1', 0)
 2 SYSTEMPATH\Database\BaseConnection.php(666): CodeIgniter\Database\MySQLi\Connection->execute('SELECT `historico_escolar`.*, `alunos`.`nome` as `nome_aluno`, `alunos`.`matricula`, `alunos`.`nascimento` as `data_nascimento`, `alunos`.`municipio_nascimento`, `alunos`.`nacionalidade`, `pais`.`nome` as `nome_pai`, `pais`.`nome_mae`
FROM `historico_escolar`
JOIN `alunos` ON `alunos`.`id` = `historico_escolar`.`id_aluno`
LEFT JOIN `pais` ON `pais`.`id` = `alunos`.`id_pai`
WHERE `historico_escolar`.`id` = \'1\'
AND `historico_escolar`.`deleted_at` IS NULL
AND `historico_escolar`.`deleted_at` IS NULL
 LIMIT 1')
 3 SYSTEMPATH\Database\BaseConnection.php(593): CodeIgniter\Database\BaseConnection->simpleQuery('SELECT `historico_escolar`.*, `alunos`.`nome` as `nome_aluno`, `alunos`.`matricula`, `alunos`.`nascimento` as `data_nascimento`, `alunos`.`municipio_nascimento`, `alunos`.`nacionalidade`, `pais`.`nome` as `nome_pai`, `pais`.`nome_mae`
FROM `historico_escolar`
JOIN `alunos` ON `alunos`.`id` = `historico_escolar`.`id_aluno`
LEFT JOIN `pais` ON `pais`.`id` = `alunos`.`id_pai`
WHERE `historico_escolar`.`id` = \'1\'
AND `historico_escolar`.`deleted_at` IS NULL
AND `historico_escolar`.`deleted_at` IS NULL
 LIMIT 1')
 4 SYSTEMPATH\Database\BaseBuilder.php(1585): CodeIgniter\Database\BaseConnection->query('SELECT `historico_escolar`.*, `alunos`.`nome` as `nome_aluno`, `alunos`.`matricula`, `alunos`.`nascimento` as `data_nascimento`, `alunos`.`municipio_nascimento`, `alunos`.`nacionalidade`, `pais`.`nome` as `nome_pai`, `pais`.`nome_mae`
FROM `historico_escolar`
JOIN `alunos` ON `alunos`.`id` = `historico_escolar`.`id_aluno`
LEFT JOIN `pais` ON `pais`.`id` = `alunos`.`id_pai`
WHERE `historico_escolar`.`id` = :historico_escolar.id:
AND `historico_escolar`.`deleted_at` IS NULL
AND `historico_escolar`.`deleted_at` IS NULL
 LIMIT 1', [...], false)
 5 SYSTEMPATH\Model.php(267): CodeIgniter\Database\BaseBuilder->get()
 6 SYSTEMPATH\BaseModel.php(624): CodeIgniter\Model->doFirst()
 7 APPPATH\Models\Admin\HistoricoEscolarModel.php(47): CodeIgniter\BaseModel->first()
 8 APPPATH\Controllers\Admin\HistoricoEscolarPdf.php(41): App\Models\Admin\HistoricoEscolarModel->getComAluno('1')
 9 SYSTEMPATH\CodeIgniter.php(925): App\Controllers\Admin\HistoricoEscolarPdf->gerar('1')
10 SYSTEMPATH\CodeIgniter.php(480): CodeIgniter\CodeIgniter->runController(Object(App\Controllers\Admin\HistoricoEscolarPdf))
11 SYSTEMPATH\CodeIgniter.php(349): CodeIgniter\CodeIgniter->handleRequest(null, Object(Config\Cache), false)
12 FCPATH\index.php(69): CodeIgniter\CodeIgniter->run()
ERROR - 2025-11-10 12:01:21 --> mysqli_sql_exception: Unknown column 'pais.nome' in 'field list' in C:\wamp64\www\secretaria-digital\project\system\Database\MySQLi\Connection.php:292
Stack trace:
#0 C:\wamp64\www\secretaria-digital\project\system\Database\MySQLi\Connection.php(292): mysqli->query('SELECT `histori...', 0)
#1 C:\wamp64\www\secretaria-digital\project\system\Database\BaseConnection.php(666): CodeIgniter\Database\MySQLi\Connection->execute('SELECT `histori...')
#2 C:\wamp64\www\secretaria-digital\project\system\Database\BaseConnection.php(593): CodeIgniter\Database\BaseConnection->simpleQuery('SELECT `histori...')
#3 C:\wamp64\www\secretaria-digital\project\system\Database\BaseBuilder.php(1585): CodeIgniter\Database\BaseConnection->query('SELECT `histori...', Array, false)
#4 C:\wamp64\www\secretaria-digital\project\system\Model.php(267): CodeIgniter\Database\BaseBuilder->get()
#5 C:\wamp64\www\secretaria-digital\project\system\BaseModel.php(624): CodeIgniter\Model->doFirst()
#6 C:\wamp64\www\secretaria-digital\project\app\Models\Admin\HistoricoEscolarModel.php(47): CodeIgniter\BaseModel->first()
#7 C:\wamp64\www\secretaria-digital\project\app\Controllers\Admin\HistoricoEscolarPdf.php(41): App\Models\Admin\HistoricoEscolarModel->getComAluno('1')
#8 C:\wamp64\www\secretaria-digital\project\system\CodeIgniter.php(925): App\Controllers\Admin\HistoricoEscolarPdf->gerar('1')
#9 C:\wamp64\www\secretaria-digital\project\system\CodeIgniter.php(480): CodeIgniter\CodeIgniter->runController(Object(App\Controllers\Admin\HistoricoEscolarPdf))
#10 C:\wamp64\www\secretaria-digital\project\system\CodeIgniter.php(349): CodeIgniter\CodeIgniter->handleRequest(NULL, Object(Config\Cache), false)
#11 C:\wamp64\www\secretaria-digital\public\index.php(69): CodeIgniter\CodeIgniter->run()
#12 {main}
CRITICAL - 2025-11-10 12:01:21 --> Unknown column 'pais.nome' in 'field list'
in SYSTEMPATH\Database\MySQLi\Connection.php on line 292.
 1 SYSTEMPATH\Database\MySQLi\Connection.php(292): mysqli->query('SELECT `historico_escolar`.*, `alunos`.`nome` as `nome_aluno`, `alunos`.`matricula`, `alunos`.`nascimento` as `data_nascimento`, `alunos`.`naturalidade`, `alunos`.`nacionalidade`, `pais`.`nome` as `nome_pai`, `pais`.`nome_mae`
FROM `historico_escolar`
JOIN `alunos` ON `alunos`.`id` = `historico_escolar`.`id_aluno`
LEFT JOIN `pais` ON `pais`.`id` = `alunos`.`id_pai`
WHERE `historico_escolar`.`id` = \'1\'
AND `historico_escolar`.`deleted_at` IS NULL
AND `historico_escolar`.`deleted_at` IS NULL
 LIMIT 1', 0)
 2 SYSTEMPATH\Database\BaseConnection.php(666): CodeIgniter\Database\MySQLi\Connection->execute('SELECT `historico_escolar`.*, `alunos`.`nome` as `nome_aluno`, `alunos`.`matricula`, `alunos`.`nascimento` as `data_nascimento`, `alunos`.`naturalidade`, `alunos`.`nacionalidade`, `pais`.`nome` as `nome_pai`, `pais`.`nome_mae`
FROM `historico_escolar`
JOIN `alunos` ON `alunos`.`id` = `historico_escolar`.`id_aluno`
LEFT JOIN `pais` ON `pais`.`id` = `alunos`.`id_pai`
WHERE `historico_escolar`.`id` = \'1\'
AND `historico_escolar`.`deleted_at` IS NULL
AND `historico_escolar`.`deleted_at` IS NULL
 LIMIT 1')
 3 SYSTEMPATH\Database\BaseConnection.php(593): CodeIgniter\Database\BaseConnection->simpleQuery('SELECT `historico_escolar`.*, `alunos`.`nome` as `nome_aluno`, `alunos`.`matricula`, `alunos`.`nascimento` as `data_nascimento`, `alunos`.`naturalidade`, `alunos`.`nacionalidade`, `pais`.`nome` as `nome_pai`, `pais`.`nome_mae`
FROM `historico_escolar`
JOIN `alunos` ON `alunos`.`id` = `historico_escolar`.`id_aluno`
LEFT JOIN `pais` ON `pais`.`id` = `alunos`.`id_pai`
WHERE `historico_escolar`.`id` = \'1\'
AND `historico_escolar`.`deleted_at` IS NULL
AND `historico_escolar`.`deleted_at` IS NULL
 LIMIT 1')
 4 SYSTEMPATH\Database\BaseBuilder.php(1585): CodeIgniter\Database\BaseConnection->query('SELECT `historico_escolar`.*, `alunos`.`nome` as `nome_aluno`, `alunos`.`matricula`, `alunos`.`nascimento` as `data_nascimento`, `alunos`.`naturalidade`, `alunos`.`nacionalidade`, `pais`.`nome` as `nome_pai`, `pais`.`nome_mae`
FROM `historico_escolar`
JOIN `alunos` ON `alunos`.`id` = `historico_escolar`.`id_aluno`
LEFT JOIN `pais` ON `pais`.`id` = `alunos`.`id_pai`
WHERE `historico_escolar`.`id` = :historico_escolar.id:
AND `historico_escolar`.`deleted_at` IS NULL
AND `historico_escolar`.`deleted_at` IS NULL
 LIMIT 1', [...], false)
 5 SYSTEMPATH\Model.php(267): CodeIgniter\Database\BaseBuilder->get()
 6 SYSTEMPATH\BaseModel.php(624): CodeIgniter\Model->doFirst()
 7 APPPATH\Models\Admin\HistoricoEscolarModel.php(47): CodeIgniter\BaseModel->first()
 8 APPPATH\Controllers\Admin\HistoricoEscolarPdf.php(41): App\Models\Admin\HistoricoEscolarModel->getComAluno('1')
 9 SYSTEMPATH\CodeIgniter.php(925): App\Controllers\Admin\HistoricoEscolarPdf->gerar('1')
10 SYSTEMPATH\CodeIgniter.php(480): CodeIgniter\CodeIgniter->runController(Object(App\Controllers\Admin\HistoricoEscolarPdf))
11 SYSTEMPATH\CodeIgniter.php(349): CodeIgniter\CodeIgniter->handleRequest(null, Object(Config\Cache), false)
12 FCPATH\index.php(69): CodeIgniter\CodeIgniter->run()
