CRITICAL - 2025-04-17 18:29:10 --> Undefined variable: title
in APPPATH\Views\admin\usuarios\crud.php on line 33.
 1 APPPATH\Views\admin\usuarios\crud.php(33): CodeIgniter\Debug\Exceptions->errorHandler(8, 'Undefined variable: title', 'APPPATH\\Views\\admin\\usuarios\\crud.php', 33, [...])
 2 SYSTEMPATH\View\View.php(213): include('APPPATH\\Views\\admin\\usuarios\\crud.php')
 3 SYSTEMPATH\View\View.php(216): CodeIgniter\View\View->CodeIgniter\View\{closure}()
 4 SYSTEMPATH\Common.php(1135): CodeIgniter\View\View->render('admin/usuarios/crud.php', [], true)
 5 APPPATH\Controllers\Admin\Usuarios.php(97): view('admin/usuarios/crud.php')
 6 SYSTEMPATH\CodeIgniter.php(925): App\Controllers\Admin\Usuarios->create()
 7 SYSTEMPATH\CodeIgniter.php(480): CodeIgniter\CodeIgniter->runController(Object(App\Controllers\Admin\Usuarios))
 8 SYSTEMPATH\CodeIgniter.php(349): CodeIgniter\CodeIgniter->handleRequest(null, Object(Config\Cache), false)
 9 FCPATH\index.php(67): CodeIgniter\CodeIgniter->run()
CRITICAL - 2025-04-17 18:30:01 --> Undefined variable: title
in APPPATH\Views\admin\usuarios\crud.php on line 33.
 1 APPPATH\Views\admin\usuarios\crud.php(33): CodeIgniter\Debug\Exceptions->errorHandler(8, 'Undefined variable: title', 'APPPATH\\Views\\admin\\usuarios\\crud.php', 33, [...])
 2 SYSTEMPATH\View\View.php(213): include('APPPATH\\Views\\admin\\usuarios\\crud.php')
 3 SYSTEMPATH\View\View.php(216): CodeIgniter\View\View->CodeIgniter\View\{closure}()
 4 SYSTEMPATH\Common.php(1135): CodeIgniter\View\View->render('admin/usuarios/crud.php', [], true)
 5 APPPATH\Controllers\Admin\Usuarios.php(96): view('admin/usuarios/crud.php')
 6 SYSTEMPATH\CodeIgniter.php(925): App\Controllers\Admin\Usuarios->create()
 7 SYSTEMPATH\CodeIgniter.php(480): CodeIgniter\CodeIgniter->runController(Object(App\Controllers\Admin\Usuarios))
 8 SYSTEMPATH\CodeIgniter.php(349): CodeIgniter\CodeIgniter->handleRequest(null, Object(Config\Cache), false)
 9 FCPATH\index.php(67): CodeIgniter\CodeIgniter->run()
CRITICAL - 2025-04-17 18:40:45 --> Undefined variable: field
in APPPATH\Views\admin\usuarios\edit.php on line 80.
 1 APPPATH\Views\admin\usuarios\edit.php(80): CodeIgniter\Debug\Exceptions->errorHandler(8, 'Undefined variable: field', 'APPPATH\\Views\\admin\\usuarios\\edit.php', 80, [...])
 2 SYSTEMPATH\View\View.php(213): include('APPPATH\\Views\\admin\\usuarios\\edit.php')
 3 SYSTEMPATH\View\View.php(216): CodeIgniter\View\View->CodeIgniter\View\{closure}()
 4 SYSTEMPATH\Common.php(1135): CodeIgniter\View\View->render('admin/usuarios/edit.php', [], true)
 5 APPPATH\Controllers\Admin\Usuarios.php(161): view('admin/usuarios/edit.php', [...])
 6 SYSTEMPATH\CodeIgniter.php(925): App\Controllers\Admin\Usuarios->update('149')
 7 SYSTEMPATH\CodeIgniter.php(480): CodeIgniter\CodeIgniter->runController(Object(App\Controllers\Admin\Usuarios))
 8 SYSTEMPATH\CodeIgniter.php(349): CodeIgniter\CodeIgniter->handleRequest(null, Object(Config\Cache), false)
 9 FCPATH\index.php(67): CodeIgniter\CodeIgniter->run()
CRITICAL - 2025-04-17 18:47:38 --> Undefined variable: action
in APPPATH\Views\admin\usuarios\crud.php on line 74.
 1 APPPATH\Views\admin\usuarios\crud.php(74): CodeIgniter\Debug\Exceptions->errorHandler(8, 'Undefined variable: action', 'APPPATH\\Views\\admin\\usuarios\\crud.php', 74, [...])
 2 SYSTEMPATH\View\View.php(213): include('APPPATH\\Views\\admin\\usuarios\\crud.php')
 3 SYSTEMPATH\View\View.php(216): CodeIgniter\View\View->CodeIgniter\View\{closure}()
 4 SYSTEMPATH\Common.php(1135): CodeIgniter\View\View->render('admin/usuarios/crud.php', [], true)
 5 APPPATH\Controllers\Admin\Usuarios.php(96): view('admin/usuarios/crud.php', [...])
 6 SYSTEMPATH\CodeIgniter.php(925): App\Controllers\Admin\Usuarios->create()
 7 SYSTEMPATH\CodeIgniter.php(480): CodeIgniter\CodeIgniter->runController(Object(App\Controllers\Admin\Usuarios))
 8 SYSTEMPATH\CodeIgniter.php(349): CodeIgniter\CodeIgniter->handleRequest(null, Object(Config\Cache), false)
 9 FCPATH\index.php(67): CodeIgniter\CodeIgniter->run()
CRITICAL - 2025-04-17 19:38:39 --> Arquivo inválido: admin/parametros/ano_letivo.php
in SYSTEMPATH\Exceptions\FrameworkException.php on line 33.
 1 SYSTEMPATH\View\View.php(201): CodeIgniter\Exceptions\FrameworkException::forInvalidFile('admin/parametros/ano_letivo.php')
 2 SYSTEMPATH\Common.php(1135): CodeIgniter\View\View->render('admin/parametros/ano_letivo', [], true)
 3 APPPATH\Controllers\Admin\Parametros.php(27): view('admin/parametros/ano_letivo', [...])
 4 SYSTEMPATH\CodeIgniter.php(925): App\Controllers\Admin\Parametros->anoLetivo()
 5 SYSTEMPATH\CodeIgniter.php(480): CodeIgniter\CodeIgniter->runController(Object(App\Controllers\Admin\Parametros))
 6 SYSTEMPATH\CodeIgniter.php(349): CodeIgniter\CodeIgniter->handleRequest(null, Object(Config\Cache), false)
 7 FCPATH\index.php(67): CodeIgniter\CodeIgniter->run()
CRITICAL - 2025-04-17 19:39:06 --> Call to undefined function form_open()
in APPPATH\Views\admin\parametros\ano-letivo.php on line 74.
 1 SYSTEMPATH\View\View.php(213): include()
 2 SYSTEMPATH\View\View.php(216): CodeIgniter\View\View->CodeIgniter\View\{closure}()
 3 SYSTEMPATH\Common.php(1135): CodeIgniter\View\View->render('admin/parametros/ano-letivo', [], true)
 4 APPPATH\Controllers\Admin\Parametros.php(27): view('admin/parametros/ano-letivo', [...])
 5 SYSTEMPATH\CodeIgniter.php(925): App\Controllers\Admin\Parametros->anoLetivo()
 6 SYSTEMPATH\CodeIgniter.php(480): CodeIgniter\CodeIgniter->runController(Object(App\Controllers\Admin\Parametros))
 7 SYSTEMPATH\CodeIgniter.php(349): CodeIgniter\CodeIgniter->handleRequest(null, Object(Config\Cache), false)
 8 FCPATH\index.php(67): CodeIgniter\CodeIgniter->run()
CRITICAL - 2025-04-17 19:39:28 --> Call to undefined function form_open()
in APPPATH\Views\admin\parametros\ano-letivo.php on line 74.
 1 SYSTEMPATH\View\View.php(213): include()
 2 SYSTEMPATH\View\View.php(216): CodeIgniter\View\View->CodeIgniter\View\{closure}()
 3 SYSTEMPATH\Common.php(1135): CodeIgniter\View\View->render('admin/parametros/ano-letivo', [], true)
 4 APPPATH\Controllers\Admin\Parametros.php(27): view('admin/parametros/ano-letivo', [...])
 5 SYSTEMPATH\CodeIgniter.php(925): App\Controllers\Admin\Parametros->anoLetivo()
 6 SYSTEMPATH\CodeIgniter.php(480): CodeIgniter\CodeIgniter->runController(Object(App\Controllers\Admin\Parametros))
 7 SYSTEMPATH\CodeIgniter.php(349): CodeIgniter\CodeIgniter->handleRequest(null, Object(Config\Cache), false)
 8 FCPATH\index.php(67): CodeIgniter\CodeIgniter->run()
CRITICAL - 2025-04-17 19:42:31 --> Too few arguments to function App\Controllers\Admin\Parametros::setAnoLetivo(), 0 passed in C:\wamp64\www\secretaria-digital\project\system\CodeIgniter.php on line 925 and exactly 1 expected
in APPPATH\Controllers\Admin\Parametros.php on line 39.
 1 SYSTEMPATH\CodeIgniter.php(925): App\Controllers\Admin\Parametros->setAnoLetivo()
 2 SYSTEMPATH\CodeIgniter.php(480): CodeIgniter\CodeIgniter->runController(Object(App\Controllers\Admin\Parametros))
 3 SYSTEMPATH\CodeIgniter.php(349): CodeIgniter\CodeIgniter->handleRequest(null, Object(Config\Cache), false)
 4 FCPATH\index.php(67): CodeIgniter\CodeIgniter->run()
