CRITICAL - 2023-02-15 15:44:35 --> Call to undefined function now()
in APPPATH\Views\admin\home\index.php on line 31.
 1 SYSTEMPATH\View\View.php(213): include()
 2 SYSTEMPATH\View\View.php(216): CodeIgniter\View\View->CodeIgniter\View\{closure}()
 3 SYSTEMPATH\Common.php(1135): CodeIgniter\View\View->render('admin/home/index.php', [], true)
 4 APPPATH\Controllers\Admin\Home.php(33): view('admin/home/index.php', [...])
 5 SYSTEMPATH\CodeIgniter.php(925): App\Controllers\Admin\Home->index()
 6 SYSTEMPATH\CodeIgniter.php(480): CodeIgniter\CodeIgniter->runController(Object(App\Controllers\Admin\Home))
 7 SYSTEMPATH\CodeIgniter.php(349): CodeIgniter\CodeIgniter->handleRequest(null, Object(Config\Cache), false)
 8 FCPATH\index.php(67): CodeIgniter\CodeIgniter->run()
CRITICAL - 2023-02-15 15:45:11 --> Call to undefined function now()
in APPPATH\Views\admin\home\index.php on line 31.
 1 SYSTEMPATH\View\View.php(213): include()
 2 SYSTEMPATH\View\View.php(216): CodeIgniter\View\View->CodeIgniter\View\{closure}()
 3 SYSTEMPATH\Common.php(1135): CodeIgniter\View\View->render('admin/home/index.php', [], true)
 4 APPPATH\Controllers\Admin\Home.php(33): view('admin/home/index.php', [...])
 5 SYSTEMPATH\CodeIgniter.php(925): App\Controllers\Admin\Home->index()
 6 SYSTEMPATH\CodeIgniter.php(480): CodeIgniter\CodeIgniter->runController(Object(App\Controllers\Admin\Home))
 7 SYSTEMPATH\CodeIgniter.php(349): CodeIgniter\CodeIgniter->handleRequest(null, Object(Config\Cache), false)
 8 FCPATH\index.php(67): CodeIgniter\CodeIgniter->run()
CRITICAL - 2023-02-15 15:45:35 --> Use of undefined constant now - assumed 'now' (this will throw an Error in a future version of PHP)
in APPPATH\Views\admin\home\index.php on line 31.
 1 APPPATH\Views\admin\home\index.php(31): CodeIgniter\Debug\Exceptions->errorHandler(2, 'Use of undefined constant now - assumed \'now\' (this will throw an Error in a future version of PHP)', 'APPPATH\\Views\\admin\\home\\index.php', 31, [...])
 2 SYSTEMPATH\View\View.php(213): include('APPPATH\\Views\\admin\\home\\index.php')
 3 SYSTEMPATH\View\View.php(216): CodeIgniter\View\View->CodeIgniter\View\{closure}()
 4 SYSTEMPATH\Common.php(1135): CodeIgniter\View\View->render('admin/home/index.php', [], true)
 5 APPPATH\Controllers\Admin\Home.php(33): view('admin/home/index.php', [...])
 6 SYSTEMPATH\CodeIgniter.php(925): App\Controllers\Admin\Home->index()
 7 SYSTEMPATH\CodeIgniter.php(480): CodeIgniter\CodeIgniter->runController(Object(App\Controllers\Admin\Home))
 8 SYSTEMPATH\CodeIgniter.php(349): CodeIgniter\CodeIgniter->handleRequest(null, Object(Config\Cache), false)
 9 FCPATH\index.php(67): CodeIgniter\CodeIgniter->run()
CRITICAL - 2023-02-15 15:45:55 --> date() expects at least 1 parameter, 0 given
in APPPATH\Views\admin\home\index.php on line 31.
 1 [internal function]: CodeIgniter\Debug\Exceptions->errorHandler(2, 'date() expects at least 1 parameter, 0 given', 'APPPATH\\Views\\admin\\home\\index.php', 31, [...])
 2 APPPATH\Views\admin\home\index.php(31): date()
 3 SYSTEMPATH\View\View.php(213): include('APPPATH\\Views\\admin\\home\\index.php')
 4 SYSTEMPATH\View\View.php(216): CodeIgniter\View\View->CodeIgniter\View\{closure}()
 5 SYSTEMPATH\Common.php(1135): CodeIgniter\View\View->render('admin/home/index.php', [], true)
 6 APPPATH\Controllers\Admin\Home.php(33): view('admin/home/index.php', [...])
 7 SYSTEMPATH\CodeIgniter.php(925): App\Controllers\Admin\Home->index()
 8 SYSTEMPATH\CodeIgniter.php(480): CodeIgniter\CodeIgniter->runController(Object(App\Controllers\Admin\Home))
 9 SYSTEMPATH\CodeIgniter.php(349): CodeIgniter\CodeIgniter->handleRequest(null, Object(Config\Cache), false)
10 FCPATH\index.php(67): CodeIgniter\CodeIgniter->run()
CRITICAL - 2023-02-15 15:47:16 --> DateTime::__construct(): Failed to parse time string (15/02/2023) at position 0 (1): Unexpected character
in SYSTEMPATH\I18n\Time.php on line 100.
 1 SYSTEMPATH\I18n\Time.php(100): DateTime->__construct('15/02/2023', Object(DateTimeZone))
 2 APPPATH\Views\admin\home\index.php(28): CodeIgniter\I18n\Time->__construct('15/02/2023', 'America/Sao_Paulo')
 3 SYSTEMPATH\View\View.php(213): include('APPPATH\\Views\\admin\\home\\index.php')
 4 SYSTEMPATH\View\View.php(216): CodeIgniter\View\View->CodeIgniter\View\{closure}()
 5 SYSTEMPATH\Common.php(1135): CodeIgniter\View\View->render('admin/home/index.php', [], true)
 6 APPPATH\Controllers\Admin\Home.php(33): view('admin/home/index.php', [...])
 7 SYSTEMPATH\CodeIgniter.php(925): App\Controllers\Admin\Home->index()
 8 SYSTEMPATH\CodeIgniter.php(480): CodeIgniter\CodeIgniter->runController(Object(App\Controllers\Admin\Home))
 9 SYSTEMPATH\CodeIgniter.php(349): CodeIgniter\CodeIgniter->handleRequest(null, Object(Config\Cache), false)
10 FCPATH\index.php(67): CodeIgniter\CodeIgniter->run()
CRITICAL - 2023-02-15 15:47:32 --> Use of undefined constant now - assumed 'now' (this will throw an Error in a future version of PHP)
in APPPATH\Views\admin\home\index.php on line 28.
 1 APPPATH\Views\admin\home\index.php(28): CodeIgniter\Debug\Exceptions->errorHandler(2, 'Use of undefined constant now - assumed \'now\' (this will throw an Error in a future version of PHP)', 'APPPATH\\Views\\admin\\home\\index.php', 28, [...])
 2 SYSTEMPATH\View\View.php(213): include('APPPATH\\Views\\admin\\home\\index.php')
 3 SYSTEMPATH\View\View.php(216): CodeIgniter\View\View->CodeIgniter\View\{closure}()
 4 SYSTEMPATH\Common.php(1135): CodeIgniter\View\View->render('admin/home/index.php', [], true)
 5 APPPATH\Controllers\Admin\Home.php(33): view('admin/home/index.php', [...])
 6 SYSTEMPATH\CodeIgniter.php(925): App\Controllers\Admin\Home->index()
 7 SYSTEMPATH\CodeIgniter.php(480): CodeIgniter\CodeIgniter->runController(Object(App\Controllers\Admin\Home))
 8 SYSTEMPATH\CodeIgniter.php(349): CodeIgniter\CodeIgniter->handleRequest(null, Object(Config\Cache), false)
 9 FCPATH\index.php(67): CodeIgniter\CodeIgniter->run()
CRITICAL - 2023-02-15 15:48:11 --> Use of undefined constant now - assumed 'now' (this will throw an Error in a future version of PHP)
in APPPATH\Views\admin\home\index.php on line 28.
 1 APPPATH\Views\admin\home\index.php(28): CodeIgniter\Debug\Exceptions->errorHandler(2, 'Use of undefined constant now - assumed \'now\' (this will throw an Error in a future version of PHP)', 'APPPATH\\Views\\admin\\home\\index.php', 28, [...])
 2 SYSTEMPATH\View\View.php(213): include('APPPATH\\Views\\admin\\home\\index.php')
 3 SYSTEMPATH\View\View.php(216): CodeIgniter\View\View->CodeIgniter\View\{closure}()
 4 SYSTEMPATH\Common.php(1135): CodeIgniter\View\View->render('admin/home/index.php', [], true)
 5 APPPATH\Controllers\Admin\Home.php(33): view('admin/home/index.php', [...])
 6 SYSTEMPATH\CodeIgniter.php(925): App\Controllers\Admin\Home->index()
 7 SYSTEMPATH\CodeIgniter.php(480): CodeIgniter\CodeIgniter->runController(Object(App\Controllers\Admin\Home))
 8 SYSTEMPATH\CodeIgniter.php(349): CodeIgniter\CodeIgniter->handleRequest(null, Object(Config\Cache), false)
 9 FCPATH\index.php(67): CodeIgniter\CodeIgniter->run()
CRITICAL - 2023-02-15 15:50:07 --> IntlDateFormatter::format() expects exactly 1 parameter, 2 given
in APPPATH\Views\admin\home\index.php on line 37.
 1 [internal function]: CodeIgniter\Debug\Exceptions->errorHandler(2, 'IntlDateFormatter::format() expects exactly 1 parameter, 2 given', 'APPPATH\\Views\\admin\\home\\index.php', 37, [...])
 2 APPPATH\Views\admin\home\index.php(37): IntlDateFormatter->format(Object(CodeIgniter\I18n\Time), 'M')
 3 SYSTEMPATH\View\View.php(213): include('APPPATH\\Views\\admin\\home\\index.php')
 4 SYSTEMPATH\View\View.php(216): CodeIgniter\View\View->CodeIgniter\View\{closure}()
 5 SYSTEMPATH\Common.php(1135): CodeIgniter\View\View->render('admin/home/index.php', [], true)
 6 APPPATH\Controllers\Admin\Home.php(33): view('admin/home/index.php', [...])
 7 SYSTEMPATH\CodeIgniter.php(925): App\Controllers\Admin\Home->index()
 8 SYSTEMPATH\CodeIgniter.php(480): CodeIgniter\CodeIgniter->runController(Object(App\Controllers\Admin\Home))
 9 SYSTEMPATH\CodeIgniter.php(349): CodeIgniter\CodeIgniter->handleRequest(null, Object(Config\Cache), false)
10 FCPATH\index.php(67): CodeIgniter\CodeIgniter->run()
CRITICAL - 2023-02-15 15:50:38 --> Undefined property: IntlDateFormatter::$2023-02-15 16:50:38
in APPPATH\Views\admin\home\index.php on line 37.
 1 APPPATH\Views\admin\home\index.php(37): CodeIgniter\Debug\Exceptions->errorHandler(8, 'Undefined property: IntlDateFormatter::$2023-02-15 16:50:38', 'APPPATH\\Views\\admin\\home\\index.php', 37, [...])
 2 SYSTEMPATH\View\View.php(213): include('APPPATH\\Views\\admin\\home\\index.php')
 3 SYSTEMPATH\View\View.php(216): CodeIgniter\View\View->CodeIgniter\View\{closure}()
 4 SYSTEMPATH\Common.php(1135): CodeIgniter\View\View->render('admin/home/index.php', [], true)
 5 APPPATH\Controllers\Admin\Home.php(33): view('admin/home/index.php', [...])
 6 SYSTEMPATH\CodeIgniter.php(925): App\Controllers\Admin\Home->index()
 7 SYSTEMPATH\CodeIgniter.php(480): CodeIgniter\CodeIgniter->runController(Object(App\Controllers\Admin\Home))
 8 SYSTEMPATH\CodeIgniter.php(349): CodeIgniter\CodeIgniter->handleRequest(null, Object(Config\Cache), false)
 9 FCPATH\index.php(67): CodeIgniter\CodeIgniter->run()
CRITICAL - 2023-02-15 15:50:46 --> Undefined property: IntlDateFormatter::$data
in APPPATH\Views\admin\home\index.php on line 37.
 1 APPPATH\Views\admin\home\index.php(37): CodeIgniter\Debug\Exceptions->errorHandler(8, 'Undefined property: IntlDateFormatter::$data', 'APPPATH\\Views\\admin\\home\\index.php', 37, [...])
 2 SYSTEMPATH\View\View.php(213): include('APPPATH\\Views\\admin\\home\\index.php')
 3 SYSTEMPATH\View\View.php(216): CodeIgniter\View\View->CodeIgniter\View\{closure}()
 4 SYSTEMPATH\Common.php(1135): CodeIgniter\View\View->render('admin/home/index.php', [], true)
 5 APPPATH\Controllers\Admin\Home.php(33): view('admin/home/index.php', [...])
 6 SYSTEMPATH\CodeIgniter.php(925): App\Controllers\Admin\Home->index()
 7 SYSTEMPATH\CodeIgniter.php(480): CodeIgniter\CodeIgniter->runController(Object(App\Controllers\Admin\Home))
 8 SYSTEMPATH\CodeIgniter.php(349): CodeIgniter\CodeIgniter->handleRequest(null, Object(Config\Cache), false)
 9 FCPATH\index.php(67): CodeIgniter\CodeIgniter->run()
CRITICAL - 2023-02-15 15:52:04 --> Call to a member function format() on string
in APPPATH\Views\admin\home\index.php on line 39.
 1 SYSTEMPATH\View\View.php(213): include()
 2 SYSTEMPATH\View\View.php(216): CodeIgniter\View\View->CodeIgniter\View\{closure}()
 3 SYSTEMPATH\Common.php(1135): CodeIgniter\View\View->render('admin/home/index.php', [], true)
 4 APPPATH\Controllers\Admin\Home.php(33): view('admin/home/index.php', [...])
 5 SYSTEMPATH\CodeIgniter.php(925): App\Controllers\Admin\Home->index()
 6 SYSTEMPATH\CodeIgniter.php(480): CodeIgniter\CodeIgniter->runController(Object(App\Controllers\Admin\Home))
 7 SYSTEMPATH\CodeIgniter.php(349): CodeIgniter\CodeIgniter->handleRequest(null, Object(Config\Cache), false)
 8 FCPATH\index.php(67): CodeIgniter\CodeIgniter->run()
