CRITICAL - 2023-01-16 13:11:06 --> Undefined variable: message
in APPPATH\Controllers\Admin\Usuarios.php on line 75.
 1 APPPATH\Controllers\Admin\Usuarios.php(75): CodeIgniter\Debug\Exceptions->errorHandler(8, 'Undefined variable: message', 'APPPATH\\Controllers\\Admin\\Usuarios.php', 75, [...])
 2 SYSTEMPATH\CodeIgniter.php(925): App\Controllers\Admin\Usuarios->create()
 3 SYSTEMPATH\CodeIgniter.php(480): CodeIgniter\CodeIgniter->runController(Object(App\Controllers\Admin\Usuarios))
 4 SYSTEMPATH\CodeIgniter.php(349): CodeIgniter\CodeIgniter->handleRequest(null, Object(Config\Cache), false)
 5 FCPATH\index.php(67): CodeIgniter\CodeIgniter->run()
 6 SYSTEMPATH\Commands\Server\rewrite.php(47): require_once('FCPATH\\index.php')
CRITICAL - 2023-01-16 13:16:27 --> Can't use method return value in write context
in APPPATH\Controllers\Admin\Usuarios.php on line 99.
 1 [internal function]: CodeIgniter\Debug\Exceptions->shutdownHandler()
CRITICAL - 2023-01-16 13:19:19 --> Undefined property: CodeIgniter\View\View::$request
in APPPATH\Views\admin\usuarios\create.php on line 63.
 1 APPPATH\Views\admin\usuarios\create.php(63): CodeIgniter\Debug\Exceptions->errorHandler(8, 'Undefined property: CodeIgniter\\View\\View::$request', 'APPPATH\\Views\\admin\\usuarios\\create.php', 63, [...])
 2 SYSTEMPATH\View\View.php(213): include('APPPATH\\Views\\admin\\usuarios\\create.php')
 3 SYSTEMPATH\View\View.php(216): CodeIgniter\View\View->CodeIgniter\View\{closure}()
 4 SYSTEMPATH\Common.php(1135): CodeIgniter\View\View->render('admin/usuarios/create.php', [], true)
 5 APPPATH\Controllers\Admin\Usuarios.php(82): view('admin/usuarios/create.php', [...])
 6 SYSTEMPATH\CodeIgniter.php(925): App\Controllers\Admin\Usuarios->create()
 7 SYSTEMPATH\CodeIgniter.php(480): CodeIgniter\CodeIgniter->runController(Object(App\Controllers\Admin\Usuarios))
 8 SYSTEMPATH\CodeIgniter.php(349): CodeIgniter\CodeIgniter->handleRequest(null, Object(Config\Cache), false)
 9 FCPATH\index.php(67): CodeIgniter\CodeIgniter->run()
10 SYSTEMPATH\Commands\Server\rewrite.php(47): require_once('FCPATH\\index.php')
CRITICAL - 2023-01-16 13:19:39 --> Undefined variable: request
in APPPATH\Views\admin\usuarios\create.php on line 63.
 1 APPPATH\Views\admin\usuarios\create.php(63): CodeIgniter\Debug\Exceptions->errorHandler(8, 'Undefined variable: request', 'APPPATH\\Views\\admin\\usuarios\\create.php', 63, [...])
 2 SYSTEMPATH\View\View.php(213): include('APPPATH\\Views\\admin\\usuarios\\create.php')
 3 SYSTEMPATH\View\View.php(216): CodeIgniter\View\View->CodeIgniter\View\{closure}()
 4 SYSTEMPATH\Common.php(1135): CodeIgniter\View\View->render('admin/usuarios/create.php', [], true)
 5 APPPATH\Controllers\Admin\Usuarios.php(82): view('admin/usuarios/create.php', [...])
 6 SYSTEMPATH\CodeIgniter.php(925): App\Controllers\Admin\Usuarios->create()
 7 SYSTEMPATH\CodeIgniter.php(480): CodeIgniter\CodeIgniter->runController(Object(App\Controllers\Admin\Usuarios))
 8 SYSTEMPATH\CodeIgniter.php(349): CodeIgniter\CodeIgniter->handleRequest(null, Object(Config\Cache), false)
 9 FCPATH\index.php(67): CodeIgniter\CodeIgniter->run()
10 SYSTEMPATH\Commands\Server\rewrite.php(47): require_once('FCPATH\\index.php')
CRITICAL - 2023-01-16 13:19:49 --> Undefined variable: request
in APPPATH\Views\admin\usuarios\create.php on line 63.
 1 APPPATH\Views\admin\usuarios\create.php(63): CodeIgniter\Debug\Exceptions->errorHandler(8, 'Undefined variable: request', 'APPPATH\\Views\\admin\\usuarios\\create.php', 63, [...])
 2 SYSTEMPATH\View\View.php(213): include('APPPATH\\Views\\admin\\usuarios\\create.php')
 3 SYSTEMPATH\View\View.php(216): CodeIgniter\View\View->CodeIgniter\View\{closure}()
 4 SYSTEMPATH\Common.php(1135): CodeIgniter\View\View->render('admin/usuarios/create.php', [], true)
 5 APPPATH\Controllers\Admin\Usuarios.php(82): view('admin/usuarios/create.php', [...])
 6 SYSTEMPATH\CodeIgniter.php(925): App\Controllers\Admin\Usuarios->create()
 7 SYSTEMPATH\CodeIgniter.php(480): CodeIgniter\CodeIgniter->runController(Object(App\Controllers\Admin\Usuarios))
 8 SYSTEMPATH\CodeIgniter.php(349): CodeIgniter\CodeIgniter->handleRequest(null, Object(Config\Cache), false)
 9 FCPATH\index.php(67): CodeIgniter\CodeIgniter->run()
10 SYSTEMPATH\Commands\Server\rewrite.php(47): require_once('FCPATH\\index.php')
CRITICAL - 2023-01-16 13:21:38 --> Call to a member function clear() on array
in APPPATH\Controllers\Admin\Usuarios.php on line 99.
 1 APPPATH\Controllers\Admin\Usuarios.php(61): App\Controllers\Admin\Usuarios->save()
 2 SYSTEMPATH\CodeIgniter.php(925): App\Controllers\Admin\Usuarios->create()
 3 SYSTEMPATH\CodeIgniter.php(480): CodeIgniter\CodeIgniter->runController(Object(App\Controllers\Admin\Usuarios))
 4 SYSTEMPATH\CodeIgniter.php(349): CodeIgniter\CodeIgniter->handleRequest(null, Object(Config\Cache), false)
 5 FCPATH\index.php(67): CodeIgniter\CodeIgniter->run()
 6 SYSTEMPATH\Commands\Server\rewrite.php(47): require_once('FCPATH\\index.php')
CRITICAL - 2023-01-16 13:22:35 --> Undefined variable: fiels
in APPPATH\Controllers\Admin\Usuarios.php on line 99.
 1 APPPATH\Controllers\Admin\Usuarios.php(99): CodeIgniter\Debug\Exceptions->errorHandler(8, 'Undefined variable: fiels', 'APPPATH\\Controllers\\Admin\\Usuarios.php', 99, [...])
 2 APPPATH\Controllers\Admin\Usuarios.php(61): App\Controllers\Admin\Usuarios->save()
 3 SYSTEMPATH\CodeIgniter.php(925): App\Controllers\Admin\Usuarios->create()
 4 SYSTEMPATH\CodeIgniter.php(480): CodeIgniter\CodeIgniter->runController(Object(App\Controllers\Admin\Usuarios))
 5 SYSTEMPATH\CodeIgniter.php(349): CodeIgniter\CodeIgniter->handleRequest(null, Object(Config\Cache), false)
 6 FCPATH\index.php(67): CodeIgniter\CodeIgniter->run()
 7 SYSTEMPATH\Commands\Server\rewrite.php(47): require_once('FCPATH\\index.php')
CRITICAL - 2023-01-16 13:40:35 --> Call to undefined function App\Controllers\Admin\getVar()
in APPPATH\Controllers\Admin\Usuarios.php on line 97.
 1 APPPATH\Controllers\Admin\Usuarios.php(61): App\Controllers\Admin\Usuarios->save()
 2 SYSTEMPATH\CodeIgniter.php(925): App\Controllers\Admin\Usuarios->create()
 3 SYSTEMPATH\CodeIgniter.php(480): CodeIgniter\CodeIgniter->runController(Object(App\Controllers\Admin\Usuarios))
 4 SYSTEMPATH\CodeIgniter.php(349): CodeIgniter\CodeIgniter->handleRequest(null, Object(Config\Cache), false)
 5 FCPATH\index.php(67): CodeIgniter\CodeIgniter->run()
 6 SYSTEMPATH\Commands\Server\rewrite.php(47): require_once('FCPATH\\index.php')
CRITICAL - 2023-01-16 14:01:06 --> Undefined variable: session
in APPPATH\Controllers\Admin\Usuarios.php on line 69.
 1 APPPATH\Controllers\Admin\Usuarios.php(69): CodeIgniter\Debug\Exceptions->errorHandler(8, 'Undefined variable: session', 'APPPATH\\Controllers\\Admin\\Usuarios.php', 69, [...])
 2 SYSTEMPATH\CodeIgniter.php(925): App\Controllers\Admin\Usuarios->create()
 3 SYSTEMPATH\CodeIgniter.php(480): CodeIgniter\CodeIgniter->runController(Object(App\Controllers\Admin\Usuarios))
 4 SYSTEMPATH\CodeIgniter.php(349): CodeIgniter\CodeIgniter->handleRequest(null, Object(Config\Cache), false)
 5 FCPATH\index.php(67): CodeIgniter\CodeIgniter->run()
 6 SYSTEMPATH\Commands\Server\rewrite.php(47): require_once('FCPATH\\index.php')
CRITICAL - 2023-01-16 14:05:52 --> Undefined variable: session
in APPPATH\Views\admin\usuarios\create.php on line 39.
 1 APPPATH\Views\admin\usuarios\create.php(39): CodeIgniter\Debug\Exceptions->errorHandler(8, 'Undefined variable: session', 'APPPATH\\Views\\admin\\usuarios\\create.php', 39, [])
 2 SYSTEMPATH\View\View.php(213): include('APPPATH\\Views\\admin\\usuarios\\create.php')
 3 SYSTEMPATH\View\View.php(216): CodeIgniter\View\View->CodeIgniter\View\{closure}()
 4 SYSTEMPATH\Common.php(1135): CodeIgniter\View\View->render('admin/usuarios/create.php', [], true)
 5 APPPATH\Controllers\Admin\Usuarios.php(78): view('admin/usuarios/create.php')
 6 SYSTEMPATH\CodeIgniter.php(925): App\Controllers\Admin\Usuarios->create()
 7 SYSTEMPATH\CodeIgniter.php(480): CodeIgniter\CodeIgniter->runController(Object(App\Controllers\Admin\Usuarios))
 8 SYSTEMPATH\CodeIgniter.php(349): CodeIgniter\CodeIgniter->handleRequest(null, Object(Config\Cache), false)
 9 FCPATH\index.php(67): CodeIgniter\CodeIgniter->run()
10 SYSTEMPATH\Commands\Server\rewrite.php(47): require_once('FCPATH\\index.php')
CRITICAL - 2023-01-16 14:05:55 --> Undefined variable: session
in APPPATH\Views\admin\usuarios\create.php on line 39.
 1 APPPATH\Views\admin\usuarios\create.php(39): CodeIgniter\Debug\Exceptions->errorHandler(8, 'Undefined variable: session', 'APPPATH\\Views\\admin\\usuarios\\create.php', 39, [])
 2 SYSTEMPATH\View\View.php(213): include('APPPATH\\Views\\admin\\usuarios\\create.php')
 3 SYSTEMPATH\View\View.php(216): CodeIgniter\View\View->CodeIgniter\View\{closure}()
 4 SYSTEMPATH\Common.php(1135): CodeIgniter\View\View->render('admin/usuarios/create.php', [], true)
 5 APPPATH\Controllers\Admin\Usuarios.php(78): view('admin/usuarios/create.php')
 6 SYSTEMPATH\CodeIgniter.php(925): App\Controllers\Admin\Usuarios->create()
 7 SYSTEMPATH\CodeIgniter.php(480): CodeIgniter\CodeIgniter->runController(Object(App\Controllers\Admin\Usuarios))
 8 SYSTEMPATH\CodeIgniter.php(349): CodeIgniter\CodeIgniter->handleRequest(null, Object(Config\Cache), false)
 9 FCPATH\index.php(67): CodeIgniter\CodeIgniter->run()
10 SYSTEMPATH\Commands\Server\rewrite.php(47): require_once('FCPATH\\index.php')
CRITICAL - 2023-01-16 14:10:12 --> Undefined variable: message
in APPPATH\Views\admin\usuarios\create.php on line 49.
 1 APPPATH\Views\admin\usuarios\create.php(49): CodeIgniter\Debug\Exceptions->errorHandler(8, 'Undefined variable: message', 'APPPATH\\Views\\admin\\usuarios\\create.php', 49, [...])
 2 SYSTEMPATH\View\View.php(213): include('APPPATH\\Views\\admin\\usuarios\\create.php')
 3 SYSTEMPATH\View\View.php(216): CodeIgniter\View\View->CodeIgniter\View\{closure}()
 4 SYSTEMPATH\Common.php(1135): CodeIgniter\View\View->render('admin/usuarios/create.php', [], true)
 5 APPPATH\Controllers\Admin\Usuarios.php(78): view('admin/usuarios/create.php')
 6 SYSTEMPATH\CodeIgniter.php(925): App\Controllers\Admin\Usuarios->create()
 7 SYSTEMPATH\CodeIgniter.php(480): CodeIgniter\CodeIgniter->runController(Object(App\Controllers\Admin\Usuarios))
 8 SYSTEMPATH\CodeIgniter.php(349): CodeIgniter\CodeIgniter->handleRequest(null, Object(Config\Cache), false)
 9 FCPATH\index.php(67): CodeIgniter\CodeIgniter->run()
10 SYSTEMPATH\Commands\Server\rewrite.php(47): require_once('FCPATH\\index.php')
CRITICAL - 2023-01-16 14:10:21 --> Undefined index: success
in APPPATH\Views\admin\usuarios\create.php on line 40.
 1 APPPATH\Views\admin\usuarios\create.php(40): CodeIgniter\Debug\Exceptions->errorHandler(8, 'Undefined index: success', 'APPPATH\\Views\\admin\\usuarios\\create.php', 40, [])
 2 SYSTEMPATH\View\View.php(213): include('APPPATH\\Views\\admin\\usuarios\\create.php')
 3 SYSTEMPATH\View\View.php(216): CodeIgniter\View\View->CodeIgniter\View\{closure}()
 4 SYSTEMPATH\Common.php(1135): CodeIgniter\View\View->render('admin/usuarios/create.php', [], true)
 5 APPPATH\Controllers\Admin\Usuarios.php(78): view('admin/usuarios/create.php')
 6 SYSTEMPATH\CodeIgniter.php(925): App\Controllers\Admin\Usuarios->create()
 7 SYSTEMPATH\CodeIgniter.php(480): CodeIgniter\CodeIgniter->runController(Object(App\Controllers\Admin\Usuarios))
 8 SYSTEMPATH\CodeIgniter.php(349): CodeIgniter\CodeIgniter->handleRequest(null, Object(Config\Cache), false)
 9 FCPATH\index.php(67): CodeIgniter\CodeIgniter->run()
10 SYSTEMPATH\Commands\Server\rewrite.php(47): require_once('FCPATH\\index.php')
CRITICAL - 2023-01-16 14:11:15 --> session_start(): A session had already been started - ignoring
in APPPATH\Views\admin\usuarios\create.php on line 39.
 1 [internal function]: CodeIgniter\Debug\Exceptions->errorHandler(8, 'session_start(): A session had already been started - ignoring', 'APPPATH\\Views\\admin\\usuarios\\create.php', 39, [])
 2 APPPATH\Views\admin\usuarios\create.php(39): session_start()
 3 SYSTEMPATH\View\View.php(213): include('APPPATH\\Views\\admin\\usuarios\\create.php')
 4 SYSTEMPATH\View\View.php(216): CodeIgniter\View\View->CodeIgniter\View\{closure}()
 5 SYSTEMPATH\Common.php(1135): CodeIgniter\View\View->render('admin/usuarios/create.php', [], true)
 6 APPPATH\Controllers\Admin\Usuarios.php(78): view('admin/usuarios/create.php')
 7 SYSTEMPATH\CodeIgniter.php(925): App\Controllers\Admin\Usuarios->create()
 8 SYSTEMPATH\CodeIgniter.php(480): CodeIgniter\CodeIgniter->runController(Object(App\Controllers\Admin\Usuarios))
 9 SYSTEMPATH\CodeIgniter.php(349): CodeIgniter\CodeIgniter->handleRequest(null, Object(Config\Cache), false)
10 FCPATH\index.php(67): CodeIgniter\CodeIgniter->run()
11 SYSTEMPATH\Commands\Server\rewrite.php(47): require_once('FCPATH\\index.php')
CRITICAL - 2023-01-16 14:11:16 --> session_start(): A session had already been started - ignoring
in APPPATH\Views\admin\usuarios\create.php on line 39.
 1 [internal function]: CodeIgniter\Debug\Exceptions->errorHandler(8, 'session_start(): A session had already been started - ignoring', 'APPPATH\\Views\\admin\\usuarios\\create.php', 39, [])
 2 APPPATH\Views\admin\usuarios\create.php(39): session_start()
 3 SYSTEMPATH\View\View.php(213): include('APPPATH\\Views\\admin\\usuarios\\create.php')
 4 SYSTEMPATH\View\View.php(216): CodeIgniter\View\View->CodeIgniter\View\{closure}()
 5 SYSTEMPATH\Common.php(1135): CodeIgniter\View\View->render('admin/usuarios/create.php', [], true)
 6 APPPATH\Controllers\Admin\Usuarios.php(78): view('admin/usuarios/create.php')
 7 SYSTEMPATH\CodeIgniter.php(925): App\Controllers\Admin\Usuarios->create()
 8 SYSTEMPATH\CodeIgniter.php(480): CodeIgniter\CodeIgniter->runController(Object(App\Controllers\Admin\Usuarios))
 9 SYSTEMPATH\CodeIgniter.php(349): CodeIgniter\CodeIgniter->handleRequest(null, Object(Config\Cache), false)
10 FCPATH\index.php(67): CodeIgniter\CodeIgniter->run()
11 SYSTEMPATH\Commands\Server\rewrite.php(47): require_once('FCPATH\\index.php')
CRITICAL - 2023-01-16 14:12:33 --> session_start(): A session had already been started - ignoring
in APPPATH\Views\admin\usuarios\create.php on line 39.
 1 [internal function]: CodeIgniter\Debug\Exceptions->errorHandler(8, 'session_start(): A session had already been started - ignoring', 'APPPATH\\Views\\admin\\usuarios\\create.php', 39, [])
 2 APPPATH\Views\admin\usuarios\create.php(39): session_start()
 3 SYSTEMPATH\View\View.php(213): include('APPPATH\\Views\\admin\\usuarios\\create.php')
 4 SYSTEMPATH\View\View.php(216): CodeIgniter\View\View->CodeIgniter\View\{closure}()
 5 SYSTEMPATH\Common.php(1135): CodeIgniter\View\View->render('admin/usuarios/create.php', [], true)
 6 APPPATH\Controllers\Admin\Usuarios.php(79): view('admin/usuarios/create.php')
 7 SYSTEMPATH\CodeIgniter.php(925): App\Controllers\Admin\Usuarios->create()
 8 SYSTEMPATH\CodeIgniter.php(480): CodeIgniter\CodeIgniter->runController(Object(App\Controllers\Admin\Usuarios))
 9 SYSTEMPATH\CodeIgniter.php(349): CodeIgniter\CodeIgniter->handleRequest(null, Object(Config\Cache), false)
10 FCPATH\index.php(67): CodeIgniter\CodeIgniter->run()
11 SYSTEMPATH\Commands\Server\rewrite.php(47): require_once('FCPATH\\index.php')
CRITICAL - 2023-01-16 14:12:34 --> session_start(): A session had already been started - ignoring
in APPPATH\Views\admin\usuarios\create.php on line 39.
 1 [internal function]: CodeIgniter\Debug\Exceptions->errorHandler(8, 'session_start(): A session had already been started - ignoring', 'APPPATH\\Views\\admin\\usuarios\\create.php', 39, [])
 2 APPPATH\Views\admin\usuarios\create.php(39): session_start()
 3 SYSTEMPATH\View\View.php(213): include('APPPATH\\Views\\admin\\usuarios\\create.php')
 4 SYSTEMPATH\View\View.php(216): CodeIgniter\View\View->CodeIgniter\View\{closure}()
 5 SYSTEMPATH\Common.php(1135): CodeIgniter\View\View->render('admin/usuarios/create.php', [], true)
 6 APPPATH\Controllers\Admin\Usuarios.php(79): view('admin/usuarios/create.php')
 7 SYSTEMPATH\CodeIgniter.php(925): App\Controllers\Admin\Usuarios->create()
 8 SYSTEMPATH\CodeIgniter.php(480): CodeIgniter\CodeIgniter->runController(Object(App\Controllers\Admin\Usuarios))
 9 SYSTEMPATH\CodeIgniter.php(349): CodeIgniter\CodeIgniter->handleRequest(null, Object(Config\Cache), false)
10 FCPATH\index.php(67): CodeIgniter\CodeIgniter->run()
11 SYSTEMPATH\Commands\Server\rewrite.php(47): require_once('FCPATH\\index.php')
CRITICAL - 2023-01-16 14:12:43 --> Undefined index: alert
in APPPATH\Views\admin\usuarios\create.php on line 40.
 1 APPPATH\Views\admin\usuarios\create.php(40): CodeIgniter\Debug\Exceptions->errorHandler(8, 'Undefined index: alert', 'APPPATH\\Views\\admin\\usuarios\\create.php', 40, [])
 2 SYSTEMPATH\View\View.php(213): include('APPPATH\\Views\\admin\\usuarios\\create.php')
 3 SYSTEMPATH\View\View.php(216): CodeIgniter\View\View->CodeIgniter\View\{closure}()
 4 SYSTEMPATH\Common.php(1135): CodeIgniter\View\View->render('admin/usuarios/create.php', [], true)
 5 APPPATH\Controllers\Admin\Usuarios.php(79): view('admin/usuarios/create.php')
 6 SYSTEMPATH\CodeIgniter.php(925): App\Controllers\Admin\Usuarios->create()
 7 SYSTEMPATH\CodeIgniter.php(480): CodeIgniter\CodeIgniter->runController(Object(App\Controllers\Admin\Usuarios))
 8 SYSTEMPATH\CodeIgniter.php(349): CodeIgniter\CodeIgniter->handleRequest(null, Object(Config\Cache), false)
 9 FCPATH\index.php(67): CodeIgniter\CodeIgniter->run()
10 SYSTEMPATH\Commands\Server\rewrite.php(47): require_once('FCPATH\\index.php')
CRITICAL - 2023-01-16 14:12:43 --> Undefined index: alert
in APPPATH\Views\admin\usuarios\create.php on line 40.
 1 APPPATH\Views\admin\usuarios\create.php(40): CodeIgniter\Debug\Exceptions->errorHandler(8, 'Undefined index: alert', 'APPPATH\\Views\\admin\\usuarios\\create.php', 40, [])
 2 SYSTEMPATH\View\View.php(213): include('APPPATH\\Views\\admin\\usuarios\\create.php')
 3 SYSTEMPATH\View\View.php(216): CodeIgniter\View\View->CodeIgniter\View\{closure}()
 4 SYSTEMPATH\Common.php(1135): CodeIgniter\View\View->render('admin/usuarios/create.php', [], true)
 5 APPPATH\Controllers\Admin\Usuarios.php(79): view('admin/usuarios/create.php')
 6 SYSTEMPATH\CodeIgniter.php(925): App\Controllers\Admin\Usuarios->create()
 7 SYSTEMPATH\CodeIgniter.php(480): CodeIgniter\CodeIgniter->runController(Object(App\Controllers\Admin\Usuarios))
 8 SYSTEMPATH\CodeIgniter.php(349): CodeIgniter\CodeIgniter->handleRequest(null, Object(Config\Cache), false)
 9 FCPATH\index.php(67): CodeIgniter\CodeIgniter->run()
10 SYSTEMPATH\Commands\Server\rewrite.php(47): require_once('FCPATH\\index.php')
CRITICAL - 2023-01-16 14:13:59 --> Undefined index: alert
in APPPATH\Views\admin\usuarios\create.php on line 40.
 1 APPPATH\Views\admin\usuarios\create.php(40): CodeIgniter\Debug\Exceptions->errorHandler(8, 'Undefined index: alert', 'APPPATH\\Views\\admin\\usuarios\\create.php', 40, [])
 2 SYSTEMPATH\View\View.php(213): include('APPPATH\\Views\\admin\\usuarios\\create.php')
 3 SYSTEMPATH\View\View.php(216): CodeIgniter\View\View->CodeIgniter\View\{closure}()
 4 SYSTEMPATH\Common.php(1135): CodeIgniter\View\View->render('admin/usuarios/create.php', [], true)
 5 APPPATH\Controllers\Admin\Usuarios.php(79): view('admin/usuarios/create.php')
 6 SYSTEMPATH\CodeIgniter.php(925): App\Controllers\Admin\Usuarios->create()
 7 SYSTEMPATH\CodeIgniter.php(480): CodeIgniter\CodeIgniter->runController(Object(App\Controllers\Admin\Usuarios))
 8 SYSTEMPATH\CodeIgniter.php(349): CodeIgniter\CodeIgniter->handleRequest(null, Object(Config\Cache), false)
 9 FCPATH\index.php(67): CodeIgniter\CodeIgniter->run()
10 SYSTEMPATH\Commands\Server\rewrite.php(47): require_once('FCPATH\\index.php')
CRITICAL - 2023-01-16 14:14:03 --> Undefined index: alert
in APPPATH\Views\admin\usuarios\create.php on line 40.
 1 APPPATH\Views\admin\usuarios\create.php(40): CodeIgniter\Debug\Exceptions->errorHandler(8, 'Undefined index: alert', 'APPPATH\\Views\\admin\\usuarios\\create.php', 40, [])
 2 SYSTEMPATH\View\View.php(213): include('APPPATH\\Views\\admin\\usuarios\\create.php')
 3 SYSTEMPATH\View\View.php(216): CodeIgniter\View\View->CodeIgniter\View\{closure}()
 4 SYSTEMPATH\Common.php(1135): CodeIgniter\View\View->render('admin/usuarios/create.php', [], true)
 5 APPPATH\Controllers\Admin\Usuarios.php(79): view('admin/usuarios/create.php')
 6 SYSTEMPATH\CodeIgniter.php(925): App\Controllers\Admin\Usuarios->create()
 7 SYSTEMPATH\CodeIgniter.php(480): CodeIgniter\CodeIgniter->runController(Object(App\Controllers\Admin\Usuarios))
 8 SYSTEMPATH\CodeIgniter.php(349): CodeIgniter\CodeIgniter->handleRequest(null, Object(Config\Cache), false)
 9 FCPATH\index.php(67): CodeIgniter\CodeIgniter->run()
10 SYSTEMPATH\Commands\Server\rewrite.php(47): require_once('FCPATH\\index.php')
CRITICAL - 2023-01-16 14:16:18 --> Undefined index: alert
in APPPATH\Views\admin\usuarios\create.php on line 40.
 1 APPPATH\Views\admin\usuarios\create.php(40): CodeIgniter\Debug\Exceptions->errorHandler(8, 'Undefined index: alert', 'APPPATH\\Views\\admin\\usuarios\\create.php', 40, [])
 2 SYSTEMPATH\View\View.php(213): include('APPPATH\\Views\\admin\\usuarios\\create.php')
 3 SYSTEMPATH\View\View.php(216): CodeIgniter\View\View->CodeIgniter\View\{closure}()
 4 SYSTEMPATH\Common.php(1135): CodeIgniter\View\View->render('admin/usuarios/create.php', [], true)
 5 APPPATH\Controllers\Admin\Usuarios.php(78): view('admin/usuarios/create.php')
 6 SYSTEMPATH\CodeIgniter.php(925): App\Controllers\Admin\Usuarios->create()
 7 SYSTEMPATH\CodeIgniter.php(480): CodeIgniter\CodeIgniter->runController(Object(App\Controllers\Admin\Usuarios))
 8 SYSTEMPATH\CodeIgniter.php(349): CodeIgniter\CodeIgniter->handleRequest(null, Object(Config\Cache), false)
 9 FCPATH\index.php(67): CodeIgniter\CodeIgniter->run()
10 SYSTEMPATH\Commands\Server\rewrite.php(47): require_once('FCPATH\\index.php')
CRITICAL - 2023-01-16 14:16:52 --> Undefined variable: session
in APPPATH\Views\admin\usuarios\create.php on line 40.
 1 APPPATH\Views\admin\usuarios\create.php(40): CodeIgniter\Debug\Exceptions->errorHandler(8, 'Undefined variable: session', 'APPPATH\\Views\\admin\\usuarios\\create.php', 40, [])
 2 SYSTEMPATH\View\View.php(213): include('APPPATH\\Views\\admin\\usuarios\\create.php')
 3 SYSTEMPATH\View\View.php(216): CodeIgniter\View\View->CodeIgniter\View\{closure}()
 4 SYSTEMPATH\Common.php(1135): CodeIgniter\View\View->render('admin/usuarios/create.php', [], true)
 5 APPPATH\Controllers\Admin\Usuarios.php(78): view('admin/usuarios/create.php')
 6 SYSTEMPATH\CodeIgniter.php(925): App\Controllers\Admin\Usuarios->create()
 7 SYSTEMPATH\CodeIgniter.php(480): CodeIgniter\CodeIgniter->runController(Object(App\Controllers\Admin\Usuarios))
 8 SYSTEMPATH\CodeIgniter.php(349): CodeIgniter\CodeIgniter->handleRequest(null, Object(Config\Cache), false)
 9 FCPATH\index.php(67): CodeIgniter\CodeIgniter->run()
10 SYSTEMPATH\Commands\Server\rewrite.php(47): require_once('FCPATH\\index.php')
CRITICAL - 2023-01-16 14:17:14 --> Call to a member function getFlashdata() on null
in APPPATH\Views\admin\usuarios\create.php on line 40.
 1 SYSTEMPATH\View\View.php(213): include()
 2 SYSTEMPATH\View\View.php(216): CodeIgniter\View\View->CodeIgniter\View\{closure}()
 3 SYSTEMPATH\Common.php(1135): CodeIgniter\View\View->render('admin/usuarios/create.php', [], true)
 4 APPPATH\Controllers\Admin\Usuarios.php(78): view('admin/usuarios/create.php')
 5 SYSTEMPATH\CodeIgniter.php(925): App\Controllers\Admin\Usuarios->create()
 6 SYSTEMPATH\CodeIgniter.php(480): CodeIgniter\CodeIgniter->runController(Object(App\Controllers\Admin\Usuarios))
 7 SYSTEMPATH\CodeIgniter.php(349): CodeIgniter\CodeIgniter->handleRequest(null, Object(Config\Cache), false)
 8 FCPATH\index.php(67): CodeIgniter\CodeIgniter->run()
 9 SYSTEMPATH\Commands\Server\rewrite.php(47): require_once('FCPATH\\index.php')
CRITICAL - 2023-01-16 14:18:43 --> Call to a member function getFlashdata() on null
in APPPATH\Views\admin\usuarios\create.php on line 40.
 1 SYSTEMPATH\View\View.php(213): include()
 2 SYSTEMPATH\View\View.php(216): CodeIgniter\View\View->CodeIgniter\View\{closure}()
 3 SYSTEMPATH\Common.php(1135): CodeIgniter\View\View->render('admin/usuarios/create.php', [], true)
 4 APPPATH\Controllers\Admin\Usuarios.php(79): view('admin/usuarios/create.php')
 5 SYSTEMPATH\CodeIgniter.php(925): App\Controllers\Admin\Usuarios->create()
 6 SYSTEMPATH\CodeIgniter.php(480): CodeIgniter\CodeIgniter->runController(Object(App\Controllers\Admin\Usuarios))
 7 SYSTEMPATH\CodeIgniter.php(349): CodeIgniter\CodeIgniter->handleRequest(null, Object(Config\Cache), false)
 8 FCPATH\index.php(67): CodeIgniter\CodeIgniter->run()
 9 SYSTEMPATH\Commands\Server\rewrite.php(47): require_once('FCPATH\\index.php')
CRITICAL - 2023-01-16 14:18:53 --> Undefined variable: session
in APPPATH\Views\admin\usuarios\create.php on line 40.
 1 APPPATH\Views\admin\usuarios\create.php(40): CodeIgniter\Debug\Exceptions->errorHandler(8, 'Undefined variable: session', 'APPPATH\\Views\\admin\\usuarios\\create.php', 40, [])
 2 SYSTEMPATH\View\View.php(213): include('APPPATH\\Views\\admin\\usuarios\\create.php')
 3 SYSTEMPATH\View\View.php(216): CodeIgniter\View\View->CodeIgniter\View\{closure}()
 4 SYSTEMPATH\Common.php(1135): CodeIgniter\View\View->render('admin/usuarios/create.php', [], true)
 5 APPPATH\Controllers\Admin\Usuarios.php(79): view('admin/usuarios/create.php')
 6 SYSTEMPATH\CodeIgniter.php(925): App\Controllers\Admin\Usuarios->create()
 7 SYSTEMPATH\CodeIgniter.php(480): CodeIgniter\CodeIgniter->runController(Object(App\Controllers\Admin\Usuarios))
 8 SYSTEMPATH\CodeIgniter.php(349): CodeIgniter\CodeIgniter->handleRequest(null, Object(Config\Cache), false)
 9 FCPATH\index.php(67): CodeIgniter\CodeIgniter->run()
10 SYSTEMPATH\Commands\Server\rewrite.php(47): require_once('FCPATH\\index.php')
CRITICAL - 2023-01-16 14:19:34 --> Undefined variable: session
in APPPATH\Views\admin\usuarios\create.php on line 40.
 1 APPPATH\Views\admin\usuarios\create.php(40): CodeIgniter\Debug\Exceptions->errorHandler(8, 'Undefined variable: session', 'APPPATH\\Views\\admin\\usuarios\\create.php', 40, [])
 2 SYSTEMPATH\View\View.php(213): include('APPPATH\\Views\\admin\\usuarios\\create.php')
 3 SYSTEMPATH\View\View.php(216): CodeIgniter\View\View->CodeIgniter\View\{closure}()
 4 SYSTEMPATH\Common.php(1135): CodeIgniter\View\View->render('admin/usuarios/create.php', [], true)
 5 APPPATH\Controllers\Admin\Usuarios.php(79): view('admin/usuarios/create.php')
 6 SYSTEMPATH\CodeIgniter.php(925): App\Controllers\Admin\Usuarios->create()
 7 SYSTEMPATH\CodeIgniter.php(480): CodeIgniter\CodeIgniter->runController(Object(App\Controllers\Admin\Usuarios))
 8 SYSTEMPATH\CodeIgniter.php(349): CodeIgniter\CodeIgniter->handleRequest(null, Object(Config\Cache), false)
 9 FCPATH\index.php(67): CodeIgniter\CodeIgniter->run()
10 SYSTEMPATH\Commands\Server\rewrite.php(47): require_once('FCPATH\\index.php')
CRITICAL - 2023-01-16 14:21:19 --> Undefined variable: data
in APPPATH\Controllers\Admin\Usuarios.php on line 76.
 1 APPPATH\Controllers\Admin\Usuarios.php(76): CodeIgniter\Debug\Exceptions->errorHandler(8, 'Undefined variable: data', 'APPPATH\\Controllers\\Admin\\Usuarios.php', 76, [...])
 2 SYSTEMPATH\CodeIgniter.php(925): App\Controllers\Admin\Usuarios->create()
 3 SYSTEMPATH\CodeIgniter.php(480): CodeIgniter\CodeIgniter->runController(Object(App\Controllers\Admin\Usuarios))
 4 SYSTEMPATH\CodeIgniter.php(349): CodeIgniter\CodeIgniter->handleRequest(null, Object(Config\Cache), false)
 5 FCPATH\index.php(67): CodeIgniter\CodeIgniter->run()
 6 SYSTEMPATH\Commands\Server\rewrite.php(47): require_once('FCPATH\\index.php')
CRITICAL - 2023-01-16 14:22:04 --> Undefined variable: data
in APPPATH\Controllers\Admin\Usuarios.php on line 76.
 1 APPPATH\Controllers\Admin\Usuarios.php(76): CodeIgniter\Debug\Exceptions->errorHandler(8, 'Undefined variable: data', 'APPPATH\\Controllers\\Admin\\Usuarios.php', 76, [...])
 2 SYSTEMPATH\CodeIgniter.php(925): App\Controllers\Admin\Usuarios->create()
 3 SYSTEMPATH\CodeIgniter.php(480): CodeIgniter\CodeIgniter->runController(Object(App\Controllers\Admin\Usuarios))
 4 SYSTEMPATH\CodeIgniter.php(349): CodeIgniter\CodeIgniter->handleRequest(null, Object(Config\Cache), false)
 5 FCPATH\index.php(67): CodeIgniter\CodeIgniter->run()
 6 SYSTEMPATH\Commands\Server\rewrite.php(47): require_once('FCPATH\\index.php')
CRITICAL - 2023-01-16 14:22:10 --> Undefined variable: data
in APPPATH\Controllers\Admin\Usuarios.php on line 76.
 1 APPPATH\Controllers\Admin\Usuarios.php(76): CodeIgniter\Debug\Exceptions->errorHandler(8, 'Undefined variable: data', 'APPPATH\\Controllers\\Admin\\Usuarios.php', 76, [...])
 2 SYSTEMPATH\CodeIgniter.php(925): App\Controllers\Admin\Usuarios->create()
 3 SYSTEMPATH\CodeIgniter.php(480): CodeIgniter\CodeIgniter->runController(Object(App\Controllers\Admin\Usuarios))
 4 SYSTEMPATH\CodeIgniter.php(349): CodeIgniter\CodeIgniter->handleRequest(null, Object(Config\Cache), false)
 5 FCPATH\index.php(67): CodeIgniter\CodeIgniter->run()
 6 SYSTEMPATH\Commands\Server\rewrite.php(47): require_once('FCPATH\\index.php')
CRITICAL - 2023-01-16 14:22:36 --> Undefined variable: alert
in APPPATH\Controllers\Admin\Usuarios.php on line 77.
 1 APPPATH\Controllers\Admin\Usuarios.php(77): CodeIgniter\Debug\Exceptions->errorHandler(8, 'Undefined variable: alert', 'APPPATH\\Controllers\\Admin\\Usuarios.php', 77, [...])
 2 SYSTEMPATH\CodeIgniter.php(925): App\Controllers\Admin\Usuarios->create()
 3 SYSTEMPATH\CodeIgniter.php(480): CodeIgniter\CodeIgniter->runController(Object(App\Controllers\Admin\Usuarios))
 4 SYSTEMPATH\CodeIgniter.php(349): CodeIgniter\CodeIgniter->handleRequest(null, Object(Config\Cache), false)
 5 FCPATH\index.php(67): CodeIgniter\CodeIgniter->run()
 6 SYSTEMPATH\Commands\Server\rewrite.php(47): require_once('FCPATH\\index.php')
CRITICAL - 2023-01-16 14:22:51 --> Undefined variable: data
in APPPATH\Controllers\Admin\Usuarios.php on line 83.
 1 APPPATH\Controllers\Admin\Usuarios.php(83): CodeIgniter\Debug\Exceptions->errorHandler(8, 'Undefined variable: data', 'APPPATH\\Controllers\\Admin\\Usuarios.php', 83, [...])
 2 SYSTEMPATH\CodeIgniter.php(925): App\Controllers\Admin\Usuarios->create()
 3 SYSTEMPATH\CodeIgniter.php(480): CodeIgniter\CodeIgniter->runController(Object(App\Controllers\Admin\Usuarios))
 4 SYSTEMPATH\CodeIgniter.php(349): CodeIgniter\CodeIgniter->handleRequest(null, Object(Config\Cache), false)
 5 FCPATH\index.php(67): CodeIgniter\CodeIgniter->run()
 6 SYSTEMPATH\Commands\Server\rewrite.php(47): require_once('FCPATH\\index.php')
CRITICAL - 2023-01-16 14:23:36 --> Undefined variable: data
in APPPATH\Controllers\Admin\Usuarios.php on line 81.
 1 APPPATH\Controllers\Admin\Usuarios.php(81): CodeIgniter\Debug\Exceptions->errorHandler(8, 'Undefined variable: data', 'APPPATH\\Controllers\\Admin\\Usuarios.php', 81, [])
 2 SYSTEMPATH\CodeIgniter.php(925): App\Controllers\Admin\Usuarios->create()
 3 SYSTEMPATH\CodeIgniter.php(480): CodeIgniter\CodeIgniter->runController(Object(App\Controllers\Admin\Usuarios))
 4 SYSTEMPATH\CodeIgniter.php(349): CodeIgniter\CodeIgniter->handleRequest(null, Object(Config\Cache), false)
 5 FCPATH\index.php(67): CodeIgniter\CodeIgniter->run()
 6 SYSTEMPATH\Commands\Server\rewrite.php(47): require_once('FCPATH\\index.php')
CRITICAL - 2023-01-16 14:23:43 --> Undefined variable: session
in APPPATH\Views\admin\usuarios\create.php on line 40.
 1 APPPATH\Views\admin\usuarios\create.php(40): CodeIgniter\Debug\Exceptions->errorHandler(8, 'Undefined variable: session', 'APPPATH\\Views\\admin\\usuarios\\create.php', 40, [])
 2 SYSTEMPATH\View\View.php(213): include('APPPATH\\Views\\admin\\usuarios\\create.php')
 3 SYSTEMPATH\View\View.php(216): CodeIgniter\View\View->CodeIgniter\View\{closure}()
 4 SYSTEMPATH\Common.php(1135): CodeIgniter\View\View->render('admin/usuarios/create.php', [], true)
 5 APPPATH\Controllers\Admin\Usuarios.php(81): view('admin/usuarios/create.php')
 6 SYSTEMPATH\CodeIgniter.php(925): App\Controllers\Admin\Usuarios->create()
 7 SYSTEMPATH\CodeIgniter.php(480): CodeIgniter\CodeIgniter->runController(Object(App\Controllers\Admin\Usuarios))
 8 SYSTEMPATH\CodeIgniter.php(349): CodeIgniter\CodeIgniter->handleRequest(null, Object(Config\Cache), false)
 9 FCPATH\index.php(67): CodeIgniter\CodeIgniter->run()
10 SYSTEMPATH\Commands\Server\rewrite.php(47): require_once('FCPATH\\index.php')
CRITICAL - 2023-01-16 14:23:44 --> Undefined variable: session
in APPPATH\Views\admin\usuarios\create.php on line 40.
 1 APPPATH\Views\admin\usuarios\create.php(40): CodeIgniter\Debug\Exceptions->errorHandler(8, 'Undefined variable: session', 'APPPATH\\Views\\admin\\usuarios\\create.php', 40, [])
 2 SYSTEMPATH\View\View.php(213): include('APPPATH\\Views\\admin\\usuarios\\create.php')
 3 SYSTEMPATH\View\View.php(216): CodeIgniter\View\View->CodeIgniter\View\{closure}()
 4 SYSTEMPATH\Common.php(1135): CodeIgniter\View\View->render('admin/usuarios/create.php', [], true)
 5 APPPATH\Controllers\Admin\Usuarios.php(81): view('admin/usuarios/create.php')
 6 SYSTEMPATH\CodeIgniter.php(925): App\Controllers\Admin\Usuarios->create()
 7 SYSTEMPATH\CodeIgniter.php(480): CodeIgniter\CodeIgniter->runController(Object(App\Controllers\Admin\Usuarios))
 8 SYSTEMPATH\CodeIgniter.php(349): CodeIgniter\CodeIgniter->handleRequest(null, Object(Config\Cache), false)
 9 FCPATH\index.php(67): CodeIgniter\CodeIgniter->run()
10 SYSTEMPATH\Commands\Server\rewrite.php(47): require_once('FCPATH\\index.php')
CRITICAL - 2023-01-16 14:24:11 --> Undefined variable: session
in APPPATH\Controllers\Admin\Usuarios.php on line 71.
 1 APPPATH\Controllers\Admin\Usuarios.php(71): CodeIgniter\Debug\Exceptions->errorHandler(8, 'Undefined variable: session', 'APPPATH\\Controllers\\Admin\\Usuarios.php', 71, [...])
 2 SYSTEMPATH\CodeIgniter.php(925): App\Controllers\Admin\Usuarios->create()
 3 SYSTEMPATH\CodeIgniter.php(480): CodeIgniter\CodeIgniter->runController(Object(App\Controllers\Admin\Usuarios))
 4 SYSTEMPATH\CodeIgniter.php(349): CodeIgniter\CodeIgniter->handleRequest(null, Object(Config\Cache), false)
 5 FCPATH\index.php(67): CodeIgniter\CodeIgniter->run()
 6 SYSTEMPATH\Commands\Server\rewrite.php(47): require_once('FCPATH\\index.php')
CRITICAL - 2023-01-16 14:24:22 --> Undefined property: App\Controllers\Admin\Usuarios::$session
in APPPATH\Controllers\Admin\Usuarios.php on line 71.
 1 APPPATH\Controllers\Admin\Usuarios.php(71): CodeIgniter\Debug\Exceptions->errorHandler(8, 'Undefined property: App\\Controllers\\Admin\\Usuarios::$session', 'APPPATH\\Controllers\\Admin\\Usuarios.php', 71, [...])
 2 SYSTEMPATH\CodeIgniter.php(925): App\Controllers\Admin\Usuarios->create()
 3 SYSTEMPATH\CodeIgniter.php(480): CodeIgniter\CodeIgniter->runController(Object(App\Controllers\Admin\Usuarios))
 4 SYSTEMPATH\CodeIgniter.php(349): CodeIgniter\CodeIgniter->handleRequest(null, Object(Config\Cache), false)
 5 FCPATH\index.php(67): CodeIgniter\CodeIgniter->run()
 6 SYSTEMPATH\Commands\Server\rewrite.php(47): require_once('FCPATH\\index.php')
CRITICAL - 2023-01-16 14:24:38 --> Undefined variable: session
in APPPATH\Controllers\Admin\Usuarios.php on line 71.
 1 APPPATH\Controllers\Admin\Usuarios.php(71): CodeIgniter\Debug\Exceptions->errorHandler(8, 'Undefined variable: session', 'APPPATH\\Controllers\\Admin\\Usuarios.php', 71, [...])
 2 SYSTEMPATH\CodeIgniter.php(925): App\Controllers\Admin\Usuarios->create()
 3 SYSTEMPATH\CodeIgniter.php(480): CodeIgniter\CodeIgniter->runController(Object(App\Controllers\Admin\Usuarios))
 4 SYSTEMPATH\CodeIgniter.php(349): CodeIgniter\CodeIgniter->handleRequest(null, Object(Config\Cache), false)
 5 FCPATH\index.php(67): CodeIgniter\CodeIgniter->run()
 6 SYSTEMPATH\Commands\Server\rewrite.php(47): require_once('FCPATH\\index.php')
CRITICAL - 2023-01-16 14:24:54 --> 
in SYSTEMPATH\HTTP\RedirectResponse.php on line 60.
 1 SYSTEMPATH\HTTP\RedirectResponse.php(60): CodeIgniter\HTTP\Exceptions\HTTPException::forInvalidRedirectRoute('http://localhost:8080/index.php/Usuarios/cadastrar')
 2 SYSTEMPATH\Common.php(861): CodeIgniter\HTTP\RedirectResponse->route(false)
 3 APPPATH\Controllers\Admin\Usuarios.php(72): redirect('http://localhost:8080/index.php/Usuarios/cadastrar')
 4 SYSTEMPATH\CodeIgniter.php(925): App\Controllers\Admin\Usuarios->create()
 5 SYSTEMPATH\CodeIgniter.php(480): CodeIgniter\CodeIgniter->runController(Object(App\Controllers\Admin\Usuarios))
 6 SYSTEMPATH\CodeIgniter.php(349): CodeIgniter\CodeIgniter->handleRequest(null, Object(Config\Cache), false)
 7 FCPATH\index.php(67): CodeIgniter\CodeIgniter->run()
 8 SYSTEMPATH\Commands\Server\rewrite.php(47): require_once('FCPATH\\index.php')
CRITICAL - 2023-01-16 14:25:51 --> 
in SYSTEMPATH\HTTP\RedirectResponse.php on line 60.
 1 SYSTEMPATH\HTTP\RedirectResponse.php(60): CodeIgniter\HTTP\Exceptions\HTTPException::forInvalidRedirectRoute('http://localhost:8080/index.php/Usuarios/cadastrar')
 2 SYSTEMPATH\Common.php(861): CodeIgniter\HTTP\RedirectResponse->route(false)
 3 APPPATH\Controllers\Admin\Usuarios.php(72): redirect('http://localhost:8080/index.php/Usuarios/cadastrar')
 4 SYSTEMPATH\CodeIgniter.php(925): App\Controllers\Admin\Usuarios->create()
 5 SYSTEMPATH\CodeIgniter.php(480): CodeIgniter\CodeIgniter->runController(Object(App\Controllers\Admin\Usuarios))
 6 SYSTEMPATH\CodeIgniter.php(349): CodeIgniter\CodeIgniter->handleRequest(null, Object(Config\Cache), false)
 7 FCPATH\index.php(67): CodeIgniter\CodeIgniter->run()
 8 SYSTEMPATH\Commands\Server\rewrite.php(47): require_once('FCPATH\\index.php')
CRITICAL - 2023-01-16 14:26:06 --> syntax error, unexpected 'return' (T_RETURN), expecting ';'
in APPPATH\Controllers\Admin\Usuarios.php on line 72.
 1 SYSTEMPATH\Autoloader\Autoloader.php(260): CodeIgniter\Autoloader\Autoloader->includeFile('APPPATH\\Controllers\\Admin\\Usuarios.php')
 2 SYSTEMPATH\Autoloader\Autoloader.php(238): CodeIgniter\Autoloader\Autoloader->loadInNamespace('App\\Controllers\\Admin\\Usuarios')
 3 [internal function]: CodeIgniter\Autoloader\Autoloader->loadClass('App\\Controllers\\Admin\\Usuarios')
 4 [internal function]: spl_autoload_call('App\\Controllers\\Admin\\Usuarios')
 5 SYSTEMPATH\CodeIgniter.php(875): class_exists('\\App\\Controllers\\Admin\\Usuarios', true)
 6 SYSTEMPATH\CodeIgniter.php(467): CodeIgniter\CodeIgniter->startController()
 7 SYSTEMPATH\CodeIgniter.php(349): CodeIgniter\CodeIgniter->handleRequest(null, Object(Config\Cache), false)
 8 FCPATH\index.php(67): CodeIgniter\CodeIgniter->run()
 9 SYSTEMPATH\Commands\Server\rewrite.php(47): require_once('FCPATH\\index.php')
CRITICAL - 2023-01-16 14:29:40 --> Undefined variable: session
in APPPATH\Views\admin\usuarios\create.php on line 39.
 1 APPPATH\Views\admin\usuarios\create.php(39): CodeIgniter\Debug\Exceptions->errorHandler(8, 'Undefined variable: session', 'APPPATH\\Views\\admin\\usuarios\\create.php', 39, [])
 2 SYSTEMPATH\View\View.php(213): include('APPPATH\\Views\\admin\\usuarios\\create.php')
 3 SYSTEMPATH\View\View.php(216): CodeIgniter\View\View->CodeIgniter\View\{closure}()
 4 SYSTEMPATH\Common.php(1135): CodeIgniter\View\View->render('admin/usuarios/create.php', [], true)
 5 APPPATH\Controllers\Admin\Usuarios.php(81): view('admin/usuarios/create.php')
 6 SYSTEMPATH\CodeIgniter.php(925): App\Controllers\Admin\Usuarios->create()
 7 SYSTEMPATH\CodeIgniter.php(480): CodeIgniter\CodeIgniter->runController(Object(App\Controllers\Admin\Usuarios))
 8 SYSTEMPATH\CodeIgniter.php(349): CodeIgniter\CodeIgniter->handleRequest(null, Object(Config\Cache), false)
 9 FCPATH\index.php(67): CodeIgniter\CodeIgniter->run()
10 SYSTEMPATH\Commands\Server\rewrite.php(47): require_once('FCPATH\\index.php')
CRITICAL - 2023-01-16 14:29:50 --> Call to a member function getFlashdata() on null
in APPPATH\Views\admin\usuarios\create.php on line 39.
 1 SYSTEMPATH\View\View.php(213): include()
 2 SYSTEMPATH\View\View.php(216): CodeIgniter\View\View->CodeIgniter\View\{closure}()
 3 SYSTEMPATH\Common.php(1135): CodeIgniter\View\View->render('admin/usuarios/create.php', [], true)
 4 APPPATH\Controllers\Admin\Usuarios.php(81): view('admin/usuarios/create.php')
 5 SYSTEMPATH\CodeIgniter.php(925): App\Controllers\Admin\Usuarios->create()
 6 SYSTEMPATH\CodeIgniter.php(480): CodeIgniter\CodeIgniter->runController(Object(App\Controllers\Admin\Usuarios))
 7 SYSTEMPATH\CodeIgniter.php(349): CodeIgniter\CodeIgniter->handleRequest(null, Object(Config\Cache), false)
 8 FCPATH\index.php(67): CodeIgniter\CodeIgniter->run()
 9 SYSTEMPATH\Commands\Server\rewrite.php(47): require_once('FCPATH\\index.php')
CRITICAL - 2023-01-16 14:30:12 --> Call to a member function getFlashdata() on bool
in APPPATH\Views\admin\usuarios\create.php on line 40.
 1 SYSTEMPATH\View\View.php(213): include()
 2 SYSTEMPATH\View\View.php(216): CodeIgniter\View\View->CodeIgniter\View\{closure}()
 3 SYSTEMPATH\Common.php(1135): CodeIgniter\View\View->render('admin/usuarios/create.php', [], true)
 4 APPPATH\Controllers\Admin\Usuarios.php(81): view('admin/usuarios/create.php')
 5 SYSTEMPATH\CodeIgniter.php(925): App\Controllers\Admin\Usuarios->create()
 6 SYSTEMPATH\CodeIgniter.php(480): CodeIgniter\CodeIgniter->runController(Object(App\Controllers\Admin\Usuarios))
 7 SYSTEMPATH\CodeIgniter.php(349): CodeIgniter\CodeIgniter->handleRequest(null, Object(Config\Cache), false)
 8 FCPATH\index.php(67): CodeIgniter\CodeIgniter->run()
 9 SYSTEMPATH\Commands\Server\rewrite.php(47): require_once('FCPATH\\index.php')
CRITICAL - 2023-01-16 14:30:45 --> Call to a member function getFlashdata() on bool
in APPPATH\Views\admin\usuarios\create.php on line 40.
 1 SYSTEMPATH\View\View.php(213): include()
 2 SYSTEMPATH\View\View.php(216): CodeIgniter\View\View->CodeIgniter\View\{closure}()
 3 SYSTEMPATH\Common.php(1135): CodeIgniter\View\View->render('admin/usuarios/create.php', [], true)
 4 APPPATH\Controllers\Admin\Usuarios.php(81): view('admin/usuarios/create.php')
 5 SYSTEMPATH\CodeIgniter.php(925): App\Controllers\Admin\Usuarios->create()
 6 SYSTEMPATH\CodeIgniter.php(480): CodeIgniter\CodeIgniter->runController(Object(App\Controllers\Admin\Usuarios))
 7 SYSTEMPATH\CodeIgniter.php(349): CodeIgniter\CodeIgniter->handleRequest(null, Object(Config\Cache), false)
 8 FCPATH\index.php(67): CodeIgniter\CodeIgniter->run()
 9 SYSTEMPATH\Commands\Server\rewrite.php(47): require_once('FCPATH\\index.php')
CRITICAL - 2023-01-16 14:32:44 --> Undefined variable: _SESSION
in APPPATH\Views\admin\usuarios\create.php on line 40.
 1 APPPATH\Views\admin\usuarios\create.php(40): CodeIgniter\Debug\Exceptions->errorHandler(8, 'Undefined variable: _SESSION', 'APPPATH\\Views\\admin\\usuarios\\create.php', 40, [])
 2 SYSTEMPATH\View\View.php(213): include('APPPATH\\Views\\admin\\usuarios\\create.php')
 3 SYSTEMPATH\View\View.php(216): CodeIgniter\View\View->CodeIgniter\View\{closure}()
 4 SYSTEMPATH\Common.php(1135): CodeIgniter\View\View->render('admin/usuarios/create.php', [], true)
 5 APPPATH\Controllers\Admin\Usuarios.php(86): view('admin/usuarios/create.php')
 6 SYSTEMPATH\CodeIgniter.php(925): App\Controllers\Admin\Usuarios->create()
 7 SYSTEMPATH\CodeIgniter.php(480): CodeIgniter\CodeIgniter->runController(Object(App\Controllers\Admin\Usuarios))
 8 SYSTEMPATH\CodeIgniter.php(349): CodeIgniter\CodeIgniter->handleRequest(null, Object(Config\Cache), false)
 9 FCPATH\index.php(67): CodeIgniter\CodeIgniter->run()
10 SYSTEMPATH\Commands\Server\rewrite.php(47): require_once('FCPATH\\index.php')
CRITICAL - 2023-01-16 14:37:01 --> Cannot use isset() on the result of an expression (you can use "null !== expression" instead)
in APPPATH\Views\admin\usuarios\create.php on line 40.
 1 [internal function]: CodeIgniter\Debug\Exceptions->shutdownHandler()
CRITICAL - 2023-01-16 14:39:31 --> Undefined variable: session
in APPPATH\Views\admin\usuarios\create.php on line 41.
 1 APPPATH\Views\admin\usuarios\create.php(41): CodeIgniter\Debug\Exceptions->errorHandler(8, 'Undefined variable: session', 'APPPATH\\Views\\admin\\usuarios\\create.php', 41, [])
 2 SYSTEMPATH\View\View.php(213): include('APPPATH\\Views\\admin\\usuarios\\create.php')
 3 SYSTEMPATH\View\View.php(216): CodeIgniter\View\View->CodeIgniter\View\{closure}()
 4 SYSTEMPATH\Common.php(1135): CodeIgniter\View\View->render('admin/usuarios/create.php', [], true)
 5 APPPATH\Controllers\Admin\Usuarios.php(90): view('admin/usuarios/create.php')
 6 SYSTEMPATH\CodeIgniter.php(925): App\Controllers\Admin\Usuarios->create()
 7 SYSTEMPATH\CodeIgniter.php(480): CodeIgniter\CodeIgniter->runController(Object(App\Controllers\Admin\Usuarios))
 8 SYSTEMPATH\CodeIgniter.php(349): CodeIgniter\CodeIgniter->handleRequest(null, Object(Config\Cache), false)
 9 FCPATH\index.php(67): CodeIgniter\CodeIgniter->run()
10 SYSTEMPATH\Commands\Server\rewrite.php(47): require_once('FCPATH\\index.php')
CRITICAL - 2023-01-16 14:40:20 --> Call to undefined function getFlashdata()
in APPPATH\Views\admin\usuarios\create.php on line 41.
 1 SYSTEMPATH\View\View.php(213): include()
 2 SYSTEMPATH\View\View.php(216): CodeIgniter\View\View->CodeIgniter\View\{closure}()
 3 SYSTEMPATH\Common.php(1135): CodeIgniter\View\View->render('admin/usuarios/create.php', [], true)
 4 APPPATH\Controllers\Admin\Usuarios.php(90): view('admin/usuarios/create.php')
 5 SYSTEMPATH\CodeIgniter.php(925): App\Controllers\Admin\Usuarios->create()
 6 SYSTEMPATH\CodeIgniter.php(480): CodeIgniter\CodeIgniter->runController(Object(App\Controllers\Admin\Usuarios))
 7 SYSTEMPATH\CodeIgniter.php(349): CodeIgniter\CodeIgniter->handleRequest(null, Object(Config\Cache), false)
 8 FCPATH\index.php(67): CodeIgniter\CodeIgniter->run()
 9 SYSTEMPATH\Commands\Server\rewrite.php(47): require_once('FCPATH\\index.php')
CRITICAL - 2023-01-16 14:44:00 --> Undefined variable: session
in APPPATH\Views\admin\usuarios\create.php on line 40.
 1 APPPATH\Views\admin\usuarios\create.php(40): CodeIgniter\Debug\Exceptions->errorHandler(8, 'Undefined variable: session', 'APPPATH\\Views\\admin\\usuarios\\create.php', 40, [])
 2 SYSTEMPATH\View\View.php(213): include('APPPATH\\Views\\admin\\usuarios\\create.php')
 3 SYSTEMPATH\View\View.php(216): CodeIgniter\View\View->CodeIgniter\View\{closure}()
 4 SYSTEMPATH\Common.php(1135): CodeIgniter\View\View->render('admin/usuarios/create.php', [], true)
 5 APPPATH\Controllers\Admin\Usuarios.php(90): view('admin/usuarios/create.php')
 6 SYSTEMPATH\CodeIgniter.php(925): App\Controllers\Admin\Usuarios->create()
 7 SYSTEMPATH\CodeIgniter.php(480): CodeIgniter\CodeIgniter->runController(Object(App\Controllers\Admin\Usuarios))
 8 SYSTEMPATH\CodeIgniter.php(349): CodeIgniter\CodeIgniter->handleRequest(null, Object(Config\Cache), false)
 9 FCPATH\index.php(67): CodeIgniter\CodeIgniter->run()
10 SYSTEMPATH\Commands\Server\rewrite.php(47): require_once('FCPATH\\index.php')
CRITICAL - 2023-01-16 14:53:11 --> Array to string conversion
in APPPATH\Views\admin\usuarios\create.php on line 58.
 1 APPPATH\Views\admin\usuarios\create.php(58): CodeIgniter\Debug\Exceptions->errorHandler(8, 'Array to string conversion', 'APPPATH\\Views\\admin\\usuarios\\create.php', 58, [...])
 2 SYSTEMPATH\View\View.php(213): include('APPPATH\\Views\\admin\\usuarios\\create.php')
 3 SYSTEMPATH\View\View.php(216): CodeIgniter\View\View->CodeIgniter\View\{closure}()
 4 SYSTEMPATH\Common.php(1135): CodeIgniter\View\View->render('admin/usuarios/create.php', [], true)
 5 APPPATH\Controllers\Admin\Usuarios.php(90): view('admin/usuarios/create.php')
 6 SYSTEMPATH\CodeIgniter.php(925): App\Controllers\Admin\Usuarios->create()
 7 SYSTEMPATH\CodeIgniter.php(480): CodeIgniter\CodeIgniter->runController(Object(App\Controllers\Admin\Usuarios))
 8 SYSTEMPATH\CodeIgniter.php(349): CodeIgniter\CodeIgniter->handleRequest(null, Object(Config\Cache), false)
 9 FCPATH\index.php(67): CodeIgniter\CodeIgniter->run()
10 SYSTEMPATH\Commands\Server\rewrite.php(47): require_once('FCPATH\\index.php')
CRITICAL - 2023-01-16 14:53:58 --> Array to string conversion
in APPPATH\Views\admin\usuarios\create.php on line 58.
 1 APPPATH\Views\admin\usuarios\create.php(58): CodeIgniter\Debug\Exceptions->errorHandler(8, 'Array to string conversion', 'APPPATH\\Views\\admin\\usuarios\\create.php', 58, [...])
 2 SYSTEMPATH\View\View.php(213): include('APPPATH\\Views\\admin\\usuarios\\create.php')
 3 SYSTEMPATH\View\View.php(216): CodeIgniter\View\View->CodeIgniter\View\{closure}()
 4 SYSTEMPATH\Common.php(1135): CodeIgniter\View\View->render('admin/usuarios/create.php', [], true)
 5 APPPATH\Controllers\Admin\Usuarios.php(90): view('admin/usuarios/create.php')
 6 SYSTEMPATH\CodeIgniter.php(925): App\Controllers\Admin\Usuarios->create()
 7 SYSTEMPATH\CodeIgniter.php(480): CodeIgniter\CodeIgniter->runController(Object(App\Controllers\Admin\Usuarios))
 8 SYSTEMPATH\CodeIgniter.php(349): CodeIgniter\CodeIgniter->handleRequest(null, Object(Config\Cache), false)
 9 FCPATH\index.php(67): CodeIgniter\CodeIgniter->run()
10 SYSTEMPATH\Commands\Server\rewrite.php(47): require_once('FCPATH\\index.php')
CRITICAL - 2023-01-16 15:02:51 --> Call to undefined function keys()
in APPPATH\Views\admin\usuarios\create.php on line 47.
 1 SYSTEMPATH\View\View.php(213): include()
 2 SYSTEMPATH\View\View.php(216): CodeIgniter\View\View->CodeIgniter\View\{closure}()
 3 SYSTEMPATH\Common.php(1135): CodeIgniter\View\View->render('admin/usuarios/create.php', [], true)
 4 APPPATH\Controllers\Admin\Usuarios.php(90): view('admin/usuarios/create.php')
 5 SYSTEMPATH\CodeIgniter.php(925): App\Controllers\Admin\Usuarios->create()
 6 SYSTEMPATH\CodeIgniter.php(480): CodeIgniter\CodeIgniter->runController(Object(App\Controllers\Admin\Usuarios))
 7 SYSTEMPATH\CodeIgniter.php(349): CodeIgniter\CodeIgniter->handleRequest(null, Object(Config\Cache), false)
 8 FCPATH\index.php(67): CodeIgniter\CodeIgniter->run()
 9 SYSTEMPATH\Commands\Server\rewrite.php(47): require_once('FCPATH\\index.php')
CRITICAL - 2023-01-16 15:11:30 --> Object of class CodeIgniter\Session\Session could not be converted to string
in APPPATH\Views\admin\usuarios\create.php on line 39.
 1 SYSTEMPATH\View\View.php(213): include()
 2 SYSTEMPATH\View\View.php(216): CodeIgniter\View\View->CodeIgniter\View\{closure}()
 3 SYSTEMPATH\Common.php(1135): CodeIgniter\View\View->render('admin/usuarios/create.php', [], true)
 4 APPPATH\Controllers\Admin\Usuarios.php(86): view('admin/usuarios/create.php')
 5 SYSTEMPATH\CodeIgniter.php(925): App\Controllers\Admin\Usuarios->create()
 6 SYSTEMPATH\CodeIgniter.php(480): CodeIgniter\CodeIgniter->runController(Object(App\Controllers\Admin\Usuarios))
 7 SYSTEMPATH\CodeIgniter.php(349): CodeIgniter\CodeIgniter->handleRequest(null, Object(Config\Cache), false)
 8 FCPATH\index.php(67): CodeIgniter\CodeIgniter->run()
 9 SYSTEMPATH\Commands\Server\rewrite.php(47): require_once('FCPATH\\index.php')
CRITICAL - 2023-01-16 15:11:51 --> Undefined variable: lucas
in APPPATH\Views\admin\usuarios\create.php on line 39.
 1 APPPATH\Views\admin\usuarios\create.php(39): CodeIgniter\Debug\Exceptions->errorHandler(8, 'Undefined variable: lucas', 'APPPATH\\Views\\admin\\usuarios\\create.php', 39, [...])
 2 SYSTEMPATH\View\View.php(213): include('APPPATH\\Views\\admin\\usuarios\\create.php')
 3 SYSTEMPATH\View\View.php(216): CodeIgniter\View\View->CodeIgniter\View\{closure}()
 4 SYSTEMPATH\Common.php(1135): CodeIgniter\View\View->render('admin/usuarios/create.php', [], true)
 5 APPPATH\Controllers\Admin\Usuarios.php(86): view('admin/usuarios/create.php')
 6 SYSTEMPATH\CodeIgniter.php(925): App\Controllers\Admin\Usuarios->create()
 7 SYSTEMPATH\CodeIgniter.php(480): CodeIgniter\CodeIgniter->runController(Object(App\Controllers\Admin\Usuarios))
 8 SYSTEMPATH\CodeIgniter.php(349): CodeIgniter\CodeIgniter->handleRequest(null, Object(Config\Cache), false)
 9 FCPATH\index.php(67): CodeIgniter\CodeIgniter->run()
10 SYSTEMPATH\Commands\Server\rewrite.php(47): require_once('FCPATH\\index.php')
CRITICAL - 2023-01-16 15:12:21 --> Undefined property: CodeIgniter\View\View::$lucas
in APPPATH\Views\admin\usuarios\create.php on line 39.
 1 APPPATH\Views\admin\usuarios\create.php(39): CodeIgniter\Debug\Exceptions->errorHandler(8, 'Undefined property: CodeIgniter\\View\\View::$lucas', 'APPPATH\\Views\\admin\\usuarios\\create.php', 39, [...])
 2 SYSTEMPATH\View\View.php(213): include('APPPATH\\Views\\admin\\usuarios\\create.php')
 3 SYSTEMPATH\View\View.php(216): CodeIgniter\View\View->CodeIgniter\View\{closure}()
 4 SYSTEMPATH\Common.php(1135): CodeIgniter\View\View->render('admin/usuarios/create.php', [], true)
 5 APPPATH\Controllers\Admin\Usuarios.php(86): view('admin/usuarios/create.php')
 6 SYSTEMPATH\CodeIgniter.php(925): App\Controllers\Admin\Usuarios->create()
 7 SYSTEMPATH\CodeIgniter.php(480): CodeIgniter\CodeIgniter->runController(Object(App\Controllers\Admin\Usuarios))
 8 SYSTEMPATH\CodeIgniter.php(349): CodeIgniter\CodeIgniter->handleRequest(null, Object(Config\Cache), false)
 9 FCPATH\index.php(67): CodeIgniter\CodeIgniter->run()
10 SYSTEMPATH\Commands\Server\rewrite.php(47): require_once('FCPATH\\index.php')
CRITICAL - 2023-01-16 15:24:07 --> Undefined variable: session
in APPPATH\Controllers\Admin\Usuarios.php on line 141.
 1 APPPATH\Controllers\Admin\Usuarios.php(141): CodeIgniter\Debug\Exceptions->errorHandler(8, 'Undefined variable: session', 'APPPATH\\Controllers\\Admin\\Usuarios.php', 141, [...])
 2 SYSTEMPATH\CodeIgniter.php(925): App\Controllers\Admin\Usuarios->edit('25')
 3 SYSTEMPATH\CodeIgniter.php(480): CodeIgniter\CodeIgniter->runController(Object(App\Controllers\Admin\Usuarios))
 4 SYSTEMPATH\CodeIgniter.php(349): CodeIgniter\CodeIgniter->handleRequest(null, Object(Config\Cache), false)
 5 FCPATH\index.php(67): CodeIgniter\CodeIgniter->run()
 6 SYSTEMPATH\Commands\Server\rewrite.php(47): require_once('FCPATH\\index.php')
CRITICAL - 2023-01-16 15:25:09 --> Undefined property: App\Controllers\Admin\Usuarios::$session
in APPPATH\Controllers\Admin\Usuarios.php on line 141.
 1 APPPATH\Controllers\Admin\Usuarios.php(141): CodeIgniter\Debug\Exceptions->errorHandler(8, 'Undefined property: App\\Controllers\\Admin\\Usuarios::$session', 'APPPATH\\Controllers\\Admin\\Usuarios.php', 141, [...])
 2 SYSTEMPATH\CodeIgniter.php(925): App\Controllers\Admin\Usuarios->edit('25')
 3 SYSTEMPATH\CodeIgniter.php(480): CodeIgniter\CodeIgniter->runController(Object(App\Controllers\Admin\Usuarios))
 4 SYSTEMPATH\CodeIgniter.php(349): CodeIgniter\CodeIgniter->handleRequest(null, Object(Config\Cache), false)
 5 FCPATH\index.php(67): CodeIgniter\CodeIgniter->run()
 6 SYSTEMPATH\Commands\Server\rewrite.php(47): require_once('FCPATH\\index.php')
CRITICAL - 2023-01-16 15:27:09 --> Undefined variable: validation
in APPPATH\Controllers\Admin\Usuarios.php on line 57.
 1 APPPATH\Controllers\Admin\Usuarios.php(57): CodeIgniter\Debug\Exceptions->errorHandler(8, 'Undefined variable: validation', 'APPPATH\\Controllers\\Admin\\Usuarios.php', 57, [...])
 2 SYSTEMPATH\CodeIgniter.php(925): App\Controllers\Admin\Usuarios->create()
 3 SYSTEMPATH\CodeIgniter.php(480): CodeIgniter\CodeIgniter->runController(Object(App\Controllers\Admin\Usuarios))
 4 SYSTEMPATH\CodeIgniter.php(349): CodeIgniter\CodeIgniter->handleRequest(null, Object(Config\Cache), false)
 5 FCPATH\index.php(67): CodeIgniter\CodeIgniter->run()
 6 SYSTEMPATH\Commands\Server\rewrite.php(47): require_once('FCPATH\\index.php')
CRITICAL - 2023-01-16 15:38:08 --> Undefined variable: session
in APPPATH\Views\admin\usuarios\index.php on line 57.
 1 APPPATH\Views\admin\usuarios\index.php(57): CodeIgniter\Debug\Exceptions->errorHandler(8, 'Undefined variable: session', 'APPPATH\\Views\\admin\\usuarios\\index.php', 57, [...])
 2 SYSTEMPATH\View\View.php(213): include('APPPATH\\Views\\admin\\usuarios\\index.php')
 3 SYSTEMPATH\View\View.php(216): CodeIgniter\View\View->CodeIgniter\View\{closure}()
 4 SYSTEMPATH\Common.php(1135): CodeIgniter\View\View->render('admin/usuarios/index.php', [], true)
 5 APPPATH\Controllers\Admin\Usuarios.php(39): view('admin/usuarios/index.php', [...])
 6 SYSTEMPATH\CodeIgniter.php(925): App\Controllers\Admin\Usuarios->index()
 7 SYSTEMPATH\CodeIgniter.php(480): CodeIgniter\CodeIgniter->runController(Object(App\Controllers\Admin\Usuarios))
 8 SYSTEMPATH\CodeIgniter.php(349): CodeIgniter\CodeIgniter->handleRequest(null, Object(Config\Cache), false)
 9 FCPATH\index.php(67): CodeIgniter\CodeIgniter->run()
10 SYSTEMPATH\Commands\Server\rewrite.php(47): require_once('FCPATH\\index.php')
CRITICAL - 2023-01-16 16:32:46 --> Call to a member function permission() on null
in APPPATH\Controllers\Admin\Usuarios.php on line 13.
 1 SYSTEMPATH\CodeIgniter.php(887): App\Controllers\Admin\Usuarios->__construct()
 2 SYSTEMPATH\CodeIgniter.php(471): CodeIgniter\CodeIgniter->createController()
 3 SYSTEMPATH\CodeIgniter.php(349): CodeIgniter\CodeIgniter->handleRequest(null, Object(Config\Cache), false)
 4 FCPATH\index.php(67): CodeIgniter\CodeIgniter->run()
 5 SYSTEMPATH\Commands\Server\rewrite.php(47): require_once('FCPATH\\index.php')
CRITICAL - 2023-01-16 16:42:51 --> Undefined variable: pager
in APPPATH\Views\admin\usuarios\index.php on line 120.
 1 APPPATH\Views\admin\usuarios\index.php(120): CodeIgniter\Debug\Exceptions->errorHandler(8, 'Undefined variable: pager', 'APPPATH\\Views\\admin\\usuarios\\index.php', 120, [...])
 2 SYSTEMPATH\View\View.php(213): include('APPPATH\\Views\\admin\\usuarios\\index.php')
 3 SYSTEMPATH\View\View.php(216): CodeIgniter\View\View->CodeIgniter\View\{closure}()
 4 SYSTEMPATH\Common.php(1135): CodeIgniter\View\View->render('admin/usuarios/index.php', [], true)
 5 APPPATH\Controllers\Admin\Usuarios.php(44): view('admin/usuarios/index.php', [...])
 6 SYSTEMPATH\CodeIgniter.php(925): App\Controllers\Admin\Usuarios->index()
 7 SYSTEMPATH\CodeIgniter.php(480): CodeIgniter\CodeIgniter->runController(Object(App\Controllers\Admin\Usuarios))
 8 SYSTEMPATH\CodeIgniter.php(349): CodeIgniter\CodeIgniter->handleRequest(null, Object(Config\Cache), false)
 9 FCPATH\index.php(67): CodeIgniter\CodeIgniter->run()
10 SYSTEMPATH\Commands\Server\rewrite.php(47): require_once('FCPATH\\index.php')
CRITICAL - 2023-01-16 16:44:25 --> Call to a member function paginate() on array
in APPPATH\Controllers\Admin\Usuarios.php on line 41.
 1 SYSTEMPATH\CodeIgniter.php(925): App\Controllers\Admin\Usuarios->index()
 2 SYSTEMPATH\CodeIgniter.php(480): CodeIgniter\CodeIgniter->runController(Object(App\Controllers\Admin\Usuarios))
 3 SYSTEMPATH\CodeIgniter.php(349): CodeIgniter\CodeIgniter->handleRequest(null, Object(Config\Cache), false)
 4 FCPATH\index.php(67): CodeIgniter\CodeIgniter->run()
 5 SYSTEMPATH\Commands\Server\rewrite.php(47): require_once('FCPATH\\index.php')
CRITICAL - 2023-01-16 16:45:10 --> default_page no  um Pager template vlido.
in SYSTEMPATH\Pager\Pager.php on line 120.
 1 SYSTEMPATH\Pager\Pager.php(120): CodeIgniter\Pager\Exceptions\PagerException::forInvalidTemplate('default_page')
 2 SYSTEMPATH\Pager\Pager.php(83): CodeIgniter\Pager\Pager->displayLinks('default', 'default_page')
 3 APPPATH\Views\admin\usuarios\index.php(120): CodeIgniter\Pager\Pager->links('default', 'default_page')
 4 SYSTEMPATH\View\View.php(213): include('APPPATH\\Views\\admin\\usuarios\\index.php')
 5 SYSTEMPATH\View\View.php(216): CodeIgniter\View\View->CodeIgniter\View\{closure}()
 6 SYSTEMPATH\Common.php(1135): CodeIgniter\View\View->render('admin/usuarios/index.php', [], true)
 7 APPPATH\Controllers\Admin\Usuarios.php(47): view('admin/usuarios/index.php', [...])
 8 SYSTEMPATH\CodeIgniter.php(925): App\Controllers\Admin\Usuarios->index()
 9 SYSTEMPATH\CodeIgniter.php(480): CodeIgniter\CodeIgniter->runController(Object(App\Controllers\Admin\Usuarios))
10 SYSTEMPATH\CodeIgniter.php(349): CodeIgniter\CodeIgniter->handleRequest(null, Object(Config\Cache), false)
11 FCPATH\index.php(67): CodeIgniter\CodeIgniter->run()
12 SYSTEMPATH\Commands\Server\rewrite.php(47): require_once('FCPATH\\index.php')
CRITICAL - 2023-01-16 16:45:49 --> default_page no  um Pager template vlido.
in SYSTEMPATH\Pager\Pager.php on line 120.
 1 SYSTEMPATH\Pager\Pager.php(120): CodeIgniter\Pager\Exceptions\PagerException::forInvalidTemplate('default_page')
 2 SYSTEMPATH\Pager\Pager.php(83): CodeIgniter\Pager\Pager->displayLinks('default', 'default_page')
 3 APPPATH\Views\admin\usuarios\index.php(120): CodeIgniter\Pager\Pager->links('default', 'default_page')
 4 SYSTEMPATH\View\View.php(213): include('APPPATH\\Views\\admin\\usuarios\\index.php')
 5 SYSTEMPATH\View\View.php(216): CodeIgniter\View\View->CodeIgniter\View\{closure}()
 6 SYSTEMPATH\Common.php(1135): CodeIgniter\View\View->render('admin/usuarios/index.php', [], true)
 7 APPPATH\Controllers\Admin\Usuarios.php(47): view('admin/usuarios/index.php', [...])
 8 SYSTEMPATH\CodeIgniter.php(925): App\Controllers\Admin\Usuarios->index()
 9 SYSTEMPATH\CodeIgniter.php(480): CodeIgniter\CodeIgniter->runController(Object(App\Controllers\Admin\Usuarios))
10 SYSTEMPATH\CodeIgniter.php(349): CodeIgniter\CodeIgniter->handleRequest(null, Object(Config\Cache), false)
11 FCPATH\index.php(67): CodeIgniter\CodeIgniter->run()
12 SYSTEMPATH\Commands\Server\rewrite.php(47): require_once('FCPATH\\index.php')
CRITICAL - 2023-01-16 16:47:49 --> Arquivo invlido: template/paginate.php
in SYSTEMPATH\Exceptions\FrameworkException.php on line 33.
 1 SYSTEMPATH\View\View.php(201): CodeIgniter\Exceptions\FrameworkException::forInvalidFile('template/paginate.php')
 2 SYSTEMPATH\Pager\Pager.php(126): CodeIgniter\View\View->render('template/paginate', null, false)
 3 SYSTEMPATH\Pager\Pager.php(83): CodeIgniter\Pager\Pager->displayLinks('default', 'default_page')
 4 APPPATH\Views\admin\usuarios\index.php(120): CodeIgniter\Pager\Pager->links('default', 'default_page')
 5 SYSTEMPATH\View\View.php(213): include('APPPATH\\Views\\admin\\usuarios\\index.php')
 6 SYSTEMPATH\View\View.php(216): CodeIgniter\View\View->CodeIgniter\View\{closure}()
 7 SYSTEMPATH\Common.php(1135): CodeIgniter\View\View->render('admin/usuarios/index.php', [], true)
 8 APPPATH\Controllers\Admin\Usuarios.php(47): view('admin/usuarios/index.php', [...])
 9 SYSTEMPATH\CodeIgniter.php(925): App\Controllers\Admin\Usuarios->index()
10 SYSTEMPATH\CodeIgniter.php(480): CodeIgniter\CodeIgniter->runController(Object(App\Controllers\Admin\Usuarios))
11 SYSTEMPATH\CodeIgniter.php(349): CodeIgniter\CodeIgniter->handleRequest(null, Object(Config\Cache), false)
12 FCPATH\index.php(67): CodeIgniter\CodeIgniter->run()
13 SYSTEMPATH\Commands\Server\rewrite.php(47): require_once('FCPATH\\index.php')
CRITICAL - 2023-01-16 16:55:15 --> default_default no  um Pager template vlido.
in SYSTEMPATH\Pager\Pager.php on line 120.
 1 SYSTEMPATH\Pager\Pager.php(120): CodeIgniter\Pager\Exceptions\PagerException::forInvalidTemplate('default_default')
 2 SYSTEMPATH\Pager\Pager.php(83): CodeIgniter\Pager\Pager->displayLinks('default', 'default_default')
 3 APPPATH\Views\admin\usuarios\index.php(120): CodeIgniter\Pager\Pager->links('default', 'default_default')
 4 SYSTEMPATH\View\View.php(213): include('APPPATH\\Views\\admin\\usuarios\\index.php')
 5 SYSTEMPATH\View\View.php(216): CodeIgniter\View\View->CodeIgniter\View\{closure}()
 6 SYSTEMPATH\Common.php(1135): CodeIgniter\View\View->render('admin/usuarios/index.php', [], true)
 7 APPPATH\Controllers\Admin\Usuarios.php(47): view('admin/usuarios/index.php', [...])
 8 SYSTEMPATH\CodeIgniter.php(925): App\Controllers\Admin\Usuarios->index()
 9 SYSTEMPATH\CodeIgniter.php(480): CodeIgniter\CodeIgniter->runController(Object(App\Controllers\Admin\Usuarios))
10 SYSTEMPATH\CodeIgniter.php(349): CodeIgniter\CodeIgniter->handleRequest(null, Object(Config\Cache), false)
11 FCPATH\index.php(67): CodeIgniter\CodeIgniter->run()
12 SYSTEMPATH\Commands\Server\rewrite.php(47): require_once('FCPATH\\index.php')
CRITICAL - 2023-01-16 17:18:45 --> Call to a member function paginate() on array
in APPPATH\Controllers\Admin\Usuarios.php on line 33.
 1 SYSTEMPATH\CodeIgniter.php(925): App\Controllers\Admin\Usuarios->index()
 2 SYSTEMPATH\CodeIgniter.php(480): CodeIgniter\CodeIgniter->runController(Object(App\Controllers\Admin\Usuarios))
 3 SYSTEMPATH\CodeIgniter.php(349): CodeIgniter\CodeIgniter->handleRequest(null, Object(Config\Cache), false)
 4 FCPATH\index.php(67): CodeIgniter\CodeIgniter->run()
 5 SYSTEMPATH\Commands\Server\rewrite.php(47): require_once('FCPATH\\index.php')
