CRITICAL - 2023-01-10 12:33:36 --> Undefined variable: site
in APPPATH\Views\admin\sobre.php on line 26.
 1 APPPATH\Views\admin\sobre.php(26): CodeIgniter\Debug\Exceptions->errorHandler(8, 'Undefined variable: site', 'APPPATH\\Views\\admin\\sobre.php', 26, [])
 2 SYSTEMPATH\View\View.php(213): include('APPPATH\\Views\\admin\\sobre.php')
 3 SYSTEMPATH\View\View.php(216): CodeIgniter\View\View->CodeIgniter\View\{closure}()
 4 SYSTEMPATH\Common.php(1135): CodeIgniter\View\View->render('admin/sobre.php', [], true)
 5 APPPATH\Controllers\Admin\Home.php(51): view('admin/sobre.php')
 6 SYSTEMPATH\CodeIgniter.php(925): App\Controllers\Admin\Home->sobre()
 7 SYSTEMPATH\CodeIgniter.php(480): CodeIgniter\CodeIgniter->runController(Object(App\Controllers\Admin\Home))
 8 SYSTEMPATH\CodeIgniter.php(349): CodeIgniter\CodeIgniter->handleRequest(null, Object(Config\Cache), false)
 9 FCPATH\index.php(67): CodeIgniter\CodeIgniter->run()
10 SYSTEMPATH\Commands\Server\rewrite.php(47): require_once('FCPATH\\index.php')
CRITICAL - 2023-01-10 12:33:41 --> Undefined variable: site
in APPPATH\Views\admin\sobre.php on line 26.
 1 APPPATH\Views\admin\sobre.php(26): CodeIgniter\Debug\Exceptions->errorHandler(8, 'Undefined variable: site', 'APPPATH\\Views\\admin\\sobre.php', 26, [])
 2 SYSTEMPATH\View\View.php(213): include('APPPATH\\Views\\admin\\sobre.php')
 3 SYSTEMPATH\View\View.php(216): CodeIgniter\View\View->CodeIgniter\View\{closure}()
 4 SYSTEMPATH\Common.php(1135): CodeIgniter\View\View->render('admin/sobre.php', [], true)
 5 APPPATH\Controllers\Admin\Home.php(51): view('admin/sobre.php')
 6 SYSTEMPATH\CodeIgniter.php(925): App\Controllers\Admin\Home->sobre()
 7 SYSTEMPATH\CodeIgniter.php(480): CodeIgniter\CodeIgniter->runController(Object(App\Controllers\Admin\Home))
 8 SYSTEMPATH\CodeIgniter.php(349): CodeIgniter\CodeIgniter->handleRequest(null, Object(Config\Cache), false)
 9 FCPATH\index.php(67): CodeIgniter\CodeIgniter->run()
10 SYSTEMPATH\Commands\Server\rewrite.php(47): require_once('FCPATH\\index.php')
CRITICAL - 2023-01-10 12:34:08 --> Undefined variable: site
in APPPATH\Views\admin\sobre.php on line 26.
 1 APPPATH\Views\admin\sobre.php(26): CodeIgniter\Debug\Exceptions->errorHandler(8, 'Undefined variable: site', 'APPPATH\\Views\\admin\\sobre.php', 26, [])
 2 SYSTEMPATH\View\View.php(213): include('APPPATH\\Views\\admin\\sobre.php')
 3 SYSTEMPATH\View\View.php(216): CodeIgniter\View\View->CodeIgniter\View\{closure}()
 4 SYSTEMPATH\Common.php(1135): CodeIgniter\View\View->render('admin/sobre.php', [], true)
 5 APPPATH\Controllers\Admin\Home.php(51): view('admin/sobre.php')
 6 SYSTEMPATH\CodeIgniter.php(925): App\Controllers\Admin\Home->sobre()
 7 SYSTEMPATH\CodeIgniter.php(480): CodeIgniter\CodeIgniter->runController(Object(App\Controllers\Admin\Home))
 8 SYSTEMPATH\CodeIgniter.php(349): CodeIgniter\CodeIgniter->handleRequest(null, Object(Config\Cache), false)
 9 FCPATH\index.php(67): CodeIgniter\CodeIgniter->run()
10 SYSTEMPATH\Commands\Server\rewrite.php(47): require_once('FCPATH\\index.php')
CRITICAL - 2023-01-10 12:34:12 --> Undefined variable: site
in APPPATH\Views\admin\sobre.php on line 26.
 1 APPPATH\Views\admin\sobre.php(26): CodeIgniter\Debug\Exceptions->errorHandler(8, 'Undefined variable: site', 'APPPATH\\Views\\admin\\sobre.php', 26, [])
 2 SYSTEMPATH\View\View.php(213): include('APPPATH\\Views\\admin\\sobre.php')
 3 SYSTEMPATH\View\View.php(216): CodeIgniter\View\View->CodeIgniter\View\{closure}()
 4 SYSTEMPATH\Common.php(1135): CodeIgniter\View\View->render('admin/sobre.php', [], true)
 5 APPPATH\Controllers\Admin\Home.php(51): view('admin/sobre.php')
 6 SYSTEMPATH\CodeIgniter.php(925): App\Controllers\Admin\Home->sobre()
 7 SYSTEMPATH\CodeIgniter.php(480): CodeIgniter\CodeIgniter->runController(Object(App\Controllers\Admin\Home))
 8 SYSTEMPATH\CodeIgniter.php(349): CodeIgniter\CodeIgniter->handleRequest(null, Object(Config\Cache), false)
 9 FCPATH\index.php(67): CodeIgniter\CodeIgniter->run()
10 SYSTEMPATH\Commands\Server\rewrite.php(47): require_once('FCPATH\\index.php')
CRITICAL - 2023-01-10 12:34:52 --> Undefined variable: site
in APPPATH\Views\admin\sobre.php on line 26.
 1 APPPATH\Views\admin\sobre.php(26): CodeIgniter\Debug\Exceptions->errorHandler(8, 'Undefined variable: site', 'APPPATH\\Views\\admin\\sobre.php', 26, [])
 2 SYSTEMPATH\View\View.php(213): include('APPPATH\\Views\\admin\\sobre.php')
 3 SYSTEMPATH\View\View.php(216): CodeIgniter\View\View->CodeIgniter\View\{closure}()
 4 SYSTEMPATH\Common.php(1135): CodeIgniter\View\View->render('admin/sobre.php', [], true)
 5 APPPATH\Controllers\Admin\Home.php(51): view('admin/sobre.php')
 6 SYSTEMPATH\CodeIgniter.php(925): App\Controllers\Admin\Home->sobre()
 7 SYSTEMPATH\CodeIgniter.php(480): CodeIgniter\CodeIgniter->runController(Object(App\Controllers\Admin\Home))
 8 SYSTEMPATH\CodeIgniter.php(349): CodeIgniter\CodeIgniter->handleRequest(null, Object(Config\Cache), false)
 9 FCPATH\index.php(67): CodeIgniter\CodeIgniter->run()
10 SYSTEMPATH\Commands\Server\rewrite.php(47): require_once('FCPATH\\index.php')
CRITICAL - 2023-01-10 13:14:38 --> constant(): Couldn't find constant NOME
in APPPATH\Views\admin\sobre.php on line 35.
 1 [internal function]: CodeIgniter\Debug\Exceptions->errorHandler(2, 'constant(): Couldn\'t find constant NOME', 'APPPATH\\Views\\admin\\sobre.php', 35, [])
 2 APPPATH\Views\admin\sobre.php(35): constant('NOME')
 3 SYSTEMPATH\View\View.php(213): include('APPPATH\\Views\\admin\\sobre.php')
 4 SYSTEMPATH\View\View.php(216): CodeIgniter\View\View->CodeIgniter\View\{closure}()
 5 SYSTEMPATH\Common.php(1135): CodeIgniter\View\View->render('admin/sobre.php', [], true)
 6 APPPATH\Controllers\Admin\Home.php(52): view('admin/sobre.php')
 7 SYSTEMPATH\CodeIgniter.php(925): App\Controllers\Admin\Home->sobre()
 8 SYSTEMPATH\CodeIgniter.php(480): CodeIgniter\CodeIgniter->runController(Object(App\Controllers\Admin\Home))
 9 SYSTEMPATH\CodeIgniter.php(349): CodeIgniter\CodeIgniter->handleRequest(null, Object(Config\Cache), false)
10 FCPATH\index.php(67): CodeIgniter\CodeIgniter->run()
11 SYSTEMPATH\Commands\Server\rewrite.php(47): require_once('FCPATH\\index.php')
CRITICAL - 2023-01-10 13:17:04 --> constant(): Couldn't find constant NOME
in APPPATH\Views\admin\index.php on line 36.
 1 [internal function]: CodeIgniter\Debug\Exceptions->errorHandler(2, 'constant(): Couldn\'t find constant NOME', 'APPPATH\\Views\\admin\\index.php', 36, [...])
 2 APPPATH\Views\admin\index.php(36): constant('NOME')
 3 SYSTEMPATH\View\View.php(213): include('APPPATH\\Views\\admin\\index.php')
 4 SYSTEMPATH\View\View.php(216): CodeIgniter\View\View->CodeIgniter\View\{closure}()
 5 SYSTEMPATH\Common.php(1135): CodeIgniter\View\View->render('admin/index.php', [], true)
 6 APPPATH\Controllers\Admin\Home.php(31): view('admin/index.php', [...])
 7 SYSTEMPATH\CodeIgniter.php(925): App\Controllers\Admin\Home->index()
 8 SYSTEMPATH\CodeIgniter.php(480): CodeIgniter\CodeIgniter->runController(Object(App\Controllers\Admin\Home))
 9 SYSTEMPATH\CodeIgniter.php(349): CodeIgniter\CodeIgniter->handleRequest(null, Object(Config\Cache), false)
10 FCPATH\index.php(67): CodeIgniter\CodeIgniter->run()
11 SYSTEMPATH\Commands\Server\rewrite.php(47): require_once('FCPATH\\index.php')
CRITICAL - 2023-01-10 13:17:05 --> constant(): Couldn't find constant NOME
in APPPATH\Views\admin\index.php on line 36.
 1 [internal function]: CodeIgniter\Debug\Exceptions->errorHandler(2, 'constant(): Couldn\'t find constant NOME', 'APPPATH\\Views\\admin\\index.php', 36, [...])
 2 APPPATH\Views\admin\index.php(36): constant('NOME')
 3 SYSTEMPATH\View\View.php(213): include('APPPATH\\Views\\admin\\index.php')
 4 SYSTEMPATH\View\View.php(216): CodeIgniter\View\View->CodeIgniter\View\{closure}()
 5 SYSTEMPATH\Common.php(1135): CodeIgniter\View\View->render('admin/index.php', [], true)
 6 APPPATH\Controllers\Admin\Home.php(31): view('admin/index.php', [...])
 7 SYSTEMPATH\CodeIgniter.php(925): App\Controllers\Admin\Home->index()
 8 SYSTEMPATH\CodeIgniter.php(480): CodeIgniter\CodeIgniter->runController(Object(App\Controllers\Admin\Home))
 9 SYSTEMPATH\CodeIgniter.php(349): CodeIgniter\CodeIgniter->handleRequest(null, Object(Config\Cache), false)
10 FCPATH\index.php(67): CodeIgniter\CodeIgniter->run()
11 SYSTEMPATH\Commands\Server\rewrite.php(47): require_once('FCPATH\\index.php')
CRITICAL - 2023-01-10 13:17:26 --> constant(): Couldn't find constant NOME
in APPPATH\Views\admin\index.php on line 36.
 1 [internal function]: CodeIgniter\Debug\Exceptions->errorHandler(2, 'constant(): Couldn\'t find constant NOME', 'APPPATH\\Views\\admin\\index.php', 36, [...])
 2 APPPATH\Views\admin\index.php(36): constant('NOME')
 3 SYSTEMPATH\View\View.php(213): include('APPPATH\\Views\\admin\\index.php')
 4 SYSTEMPATH\View\View.php(216): CodeIgniter\View\View->CodeIgniter\View\{closure}()
 5 SYSTEMPATH\Common.php(1135): CodeIgniter\View\View->render('admin/index.php', [], true)
 6 APPPATH\Controllers\Admin\Home.php(31): view('admin/index.php', [...])
 7 SYSTEMPATH\CodeIgniter.php(925): App\Controllers\Admin\Home->index()
 8 SYSTEMPATH\CodeIgniter.php(480): CodeIgniter\CodeIgniter->runController(Object(App\Controllers\Admin\Home))
 9 SYSTEMPATH\CodeIgniter.php(349): CodeIgniter\CodeIgniter->handleRequest(null, Object(Config\Cache), false)
10 FCPATH\index.php(67): CodeIgniter\CodeIgniter->run()
11 SYSTEMPATH\Commands\Server\rewrite.php(47): require_once('FCPATH\\index.php')
CRITICAL - 2023-01-10 13:17:50 --> constant(): Couldn't find constant NOME
in APPPATH\Views\admin\index.php on line 36.
 1 [internal function]: CodeIgniter\Debug\Exceptions->errorHandler(2, 'constant(): Couldn\'t find constant NOME', 'APPPATH\\Views\\admin\\index.php', 36, [...])
 2 APPPATH\Views\admin\index.php(36): constant('NOME')
 3 SYSTEMPATH\View\View.php(213): include('APPPATH\\Views\\admin\\index.php')
 4 SYSTEMPATH\View\View.php(216): CodeIgniter\View\View->CodeIgniter\View\{closure}()
 5 SYSTEMPATH\Common.php(1135): CodeIgniter\View\View->render('admin/index.php', [], true)
 6 APPPATH\Controllers\Admin\Home.php(31): view('admin/index.php', [...])
 7 SYSTEMPATH\CodeIgniter.php(925): App\Controllers\Admin\Home->index()
 8 SYSTEMPATH\CodeIgniter.php(480): CodeIgniter\CodeIgniter->runController(Object(App\Controllers\Admin\Home))
 9 SYSTEMPATH\CodeIgniter.php(349): CodeIgniter\CodeIgniter->handleRequest(null, Object(Config\Cache), false)
10 FCPATH\index.php(67): CodeIgniter\CodeIgniter->run()
11 SYSTEMPATH\Commands\Server\rewrite.php(47): require_once('FCPATH\\index.php')
CRITICAL - 2023-01-10 13:17:51 --> constant(): Couldn't find constant NOME
in APPPATH\Views\admin\index.php on line 36.
 1 [internal function]: CodeIgniter\Debug\Exceptions->errorHandler(2, 'constant(): Couldn\'t find constant NOME', 'APPPATH\\Views\\admin\\index.php', 36, [...])
 2 APPPATH\Views\admin\index.php(36): constant('NOME')
 3 SYSTEMPATH\View\View.php(213): include('APPPATH\\Views\\admin\\index.php')
 4 SYSTEMPATH\View\View.php(216): CodeIgniter\View\View->CodeIgniter\View\{closure}()
 5 SYSTEMPATH\Common.php(1135): CodeIgniter\View\View->render('admin/index.php', [], true)
 6 APPPATH\Controllers\Admin\Home.php(31): view('admin/index.php', [...])
 7 SYSTEMPATH\CodeIgniter.php(925): App\Controllers\Admin\Home->index()
 8 SYSTEMPATH\CodeIgniter.php(480): CodeIgniter\CodeIgniter->runController(Object(App\Controllers\Admin\Home))
 9 SYSTEMPATH\CodeIgniter.php(349): CodeIgniter\CodeIgniter->handleRequest(null, Object(Config\Cache), false)
10 FCPATH\index.php(67): CodeIgniter\CodeIgniter->run()
11 SYSTEMPATH\Commands\Server\rewrite.php(47): require_once('FCPATH\\index.php')
CRITICAL - 2023-01-10 13:18:14 --> constant(): Couldn't find constant NOME
in APPPATH\Views\admin\index.php on line 36.
 1 [internal function]: CodeIgniter\Debug\Exceptions->errorHandler(2, 'constant(): Couldn\'t find constant NOME', 'APPPATH\\Views\\admin\\index.php', 36, [...])
 2 APPPATH\Views\admin\index.php(36): constant('NOME')
 3 SYSTEMPATH\View\View.php(213): include('APPPATH\\Views\\admin\\index.php')
 4 SYSTEMPATH\View\View.php(216): CodeIgniter\View\View->CodeIgniter\View\{closure}()
 5 SYSTEMPATH\Common.php(1135): CodeIgniter\View\View->render('admin/index.php', [], true)
 6 APPPATH\Controllers\Admin\Home.php(31): view('admin/index.php', [...])
 7 SYSTEMPATH\CodeIgniter.php(925): App\Controllers\Admin\Home->index()
 8 SYSTEMPATH\CodeIgniter.php(480): CodeIgniter\CodeIgniter->runController(Object(App\Controllers\Admin\Home))
 9 SYSTEMPATH\CodeIgniter.php(349): CodeIgniter\CodeIgniter->handleRequest(null, Object(Config\Cache), false)
10 FCPATH\index.php(67): CodeIgniter\CodeIgniter->run()
11 SYSTEMPATH\Commands\Server\rewrite.php(47): require_once('FCPATH\\index.php')
CRITICAL - 2023-01-10 13:18:47 --> constant(): Couldn't find constant NOME
in APPPATH\Views\admin\index.php on line 36.
 1 [internal function]: CodeIgniter\Debug\Exceptions->errorHandler(2, 'constant(): Couldn\'t find constant NOME', 'APPPATH\\Views\\admin\\index.php', 36, [...])
 2 APPPATH\Views\admin\index.php(36): constant('NOME')
 3 SYSTEMPATH\View\View.php(213): include('APPPATH\\Views\\admin\\index.php')
 4 SYSTEMPATH\View\View.php(216): CodeIgniter\View\View->CodeIgniter\View\{closure}()
 5 SYSTEMPATH\Common.php(1135): CodeIgniter\View\View->render('admin/index.php', [], true)
 6 APPPATH\Controllers\Admin\Home.php(31): view('admin/index.php', [...])
 7 SYSTEMPATH\CodeIgniter.php(925): App\Controllers\Admin\Home->index()
 8 SYSTEMPATH\CodeIgniter.php(480): CodeIgniter\CodeIgniter->runController(Object(App\Controllers\Admin\Home))
 9 SYSTEMPATH\CodeIgniter.php(349): CodeIgniter\CodeIgniter->handleRequest(null, Object(Config\Cache), false)
10 FCPATH\index.php(67): CodeIgniter\CodeIgniter->run()
11 SYSTEMPATH\Commands\Server\rewrite.php(47): require_once('FCPATH\\index.php')
CRITICAL - 2023-01-10 13:18:56 --> constant(): Couldn't find constant NOME
in APPPATH\Views\admin\index.php on line 36.
 1 [internal function]: CodeIgniter\Debug\Exceptions->errorHandler(2, 'constant(): Couldn\'t find constant NOME', 'APPPATH\\Views\\admin\\index.php', 36, [...])
 2 APPPATH\Views\admin\index.php(36): constant('NOME')
 3 SYSTEMPATH\View\View.php(213): include('APPPATH\\Views\\admin\\index.php')
 4 SYSTEMPATH\View\View.php(216): CodeIgniter\View\View->CodeIgniter\View\{closure}()
 5 SYSTEMPATH\Common.php(1135): CodeIgniter\View\View->render('admin/index.php', [], true)
 6 APPPATH\Controllers\Admin\Home.php(31): view('admin/index.php', [...])
 7 SYSTEMPATH\CodeIgniter.php(925): App\Controllers\Admin\Home->index()
 8 SYSTEMPATH\CodeIgniter.php(480): CodeIgniter\CodeIgniter->runController(Object(App\Controllers\Admin\Home))
 9 SYSTEMPATH\CodeIgniter.php(349): CodeIgniter\CodeIgniter->handleRequest(null, Object(Config\Cache), false)
10 FCPATH\index.php(67): CodeIgniter\CodeIgniter->run()
11 SYSTEMPATH\Commands\Server\rewrite.php(47): require_once('FCPATH\\index.php')
CRITICAL - 2023-01-10 13:19:05 --> constant(): Couldn't find constant NOME
in APPPATH\Views\admin\index.php on line 36.
 1 [internal function]: CodeIgniter\Debug\Exceptions->errorHandler(2, 'constant(): Couldn\'t find constant NOME', 'APPPATH\\Views\\admin\\index.php', 36, [...])
 2 APPPATH\Views\admin\index.php(36): constant('NOME')
 3 SYSTEMPATH\View\View.php(213): include('APPPATH\\Views\\admin\\index.php')
 4 SYSTEMPATH\View\View.php(216): CodeIgniter\View\View->CodeIgniter\View\{closure}()
 5 SYSTEMPATH\Common.php(1135): CodeIgniter\View\View->render('admin/index.php', [], true)
 6 APPPATH\Controllers\Admin\Home.php(31): view('admin/index.php', [...])
 7 SYSTEMPATH\CodeIgniter.php(925): App\Controllers\Admin\Home->index()
 8 SYSTEMPATH\CodeIgniter.php(480): CodeIgniter\CodeIgniter->runController(Object(App\Controllers\Admin\Home))
 9 SYSTEMPATH\CodeIgniter.php(349): CodeIgniter\CodeIgniter->handleRequest(null, Object(Config\Cache), false)
10 FCPATH\index.php(67): CodeIgniter\CodeIgniter->run()
11 SYSTEMPATH\Commands\Server\rewrite.php(47): require_once('FCPATH\\index.php')
CRITICAL - 2023-01-10 13:19:18 --> constant(): Couldn't find constant NOME
in APPPATH\Views\admin\index.php on line 36.
 1 [internal function]: CodeIgniter\Debug\Exceptions->errorHandler(2, 'constant(): Couldn\'t find constant NOME', 'APPPATH\\Views\\admin\\index.php', 36, [...])
 2 APPPATH\Views\admin\index.php(36): constant('NOME')
 3 SYSTEMPATH\View\View.php(213): include('APPPATH\\Views\\admin\\index.php')
 4 SYSTEMPATH\View\View.php(216): CodeIgniter\View\View->CodeIgniter\View\{closure}()
 5 SYSTEMPATH\Common.php(1135): CodeIgniter\View\View->render('admin/index.php', [], true)
 6 APPPATH\Controllers\Admin\Home.php(31): view('admin/index.php', [...])
 7 SYSTEMPATH\CodeIgniter.php(925): App\Controllers\Admin\Home->index()
 8 SYSTEMPATH\CodeIgniter.php(480): CodeIgniter\CodeIgniter->runController(Object(App\Controllers\Admin\Home))
 9 SYSTEMPATH\CodeIgniter.php(349): CodeIgniter\CodeIgniter->handleRequest(null, Object(Config\Cache), false)
10 FCPATH\index.php(67): CodeIgniter\CodeIgniter->run()
11 SYSTEMPATH\Commands\Server\rewrite.php(47): require_once('FCPATH\\index.php')
CRITICAL - 2023-01-10 13:19:37 --> constant(): Couldn't find constant NOME
in APPPATH\Views\admin\sobre.php on line 35.
 1 [internal function]: CodeIgniter\Debug\Exceptions->errorHandler(2, 'constant(): Couldn\'t find constant NOME', 'APPPATH\\Views\\admin\\sobre.php', 35, [])
 2 APPPATH\Views\admin\sobre.php(35): constant('NOME')
 3 SYSTEMPATH\View\View.php(213): include('APPPATH\\Views\\admin\\sobre.php')
 4 SYSTEMPATH\View\View.php(216): CodeIgniter\View\View->CodeIgniter\View\{closure}()
 5 SYSTEMPATH\Common.php(1135): CodeIgniter\View\View->render('admin/sobre.php', [], true)
 6 APPPATH\Controllers\Admin\Home.php(52): view('admin/sobre.php')
 7 SYSTEMPATH\CodeIgniter.php(925): App\Controllers\Admin\Home->sobre()
 8 SYSTEMPATH\CodeIgniter.php(480): CodeIgniter\CodeIgniter->runController(Object(App\Controllers\Admin\Home))
 9 SYSTEMPATH\CodeIgniter.php(349): CodeIgniter\CodeIgniter->handleRequest(null, Object(Config\Cache), false)
10 FCPATH\index.php(67): CodeIgniter\CodeIgniter->run()
11 SYSTEMPATH\Commands\Server\rewrite.php(47): require_once('FCPATH\\index.php')
CRITICAL - 2023-01-10 13:19:57 --> constant(): Couldn't find constant NOME
in APPPATH\Views\admin\sobre.php on line 35.
 1 [internal function]: CodeIgniter\Debug\Exceptions->errorHandler(2, 'constant(): Couldn\'t find constant NOME', 'APPPATH\\Views\\admin\\sobre.php', 35, [])
 2 APPPATH\Views\admin\sobre.php(35): constant('NOME')
 3 SYSTEMPATH\View\View.php(213): include('APPPATH\\Views\\admin\\sobre.php')
 4 SYSTEMPATH\View\View.php(216): CodeIgniter\View\View->CodeIgniter\View\{closure}()
 5 SYSTEMPATH\Common.php(1135): CodeIgniter\View\View->render('admin/sobre.php', [], true)
 6 APPPATH\Controllers\Admin\Home.php(52): view('admin/sobre.php')
 7 SYSTEMPATH\CodeIgniter.php(925): App\Controllers\Admin\Home->sobre()
 8 SYSTEMPATH\CodeIgniter.php(480): CodeIgniter\CodeIgniter->runController(Object(App\Controllers\Admin\Home))
 9 SYSTEMPATH\CodeIgniter.php(349): CodeIgniter\CodeIgniter->handleRequest(null, Object(Config\Cache), false)
10 FCPATH\index.php(67): CodeIgniter\CodeIgniter->run()
11 SYSTEMPATH\Commands\Server\rewrite.php(47): require_once('FCPATH\\index.php')
CRITICAL - 2023-01-10 13:20:03 --> constant(): Couldn't find constant NOME
in APPPATH\Views\admin\sobre.php on line 35.
 1 [internal function]: CodeIgniter\Debug\Exceptions->errorHandler(2, 'constant(): Couldn\'t find constant NOME', 'APPPATH\\Views\\admin\\sobre.php', 35, [])
 2 APPPATH\Views\admin\sobre.php(35): constant('NOME')
 3 SYSTEMPATH\View\View.php(213): include('APPPATH\\Views\\admin\\sobre.php')
 4 SYSTEMPATH\View\View.php(216): CodeIgniter\View\View->CodeIgniter\View\{closure}()
 5 SYSTEMPATH\Common.php(1135): CodeIgniter\View\View->render('admin/sobre.php', [], true)
 6 APPPATH\Controllers\Admin\Home.php(52): view('admin/sobre.php')
 7 SYSTEMPATH\CodeIgniter.php(925): App\Controllers\Admin\Home->sobre()
 8 SYSTEMPATH\CodeIgniter.php(480): CodeIgniter\CodeIgniter->runController(Object(App\Controllers\Admin\Home))
 9 SYSTEMPATH\CodeIgniter.php(349): CodeIgniter\CodeIgniter->handleRequest(null, Object(Config\Cache), false)
10 FCPATH\index.php(67): CodeIgniter\CodeIgniter->run()
11 SYSTEMPATH\Commands\Server\rewrite.php(47): require_once('FCPATH\\index.php')
CRITICAL - 2023-01-10 13:20:18 --> constant(): Couldn't find constant NOME
in APPPATH\Views\admin\sobre.php on line 35.
 1 [internal function]: CodeIgniter\Debug\Exceptions->errorHandler(2, 'constant(): Couldn\'t find constant NOME', 'APPPATH\\Views\\admin\\sobre.php', 35, [])
 2 APPPATH\Views\admin\sobre.php(35): constant('NOME')
 3 SYSTEMPATH\View\View.php(213): include('APPPATH\\Views\\admin\\sobre.php')
 4 SYSTEMPATH\View\View.php(216): CodeIgniter\View\View->CodeIgniter\View\{closure}()
 5 SYSTEMPATH\Common.php(1135): CodeIgniter\View\View->render('admin/sobre.php', [], true)
 6 APPPATH\Controllers\Admin\Home.php(52): view('admin/sobre.php')
 7 SYSTEMPATH\CodeIgniter.php(925): App\Controllers\Admin\Home->sobre()
 8 SYSTEMPATH\CodeIgniter.php(480): CodeIgniter\CodeIgniter->runController(Object(App\Controllers\Admin\Home))
 9 SYSTEMPATH\CodeIgniter.php(349): CodeIgniter\CodeIgniter->handleRequest(null, Object(Config\Cache), false)
10 FCPATH\index.php(67): CodeIgniter\CodeIgniter->run()
11 SYSTEMPATH\Commands\Server\rewrite.php(47): require_once('FCPATH\\index.php')
CRITICAL - 2023-01-10 13:20:23 --> constant(): Couldn't find constant NOME
in APPPATH\Views\admin\sobre.php on line 35.
 1 [internal function]: CodeIgniter\Debug\Exceptions->errorHandler(2, 'constant(): Couldn\'t find constant NOME', 'APPPATH\\Views\\admin\\sobre.php', 35, [])
 2 APPPATH\Views\admin\sobre.php(35): constant('NOME')
 3 SYSTEMPATH\View\View.php(213): include('APPPATH\\Views\\admin\\sobre.php')
 4 SYSTEMPATH\View\View.php(216): CodeIgniter\View\View->CodeIgniter\View\{closure}()
 5 SYSTEMPATH\Common.php(1135): CodeIgniter\View\View->render('admin/sobre.php', [], true)
 6 APPPATH\Controllers\Admin\Home.php(52): view('admin/sobre.php')
 7 SYSTEMPATH\CodeIgniter.php(925): App\Controllers\Admin\Home->sobre()
 8 SYSTEMPATH\CodeIgniter.php(480): CodeIgniter\CodeIgniter->runController(Object(App\Controllers\Admin\Home))
 9 SYSTEMPATH\CodeIgniter.php(349): CodeIgniter\CodeIgniter->handleRequest(null, Object(Config\Cache), false)
10 FCPATH\index.php(67): CodeIgniter\CodeIgniter->run()
11 SYSTEMPATH\Commands\Server\rewrite.php(47): require_once('FCPATH\\index.php')
CRITICAL - 2023-01-10 13:20:29 --> constant(): Couldn't find constant NOME
in APPPATH\Views\admin\sobre.php on line 31.
 1 [internal function]: CodeIgniter\Debug\Exceptions->errorHandler(2, 'constant(): Couldn\'t find constant NOME', 'APPPATH\\Views\\admin\\sobre.php', 31, [])
 2 APPPATH\Views\admin\sobre.php(31): constant('NOME')
 3 SYSTEMPATH\View\View.php(213): include('APPPATH\\Views\\admin\\sobre.php')
 4 SYSTEMPATH\View\View.php(216): CodeIgniter\View\View->CodeIgniter\View\{closure}()
 5 SYSTEMPATH\Common.php(1135): CodeIgniter\View\View->render('admin/sobre.php', [], true)
 6 APPPATH\Controllers\Admin\Home.php(52): view('admin/sobre.php')
 7 SYSTEMPATH\CodeIgniter.php(925): App\Controllers\Admin\Home->sobre()
 8 SYSTEMPATH\CodeIgniter.php(480): CodeIgniter\CodeIgniter->runController(Object(App\Controllers\Admin\Home))
 9 SYSTEMPATH\CodeIgniter.php(349): CodeIgniter\CodeIgniter->handleRequest(null, Object(Config\Cache), false)
10 FCPATH\index.php(67): CodeIgniter\CodeIgniter->run()
11 SYSTEMPATH\Commands\Server\rewrite.php(47): require_once('FCPATH\\index.php')
CRITICAL - 2023-01-10 15:43:44 --> Trying to access array offset on value of type null
in APPPATH\Views\admin\usuarios\index.php on line 63.
 1 APPPATH\Views\admin\usuarios\index.php(63): CodeIgniter\Debug\Exceptions->errorHandler(8, 'Trying to access array offset on value of type null', 'APPPATH\\Views\\admin\\usuarios\\index.php', 63, [...])
 2 SYSTEMPATH\View\View.php(213): include('APPPATH\\Views\\admin\\usuarios\\index.php')
 3 SYSTEMPATH\View\View.php(216): CodeIgniter\View\View->CodeIgniter\View\{closure}()
 4 SYSTEMPATH\Common.php(1135): CodeIgniter\View\View->render('admin/usuarios/index.php', [], true)
 5 APPPATH\Controllers\Admin\Usuarios.php(24): view('admin/usuarios/index.php', [...])
 6 SYSTEMPATH\CodeIgniter.php(925): App\Controllers\Admin\Usuarios->index()
 7 SYSTEMPATH\CodeIgniter.php(480): CodeIgniter\CodeIgniter->runController(Object(App\Controllers\Admin\Usuarios))
 8 SYSTEMPATH\CodeIgniter.php(349): CodeIgniter\CodeIgniter->handleRequest(null, Object(Config\Cache), false)
 9 FCPATH\index.php(67): CodeIgniter\CodeIgniter->run()
10 SYSTEMPATH\Commands\Server\rewrite.php(47): require_once('FCPATH\\index.php')
CRITICAL - 2023-01-10 15:45:49 --> Trying to access array offset on value of type null
in APPPATH\Views\admin\usuarios\index.php on line 62.
 1 APPPATH\Views\admin\usuarios\index.php(62): CodeIgniter\Debug\Exceptions->errorHandler(8, 'Trying to access array offset on value of type null', 'APPPATH\\Views\\admin\\usuarios\\index.php', 62, [...])
 2 SYSTEMPATH\View\View.php(213): include('APPPATH\\Views\\admin\\usuarios\\index.php')
 3 SYSTEMPATH\View\View.php(216): CodeIgniter\View\View->CodeIgniter\View\{closure}()
 4 SYSTEMPATH\Common.php(1135): CodeIgniter\View\View->render('admin/usuarios/index.php', [], true)
 5 APPPATH\Controllers\Admin\Usuarios.php(24): view('admin/usuarios/index.php', [...])
 6 SYSTEMPATH\CodeIgniter.php(925): App\Controllers\Admin\Usuarios->index()
 7 SYSTEMPATH\CodeIgniter.php(480): CodeIgniter\CodeIgniter->runController(Object(App\Controllers\Admin\Usuarios))
 8 SYSTEMPATH\CodeIgniter.php(349): CodeIgniter\CodeIgniter->handleRequest(null, Object(Config\Cache), false)
 9 FCPATH\index.php(67): CodeIgniter\CodeIgniter->run()
10 SYSTEMPATH\Commands\Server\rewrite.php(47): require_once('FCPATH\\index.php')
CRITICAL - 2023-01-10 15:46:33 --> Undefined variable: table
in APPPATH\Views\admin\usuarios\index.php on line 61.
 1 APPPATH\Views\admin\usuarios\index.php(61): CodeIgniter\Debug\Exceptions->errorHandler(8, 'Undefined variable: table', 'APPPATH\\Views\\admin\\usuarios\\index.php', 61, [])
 2 SYSTEMPATH\View\View.php(213): include('APPPATH\\Views\\admin\\usuarios\\index.php')
 3 SYSTEMPATH\View\View.php(216): CodeIgniter\View\View->CodeIgniter\View\{closure}()
 4 SYSTEMPATH\Common.php(1135): CodeIgniter\View\View->render('admin/usuarios/index.php', [], true)
 5 APPPATH\Controllers\Admin\Usuarios.php(24): view('admin/usuarios/index.php', [...])
 6 SYSTEMPATH\CodeIgniter.php(925): App\Controllers\Admin\Usuarios->index()
 7 SYSTEMPATH\CodeIgniter.php(480): CodeIgniter\CodeIgniter->runController(Object(App\Controllers\Admin\Usuarios))
 8 SYSTEMPATH\CodeIgniter.php(349): CodeIgniter\CodeIgniter->handleRequest(null, Object(Config\Cache), false)
 9 FCPATH\index.php(67): CodeIgniter\CodeIgniter->run()
10 SYSTEMPATH\Commands\Server\rewrite.php(47): require_once('FCPATH\\index.php')
ERROR - 2023-01-10 15:47:27 --> Error connecting to the database: mysqli_sql_exception: Nenhuma conexão pôde ser feita porque a máquina de destino as recusou ativamente.
 in C:\wamp64\www\admin\system\Database\MySQLi\Connection.php:171
Stack trace:
#0 C:\wamp64\www\admin\system\Database\MySQLi\Connection.php(171): mysqli->real_connect('localhost', 'root', '', 'admin', 3306, '', 0)
#1 C:\wamp64\www\admin\system\Database\BaseConnection.php(382): CodeIgniter\Database\MySQLi\Connection->connect(false)
#2 C:\wamp64\www\admin\system\Database\BaseConnection.php(561): CodeIgniter\Database\BaseConnection->initialize()
#3 C:\wamp64\www\admin\system\Database\BaseBuilder.php(1585): CodeIgniter\Database\BaseConnection->query('SELECT *\nFROM `...', Array, false)
#4 C:\wamp64\www\admin\system\Model.php(202): CodeIgniter\Database\BaseBuilder->get()
#5 C:\wamp64\www\admin\system\BaseModel.php(525): CodeIgniter\Model->doFind(false, NULL)
#6 C:\wamp64\www\admin\app\Models\UsuarioModel.php(28): CodeIgniter\BaseModel->find()
#7 C:\wamp64\www\admin\app\Controllers\Admin\Usuarios.php(19): App\Models\UsuarioModel->get()
#8 C:\wamp64\www\admin\system\CodeIgniter.php(925): App\Controllers\Admin\Usuarios->index()
#9 C:\wamp64\www\admin\system\CodeIgniter.php(480): CodeIgniter\CodeIgniter->runController(Object(App\Controllers\Admin\Usuarios))
#10 C:\wamp64\www\admin\system\CodeIgniter.php(349): CodeIgniter\CodeIgniter->handleRequest(NULL, Object(Config\Cache), false)
#11 C:\wamp64\www\admin\public\index.php(67): CodeIgniter\CodeIgniter->run()
#12 C:\wamp64\www\admin\system\Commands\Server\rewrite.php(47): require_once('C:\\wamp64\\www\\a...')
#13 {main}

Next CodeIgniter\Database\Exceptions\DatabaseException: Nenhuma conexão pôde ser feita porque a máquina de destino as recusou ativamente.
 in C:\wamp64\www\admin\system\Database\MySQLi\Connection.php:215
Stack trace:
#0 C:\wamp64\www\admin\system\Database\BaseConnection.php(382): CodeIgniter\Database\MySQLi\Connection->connect(false)
#1 C:\wamp64\www\admin\system\Database\BaseConnection.php(561): CodeIgniter\Database\BaseConnection->initialize()
#2 C:\wamp64\www\admin\system\Database\BaseBuilder.php(1585): CodeIgniter\Database\BaseConnection->query('SELECT *\nFROM `...', Array, false)
#3 C:\wamp64\www\admin\system\Model.php(202): CodeIgniter\Database\BaseBuilder->get()
#4 C:\wamp64\www\admin\system\BaseModel.php(525): CodeIgniter\Model->doFind(false, NULL)
#5 C:\wamp64\www\admin\app\Models\UsuarioModel.php(28): CodeIgniter\BaseModel->find()
#6 C:\wamp64\www\admin\app\Controllers\Admin\Usuarios.php(19): App\Models\UsuarioModel->get()
#7 C:\wamp64\www\admin\system\CodeIgniter.php(925): App\Controllers\Admin\Usuarios->index()
#8 C:\wamp64\www\admin\system\CodeIgniter.php(480): CodeIgniter\CodeIgniter->runController(Object(App\Controllers\Admin\Usuarios))
#9 C:\wamp64\www\admin\system\CodeIgniter.php(349): CodeIgniter\CodeIgniter->handleRequest(NULL, Object(Config\Cache), false)
#10 C:\wamp64\www\admin\public\index.php(67): CodeIgniter\CodeIgniter->run()
#11 C:\wamp64\www\admin\system\Commands\Server\rewrite.php(47): require_once('C:\\wamp64\\www\\a...')
#12 {main}
CRITICAL - 2023-01-10 15:47:27 --> Unable to connect to the database.
Main connection [MySQLi]: Nenhuma conexão pôde ser feita porque a máquina de destino as recusou ativamente.

in SYSTEMPATH\Database\BaseConnection.php on line 418.
 1 SYSTEMPATH\Database\BaseConnection.php(561): CodeIgniter\Database\BaseConnection->initialize()
 2 SYSTEMPATH\Database\BaseBuilder.php(1585): CodeIgniter\Database\BaseConnection->query('SELECT *
FROM `usuarios`
WHERE `usuarios`.`deleted_at` IS NULL', [], false)
 3 SYSTEMPATH\Model.php(202): CodeIgniter\Database\BaseBuilder->get()
 4 SYSTEMPATH\BaseModel.php(525): CodeIgniter\Model->doFind(false, null)
 5 APPPATH\Models\UsuarioModel.php(28): CodeIgniter\BaseModel->find()
 6 APPPATH\Controllers\Admin\Usuarios.php(19): App\Models\UsuarioModel->get()
 7 SYSTEMPATH\CodeIgniter.php(925): App\Controllers\Admin\Usuarios->index()
 8 SYSTEMPATH\CodeIgniter.php(480): CodeIgniter\CodeIgniter->runController(Object(App\Controllers\Admin\Usuarios))
 9 SYSTEMPATH\CodeIgniter.php(349): CodeIgniter\CodeIgniter->handleRequest(null, Object(Config\Cache), false)
10 FCPATH\index.php(67): CodeIgniter\CodeIgniter->run()
11 SYSTEMPATH\Commands\Server\rewrite.php(47): require_once('FCPATH\\index.php')
ERROR - 2023-01-10 15:47:34 --> Error connecting to the database: mysqli_sql_exception: Nenhuma conexão pôde ser feita porque a máquina de destino as recusou ativamente.
 in C:\wamp64\www\admin\system\Database\MySQLi\Connection.php:171
Stack trace:
#0 C:\wamp64\www\admin\system\Database\MySQLi\Connection.php(171): mysqli->real_connect('localhost', 'root', '', 'admin', 3306, '', 0)
#1 C:\wamp64\www\admin\system\Database\BaseConnection.php(382): CodeIgniter\Database\MySQLi\Connection->connect(false)
#2 C:\wamp64\www\admin\system\Database\BaseConnection.php(561): CodeIgniter\Database\BaseConnection->initialize()
#3 C:\wamp64\www\admin\system\Database\BaseBuilder.php(1585): CodeIgniter\Database\BaseConnection->query('SELECT *\nFROM `...', Array, false)
#4 C:\wamp64\www\admin\system\Model.php(202): CodeIgniter\Database\BaseBuilder->get()
#5 C:\wamp64\www\admin\system\BaseModel.php(525): CodeIgniter\Model->doFind(false, NULL)
#6 C:\wamp64\www\admin\app\Models\UsuarioModel.php(28): CodeIgniter\BaseModel->find()
#7 C:\wamp64\www\admin\app\Controllers\Admin\Usuarios.php(19): App\Models\UsuarioModel->get()
#8 C:\wamp64\www\admin\system\CodeIgniter.php(925): App\Controllers\Admin\Usuarios->index()
#9 C:\wamp64\www\admin\system\CodeIgniter.php(480): CodeIgniter\CodeIgniter->runController(Object(App\Controllers\Admin\Usuarios))
#10 C:\wamp64\www\admin\system\CodeIgniter.php(349): CodeIgniter\CodeIgniter->handleRequest(NULL, Object(Config\Cache), false)
#11 C:\wamp64\www\admin\public\index.php(67): CodeIgniter\CodeIgniter->run()
#12 C:\wamp64\www\admin\system\Commands\Server\rewrite.php(47): require_once('C:\\wamp64\\www\\a...')
#13 {main}

Next CodeIgniter\Database\Exceptions\DatabaseException: Nenhuma conexão pôde ser feita porque a máquina de destino as recusou ativamente.
 in C:\wamp64\www\admin\system\Database\MySQLi\Connection.php:215
Stack trace:
#0 C:\wamp64\www\admin\system\Database\BaseConnection.php(382): CodeIgniter\Database\MySQLi\Connection->connect(false)
#1 C:\wamp64\www\admin\system\Database\BaseConnection.php(561): CodeIgniter\Database\BaseConnection->initialize()
#2 C:\wamp64\www\admin\system\Database\BaseBuilder.php(1585): CodeIgniter\Database\BaseConnection->query('SELECT *\nFROM `...', Array, false)
#3 C:\wamp64\www\admin\system\Model.php(202): CodeIgniter\Database\BaseBuilder->get()
#4 C:\wamp64\www\admin\system\BaseModel.php(525): CodeIgniter\Model->doFind(false, NULL)
#5 C:\wamp64\www\admin\app\Models\UsuarioModel.php(28): CodeIgniter\BaseModel->find()
#6 C:\wamp64\www\admin\app\Controllers\Admin\Usuarios.php(19): App\Models\UsuarioModel->get()
#7 C:\wamp64\www\admin\system\CodeIgniter.php(925): App\Controllers\Admin\Usuarios->index()
#8 C:\wamp64\www\admin\system\CodeIgniter.php(480): CodeIgniter\CodeIgniter->runController(Object(App\Controllers\Admin\Usuarios))
#9 C:\wamp64\www\admin\system\CodeIgniter.php(349): CodeIgniter\CodeIgniter->handleRequest(NULL, Object(Config\Cache), false)
#10 C:\wamp64\www\admin\public\index.php(67): CodeIgniter\CodeIgniter->run()
#11 C:\wamp64\www\admin\system\Commands\Server\rewrite.php(47): require_once('C:\\wamp64\\www\\a...')
#12 {main}
CRITICAL - 2023-01-10 15:47:34 --> Unable to connect to the database.
Main connection [MySQLi]: Nenhuma conexão pôde ser feita porque a máquina de destino as recusou ativamente.

in SYSTEMPATH\Database\BaseConnection.php on line 418.
 1 SYSTEMPATH\Database\BaseConnection.php(561): CodeIgniter\Database\BaseConnection->initialize()
 2 SYSTEMPATH\Database\BaseBuilder.php(1585): CodeIgniter\Database\BaseConnection->query('SELECT *
FROM `usuarios`
WHERE `usuarios`.`deleted_at` IS NULL', [], false)
 3 SYSTEMPATH\Model.php(202): CodeIgniter\Database\BaseBuilder->get()
 4 SYSTEMPATH\BaseModel.php(525): CodeIgniter\Model->doFind(false, null)
 5 APPPATH\Models\UsuarioModel.php(28): CodeIgniter\BaseModel->find()
 6 APPPATH\Controllers\Admin\Usuarios.php(19): App\Models\UsuarioModel->get()
 7 SYSTEMPATH\CodeIgniter.php(925): App\Controllers\Admin\Usuarios->index()
 8 SYSTEMPATH\CodeIgniter.php(480): CodeIgniter\CodeIgniter->runController(Object(App\Controllers\Admin\Usuarios))
 9 SYSTEMPATH\CodeIgniter.php(349): CodeIgniter\CodeIgniter->handleRequest(null, Object(Config\Cache), false)
10 FCPATH\index.php(67): CodeIgniter\CodeIgniter->run()
11 SYSTEMPATH\Commands\Server\rewrite.php(47): require_once('FCPATH\\index.php')
CRITICAL - 2023-01-10 15:47:43 --> Trying to access array offset on value of type null
in APPPATH\Views\admin\usuarios\index.php on line 62.
 1 APPPATH\Views\admin\usuarios\index.php(62): CodeIgniter\Debug\Exceptions->errorHandler(8, 'Trying to access array offset on value of type null', 'APPPATH\\Views\\admin\\usuarios\\index.php', 62, [...])
 2 SYSTEMPATH\View\View.php(213): include('APPPATH\\Views\\admin\\usuarios\\index.php')
 3 SYSTEMPATH\View\View.php(216): CodeIgniter\View\View->CodeIgniter\View\{closure}()
 4 SYSTEMPATH\Common.php(1135): CodeIgniter\View\View->render('admin/usuarios/index.php', [], true)
 5 APPPATH\Controllers\Admin\Usuarios.php(24): view('admin/usuarios/index.php', [...])
 6 SYSTEMPATH\CodeIgniter.php(925): App\Controllers\Admin\Usuarios->index()
 7 SYSTEMPATH\CodeIgniter.php(480): CodeIgniter\CodeIgniter->runController(Object(App\Controllers\Admin\Usuarios))
 8 SYSTEMPATH\CodeIgniter.php(349): CodeIgniter\CodeIgniter->handleRequest(null, Object(Config\Cache), false)
 9 FCPATH\index.php(67): CodeIgniter\CodeIgniter->run()
10 SYSTEMPATH\Commands\Server\rewrite.php(47): require_once('FCPATH\\index.php')
CRITICAL - 2023-01-10 15:47:56 --> Trying to access array offset on value of type null
in APPPATH\Views\admin\usuarios\index.php on line 62.
 1 APPPATH\Views\admin\usuarios\index.php(62): CodeIgniter\Debug\Exceptions->errorHandler(8, 'Trying to access array offset on value of type null', 'APPPATH\\Views\\admin\\usuarios\\index.php', 62, [...])
 2 SYSTEMPATH\View\View.php(213): include('APPPATH\\Views\\admin\\usuarios\\index.php')
 3 SYSTEMPATH\View\View.php(216): CodeIgniter\View\View->CodeIgniter\View\{closure}()
 4 SYSTEMPATH\Common.php(1135): CodeIgniter\View\View->render('admin/usuarios/index.php', [], true)
 5 APPPATH\Controllers\Admin\Usuarios.php(24): view('admin/usuarios/index.php', [...])
 6 SYSTEMPATH\CodeIgniter.php(925): App\Controllers\Admin\Usuarios->index()
 7 SYSTEMPATH\CodeIgniter.php(480): CodeIgniter\CodeIgniter->runController(Object(App\Controllers\Admin\Usuarios))
 8 SYSTEMPATH\CodeIgniter.php(349): CodeIgniter\CodeIgniter->handleRequest(null, Object(Config\Cache), false)
 9 FCPATH\index.php(67): CodeIgniter\CodeIgniter->run()
10 SYSTEMPATH\Commands\Server\rewrite.php(47): require_once('FCPATH\\index.php')
ERROR - 2023-01-10 15:50:32 --> Error connecting to the database: mysqli_sql_exception: Nenhuma conexão pôde ser feita porque a máquina de destino as recusou ativamente.
 in C:\wamp64\www\admin\system\Database\MySQLi\Connection.php:171
Stack trace:
#0 C:\wamp64\www\admin\system\Database\MySQLi\Connection.php(171): mysqli->real_connect('localhost', 'root', '', 'admin', 3306, '', 0)
#1 C:\wamp64\www\admin\system\Database\BaseConnection.php(382): CodeIgniter\Database\MySQLi\Connection->connect(false)
#2 C:\wamp64\www\admin\system\Database\BaseConnection.php(561): CodeIgniter\Database\BaseConnection->initialize()
#3 C:\wamp64\www\admin\system\Database\BaseBuilder.php(1585): CodeIgniter\Database\BaseConnection->query('SELECT *\nFROM `...', Array, false)
#4 C:\wamp64\www\admin\system\Model.php(202): CodeIgniter\Database\BaseBuilder->get()
#5 C:\wamp64\www\admin\system\BaseModel.php(525): CodeIgniter\Model->doFind(false, NULL)
#6 C:\wamp64\www\admin\app\Controllers\Admin\Usuarios.php(19): CodeIgniter\BaseModel->find()
#7 C:\wamp64\www\admin\system\CodeIgniter.php(925): App\Controllers\Admin\Usuarios->index()
#8 C:\wamp64\www\admin\system\CodeIgniter.php(480): CodeIgniter\CodeIgniter->runController(Object(App\Controllers\Admin\Usuarios))
#9 C:\wamp64\www\admin\system\CodeIgniter.php(349): CodeIgniter\CodeIgniter->handleRequest(NULL, Object(Config\Cache), false)
#10 C:\wamp64\www\admin\public\index.php(67): CodeIgniter\CodeIgniter->run()
#11 C:\wamp64\www\admin\system\Commands\Server\rewrite.php(47): require_once('C:\\wamp64\\www\\a...')
#12 {main}

Next CodeIgniter\Database\Exceptions\DatabaseException: Nenhuma conexão pôde ser feita porque a máquina de destino as recusou ativamente.
 in C:\wamp64\www\admin\system\Database\MySQLi\Connection.php:215
Stack trace:
#0 C:\wamp64\www\admin\system\Database\BaseConnection.php(382): CodeIgniter\Database\MySQLi\Connection->connect(false)
#1 C:\wamp64\www\admin\system\Database\BaseConnection.php(561): CodeIgniter\Database\BaseConnection->initialize()
#2 C:\wamp64\www\admin\system\Database\BaseBuilder.php(1585): CodeIgniter\Database\BaseConnection->query('SELECT *\nFROM `...', Array, false)
#3 C:\wamp64\www\admin\system\Model.php(202): CodeIgniter\Database\BaseBuilder->get()
#4 C:\wamp64\www\admin\system\BaseModel.php(525): CodeIgniter\Model->doFind(false, NULL)
#5 C:\wamp64\www\admin\app\Controllers\Admin\Usuarios.php(19): CodeIgniter\BaseModel->find()
#6 C:\wamp64\www\admin\system\CodeIgniter.php(925): App\Controllers\Admin\Usuarios->index()
#7 C:\wamp64\www\admin\system\CodeIgniter.php(480): CodeIgniter\CodeIgniter->runController(Object(App\Controllers\Admin\Usuarios))
#8 C:\wamp64\www\admin\system\CodeIgniter.php(349): CodeIgniter\CodeIgniter->handleRequest(NULL, Object(Config\Cache), false)
#9 C:\wamp64\www\admin\public\index.php(67): CodeIgniter\CodeIgniter->run()
#10 C:\wamp64\www\admin\system\Commands\Server\rewrite.php(47): require_once('C:\\wamp64\\www\\a...')
#11 {main}
CRITICAL - 2023-01-10 15:50:32 --> Unable to connect to the database.
Main connection [MySQLi]: Nenhuma conexão pôde ser feita porque a máquina de destino as recusou ativamente.

in SYSTEMPATH\Database\BaseConnection.php on line 418.
 1 SYSTEMPATH\Database\BaseConnection.php(561): CodeIgniter\Database\BaseConnection->initialize()
 2 SYSTEMPATH\Database\BaseBuilder.php(1585): CodeIgniter\Database\BaseConnection->query('SELECT *
FROM `usuarios`
WHERE `usuarios`.`deleted_at` IS NULL', [], false)
 3 SYSTEMPATH\Model.php(202): CodeIgniter\Database\BaseBuilder->get()
 4 SYSTEMPATH\BaseModel.php(525): CodeIgniter\Model->doFind(false, null)
 5 APPPATH\Controllers\Admin\Usuarios.php(19): CodeIgniter\BaseModel->find()
 6 SYSTEMPATH\CodeIgniter.php(925): App\Controllers\Admin\Usuarios->index()
 7 SYSTEMPATH\CodeIgniter.php(480): CodeIgniter\CodeIgniter->runController(Object(App\Controllers\Admin\Usuarios))
 8 SYSTEMPATH\CodeIgniter.php(349): CodeIgniter\CodeIgniter->handleRequest(null, Object(Config\Cache), false)
 9 FCPATH\index.php(67): CodeIgniter\CodeIgniter->run()
10 SYSTEMPATH\Commands\Server\rewrite.php(47): require_once('FCPATH\\index.php')
ERROR - 2023-01-10 15:50:44 --> Error connecting to the database: mysqli_sql_exception: Nenhuma conexão pôde ser feita porque a máquina de destino as recusou ativamente.
 in C:\wamp64\www\admin\system\Database\MySQLi\Connection.php:171
Stack trace:
#0 C:\wamp64\www\admin\system\Database\MySQLi\Connection.php(171): mysqli->real_connect('localhost', 'root', '', 'admin', 3306, '', 0)
#1 C:\wamp64\www\admin\system\Database\BaseConnection.php(382): CodeIgniter\Database\MySQLi\Connection->connect(false)
#2 C:\wamp64\www\admin\system\Database\BaseConnection.php(561): CodeIgniter\Database\BaseConnection->initialize()
#3 C:\wamp64\www\admin\system\Database\BaseBuilder.php(1585): CodeIgniter\Database\BaseConnection->query('SELECT *\nFROM `...', Array, false)
#4 C:\wamp64\www\admin\system\Model.php(202): CodeIgniter\Database\BaseBuilder->get()
#5 C:\wamp64\www\admin\system\BaseModel.php(525): CodeIgniter\Model->doFind(false, NULL)
#6 C:\wamp64\www\admin\app\Models\UsuarioModel.php(28): CodeIgniter\BaseModel->find()
#7 C:\wamp64\www\admin\app\Controllers\Admin\Usuarios.php(19): App\Models\UsuarioModel->get()
#8 C:\wamp64\www\admin\system\CodeIgniter.php(925): App\Controllers\Admin\Usuarios->index()
#9 C:\wamp64\www\admin\system\CodeIgniter.php(480): CodeIgniter\CodeIgniter->runController(Object(App\Controllers\Admin\Usuarios))
#10 C:\wamp64\www\admin\system\CodeIgniter.php(349): CodeIgniter\CodeIgniter->handleRequest(NULL, Object(Config\Cache), false)
#11 C:\wamp64\www\admin\public\index.php(67): CodeIgniter\CodeIgniter->run()
#12 C:\wamp64\www\admin\system\Commands\Server\rewrite.php(47): require_once('C:\\wamp64\\www\\a...')
#13 {main}

Next CodeIgniter\Database\Exceptions\DatabaseException: Nenhuma conexão pôde ser feita porque a máquina de destino as recusou ativamente.
 in C:\wamp64\www\admin\system\Database\MySQLi\Connection.php:215
Stack trace:
#0 C:\wamp64\www\admin\system\Database\BaseConnection.php(382): CodeIgniter\Database\MySQLi\Connection->connect(false)
#1 C:\wamp64\www\admin\system\Database\BaseConnection.php(561): CodeIgniter\Database\BaseConnection->initialize()
#2 C:\wamp64\www\admin\system\Database\BaseBuilder.php(1585): CodeIgniter\Database\BaseConnection->query('SELECT *\nFROM `...', Array, false)
#3 C:\wamp64\www\admin\system\Model.php(202): CodeIgniter\Database\BaseBuilder->get()
#4 C:\wamp64\www\admin\system\BaseModel.php(525): CodeIgniter\Model->doFind(false, NULL)
#5 C:\wamp64\www\admin\app\Models\UsuarioModel.php(28): CodeIgniter\BaseModel->find()
#6 C:\wamp64\www\admin\app\Controllers\Admin\Usuarios.php(19): App\Models\UsuarioModel->get()
#7 C:\wamp64\www\admin\system\CodeIgniter.php(925): App\Controllers\Admin\Usuarios->index()
#8 C:\wamp64\www\admin\system\CodeIgniter.php(480): CodeIgniter\CodeIgniter->runController(Object(App\Controllers\Admin\Usuarios))
#9 C:\wamp64\www\admin\system\CodeIgniter.php(349): CodeIgniter\CodeIgniter->handleRequest(NULL, Object(Config\Cache), false)
#10 C:\wamp64\www\admin\public\index.php(67): CodeIgniter\CodeIgniter->run()
#11 C:\wamp64\www\admin\system\Commands\Server\rewrite.php(47): require_once('C:\\wamp64\\www\\a...')
#12 {main}
CRITICAL - 2023-01-10 15:50:44 --> Unable to connect to the database.
Main connection [MySQLi]: Nenhuma conexão pôde ser feita porque a máquina de destino as recusou ativamente.

in SYSTEMPATH\Database\BaseConnection.php on line 418.
 1 SYSTEMPATH\Database\BaseConnection.php(561): CodeIgniter\Database\BaseConnection->initialize()
 2 SYSTEMPATH\Database\BaseBuilder.php(1585): CodeIgniter\Database\BaseConnection->query('SELECT *
FROM `usuarios`
WHERE `usuarios`.`deleted_at` IS NULL', [], false)
 3 SYSTEMPATH\Model.php(202): CodeIgniter\Database\BaseBuilder->get()
 4 SYSTEMPATH\BaseModel.php(525): CodeIgniter\Model->doFind(false, null)
 5 APPPATH\Models\UsuarioModel.php(28): CodeIgniter\BaseModel->find()
 6 APPPATH\Controllers\Admin\Usuarios.php(19): App\Models\UsuarioModel->get()
 7 SYSTEMPATH\CodeIgniter.php(925): App\Controllers\Admin\Usuarios->index()
 8 SYSTEMPATH\CodeIgniter.php(480): CodeIgniter\CodeIgniter->runController(Object(App\Controllers\Admin\Usuarios))
 9 SYSTEMPATH\CodeIgniter.php(349): CodeIgniter\CodeIgniter->handleRequest(null, Object(Config\Cache), false)
10 FCPATH\index.php(67): CodeIgniter\CodeIgniter->run()
11 SYSTEMPATH\Commands\Server\rewrite.php(47): require_once('FCPATH\\index.php')
ERROR - 2023-01-10 15:50:50 --> Error connecting to the database: mysqli_sql_exception: Nenhuma conexão pôde ser feita porque a máquina de destino as recusou ativamente.
 in C:\wamp64\www\admin\system\Database\MySQLi\Connection.php:171
Stack trace:
#0 C:\wamp64\www\admin\system\Database\MySQLi\Connection.php(171): mysqli->real_connect('localhost', 'root', '', 'admin', 3306, '', 0)
#1 C:\wamp64\www\admin\system\Database\BaseConnection.php(382): CodeIgniter\Database\MySQLi\Connection->connect(false)
#2 C:\wamp64\www\admin\system\Database\BaseConnection.php(561): CodeIgniter\Database\BaseConnection->initialize()
#3 C:\wamp64\www\admin\system\Database\BaseBuilder.php(1585): CodeIgniter\Database\BaseConnection->query('SELECT *\nFROM `...', Array, false)
#4 C:\wamp64\www\admin\system\Model.php(199): CodeIgniter\Database\BaseBuilder->get()
#5 C:\wamp64\www\admin\system\BaseModel.php(525): CodeIgniter\Model->doFind(true, 1)
#6 C:\wamp64\www\admin\app\Models\UsuarioModel.php(24): CodeIgniter\BaseModel->find(1)
#7 C:\wamp64\www\admin\app\Controllers\Admin\Usuarios.php(19): App\Models\UsuarioModel->get(1)
#8 C:\wamp64\www\admin\system\CodeIgniter.php(925): App\Controllers\Admin\Usuarios->index()
#9 C:\wamp64\www\admin\system\CodeIgniter.php(480): CodeIgniter\CodeIgniter->runController(Object(App\Controllers\Admin\Usuarios))
#10 C:\wamp64\www\admin\system\CodeIgniter.php(349): CodeIgniter\CodeIgniter->handleRequest(NULL, Object(Config\Cache), false)
#11 C:\wamp64\www\admin\public\index.php(67): CodeIgniter\CodeIgniter->run()
#12 C:\wamp64\www\admin\system\Commands\Server\rewrite.php(47): require_once('C:\\wamp64\\www\\a...')
#13 {main}

Next CodeIgniter\Database\Exceptions\DatabaseException: Nenhuma conexão pôde ser feita porque a máquina de destino as recusou ativamente.
 in C:\wamp64\www\admin\system\Database\MySQLi\Connection.php:215
Stack trace:
#0 C:\wamp64\www\admin\system\Database\BaseConnection.php(382): CodeIgniter\Database\MySQLi\Connection->connect(false)
#1 C:\wamp64\www\admin\system\Database\BaseConnection.php(561): CodeIgniter\Database\BaseConnection->initialize()
#2 C:\wamp64\www\admin\system\Database\BaseBuilder.php(1585): CodeIgniter\Database\BaseConnection->query('SELECT *\nFROM `...', Array, false)
#3 C:\wamp64\www\admin\system\Model.php(199): CodeIgniter\Database\BaseBuilder->get()
#4 C:\wamp64\www\admin\system\BaseModel.php(525): CodeIgniter\Model->doFind(true, 1)
#5 C:\wamp64\www\admin\app\Models\UsuarioModel.php(24): CodeIgniter\BaseModel->find(1)
#6 C:\wamp64\www\admin\app\Controllers\Admin\Usuarios.php(19): App\Models\UsuarioModel->get(1)
#7 C:\wamp64\www\admin\system\CodeIgniter.php(925): App\Controllers\Admin\Usuarios->index()
#8 C:\wamp64\www\admin\system\CodeIgniter.php(480): CodeIgniter\CodeIgniter->runController(Object(App\Controllers\Admin\Usuarios))
#9 C:\wamp64\www\admin\system\CodeIgniter.php(349): CodeIgniter\CodeIgniter->handleRequest(NULL, Object(Config\Cache), false)
#10 C:\wamp64\www\admin\public\index.php(67): CodeIgniter\CodeIgniter->run()
#11 C:\wamp64\www\admin\system\Commands\Server\rewrite.php(47): require_once('C:\\wamp64\\www\\a...')
#12 {main}
CRITICAL - 2023-01-10 15:50:50 --> Unable to connect to the database.
Main connection [MySQLi]: Nenhuma conexão pôde ser feita porque a máquina de destino as recusou ativamente.

in SYSTEMPATH\Database\BaseConnection.php on line 418.
 1 SYSTEMPATH\Database\BaseConnection.php(561): CodeIgniter\Database\BaseConnection->initialize()
 2 SYSTEMPATH\Database\BaseBuilder.php(1585): CodeIgniter\Database\BaseConnection->query('SELECT *
FROM `usuarios`
WHERE `usuarios`.`deleted_at` IS NULL
AND `usuarios`.`id` = :usuarios.id:', [...], false)
 3 SYSTEMPATH\Model.php(199): CodeIgniter\Database\BaseBuilder->get()
 4 SYSTEMPATH\BaseModel.php(525): CodeIgniter\Model->doFind(true, 1)
 5 APPPATH\Models\UsuarioModel.php(24): CodeIgniter\BaseModel->find(1)
 6 APPPATH\Controllers\Admin\Usuarios.php(19): App\Models\UsuarioModel->get(1)
 7 SYSTEMPATH\CodeIgniter.php(925): App\Controllers\Admin\Usuarios->index()
 8 SYSTEMPATH\CodeIgniter.php(480): CodeIgniter\CodeIgniter->runController(Object(App\Controllers\Admin\Usuarios))
 9 SYSTEMPATH\CodeIgniter.php(349): CodeIgniter\CodeIgniter->handleRequest(null, Object(Config\Cache), false)
10 FCPATH\index.php(67): CodeIgniter\CodeIgniter->run()
11 SYSTEMPATH\Commands\Server\rewrite.php(47): require_once('FCPATH\\index.php')
ERROR - 2023-01-10 15:52:34 --> Error connecting to the database: mysqli_sql_exception: Nenhuma conexão pôde ser feita porque a máquina de destino as recusou ativamente.
 in C:\wamp64\www\admin\system\Database\MySQLi\Connection.php:171
Stack trace:
#0 C:\wamp64\www\admin\system\Database\MySQLi\Connection.php(171): mysqli->real_connect('localhost', 'root', '', 'admin', 3306, '', 0)
#1 C:\wamp64\www\admin\system\Database\BaseConnection.php(382): CodeIgniter\Database\MySQLi\Connection->connect(false)
#2 C:\wamp64\www\admin\system\Database\BaseConnection.php(561): CodeIgniter\Database\BaseConnection->initialize()
#3 C:\wamp64\www\admin\system\Database\BaseBuilder.php(1585): CodeIgniter\Database\BaseConnection->query('SELECT *\nFROM `...', Array, false)
#4 C:\wamp64\www\admin\system\Model.php(199): CodeIgniter\Database\BaseBuilder->get()
#5 C:\wamp64\www\admin\system\BaseModel.php(525): CodeIgniter\Model->doFind(true, '1')
#6 C:\wamp64\www\admin\app\Models\UsuarioModel.php(24): CodeIgniter\BaseModel->find('1')
#7 C:\wamp64\www\admin\app\Controllers\Admin\Usuarios.php(19): App\Models\UsuarioModel->get('1')
#8 C:\wamp64\www\admin\system\CodeIgniter.php(925): App\Controllers\Admin\Usuarios->index()
#9 C:\wamp64\www\admin\system\CodeIgniter.php(480): CodeIgniter\CodeIgniter->runController(Object(App\Controllers\Admin\Usuarios))
#10 C:\wamp64\www\admin\system\CodeIgniter.php(349): CodeIgniter\CodeIgniter->handleRequest(NULL, Object(Config\Cache), false)
#11 C:\wamp64\www\admin\public\index.php(67): CodeIgniter\CodeIgniter->run()
#12 C:\wamp64\www\admin\system\Commands\Server\rewrite.php(47): require_once('C:\\wamp64\\www\\a...')
#13 {main}

Next CodeIgniter\Database\Exceptions\DatabaseException: Nenhuma conexão pôde ser feita porque a máquina de destino as recusou ativamente.
 in C:\wamp64\www\admin\system\Database\MySQLi\Connection.php:215
Stack trace:
#0 C:\wamp64\www\admin\system\Database\BaseConnection.php(382): CodeIgniter\Database\MySQLi\Connection->connect(false)
#1 C:\wamp64\www\admin\system\Database\BaseConnection.php(561): CodeIgniter\Database\BaseConnection->initialize()
#2 C:\wamp64\www\admin\system\Database\BaseBuilder.php(1585): CodeIgniter\Database\BaseConnection->query('SELECT *\nFROM `...', Array, false)
#3 C:\wamp64\www\admin\system\Model.php(199): CodeIgniter\Database\BaseBuilder->get()
#4 C:\wamp64\www\admin\system\BaseModel.php(525): CodeIgniter\Model->doFind(true, '1')
#5 C:\wamp64\www\admin\app\Models\UsuarioModel.php(24): CodeIgniter\BaseModel->find('1')
#6 C:\wamp64\www\admin\app\Controllers\Admin\Usuarios.php(19): App\Models\UsuarioModel->get('1')
#7 C:\wamp64\www\admin\system\CodeIgniter.php(925): App\Controllers\Admin\Usuarios->index()
#8 C:\wamp64\www\admin\system\CodeIgniter.php(480): CodeIgniter\CodeIgniter->runController(Object(App\Controllers\Admin\Usuarios))
#9 C:\wamp64\www\admin\system\CodeIgniter.php(349): CodeIgniter\CodeIgniter->handleRequest(NULL, Object(Config\Cache), false)
#10 C:\wamp64\www\admin\public\index.php(67): CodeIgniter\CodeIgniter->run()
#11 C:\wamp64\www\admin\system\Commands\Server\rewrite.php(47): require_once('C:\\wamp64\\www\\a...')
#12 {main}
CRITICAL - 2023-01-10 15:52:34 --> Unable to connect to the database.
Main connection [MySQLi]: Nenhuma conexão pôde ser feita porque a máquina de destino as recusou ativamente.

in SYSTEMPATH\Database\BaseConnection.php on line 418.
 1 SYSTEMPATH\Database\BaseConnection.php(561): CodeIgniter\Database\BaseConnection->initialize()
 2 SYSTEMPATH\Database\BaseBuilder.php(1585): CodeIgniter\Database\BaseConnection->query('SELECT *
FROM `usuarios`
WHERE `usuarios`.`deleted_at` IS NULL
AND `usuarios`.`id` = :usuarios.id:', [...], false)
 3 SYSTEMPATH\Model.php(199): CodeIgniter\Database\BaseBuilder->get()
 4 SYSTEMPATH\BaseModel.php(525): CodeIgniter\Model->doFind(true, '1')
 5 APPPATH\Models\UsuarioModel.php(24): CodeIgniter\BaseModel->find('1')
 6 APPPATH\Controllers\Admin\Usuarios.php(19): App\Models\UsuarioModel->get('1')
 7 SYSTEMPATH\CodeIgniter.php(925): App\Controllers\Admin\Usuarios->index()
 8 SYSTEMPATH\CodeIgniter.php(480): CodeIgniter\CodeIgniter->runController(Object(App\Controllers\Admin\Usuarios))
 9 SYSTEMPATH\CodeIgniter.php(349): CodeIgniter\CodeIgniter->handleRequest(null, Object(Config\Cache), false)
10 FCPATH\index.php(67): CodeIgniter\CodeIgniter->run()
11 SYSTEMPATH\Commands\Server\rewrite.php(47): require_once('FCPATH\\index.php')
CRITICAL - 2023-01-10 15:57:19 --> syntax error, unexpected '$tableItem' (T_VARIABLE), expecting ';' or ','
in APPPATH\Views\admin\usuarios\index.php on line 66.
 1 SYSTEMPATH\View\View.php(216): CodeIgniter\View\View->CodeIgniter\View\{closure}()
 2 SYSTEMPATH\Common.php(1135): CodeIgniter\View\View->render('admin/usuarios/index.php', [], true)
 3 APPPATH\Controllers\Admin\Usuarios.php(24): view('admin/usuarios/index.php', [...])
 4 SYSTEMPATH\CodeIgniter.php(925): App\Controllers\Admin\Usuarios->index()
 5 SYSTEMPATH\CodeIgniter.php(480): CodeIgniter\CodeIgniter->runController(Object(App\Controllers\Admin\Usuarios))
 6 SYSTEMPATH\CodeIgniter.php(349): CodeIgniter\CodeIgniter->handleRequest(null, Object(Config\Cache), false)
 7 FCPATH\index.php(67): CodeIgniter\CodeIgniter->run()
 8 SYSTEMPATH\Commands\Server\rewrite.php(47): require_once('FCPATH\\index.php')
CRITICAL - 2023-01-10 15:57:24 --> syntax error, unexpected '$tableItem' (T_VARIABLE), expecting ';' or ','
in APPPATH\Views\admin\usuarios\index.php on line 66.
 1 SYSTEMPATH\View\View.php(216): CodeIgniter\View\View->CodeIgniter\View\{closure}()
 2 SYSTEMPATH\Common.php(1135): CodeIgniter\View\View->render('admin/usuarios/index.php', [], true)
 3 APPPATH\Controllers\Admin\Usuarios.php(24): view('admin/usuarios/index.php', [...])
 4 SYSTEMPATH\CodeIgniter.php(925): App\Controllers\Admin\Usuarios->index()
 5 SYSTEMPATH\CodeIgniter.php(480): CodeIgniter\CodeIgniter->runController(Object(App\Controllers\Admin\Usuarios))
 6 SYSTEMPATH\CodeIgniter.php(349): CodeIgniter\CodeIgniter->handleRequest(null, Object(Config\Cache), false)
 7 FCPATH\index.php(67): CodeIgniter\CodeIgniter->run()
 8 SYSTEMPATH\Commands\Server\rewrite.php(47): require_once('FCPATH\\index.php')
CRITICAL - 2023-01-10 16:53:50 --> Call to undefined method CodeIgniter\HTTP\IncomingRequest::postVar()
in APPPATH\Controllers\Admin\Usuarios.php on line 43.
 1 SYSTEMPATH\CodeIgniter.php(925): App\Controllers\Admin\Usuarios->save()
 2 SYSTEMPATH\CodeIgniter.php(480): CodeIgniter\CodeIgniter->runController(Object(App\Controllers\Admin\Usuarios))
 3 SYSTEMPATH\CodeIgniter.php(349): CodeIgniter\CodeIgniter->handleRequest(null, Object(Config\Cache), false)
 4 FCPATH\index.php(67): CodeIgniter\CodeIgniter->run()
 5 SYSTEMPATH\Commands\Server\rewrite.php(47): require_once('FCPATH\\index.php')
CRITICAL - 2023-01-10 16:56:46 --> Undefined variable: campos
in APPPATH\Views\admin\usuarios\create.php on line 44.
 1 APPPATH\Views\admin\usuarios\create.php(44): CodeIgniter\Debug\Exceptions->errorHandler(8, 'Undefined variable: campos', 'APPPATH\\Views\\admin\\usuarios\\create.php', 44, [])
 2 SYSTEMPATH\View\View.php(213): include('APPPATH\\Views\\admin\\usuarios\\create.php')
 3 SYSTEMPATH\View\View.php(216): CodeIgniter\View\View->CodeIgniter\View\{closure}()
 4 SYSTEMPATH\Common.php(1135): CodeIgniter\View\View->render('admin/usuarios/create.php', [], true)
 5 APPPATH\Controllers\Admin\Usuarios.php(34): view('admin/usuarios/create.php')
 6 SYSTEMPATH\CodeIgniter.php(925): App\Controllers\Admin\Usuarios->create()
 7 SYSTEMPATH\CodeIgniter.php(480): CodeIgniter\CodeIgniter->runController(Object(App\Controllers\Admin\Usuarios))
 8 SYSTEMPATH\CodeIgniter.php(349): CodeIgniter\CodeIgniter->handleRequest(null, Object(Config\Cache), false)
 9 FCPATH\index.php(67): CodeIgniter\CodeIgniter->run()
10 SYSTEMPATH\Commands\Server\rewrite.php(47): require_once('FCPATH\\index.php')
CRITICAL - 2023-01-10 16:56:48 --> Undefined variable: campos
in APPPATH\Views\admin\usuarios\create.php on line 44.
 1 APPPATH\Views\admin\usuarios\create.php(44): CodeIgniter\Debug\Exceptions->errorHandler(8, 'Undefined variable: campos', 'APPPATH\\Views\\admin\\usuarios\\create.php', 44, [])
 2 SYSTEMPATH\View\View.php(213): include('APPPATH\\Views\\admin\\usuarios\\create.php')
 3 SYSTEMPATH\View\View.php(216): CodeIgniter\View\View->CodeIgniter\View\{closure}()
 4 SYSTEMPATH\Common.php(1135): CodeIgniter\View\View->render('admin/usuarios/create.php', [], true)
 5 APPPATH\Controllers\Admin\Usuarios.php(34): view('admin/usuarios/create.php')
 6 SYSTEMPATH\CodeIgniter.php(925): App\Controllers\Admin\Usuarios->create()
 7 SYSTEMPATH\CodeIgniter.php(480): CodeIgniter\CodeIgniter->runController(Object(App\Controllers\Admin\Usuarios))
 8 SYSTEMPATH\CodeIgniter.php(349): CodeIgniter\CodeIgniter->handleRequest(null, Object(Config\Cache), false)
 9 FCPATH\index.php(67): CodeIgniter\CodeIgniter->run()
10 SYSTEMPATH\Commands\Server\rewrite.php(47): require_once('FCPATH\\index.php')
CRITICAL - 2023-01-10 16:57:54 --> syntax error, unexpected '}'
in APPPATH\Views\admin\usuarios\create.php on line 47.
 1 SYSTEMPATH\View\View.php(216): CodeIgniter\View\View->CodeIgniter\View\{closure}()
 2 SYSTEMPATH\Common.php(1135): CodeIgniter\View\View->render('admin/usuarios/create.php', [], true)
 3 APPPATH\Controllers\Admin\Usuarios.php(34): view('admin/usuarios/create.php')
 4 SYSTEMPATH\CodeIgniter.php(925): App\Controllers\Admin\Usuarios->create()
 5 SYSTEMPATH\CodeIgniter.php(480): CodeIgniter\CodeIgniter->runController(Object(App\Controllers\Admin\Usuarios))
 6 SYSTEMPATH\CodeIgniter.php(349): CodeIgniter\CodeIgniter->handleRequest(null, Object(Config\Cache), false)
 7 FCPATH\index.php(67): CodeIgniter\CodeIgniter->run()
 8 SYSTEMPATH\Commands\Server\rewrite.php(47): require_once('FCPATH\\index.php')
CRITICAL - 2023-01-10 16:57:57 --> syntax error, unexpected '}'
in APPPATH\Views\admin\usuarios\create.php on line 47.
 1 SYSTEMPATH\View\View.php(216): CodeIgniter\View\View->CodeIgniter\View\{closure}()
 2 SYSTEMPATH\Common.php(1135): CodeIgniter\View\View->render('admin/usuarios/create.php', [], true)
 3 APPPATH\Controllers\Admin\Usuarios.php(34): view('admin/usuarios/create.php')
 4 SYSTEMPATH\CodeIgniter.php(925): App\Controllers\Admin\Usuarios->create()
 5 SYSTEMPATH\CodeIgniter.php(480): CodeIgniter\CodeIgniter->runController(Object(App\Controllers\Admin\Usuarios))
 6 SYSTEMPATH\CodeIgniter.php(349): CodeIgniter\CodeIgniter->handleRequest(null, Object(Config\Cache), false)
 7 FCPATH\index.php(67): CodeIgniter\CodeIgniter->run()
 8 SYSTEMPATH\Commands\Server\rewrite.php(47): require_once('FCPATH\\index.php')
CRITICAL - 2023-01-10 17:04:52 --> Undefined variable: data
in APPPATH\Views\admin\usuarios\create.php on line 38.
 1 APPPATH\Views\admin\usuarios\create.php(38): CodeIgniter\Debug\Exceptions->errorHandler(8, 'Undefined variable: data', 'APPPATH\\Views\\admin\\usuarios\\create.php', 38, [...])
 2 SYSTEMPATH\View\View.php(213): include('APPPATH\\Views\\admin\\usuarios\\create.php')
 3 SYSTEMPATH\View\View.php(216): CodeIgniter\View\View->CodeIgniter\View\{closure}()
 4 SYSTEMPATH\Common.php(1135): CodeIgniter\View\View->render('admin/usuarios/create.php', [], true)
 5 APPPATH\Controllers\Admin\Usuarios.php(37): view('admin/usuarios/create.php', [...])
 6 SYSTEMPATH\CodeIgniter.php(925): App\Controllers\Admin\Usuarios->create()
 7 SYSTEMPATH\CodeIgniter.php(480): CodeIgniter\CodeIgniter->runController(Object(App\Controllers\Admin\Usuarios))
 8 SYSTEMPATH\CodeIgniter.php(349): CodeIgniter\CodeIgniter->handleRequest(null, Object(Config\Cache), false)
 9 FCPATH\index.php(67): CodeIgniter\CodeIgniter->run()
10 SYSTEMPATH\Commands\Server\rewrite.php(47): require_once('FCPATH\\index.php')
CRITICAL - 2023-01-10 17:05:08 --> Undefined variable: data
in APPPATH\Views\admin\usuarios\create.php on line 41.
 1 APPPATH\Views\admin\usuarios\create.php(41): CodeIgniter\Debug\Exceptions->errorHandler(8, 'Undefined variable: data', 'APPPATH\\Views\\admin\\usuarios\\create.php', 41, [...])
 2 SYSTEMPATH\View\View.php(213): include('APPPATH\\Views\\admin\\usuarios\\create.php')
 3 SYSTEMPATH\View\View.php(216): CodeIgniter\View\View->CodeIgniter\View\{closure}()
 4 SYSTEMPATH\Common.php(1135): CodeIgniter\View\View->render('admin/usuarios/create.php', [], true)
 5 APPPATH\Controllers\Admin\Usuarios.php(37): view('admin/usuarios/create.php', [...])
 6 SYSTEMPATH\CodeIgniter.php(925): App\Controllers\Admin\Usuarios->create()
 7 SYSTEMPATH\CodeIgniter.php(480): CodeIgniter\CodeIgniter->runController(Object(App\Controllers\Admin\Usuarios))
 8 SYSTEMPATH\CodeIgniter.php(349): CodeIgniter\CodeIgniter->handleRequest(null, Object(Config\Cache), false)
 9 FCPATH\index.php(67): CodeIgniter\CodeIgniter->run()
10 SYSTEMPATH\Commands\Server\rewrite.php(47): require_once('FCPATH\\index.php')
CRITICAL - 2023-01-10 17:05:32 --> syntax error, unexpected 'var_dump' (T_STRING), expecting ';' or ','
in APPPATH\Views\admin\usuarios\create.php on line 41.
 1 SYSTEMPATH\View\View.php(216): CodeIgniter\View\View->CodeIgniter\View\{closure}()
 2 SYSTEMPATH\Common.php(1135): CodeIgniter\View\View->render('admin/usuarios/create.php', [], true)
 3 APPPATH\Controllers\Admin\Usuarios.php(37): view('admin/usuarios/create.php', [...])
 4 SYSTEMPATH\CodeIgniter.php(925): App\Controllers\Admin\Usuarios->create()
 5 SYSTEMPATH\CodeIgniter.php(480): CodeIgniter\CodeIgniter->runController(Object(App\Controllers\Admin\Usuarios))
 6 SYSTEMPATH\CodeIgniter.php(349): CodeIgniter\CodeIgniter->handleRequest(null, Object(Config\Cache), false)
 7 FCPATH\index.php(67): CodeIgniter\CodeIgniter->run()
 8 SYSTEMPATH\Commands\Server\rewrite.php(47): require_once('FCPATH\\index.php')
CRITICAL - 2023-01-10 17:05:35 --> syntax error, unexpected 'var_dump' (T_STRING), expecting ';' or ','
in APPPATH\Views\admin\usuarios\create.php on line 41.
 1 SYSTEMPATH\View\View.php(216): CodeIgniter\View\View->CodeIgniter\View\{closure}()
 2 SYSTEMPATH\Common.php(1135): CodeIgniter\View\View->render('admin/usuarios/create.php', [], true)
 3 APPPATH\Controllers\Admin\Usuarios.php(37): view('admin/usuarios/create.php', [...])
 4 SYSTEMPATH\CodeIgniter.php(925): App\Controllers\Admin\Usuarios->create()
 5 SYSTEMPATH\CodeIgniter.php(480): CodeIgniter\CodeIgniter->runController(Object(App\Controllers\Admin\Usuarios))
 6 SYSTEMPATH\CodeIgniter.php(349): CodeIgniter\CodeIgniter->handleRequest(null, Object(Config\Cache), false)
 7 FCPATH\index.php(67): CodeIgniter\CodeIgniter->run()
 8 SYSTEMPATH\Commands\Server\rewrite.php(47): require_once('FCPATH\\index.php')
CRITICAL - 2023-01-10 17:06:55 --> Undefined variable: data
in APPPATH\Views\admin\usuarios\create.php on line 39.
 1 APPPATH\Views\admin\usuarios\create.php(39): CodeIgniter\Debug\Exceptions->errorHandler(8, 'Undefined variable: data', 'APPPATH\\Views\\admin\\usuarios\\create.php', 39, [...])
 2 SYSTEMPATH\View\View.php(213): include('APPPATH\\Views\\admin\\usuarios\\create.php')
 3 SYSTEMPATH\View\View.php(216): CodeIgniter\View\View->CodeIgniter\View\{closure}()
 4 SYSTEMPATH\Common.php(1135): CodeIgniter\View\View->render('admin/usuarios/create.php', [], true)
 5 APPPATH\Controllers\Admin\Usuarios.php(37): view('admin/usuarios/create.php', [...])
 6 SYSTEMPATH\CodeIgniter.php(925): App\Controllers\Admin\Usuarios->create()
 7 SYSTEMPATH\CodeIgniter.php(480): CodeIgniter\CodeIgniter->runController(Object(App\Controllers\Admin\Usuarios))
 8 SYSTEMPATH\CodeIgniter.php(349): CodeIgniter\CodeIgniter->handleRequest(null, Object(Config\Cache), false)
 9 FCPATH\index.php(67): CodeIgniter\CodeIgniter->run()
10 SYSTEMPATH\Commands\Server\rewrite.php(47): require_once('FCPATH\\index.php')
CRITICAL - 2023-01-10 17:07:02 --> Undefined variable: campos
in APPPATH\Views\admin\usuarios\create.php on line 39.
 1 APPPATH\Views\admin\usuarios\create.php(39): CodeIgniter\Debug\Exceptions->errorHandler(8, 'Undefined variable: campos', 'APPPATH\\Views\\admin\\usuarios\\create.php', 39, [...])
 2 SYSTEMPATH\View\View.php(213): include('APPPATH\\Views\\admin\\usuarios\\create.php')
 3 SYSTEMPATH\View\View.php(216): CodeIgniter\View\View->CodeIgniter\View\{closure}()
 4 SYSTEMPATH\Common.php(1135): CodeIgniter\View\View->render('admin/usuarios/create.php', [], true)
 5 APPPATH\Controllers\Admin\Usuarios.php(37): view('admin/usuarios/create.php', [...])
 6 SYSTEMPATH\CodeIgniter.php(925): App\Controllers\Admin\Usuarios->create()
 7 SYSTEMPATH\CodeIgniter.php(480): CodeIgniter\CodeIgniter->runController(Object(App\Controllers\Admin\Usuarios))
 8 SYSTEMPATH\CodeIgniter.php(349): CodeIgniter\CodeIgniter->handleRequest(null, Object(Config\Cache), false)
 9 FCPATH\index.php(67): CodeIgniter\CodeIgniter->run()
10 SYSTEMPATH\Commands\Server\rewrite.php(47): require_once('FCPATH\\index.php')
CRITICAL - 2023-01-10 17:07:07 --> Undefined variable: lucas
in APPPATH\Views\admin\usuarios\create.php on line 39.
 1 APPPATH\Views\admin\usuarios\create.php(39): CodeIgniter\Debug\Exceptions->errorHandler(8, 'Undefined variable: lucas', 'APPPATH\\Views\\admin\\usuarios\\create.php', 39, [...])
 2 SYSTEMPATH\View\View.php(213): include('APPPATH\\Views\\admin\\usuarios\\create.php')
 3 SYSTEMPATH\View\View.php(216): CodeIgniter\View\View->CodeIgniter\View\{closure}()
 4 SYSTEMPATH\Common.php(1135): CodeIgniter\View\View->render('admin/usuarios/create.php', [], true)
 5 APPPATH\Controllers\Admin\Usuarios.php(37): view('admin/usuarios/create.php', [...])
 6 SYSTEMPATH\CodeIgniter.php(925): App\Controllers\Admin\Usuarios->create()
 7 SYSTEMPATH\CodeIgniter.php(480): CodeIgniter\CodeIgniter->runController(Object(App\Controllers\Admin\Usuarios))
 8 SYSTEMPATH\CodeIgniter.php(349): CodeIgniter\CodeIgniter->handleRequest(null, Object(Config\Cache), false)
 9 FCPATH\index.php(67): CodeIgniter\CodeIgniter->run()
10 SYSTEMPATH\Commands\Server\rewrite.php(47): require_once('FCPATH\\index.php')
CRITICAL - 2023-01-10 17:07:16 --> Undefined variable: Lucas
in APPPATH\Views\admin\usuarios\create.php on line 39.
 1 APPPATH\Views\admin\usuarios\create.php(39): CodeIgniter\Debug\Exceptions->errorHandler(8, 'Undefined variable: Lucas', 'APPPATH\\Views\\admin\\usuarios\\create.php', 39, [...])
 2 SYSTEMPATH\View\View.php(213): include('APPPATH\\Views\\admin\\usuarios\\create.php')
 3 SYSTEMPATH\View\View.php(216): CodeIgniter\View\View->CodeIgniter\View\{closure}()
 4 SYSTEMPATH\Common.php(1135): CodeIgniter\View\View->render('admin/usuarios/create.php', [], true)
 5 APPPATH\Controllers\Admin\Usuarios.php(37): view('admin/usuarios/create.php', [...])
 6 SYSTEMPATH\CodeIgniter.php(925): App\Controllers\Admin\Usuarios->create()
 7 SYSTEMPATH\CodeIgniter.php(480): CodeIgniter\CodeIgniter->runController(Object(App\Controllers\Admin\Usuarios))
 8 SYSTEMPATH\CodeIgniter.php(349): CodeIgniter\CodeIgniter->handleRequest(null, Object(Config\Cache), false)
 9 FCPATH\index.php(67): CodeIgniter\CodeIgniter->run()
10 SYSTEMPATH\Commands\Server\rewrite.php(47): require_once('FCPATH\\index.php')
CRITICAL - 2023-01-10 17:07:56 --> Undefined variable: nome
in APPPATH\Views\admin\usuarios\create.php on line 39.
 1 APPPATH\Views\admin\usuarios\create.php(39): CodeIgniter\Debug\Exceptions->errorHandler(8, 'Undefined variable: nome', 'APPPATH\\Views\\admin\\usuarios\\create.php', 39, [...])
 2 SYSTEMPATH\View\View.php(213): include('APPPATH\\Views\\admin\\usuarios\\create.php')
 3 SYSTEMPATH\View\View.php(216): CodeIgniter\View\View->CodeIgniter\View\{closure}()
 4 SYSTEMPATH\Common.php(1135): CodeIgniter\View\View->render('admin/usuarios/create.php', [], true)
 5 APPPATH\Controllers\Admin\Usuarios.php(37): view('admin/usuarios/create.php', [...])
 6 SYSTEMPATH\CodeIgniter.php(925): App\Controllers\Admin\Usuarios->create()
 7 SYSTEMPATH\CodeIgniter.php(480): CodeIgniter\CodeIgniter->runController(Object(App\Controllers\Admin\Usuarios))
 8 SYSTEMPATH\CodeIgniter.php(349): CodeIgniter\CodeIgniter->handleRequest(null, Object(Config\Cache), false)
 9 FCPATH\index.php(67): CodeIgniter\CodeIgniter->run()
10 SYSTEMPATH\Commands\Server\rewrite.php(47): require_once('FCPATH\\index.php')
CRITICAL - 2023-01-10 17:08:00 --> Undefined variable: nome
in APPPATH\Views\admin\usuarios\create.php on line 39.
 1 APPPATH\Views\admin\usuarios\create.php(39): CodeIgniter\Debug\Exceptions->errorHandler(8, 'Undefined variable: nome', 'APPPATH\\Views\\admin\\usuarios\\create.php', 39, [...])
 2 SYSTEMPATH\View\View.php(213): include('APPPATH\\Views\\admin\\usuarios\\create.php')
 3 SYSTEMPATH\View\View.php(216): CodeIgniter\View\View->CodeIgniter\View\{closure}()
 4 SYSTEMPATH\Common.php(1135): CodeIgniter\View\View->render('admin/usuarios/create.php', [], true)
 5 APPPATH\Controllers\Admin\Usuarios.php(37): view('admin/usuarios/create.php', [...])
 6 SYSTEMPATH\CodeIgniter.php(925): App\Controllers\Admin\Usuarios->create()
 7 SYSTEMPATH\CodeIgniter.php(480): CodeIgniter\CodeIgniter->runController(Object(App\Controllers\Admin\Usuarios))
 8 SYSTEMPATH\CodeIgniter.php(349): CodeIgniter\CodeIgniter->handleRequest(null, Object(Config\Cache), false)
 9 FCPATH\index.php(67): CodeIgniter\CodeIgniter->run()
10 SYSTEMPATH\Commands\Server\rewrite.php(47): require_once('FCPATH\\index.php')
CRITICAL - 2023-01-10 17:08:33 --> Undefined variable: nome
in APPPATH\Views\admin\usuarios\create.php on line 39.
 1 APPPATH\Views\admin\usuarios\create.php(39): CodeIgniter\Debug\Exceptions->errorHandler(8, 'Undefined variable: nome', 'APPPATH\\Views\\admin\\usuarios\\create.php', 39, [...])
 2 SYSTEMPATH\View\View.php(213): include('APPPATH\\Views\\admin\\usuarios\\create.php')
 3 SYSTEMPATH\View\View.php(216): CodeIgniter\View\View->CodeIgniter\View\{closure}()
 4 SYSTEMPATH\Common.php(1135): CodeIgniter\View\View->render('admin/usuarios/create.php', [], true)
 5 APPPATH\Controllers\Admin\Usuarios.php(37): view('admin/usuarios/create.php', [...])
 6 SYSTEMPATH\CodeIgniter.php(925): App\Controllers\Admin\Usuarios->create()
 7 SYSTEMPATH\CodeIgniter.php(480): CodeIgniter\CodeIgniter->runController(Object(App\Controllers\Admin\Usuarios))
 8 SYSTEMPATH\CodeIgniter.php(349): CodeIgniter\CodeIgniter->handleRequest(null, Object(Config\Cache), false)
 9 FCPATH\index.php(67): CodeIgniter\CodeIgniter->run()
10 SYSTEMPATH\Commands\Server\rewrite.php(47): require_once('FCPATH\\index.php')
CRITICAL - 2023-01-10 17:09:50 --> syntax error, unexpected 'var_dump' (T_STRING), expecting ';' or ','
in APPPATH\Controllers\Admin\Usuarios.php on line 55.
 1 SYSTEMPATH\Autoloader\Autoloader.php(260): CodeIgniter\Autoloader\Autoloader->includeFile('APPPATH\\Controllers\\Admin\\Usuarios.php')
 2 SYSTEMPATH\Autoloader\Autoloader.php(238): CodeIgniter\Autoloader\Autoloader->loadInNamespace('App\\Controllers\\Admin\\Usuarios')
 3 [internal function]: CodeIgniter\Autoloader\Autoloader->loadClass('App\\Controllers\\Admin\\Usuarios')
 4 [internal function]: spl_autoload_call('App\\Controllers\\Admin\\Usuarios')
 5 SYSTEMPATH\CodeIgniter.php(875): class_exists('\\App\\Controllers\\Admin\\Usuarios', true)
 6 SYSTEMPATH\CodeIgniter.php(467): CodeIgniter\CodeIgniter->startController()
 7 SYSTEMPATH\CodeIgniter.php(349): CodeIgniter\CodeIgniter->handleRequest(null, Object(Config\Cache), false)
 8 FCPATH\index.php(67): CodeIgniter\CodeIgniter->run()
 9 SYSTEMPATH\Commands\Server\rewrite.php(47): require_once('FCPATH\\index.php')
CRITICAL - 2023-01-10 17:19:31 --> Undefined variable: table
in APPPATH\Views\admin\usuarios\create.php on line 39.
 1 APPPATH\Views\admin\usuarios\create.php(39): CodeIgniter\Debug\Exceptions->errorHandler(8, 'Undefined variable: table', 'APPPATH\\Views\\admin\\usuarios\\create.php', 39, [...])
 2 SYSTEMPATH\View\View.php(213): include('APPPATH\\Views\\admin\\usuarios\\create.php')
 3 SYSTEMPATH\View\View.php(216): CodeIgniter\View\View->CodeIgniter\View\{closure}()
 4 SYSTEMPATH\Common.php(1135): CodeIgniter\View\View->render('admin/usuarios/create.php', [], true)
 5 APPPATH\Controllers\Admin\Usuarios.php(61): view('admin/usuarios/create.php', [...])
 6 SYSTEMPATH\CodeIgniter.php(925): App\Controllers\Admin\Usuarios->save()
 7 SYSTEMPATH\CodeIgniter.php(480): CodeIgniter\CodeIgniter->runController(Object(App\Controllers\Admin\Usuarios))
 8 SYSTEMPATH\CodeIgniter.php(349): CodeIgniter\CodeIgniter->handleRequest(null, Object(Config\Cache), false)
 9 FCPATH\index.php(67): CodeIgniter\CodeIgniter->run()
10 SYSTEMPATH\Commands\Server\rewrite.php(47): require_once('FCPATH\\index.php')
CRITICAL - 2023-01-10 17:19:38 --> Undefined variable: table
in APPPATH\Views\admin\usuarios\create.php on line 39.
 1 APPPATH\Views\admin\usuarios\create.php(39): CodeIgniter\Debug\Exceptions->errorHandler(8, 'Undefined variable: table', 'APPPATH\\Views\\admin\\usuarios\\create.php', 39, [...])
 2 SYSTEMPATH\View\View.php(213): include('APPPATH\\Views\\admin\\usuarios\\create.php')
 3 SYSTEMPATH\View\View.php(216): CodeIgniter\View\View->CodeIgniter\View\{closure}()
 4 SYSTEMPATH\Common.php(1135): CodeIgniter\View\View->render('admin/usuarios/create.php', [], true)
 5 APPPATH\Controllers\Admin\Usuarios.php(61): view('admin/usuarios/create.php', [...])
 6 SYSTEMPATH\CodeIgniter.php(925): App\Controllers\Admin\Usuarios->save()
 7 SYSTEMPATH\CodeIgniter.php(480): CodeIgniter\CodeIgniter->runController(Object(App\Controllers\Admin\Usuarios))
 8 SYSTEMPATH\CodeIgniter.php(349): CodeIgniter\CodeIgniter->handleRequest(null, Object(Config\Cache), false)
 9 FCPATH\index.php(67): CodeIgniter\CodeIgniter->run()
10 SYSTEMPATH\Commands\Server\rewrite.php(47): require_once('FCPATH\\index.php')
CRITICAL - 2023-01-10 17:20:19 --> Undefined variable: login
in APPPATH\Views\admin\usuarios\create.php on line 39.
 1 APPPATH\Views\admin\usuarios\create.php(39): CodeIgniter\Debug\Exceptions->errorHandler(8, 'Undefined variable: login', 'APPPATH\\Views\\admin\\usuarios\\create.php', 39, [...])
 2 SYSTEMPATH\View\View.php(213): include('APPPATH\\Views\\admin\\usuarios\\create.php')
 3 SYSTEMPATH\View\View.php(216): CodeIgniter\View\View->CodeIgniter\View\{closure}()
 4 SYSTEMPATH\Common.php(1135): CodeIgniter\View\View->render('admin/usuarios/create.php', [], true)
 5 APPPATH\Controllers\Admin\Usuarios.php(37): view('admin/usuarios/create.php', [...])
 6 SYSTEMPATH\CodeIgniter.php(925): App\Controllers\Admin\Usuarios->create()
 7 SYSTEMPATH\CodeIgniter.php(480): CodeIgniter\CodeIgniter->runController(Object(App\Controllers\Admin\Usuarios))
 8 SYSTEMPATH\CodeIgniter.php(349): CodeIgniter\CodeIgniter->handleRequest(null, Object(Config\Cache), false)
 9 FCPATH\index.php(67): CodeIgniter\CodeIgniter->run()
10 SYSTEMPATH\Commands\Server\rewrite.php(47): require_once('FCPATH\\index.php')
CRITICAL - 2023-01-10 17:20:57 --> Undefined variable: login
in APPPATH\Views\admin\usuarios\create.php on line 39.
 1 APPPATH\Views\admin\usuarios\create.php(39): CodeIgniter\Debug\Exceptions->errorHandler(8, 'Undefined variable: login', 'APPPATH\\Views\\admin\\usuarios\\create.php', 39, [...])
 2 SYSTEMPATH\View\View.php(213): include('APPPATH\\Views\\admin\\usuarios\\create.php')
 3 SYSTEMPATH\View\View.php(216): CodeIgniter\View\View->CodeIgniter\View\{closure}()
 4 SYSTEMPATH\Common.php(1135): CodeIgniter\View\View->render('admin/usuarios/create.php', [], true)
 5 APPPATH\Controllers\Admin\Usuarios.php(37): view('admin/usuarios/create.php', [...])
 6 SYSTEMPATH\CodeIgniter.php(925): App\Controllers\Admin\Usuarios->create()
 7 SYSTEMPATH\CodeIgniter.php(480): CodeIgniter\CodeIgniter->runController(Object(App\Controllers\Admin\Usuarios))
 8 SYSTEMPATH\CodeIgniter.php(349): CodeIgniter\CodeIgniter->handleRequest(null, Object(Config\Cache), false)
 9 FCPATH\index.php(67): CodeIgniter\CodeIgniter->run()
10 SYSTEMPATH\Commands\Server\rewrite.php(47): require_once('FCPATH\\index.php')
CRITICAL - 2023-01-10 17:21:09 --> Undefined variable: login
in APPPATH\Views\admin\usuarios\create.php on line 39.
 1 APPPATH\Views\admin\usuarios\create.php(39): CodeIgniter\Debug\Exceptions->errorHandler(8, 'Undefined variable: login', 'APPPATH\\Views\\admin\\usuarios\\create.php', 39, [...])
 2 SYSTEMPATH\View\View.php(213): include('APPPATH\\Views\\admin\\usuarios\\create.php')
 3 SYSTEMPATH\View\View.php(216): CodeIgniter\View\View->CodeIgniter\View\{closure}()
 4 SYSTEMPATH\Common.php(1135): CodeIgniter\View\View->render('admin/usuarios/create.php', [], true)
 5 APPPATH\Controllers\Admin\Usuarios.php(37): view('admin/usuarios/create.php', [...])
 6 SYSTEMPATH\CodeIgniter.php(925): App\Controllers\Admin\Usuarios->create()
 7 SYSTEMPATH\CodeIgniter.php(480): CodeIgniter\CodeIgniter->runController(Object(App\Controllers\Admin\Usuarios))
 8 SYSTEMPATH\CodeIgniter.php(349): CodeIgniter\CodeIgniter->handleRequest(null, Object(Config\Cache), false)
 9 FCPATH\index.php(67): CodeIgniter\CodeIgniter->run()
10 SYSTEMPATH\Commands\Server\rewrite.php(47): require_once('FCPATH\\index.php')
CRITICAL - 2023-01-10 17:43:58 --> Call to undefined function App\Controllers\Admin\save()
in APPPATH\Controllers\Admin\Usuarios.php on line 34.
 1 SYSTEMPATH\CodeIgniter.php(925): App\Controllers\Admin\Usuarios->create()
 2 SYSTEMPATH\CodeIgniter.php(480): CodeIgniter\CodeIgniter->runController(Object(App\Controllers\Admin\Usuarios))
 3 SYSTEMPATH\CodeIgniter.php(349): CodeIgniter\CodeIgniter->handleRequest(null, Object(Config\Cache), false)
 4 FCPATH\index.php(67): CodeIgniter\CodeIgniter->run()
 5 SYSTEMPATH\Commands\Server\rewrite.php(47): require_once('FCPATH\\index.php')
CRITICAL - 2023-01-10 17:51:32 --> syntax error, unexpected '}', expecting ';'
in APPPATH\Controllers\Admin\Usuarios.php on line 62.
 1 SYSTEMPATH\Autoloader\Autoloader.php(260): CodeIgniter\Autoloader\Autoloader->includeFile('APPPATH\\Controllers\\Admin\\Usuarios.php')
 2 SYSTEMPATH\Autoloader\Autoloader.php(238): CodeIgniter\Autoloader\Autoloader->loadInNamespace('App\\Controllers\\Admin\\Usuarios')
 3 [internal function]: CodeIgniter\Autoloader\Autoloader->loadClass('App\\Controllers\\Admin\\Usuarios')
 4 [internal function]: spl_autoload_call('App\\Controllers\\Admin\\Usuarios')
 5 SYSTEMPATH\CodeIgniter.php(875): class_exists('\\App\\Controllers\\Admin\\Usuarios', true)
 6 SYSTEMPATH\CodeIgniter.php(467): CodeIgniter\CodeIgniter->startController()
 7 SYSTEMPATH\CodeIgniter.php(349): CodeIgniter\CodeIgniter->handleRequest(null, Object(Config\Cache), false)
 8 FCPATH\index.php(67): CodeIgniter\CodeIgniter->run()
 9 SYSTEMPATH\Commands\Server\rewrite.php(47): require_once('FCPATH\\index.php')
CRITICAL - 2023-01-10 17:51:52 --> Undefined variable: save
in APPPATH\Controllers\Admin\Usuarios.php on line 37.
 1 APPPATH\Controllers\Admin\Usuarios.php(37): CodeIgniter\Debug\Exceptions->errorHandler(8, 'Undefined variable: save', 'APPPATH\\Controllers\\Admin\\Usuarios.php', 37, [...])
 2 SYSTEMPATH\CodeIgniter.php(925): App\Controllers\Admin\Usuarios->create()
 3 SYSTEMPATH\CodeIgniter.php(480): CodeIgniter\CodeIgniter->runController(Object(App\Controllers\Admin\Usuarios))
 4 SYSTEMPATH\CodeIgniter.php(349): CodeIgniter\CodeIgniter->handleRequest(null, Object(Config\Cache), false)
 5 FCPATH\index.php(67): CodeIgniter\CodeIgniter->run()
 6 SYSTEMPATH\Commands\Server\rewrite.php(47): require_once('FCPATH\\index.php')
CRITICAL - 2023-01-10 17:52:20 --> Argument 2 passed to view() must be of the type array, string given, called in C:\wamp64\www\admin\app\Controllers\Admin\Usuarios.php on line 49
in SYSTEMPATH\Common.php on line 1121.
 1 APPPATH\Controllers\Admin\Usuarios.php(49): view('admin/usuarios/create.php', 'houve um erro')
 2 SYSTEMPATH\CodeIgniter.php(925): App\Controllers\Admin\Usuarios->create()
 3 SYSTEMPATH\CodeIgniter.php(480): CodeIgniter\CodeIgniter->runController(Object(App\Controllers\Admin\Usuarios))
 4 SYSTEMPATH\CodeIgniter.php(349): CodeIgniter\CodeIgniter->handleRequest(null, Object(Config\Cache), false)
 5 FCPATH\index.php(67): CodeIgniter\CodeIgniter->run()
 6 SYSTEMPATH\Commands\Server\rewrite.php(47): require_once('FCPATH\\index.php')
