CRITICAL - 2023-01-23 12:22:12 --> date() expects at least 1 parameter, 0 given
in APPPATH\Views\admin\noticias\create.php on line 163.
 1 [internal function]: CodeIgniter\Debug\Exceptions->errorHandler(2, 'date() expects at least 1 parameter, 0 given', 'APPPATH\\Views\\admin\\noticias\\create.php', 163, [...])
 2 APPPATH\Views\admin\noticias\create.php(163): date()
 3 SYSTEMPATH\View\View.php(213): include('APPPATH\\Views\\admin\\noticias\\create.php')
 4 SYSTEMPATH\View\View.php(216): CodeIgniter\View\View->CodeIgniter\View\{closure}()
 5 SYSTEMPATH\Common.php(1135): CodeIgniter\View\View->render('admin/noticias/create.php', [], true)
 6 APPPATH\Controllers\Admin\Noticias.php(93): view('admin/noticias/create.php')
 7 SYSTEMPATH\CodeIgniter.php(925): App\Controllers\Admin\Noticias->create()
 8 SYSTEMPATH\CodeIgniter.php(480): CodeIgniter\CodeIgniter->runController(Object(App\Controllers\Admin\Noticias))
 9 SYSTEMPATH\CodeIgniter.php(349): CodeIgniter\CodeIgniter->handleRequest(null, Object(Config\Cache), false)
10 FCPATH\index.php(67): CodeIgniter\CodeIgniter->run()
CRITICAL - 2023-01-23 12:23:43 --> Use of undefined constant today - assumed 'today' (this will throw an Error in a future version of PHP)
in APPPATH\Views\admin\noticias\create.php on line 163.
 1 APPPATH\Views\admin\noticias\create.php(163): CodeIgniter\Debug\Exceptions->errorHandler(2, 'Use of undefined constant today - assumed \'today\' (this will throw an Error in a future version of PHP)', 'APPPATH\\Views\\admin\\noticias\\create.php', 163, [...])
 2 SYSTEMPATH\View\View.php(213): include('APPPATH\\Views\\admin\\noticias\\create.php')
 3 SYSTEMPATH\View\View.php(216): CodeIgniter\View\View->CodeIgniter\View\{closure}()
 4 SYSTEMPATH\Common.php(1135): CodeIgniter\View\View->render('admin/noticias/create.php', [], true)
 5 APPPATH\Controllers\Admin\Noticias.php(93): view('admin/noticias/create.php')
 6 SYSTEMPATH\CodeIgniter.php(925): App\Controllers\Admin\Noticias->create()
 7 SYSTEMPATH\CodeIgniter.php(480): CodeIgniter\CodeIgniter->runController(Object(App\Controllers\Admin\Noticias))
 8 SYSTEMPATH\CodeIgniter.php(349): CodeIgniter\CodeIgniter->handleRequest(null, Object(Config\Cache), false)
 9 FCPATH\index.php(67): CodeIgniter\CodeIgniter->run()
CRITICAL - 2023-01-23 12:27:02 --> date() expects at least 1 parameter, 0 given
in APPPATH\Views\admin\noticias\create.php on line 162.
 1 [internal function]: CodeIgniter\Debug\Exceptions->errorHandler(2, 'date() expects at least 1 parameter, 0 given', 'APPPATH\\Views\\admin\\noticias\\create.php', 162, [...])
 2 APPPATH\Views\admin\noticias\create.php(162): date()
 3 SYSTEMPATH\View\View.php(213): include('APPPATH\\Views\\admin\\noticias\\create.php')
 4 SYSTEMPATH\View\View.php(216): CodeIgniter\View\View->CodeIgniter\View\{closure}()
 5 SYSTEMPATH\Common.php(1135): CodeIgniter\View\View->render('admin/noticias/create.php', [], true)
 6 APPPATH\Controllers\Admin\Noticias.php(93): view('admin/noticias/create.php')
 7 SYSTEMPATH\CodeIgniter.php(925): App\Controllers\Admin\Noticias->create()
 8 SYSTEMPATH\CodeIgniter.php(480): CodeIgniter\CodeIgniter->runController(Object(App\Controllers\Admin\Noticias))
 9 SYSTEMPATH\CodeIgniter.php(349): CodeIgniter\CodeIgniter->handleRequest(null, Object(Config\Cache), false)
10 FCPATH\index.php(67): CodeIgniter\CodeIgniter->run()
ERROR - 2023-01-23 12:53:46 --> mysqli_sql_exception: Cannot add or update a child row: a foreign key constraint fails (`admin`.`noticias`, CONSTRAINT `noticia-categoria` FOREIGN KEY (`idCategoria`) REFERENCES `noticias_categorias` (`id`)) in C:\wamp64\www\admin\system\Database\MySQLi\Connection.php:292
Stack trace:
#0 C:\wamp64\www\admin\system\Database\MySQLi\Connection.php(292): mysqli->query('INSERT INTO `no...', 0)
#1 C:\wamp64\www\admin\system\Database\BaseConnection.php(666): CodeIgniter\Database\MySQLi\Connection->execute('INSERT INTO `no...')
#2 C:\wamp64\www\admin\system\Database\BaseConnection.php(593): CodeIgniter\Database\BaseConnection->simpleQuery('INSERT INTO `no...')
#3 C:\wamp64\www\admin\system\Database\BaseBuilder.php(1916): CodeIgniter\Database\BaseConnection->query('INSERT INTO `no...', Array, false)
#4 C:\wamp64\www\admin\system\Model.php(303): CodeIgniter\Database\BaseBuilder->insert()
#5 C:\wamp64\www\admin\system\BaseModel.php(750): CodeIgniter\Model->doInsert(Array)
#6 C:\wamp64\www\admin\system\Model.php(699): CodeIgniter\BaseModel->insert(Array, true)
#7 C:\wamp64\www\admin\app\Controllers\Admin\Noticias.php(113): CodeIgniter\Model->insert(Array)
#8 C:\wamp64\www\admin\app\Controllers\Admin\Noticias.php(71): App\Controllers\Admin\Noticias->save()
#9 C:\wamp64\www\admin\system\CodeIgniter.php(925): App\Controllers\Admin\Noticias->create()
#10 C:\wamp64\www\admin\system\CodeIgniter.php(480): CodeIgniter\CodeIgniter->runController(Object(App\Controllers\Admin\Noticias))
#11 C:\wamp64\www\admin\system\CodeIgniter.php(349): CodeIgniter\CodeIgniter->handleRequest(NULL, Object(Config\Cache), false)
#12 C:\wamp64\www\admin\public\index.php(67): CodeIgniter\CodeIgniter->run()
#13 {main}
CRITICAL - 2023-01-23 12:53:47 --> Cannot add or update a child row: a foreign key constraint fails (`admin`.`noticias`, CONSTRAINT `noticia-categoria` FOREIGN KEY (`idCategoria`) REFERENCES `noticias_categorias` (`id`))
in SYSTEMPATH\Database\MySQLi\Connection.php on line 292.
 1 SYSTEMPATH\Database\MySQLi\Connection.php(292): mysqli->query('INSERT INTO `noticias` (`idUsuario`, `titulo`, `subtitulo`, `texto`, `status`, `dataNoticia`, `idCategoria`, `capa`, `created_at`, `updated_at`) VALUES (\'149\', \'Notícia 2\', \'\', \'                          \\r\\n                        \', \'on\', \'2023-01-23\', \'Selecione\', \'\', \'2023-01-23 12:53:46\', \'2023-01-23 12:53:46\')', 0)
 2 SYSTEMPATH\Database\BaseConnection.php(666): CodeIgniter\Database\MySQLi\Connection->execute('INSERT INTO `noticias` (`idUsuario`, `titulo`, `subtitulo`, `texto`, `status`, `dataNoticia`, `idCategoria`, `capa`, `created_at`, `updated_at`) VALUES (\'149\', \'Notícia 2\', \'\', \'                          \\r\\n                        \', \'on\', \'2023-01-23\', \'Selecione\', \'\', \'2023-01-23 12:53:46\', \'2023-01-23 12:53:46\')')
 3 SYSTEMPATH\Database\BaseConnection.php(593): CodeIgniter\Database\BaseConnection->simpleQuery('INSERT INTO `noticias` (`idUsuario`, `titulo`, `subtitulo`, `texto`, `status`, `dataNoticia`, `idCategoria`, `capa`, `created_at`, `updated_at`) VALUES (\'149\', \'Notícia 2\', \'\', \'                          \\r\\n                        \', \'on\', \'2023-01-23\', \'Selecione\', \'\', \'2023-01-23 12:53:46\', \'2023-01-23 12:53:46\')')
 4 SYSTEMPATH\Database\BaseBuilder.php(1916): CodeIgniter\Database\BaseConnection->query('INSERT INTO `noticias` (`idUsuario`, `titulo`, `subtitulo`, `texto`, `status`, `dataNoticia`, `idCategoria`, `capa`, `created_at`, `updated_at`) VALUES (:idUsuario:, :titulo:, :subtitulo:, :texto:, :status:, :dataNoticia:, :idCategoria:, :capa:, :created_at:, :updated_at:)', [...], false)
 5 SYSTEMPATH\Model.php(303): CodeIgniter\Database\BaseBuilder->insert()
 6 SYSTEMPATH\BaseModel.php(750): CodeIgniter\Model->doInsert([...])
 7 SYSTEMPATH\Model.php(699): CodeIgniter\BaseModel->insert([...], true)
 8 APPPATH\Controllers\Admin\Noticias.php(113): CodeIgniter\Model->insert([...])
 9 APPPATH\Controllers\Admin\Noticias.php(71): App\Controllers\Admin\Noticias->save()
10 SYSTEMPATH\CodeIgniter.php(925): App\Controllers\Admin\Noticias->create()
11 SYSTEMPATH\CodeIgniter.php(480): CodeIgniter\CodeIgniter->runController(Object(App\Controllers\Admin\Noticias))
12 SYSTEMPATH\CodeIgniter.php(349): CodeIgniter\CodeIgniter->handleRequest(null, Object(Config\Cache), false)
13 FCPATH\index.php(67): CodeIgniter\CodeIgniter->run()
CRITICAL - 2023-01-23 17:31:47 --> Call to undefined function form_open()
in APPPATH\Views\admin\noticias\galery.php on line 80.
 1 SYSTEMPATH\View\View.php(213): include()
 2 SYSTEMPATH\View\View.php(216): CodeIgniter\View\View->CodeIgniter\View\{closure}()
 3 SYSTEMPATH\Common.php(1135): CodeIgniter\View\View->render('admin/noticias/galery.php', [], true)
 4 APPPATH\Controllers\Admin\Noticias.php(255): view('admin/noticias/galery.php')
 5 SYSTEMPATH\CodeIgniter.php(925): App\Controllers\Admin\Noticias->galery('1')
 6 SYSTEMPATH\CodeIgniter.php(480): CodeIgniter\CodeIgniter->runController(Object(App\Controllers\Admin\Noticias))
 7 SYSTEMPATH\CodeIgniter.php(349): CodeIgniter\CodeIgniter->handleRequest(null, Object(Config\Cache), false)
 8 FCPATH\index.php(67): CodeIgniter\CodeIgniter->run()
