CRITICAL - 2023-01-17 13:21:32 --> Call to undefined method App\Controllers\Admin\Usuarios::request()
in APPPATH\Controllers\Admin\Usuarios.php on line 61.
 1 SYSTEMPATH\CodeIgniter.php(925): App\Controllers\Admin\Usuarios->create()
 2 SYSTEMPATH\CodeIgniter.php(480): CodeIgniter\CodeIgniter->runController(Object(App\Controllers\Admin\Usuarios))
 3 SYSTEMPATH\CodeIgniter.php(349): CodeIgniter\CodeIgniter->handleRequest(null, Object(Config\Cache), false)
 4 FCPATH\index.php(67): CodeIgniter\CodeIgniter->run()
 5 SYSTEMPATH\Commands\Server\rewrite.php(47): require_once('FCPATH\\index.php')
CRITICAL - 2023-01-17 13:48:48 --> in_array() expects parameter 2 to be array, null given
in SYSTEMPATH\Validation\Validation.php on line 219.
 1 [internal function]: CodeIgniter\Debug\Exceptions->errorHandler(2, 'in_array() expects parameter 2 to be array, null given', 'SYSTEMPATH\\Validation\\Validation.php', 219, [...])
 2 SYSTEMPATH\Validation\Validation.php(219): in_array('if_exist', null, true)
 3 SYSTEMPATH\Validation\Validation.php(175): CodeIgniter\Validation\Validation->processRules('0', '0', null, null, [...])
 4 APPPATH\Controllers\Admin\Usuarios.php(136): CodeIgniter\Validation\Validation->run()
 5 SYSTEMPATH\CodeIgniter.php(925): App\Controllers\Admin\Usuarios->edit('31')
 6 SYSTEMPATH\CodeIgniter.php(480): CodeIgniter\CodeIgniter->runController(Object(App\Controllers\Admin\Usuarios))
 7 SYSTEMPATH\CodeIgniter.php(349): CodeIgniter\CodeIgniter->handleRequest(null, Object(Config\Cache), false)
 8 FCPATH\index.php(67): CodeIgniter\CodeIgniter->run()
 9 SYSTEMPATH\Commands\Server\rewrite.php(47): require_once('FCPATH\\index.php')
CRITICAL - 2023-01-17 13:49:36 --> in_array() expects parameter 2 to be array, null given
in SYSTEMPATH\Validation\Validation.php on line 219.
 1 [internal function]: CodeIgniter\Debug\Exceptions->errorHandler(2, 'in_array() expects parameter 2 to be array, null given', 'SYSTEMPATH\\Validation\\Validation.php', 219, [...])
 2 SYSTEMPATH\Validation\Validation.php(219): in_array('if_exist', null, true)
 3 SYSTEMPATH\Validation\Validation.php(175): CodeIgniter\Validation\Validation->processRules('0', '0', null, null, [...])
 4 APPPATH\Controllers\Admin\Usuarios.php(136): CodeIgniter\Validation\Validation->run()
 5 SYSTEMPATH\CodeIgniter.php(925): App\Controllers\Admin\Usuarios->edit('31')
 6 SYSTEMPATH\CodeIgniter.php(480): CodeIgniter\CodeIgniter->runController(Object(App\Controllers\Admin\Usuarios))
 7 SYSTEMPATH\CodeIgniter.php(349): CodeIgniter\CodeIgniter->handleRequest(null, Object(Config\Cache), false)
 8 FCPATH\index.php(67): CodeIgniter\CodeIgniter->run()
 9 SYSTEMPATH\Commands\Server\rewrite.php(47): require_once('FCPATH\\index.php')
CRITICAL - 2023-01-17 13:52:13 -->  não é uma regra válida.
in SYSTEMPATH\Validation\Validation.php on line 323.
 1 SYSTEMPATH\Validation\Validation.php(323): CodeIgniter\Validation\Exceptions\ValidationException::forRuleNotFound('ROOTPATH\\public')
 2 SYSTEMPATH\Validation\Validation.php(175): CodeIgniter\Validation\Validation->processRules('0', '0', null, [...], [...])
 3 APPPATH\Controllers\Admin\Usuarios.php(139): CodeIgniter\Validation\Validation->run()
 4 SYSTEMPATH\CodeIgniter.php(925): App\Controllers\Admin\Usuarios->edit('31')
 5 SYSTEMPATH\CodeIgniter.php(480): CodeIgniter\CodeIgniter->runController(Object(App\Controllers\Admin\Usuarios))
 6 SYSTEMPATH\CodeIgniter.php(349): CodeIgniter\CodeIgniter->handleRequest(null, Object(Config\Cache), false)
 7 FCPATH\index.php(67): CodeIgniter\CodeIgniter->run()
 8 SYSTEMPATH\Commands\Server\rewrite.php(47): require_once('FCPATH\\index.php')
CRITICAL - 2023-01-17 13:52:30 --> 'login'        =>  não é uma regra válida.
in SYSTEMPATH\Validation\Validation.php on line 323.
 1 SYSTEMPATH\Validation\Validation.php(323): CodeIgniter\Validation\Exceptions\ValidationException::forRuleNotFound('\'login\'        => ')
 2 SYSTEMPATH\Validation\Validation.php(175): CodeIgniter\Validation\Validation->processRules('0', '0', null, [...], [...])
 3 APPPATH\Controllers\Admin\Usuarios.php(139): CodeIgniter\Validation\Validation->run()
 4 SYSTEMPATH\CodeIgniter.php(925): App\Controllers\Admin\Usuarios->edit('31')
 5 SYSTEMPATH\CodeIgniter.php(480): CodeIgniter\CodeIgniter->runController(Object(App\Controllers\Admin\Usuarios))
 6 SYSTEMPATH\CodeIgniter.php(349): CodeIgniter\CodeIgniter->handleRequest(null, Object(Config\Cache), false)
 7 FCPATH\index.php(67): CodeIgniter\CodeIgniter->run()
 8 SYSTEMPATH\Commands\Server\rewrite.php(47): require_once('FCPATH\\index.php')
CRITICAL - 2023-01-17 13:53:02 --> 'senha'        =>  não é uma regra válida.
in SYSTEMPATH\Validation\Validation.php on line 323.
 1 SYSTEMPATH\Validation\Validation.php(323): CodeIgniter\Validation\Exceptions\ValidationException::forRuleNotFound('\'senha\'        => ')
 2 SYSTEMPATH\Validation\Validation.php(175): CodeIgniter\Validation\Validation->processRules('0', '0', null, [...], [...])
 3 APPPATH\Controllers\Admin\Usuarios.php(139): CodeIgniter\Validation\Validation->run()
 4 SYSTEMPATH\CodeIgniter.php(925): App\Controllers\Admin\Usuarios->edit('31')
 5 SYSTEMPATH\CodeIgniter.php(480): CodeIgniter\CodeIgniter->runController(Object(App\Controllers\Admin\Usuarios))
 6 SYSTEMPATH\CodeIgniter.php(349): CodeIgniter\CodeIgniter->handleRequest(null, Object(Config\Cache), false)
 7 FCPATH\index.php(67): CodeIgniter\CodeIgniter->run()
 8 SYSTEMPATH\Commands\Server\rewrite.php(47): require_once('FCPATH\\index.php')
CRITICAL - 2023-01-17 14:02:08 --> required_whith não é uma regra válida.
in SYSTEMPATH\Validation\Validation.php on line 323.
 1 SYSTEMPATH\Validation\Validation.php(323): CodeIgniter\Validation\Exceptions\ValidationException::forRuleNotFound('required_whith')
 2 SYSTEMPATH\Validation\Validation.php(175): CodeIgniter\Validation\Validation->processRules('senha', 'senha', 'ROOTPATH\\public', [...], [...])
 3 APPPATH\Controllers\Admin\Usuarios.php(139): CodeIgniter\Validation\Validation->run()
 4 SYSTEMPATH\CodeIgniter.php(925): App\Controllers\Admin\Usuarios->edit('31')
 5 SYSTEMPATH\CodeIgniter.php(480): CodeIgniter\CodeIgniter->runController(Object(App\Controllers\Admin\Usuarios))
 6 SYSTEMPATH\CodeIgniter.php(349): CodeIgniter\CodeIgniter->handleRequest(null, Object(Config\Cache), false)
 7 FCPATH\index.php(67): CodeIgniter\CodeIgniter->run()
 8 SYSTEMPATH\Commands\Server\rewrite.php(47): require_once('FCPATH\\index.php')
CRITICAL - 2023-01-17 14:04:38 --> Undefined variable: alert
in APPPATH\Controllers\Admin\Usuarios.php on line 84.
 1 APPPATH\Controllers\Admin\Usuarios.php(84): CodeIgniter\Debug\Exceptions->errorHandler(8, 'Undefined variable: alert', 'APPPATH\\Controllers\\Admin\\Usuarios.php', 84, [...])
 2 SYSTEMPATH\CodeIgniter.php(925): App\Controllers\Admin\Usuarios->create()
 3 SYSTEMPATH\CodeIgniter.php(480): CodeIgniter\CodeIgniter->runController(Object(App\Controllers\Admin\Usuarios))
 4 SYSTEMPATH\CodeIgniter.php(349): CodeIgniter\CodeIgniter->handleRequest(null, Object(Config\Cache), false)
 5 FCPATH\index.php(67): CodeIgniter\CodeIgniter->run()
 6 SYSTEMPATH\Commands\Server\rewrite.php(47): require_once('FCPATH\\index.php')
CRITICAL - 2023-01-17 14:04:46 --> Undefined variable: alert
in APPPATH\Controllers\Admin\Usuarios.php on line 84.
 1 APPPATH\Controllers\Admin\Usuarios.php(84): CodeIgniter\Debug\Exceptions->errorHandler(8, 'Undefined variable: alert', 'APPPATH\\Controllers\\Admin\\Usuarios.php', 84, [...])
 2 SYSTEMPATH\CodeIgniter.php(925): App\Controllers\Admin\Usuarios->create()
 3 SYSTEMPATH\CodeIgniter.php(480): CodeIgniter\CodeIgniter->runController(Object(App\Controllers\Admin\Usuarios))
 4 SYSTEMPATH\CodeIgniter.php(349): CodeIgniter\CodeIgniter->handleRequest(null, Object(Config\Cache), false)
 5 FCPATH\index.php(67): CodeIgniter\CodeIgniter->run()
 6 SYSTEMPATH\Commands\Server\rewrite.php(47): require_once('FCPATH\\index.php')
CRITICAL - 2023-01-17 14:06:32 --> Undefined variable: alert
in APPPATH\Controllers\Admin\Usuarios.php on line 84.
 1 APPPATH\Controllers\Admin\Usuarios.php(84): CodeIgniter\Debug\Exceptions->errorHandler(8, 'Undefined variable: alert', 'APPPATH\\Controllers\\Admin\\Usuarios.php', 84, [...])
 2 SYSTEMPATH\CodeIgniter.php(925): App\Controllers\Admin\Usuarios->create()
 3 SYSTEMPATH\CodeIgniter.php(480): CodeIgniter\CodeIgniter->runController(Object(App\Controllers\Admin\Usuarios))
 4 SYSTEMPATH\CodeIgniter.php(349): CodeIgniter\CodeIgniter->handleRequest(null, Object(Config\Cache), false)
 5 FCPATH\index.php(67): CodeIgniter\CodeIgniter->run()
 6 SYSTEMPATH\Commands\Server\rewrite.php(47): require_once('FCPATH\\index.php')
CRITICAL - 2023-01-17 15:44:15 --> syntax error, unexpected '=>' (T_DOUBLE_ARROW)
in APPPATH\Controllers\Admin\Usuarios.php on line 139.
 1 SYSTEMPATH\Autoloader\Autoloader.php(260): CodeIgniter\Autoloader\Autoloader->includeFile('APPPATH\\Controllers\\Admin\\Usuarios.php')
 2 SYSTEMPATH\Autoloader\Autoloader.php(238): CodeIgniter\Autoloader\Autoloader->loadInNamespace('App\\Controllers\\Admin\\Usuarios')
 3 [internal function]: CodeIgniter\Autoloader\Autoloader->loadClass('App\\Controllers\\Admin\\Usuarios')
 4 [internal function]: spl_autoload_call('App\\Controllers\\Admin\\Usuarios')
 5 SYSTEMPATH\CodeIgniter.php(875): class_exists('\\App\\Controllers\\Admin\\Usuarios', true)
 6 SYSTEMPATH\CodeIgniter.php(467): CodeIgniter\CodeIgniter->startController()
 7 SYSTEMPATH\CodeIgniter.php(349): CodeIgniter\CodeIgniter->handleRequest(null, Object(Config\Cache), false)
 8 FCPATH\index.php(67): CodeIgniter\CodeIgniter->run()
 9 SYSTEMPATH\Commands\Server\rewrite.php(47): require_once('FCPATH\\index.php')
CRITICAL - 2023-01-17 15:46:56 -->  não é uma regra válida.
in SYSTEMPATH\Validation\Validation.php on line 323.
 1 SYSTEMPATH\Validation\Validation.php(323): CodeIgniter\Validation\Exceptions\ValidationException::forRuleNotFound('ROOTPATH\\public')
 2 SYSTEMPATH\Validation\Validation.php(175): CodeIgniter\Validation\Validation->processRules('senha', 'senha', 'ROOTPATH\\public', [...], [...])
 3 APPPATH\Controllers\Admin\Usuarios.php(145): CodeIgniter\Validation\Validation->run()
 4 SYSTEMPATH\CodeIgniter.php(925): App\Controllers\Admin\Usuarios->edit('31')
 5 SYSTEMPATH\CodeIgniter.php(480): CodeIgniter\CodeIgniter->runController(Object(App\Controllers\Admin\Usuarios))
 6 SYSTEMPATH\CodeIgniter.php(349): CodeIgniter\CodeIgniter->handleRequest(null, Object(Config\Cache), false)
 7 FCPATH\index.php(67): CodeIgniter\CodeIgniter->run()
 8 SYSTEMPATH\Commands\Server\rewrite.php(47): require_once('FCPATH\\index.php')
CRITICAL - 2023-01-17 15:47:21 --> 'required' não é uma regra válida.
in SYSTEMPATH\Validation\Validation.php on line 323.
 1 SYSTEMPATH\Validation\Validation.php(323): CodeIgniter\Validation\Exceptions\ValidationException::forRuleNotFound('\'required\'')
 2 SYSTEMPATH\Validation\Validation.php(175): CodeIgniter\Validation\Validation->processRules('senha', 'senha', 'ROOTPATH\\public', [...], [...])
 3 APPPATH\Controllers\Admin\Usuarios.php(145): CodeIgniter\Validation\Validation->run()
 4 SYSTEMPATH\CodeIgniter.php(925): App\Controllers\Admin\Usuarios->edit('31')
 5 SYSTEMPATH\CodeIgniter.php(480): CodeIgniter\CodeIgniter->runController(Object(App\Controllers\Admin\Usuarios))
 6 SYSTEMPATH\CodeIgniter.php(349): CodeIgniter\CodeIgniter->handleRequest(null, Object(Config\Cache), false)
 7 FCPATH\index.php(67): CodeIgniter\CodeIgniter->run()
 8 SYSTEMPATH\Commands\Server\rewrite.php(47): require_once('FCPATH\\index.php')
CRITICAL - 2023-01-17 15:47:51 --> 'required' não é uma regra válida.
in SYSTEMPATH\Validation\Validation.php on line 323.
 1 SYSTEMPATH\Validation\Validation.php(323): CodeIgniter\Validation\Exceptions\ValidationException::forRuleNotFound('\'required\'')
 2 SYSTEMPATH\Validation\Validation.php(175): CodeIgniter\Validation\Validation->processRules('senha', 'senha', 'ROOTPATH\\public', [...], [...])
 3 APPPATH\Controllers\Admin\Usuarios.php(145): CodeIgniter\Validation\Validation->run()
 4 SYSTEMPATH\CodeIgniter.php(925): App\Controllers\Admin\Usuarios->edit('31')
 5 SYSTEMPATH\CodeIgniter.php(480): CodeIgniter\CodeIgniter->runController(Object(App\Controllers\Admin\Usuarios))
 6 SYSTEMPATH\CodeIgniter.php(349): CodeIgniter\CodeIgniter->handleRequest(null, Object(Config\Cache), false)
 7 FCPATH\index.php(67): CodeIgniter\CodeIgniter->run()
 8 SYSTEMPATH\Commands\Server\rewrite.php(47): require_once('FCPATH\\index.php')
CRITICAL - 2023-01-17 15:48:14 --> 'required' não é uma regra válida.
in SYSTEMPATH\Validation\Validation.php on line 323.
 1 SYSTEMPATH\Validation\Validation.php(323): CodeIgniter\Validation\Exceptions\ValidationException::forRuleNotFound('\'required\'')
 2 SYSTEMPATH\Validation\Validation.php(175): CodeIgniter\Validation\Validation->processRules('senha', 'senha', 'ROOTPATH\\public', [...], [...])
 3 APPPATH\Controllers\Admin\Usuarios.php(145): CodeIgniter\Validation\Validation->run()
 4 SYSTEMPATH\CodeIgniter.php(925): App\Controllers\Admin\Usuarios->edit('31')
 5 SYSTEMPATH\CodeIgniter.php(480): CodeIgniter\CodeIgniter->runController(Object(App\Controllers\Admin\Usuarios))
 6 SYSTEMPATH\CodeIgniter.php(349): CodeIgniter\CodeIgniter->handleRequest(null, Object(Config\Cache), false)
 7 FCPATH\index.php(67): CodeIgniter\CodeIgniter->run()
 8 SYSTEMPATH\Commands\Server\rewrite.php(47): require_once('FCPATH\\index.php')
CRITICAL - 2023-01-17 15:49:00 --> $senha não é uma regra válida.
in SYSTEMPATH\Validation\Validation.php on line 323.
 1 SYSTEMPATH\Validation\Validation.php(323): CodeIgniter\Validation\Exceptions\ValidationException::forRuleNotFound('$senha')
 2 SYSTEMPATH\Validation\Validation.php(175): CodeIgniter\Validation\Validation->processRules('senha', 'senha', 'ROOTPATH\\public', [...], [...])
 3 APPPATH\Controllers\Admin\Usuarios.php(145): CodeIgniter\Validation\Validation->run()
 4 SYSTEMPATH\CodeIgniter.php(925): App\Controllers\Admin\Usuarios->edit('31')
 5 SYSTEMPATH\CodeIgniter.php(480): CodeIgniter\CodeIgniter->runController(Object(App\Controllers\Admin\Usuarios))
 6 SYSTEMPATH\CodeIgniter.php(349): CodeIgniter\CodeIgniter->handleRequest(null, Object(Config\Cache), false)
 7 FCPATH\index.php(67): CodeIgniter\CodeIgniter->run()
 8 SYSTEMPATH\Commands\Server\rewrite.php(47): require_once('FCPATH\\index.php')
CRITICAL - 2023-01-17 15:49:51 --> syntax error, unexpected end of file
in APPPATH\Controllers\Admin\Usuarios.php on line 225.
 1 SYSTEMPATH\Autoloader\Autoloader.php(260): CodeIgniter\Autoloader\Autoloader->includeFile('APPPATH\\Controllers\\Admin\\Usuarios.php')
 2 SYSTEMPATH\Autoloader\Autoloader.php(238): CodeIgniter\Autoloader\Autoloader->loadInNamespace('App\\Controllers\\Admin\\Usuarios')
 3 [internal function]: CodeIgniter\Autoloader\Autoloader->loadClass('App\\Controllers\\Admin\\Usuarios')
 4 [internal function]: spl_autoload_call('App\\Controllers\\Admin\\Usuarios')
 5 SYSTEMPATH\CodeIgniter.php(875): class_exists('\\App\\Controllers\\Admin\\Usuarios', true)
 6 SYSTEMPATH\CodeIgniter.php(467): CodeIgniter\CodeIgniter->startController()
 7 SYSTEMPATH\CodeIgniter.php(349): CodeIgniter\CodeIgniter->handleRequest(null, Object(Config\Cache), false)
 8 FCPATH\index.php(67): CodeIgniter\CodeIgniter->run()
 9 SYSTEMPATH\Commands\Server\rewrite.php(47): require_once('FCPATH\\index.php')
CRITICAL - 2023-01-17 15:49:54 --> syntax error, unexpected end of file
in APPPATH\Controllers\Admin\Usuarios.php on line 225.
 1 SYSTEMPATH\Autoloader\Autoloader.php(260): CodeIgniter\Autoloader\Autoloader->includeFile('APPPATH\\Controllers\\Admin\\Usuarios.php')
 2 SYSTEMPATH\Autoloader\Autoloader.php(238): CodeIgniter\Autoloader\Autoloader->loadInNamespace('App\\Controllers\\Admin\\Usuarios')
 3 [internal function]: CodeIgniter\Autoloader\Autoloader->loadClass('App\\Controllers\\Admin\\Usuarios')
 4 [internal function]: spl_autoload_call('App\\Controllers\\Admin\\Usuarios')
 5 SYSTEMPATH\CodeIgniter.php(875): class_exists('\\App\\Controllers\\Admin\\Usuarios', true)
 6 SYSTEMPATH\CodeIgniter.php(467): CodeIgniter\CodeIgniter->startController()
 7 SYSTEMPATH\CodeIgniter.php(349): CodeIgniter\CodeIgniter->handleRequest(null, Object(Config\Cache), false)
 8 FCPATH\index.php(67): CodeIgniter\CodeIgniter->run()
 9 SYSTEMPATH\Commands\Server\rewrite.php(47): require_once('FCPATH\\index.php')
CRITICAL - 2023-01-17 15:49:56 --> syntax error, unexpected end of file
in APPPATH\Controllers\Admin\Usuarios.php on line 225.
 1 SYSTEMPATH\Autoloader\Autoloader.php(260): CodeIgniter\Autoloader\Autoloader->includeFile('APPPATH\\Controllers\\Admin\\Usuarios.php')
 2 SYSTEMPATH\Autoloader\Autoloader.php(238): CodeIgniter\Autoloader\Autoloader->loadInNamespace('App\\Controllers\\Admin\\Usuarios')
 3 [internal function]: CodeIgniter\Autoloader\Autoloader->loadClass('App\\Controllers\\Admin\\Usuarios')
 4 [internal function]: spl_autoload_call('App\\Controllers\\Admin\\Usuarios')
 5 SYSTEMPATH\CodeIgniter.php(875): class_exists('\\App\\Controllers\\Admin\\Usuarios', true)
 6 SYSTEMPATH\CodeIgniter.php(467): CodeIgniter\CodeIgniter->startController()
 7 SYSTEMPATH\CodeIgniter.php(349): CodeIgniter\CodeIgniter->handleRequest(null, Object(Config\Cache), false)
 8 FCPATH\index.php(67): CodeIgniter\CodeIgniter->run()
 9 SYSTEMPATH\Commands\Server\rewrite.php(47): require_once('FCPATH\\index.php')
CRITICAL - 2023-01-17 15:49:57 --> syntax error, unexpected end of file
in APPPATH\Controllers\Admin\Usuarios.php on line 225.
 1 SYSTEMPATH\Autoloader\Autoloader.php(260): CodeIgniter\Autoloader\Autoloader->includeFile('APPPATH\\Controllers\\Admin\\Usuarios.php')
 2 SYSTEMPATH\Autoloader\Autoloader.php(238): CodeIgniter\Autoloader\Autoloader->loadInNamespace('App\\Controllers\\Admin\\Usuarios')
 3 [internal function]: CodeIgniter\Autoloader\Autoloader->loadClass('App\\Controllers\\Admin\\Usuarios')
 4 [internal function]: spl_autoload_call('App\\Controllers\\Admin\\Usuarios')
 5 SYSTEMPATH\CodeIgniter.php(875): class_exists('\\App\\Controllers\\Admin\\Usuarios', true)
 6 SYSTEMPATH\CodeIgniter.php(467): CodeIgniter\CodeIgniter->startController()
 7 SYSTEMPATH\CodeIgniter.php(349): CodeIgniter\CodeIgniter->handleRequest(null, Object(Config\Cache), false)
 8 FCPATH\index.php(67): CodeIgniter\CodeIgniter->run()
 9 SYSTEMPATH\Commands\Server\rewrite.php(47): require_once('FCPATH\\index.php')
CRITICAL - 2023-01-17 15:49:59 --> syntax error, unexpected end of file
in APPPATH\Controllers\Admin\Usuarios.php on line 225.
 1 SYSTEMPATH\Autoloader\Autoloader.php(260): CodeIgniter\Autoloader\Autoloader->includeFile('APPPATH\\Controllers\\Admin\\Usuarios.php')
 2 SYSTEMPATH\Autoloader\Autoloader.php(238): CodeIgniter\Autoloader\Autoloader->loadInNamespace('App\\Controllers\\Admin\\Usuarios')
 3 [internal function]: CodeIgniter\Autoloader\Autoloader->loadClass('App\\Controllers\\Admin\\Usuarios')
 4 [internal function]: spl_autoload_call('App\\Controllers\\Admin\\Usuarios')
 5 SYSTEMPATH\CodeIgniter.php(875): class_exists('\\App\\Controllers\\Admin\\Usuarios', true)
 6 SYSTEMPATH\CodeIgniter.php(467): CodeIgniter\CodeIgniter->startController()
 7 SYSTEMPATH\CodeIgniter.php(349): CodeIgniter\CodeIgniter->handleRequest(null, Object(Config\Cache), false)
 8 FCPATH\index.php(67): CodeIgniter\CodeIgniter->run()
 9 SYSTEMPATH\Commands\Server\rewrite.php(47): require_once('FCPATH\\index.php')
CRITICAL - 2023-01-17 15:52:25 -->  não é uma regra válida.
in SYSTEMPATH\Validation\Validation.php on line 323.
 1 SYSTEMPATH\Validation\Validation.php(323): CodeIgniter\Validation\Exceptions\ValidationException::forRuleNotFound('ROOTPATH\\public')
 2 SYSTEMPATH\Validation\Validation.php(175): CodeIgniter\Validation\Validation->processRules('senha', 'senha', 'ROOTPATH\\public', [...], [...])
 3 APPPATH\Controllers\Admin\Usuarios.php(145): CodeIgniter\Validation\Validation->run()
 4 SYSTEMPATH\CodeIgniter.php(925): App\Controllers\Admin\Usuarios->edit('31')
 5 SYSTEMPATH\CodeIgniter.php(480): CodeIgniter\CodeIgniter->runController(Object(App\Controllers\Admin\Usuarios))
 6 SYSTEMPATH\CodeIgniter.php(349): CodeIgniter\CodeIgniter->handleRequest(null, Object(Config\Cache), false)
 7 FCPATH\index.php(67): CodeIgniter\CodeIgniter->run()
 8 SYSTEMPATH\Commands\Server\rewrite.php(47): require_once('FCPATH\\index.php')
CRITICAL - 2023-01-17 16:00:52 --> Array to string conversion
in APPPATH\Controllers\Admin\Usuarios.php on line 185.
 1 APPPATH\Controllers\Admin\Usuarios.php(185): CodeIgniter\Debug\Exceptions->errorHandler(8, 'Array to string conversion', 'APPPATH\\Controllers\\Admin\\Usuarios.php', 185, [...])
 2 APPPATH\Controllers\Admin\Usuarios.php(147): App\Controllers\Admin\Usuarios->update('149')
 3 SYSTEMPATH\CodeIgniter.php(925): App\Controllers\Admin\Usuarios->edit('149')
 4 SYSTEMPATH\CodeIgniter.php(480): CodeIgniter\CodeIgniter->runController(Object(App\Controllers\Admin\Usuarios))
 5 SYSTEMPATH\CodeIgniter.php(349): CodeIgniter\CodeIgniter->handleRequest(null, Object(Config\Cache), false)
 6 FCPATH\index.php(67): CodeIgniter\CodeIgniter->run()
 7 SYSTEMPATH\Commands\Server\rewrite.php(47): require_once('FCPATH\\index.php')
CRITICAL - 2023-01-17 16:08:58 --> Array to string conversion
in APPPATH\Controllers\Admin\Usuarios.php on line 186.
 1 APPPATH\Controllers\Admin\Usuarios.php(186): CodeIgniter\Debug\Exceptions->errorHandler(8, 'Array to string conversion', 'APPPATH\\Controllers\\Admin\\Usuarios.php', 186, [...])
 2 APPPATH\Controllers\Admin\Usuarios.php(147): App\Controllers\Admin\Usuarios->update('149')
 3 SYSTEMPATH\CodeIgniter.php(925): App\Controllers\Admin\Usuarios->edit('149')
 4 SYSTEMPATH\CodeIgniter.php(480): CodeIgniter\CodeIgniter->runController(Object(App\Controllers\Admin\Usuarios))
 5 SYSTEMPATH\CodeIgniter.php(349): CodeIgniter\CodeIgniter->handleRequest(null, Object(Config\Cache), false)
 6 FCPATH\index.php(67): CodeIgniter\CodeIgniter->run()
 7 SYSTEMPATH\Commands\Server\rewrite.php(47): require_once('FCPATH\\index.php')
CRITICAL - 2023-01-17 16:28:16 --> Arquivo inválido: admin/auth/login.html
in SYSTEMPATH\Exceptions\FrameworkException.php on line 33.
 1 SYSTEMPATH\View\View.php(201): CodeIgniter\Exceptions\FrameworkException::forInvalidFile('admin/auth/login.html')
 2 SYSTEMPATH\Common.php(1135): CodeIgniter\View\View->render('admin/auth/login.html', [], true)
 3 APPPATH\Controllers\Admin\Auth.php(18): view('admin/auth/login.html')
 4 SYSTEMPATH\CodeIgniter.php(925): App\Controllers\Admin\Auth->index()
 5 SYSTEMPATH\CodeIgniter.php(480): CodeIgniter\CodeIgniter->runController(Object(App\Controllers\Admin\Auth))
 6 SYSTEMPATH\CodeIgniter.php(349): CodeIgniter\CodeIgniter->handleRequest(null, Object(Config\Cache), false)
 7 FCPATH\index.php(67): CodeIgniter\CodeIgniter->run()
 8 SYSTEMPATH\Commands\Server\rewrite.php(47): require_once('FCPATH\\index.php')
CRITICAL - 2023-01-17 17:00:28 --> Call to undefined function form_open()
in APPPATH\Views\admin\auth\login.php on line 30.
 1 SYSTEMPATH\View\View.php(213): include()
 2 SYSTEMPATH\View\View.php(216): CodeIgniter\View\View->CodeIgniter\View\{closure}()
 3 SYSTEMPATH\Common.php(1135): CodeIgniter\View\View->render('admin/auth/login.php', [], true)
 4 APPPATH\Controllers\Admin\Auth.php(18): view('admin/auth/login.php')
 5 SYSTEMPATH\CodeIgniter.php(925): App\Controllers\Admin\Auth->index()
 6 SYSTEMPATH\CodeIgniter.php(480): CodeIgniter\CodeIgniter->runController(Object(App\Controllers\Admin\Auth))
 7 SYSTEMPATH\CodeIgniter.php(349): CodeIgniter\CodeIgniter->handleRequest(null, Object(Config\Cache), false)
 8 FCPATH\index.php(67): CodeIgniter\CodeIgniter->run()
 9 SYSTEMPATH\Commands\Server\rewrite.php(47): require_once('FCPATH\\index.php')
CRITICAL - 2023-01-17 17:04:16 --> Undefined variable: session
in APPPATH\Views\admin\auth\login.php on line 30.
 1 APPPATH\Views\admin\auth\login.php(30): CodeIgniter\Debug\Exceptions->errorHandler(8, 'Undefined variable: session', 'APPPATH\\Views\\admin\\auth\\login.php', 30, [])
 2 SYSTEMPATH\View\View.php(213): include('APPPATH\\Views\\admin\\auth\\login.php')
 3 SYSTEMPATH\View\View.php(216): CodeIgniter\View\View->CodeIgniter\View\{closure}()
 4 SYSTEMPATH\Common.php(1135): CodeIgniter\View\View->render('admin/auth/login.php', [], true)
 5 APPPATH\Controllers\Admin\Auth.php(19): view('admin/auth/login.php')
 6 SYSTEMPATH\CodeIgniter.php(925): App\Controllers\Admin\Auth->index()
 7 SYSTEMPATH\CodeIgniter.php(480): CodeIgniter\CodeIgniter->runController(Object(App\Controllers\Admin\Auth))
 8 SYSTEMPATH\CodeIgniter.php(349): CodeIgniter\CodeIgniter->handleRequest(null, Object(Config\Cache), false)
 9 FCPATH\index.php(67): CodeIgniter\CodeIgniter->run()
10 SYSTEMPATH\Commands\Server\rewrite.php(47): require_once('FCPATH\\index.php')
CRITICAL - 2023-01-17 17:07:58 --> Undefined property: App\Controllers\Admin\Auth::$session
in APPPATH\Controllers\Admin\Auth.php on line 38.
 1 APPPATH\Controllers\Admin\Auth.php(38): CodeIgniter\Debug\Exceptions->errorHandler(8, 'Undefined property: App\\Controllers\\Admin\\Auth::$session', 'APPPATH\\Controllers\\Admin\\Auth.php', 38, [...])
 2 SYSTEMPATH\CodeIgniter.php(925): App\Controllers\Admin\Auth->login()
 3 SYSTEMPATH\CodeIgniter.php(480): CodeIgniter\CodeIgniter->runController(Object(App\Controllers\Admin\Auth))
 4 SYSTEMPATH\CodeIgniter.php(349): CodeIgniter\CodeIgniter->handleRequest(null, Object(Config\Cache), false)
 5 FCPATH\index.php(67): CodeIgniter\CodeIgniter->run()
 6 SYSTEMPATH\Commands\Server\rewrite.php(47): require_once('FCPATH\\index.php')
CRITICAL - 2023-01-17 17:21:28 --> Object of class App\Models\UsuarioModel could not be converted to string
in APPPATH\Controllers\Admin\Auth.php on line 39.
 1 SYSTEMPATH\CodeIgniter.php(925): App\Controllers\Admin\Auth->login()
 2 SYSTEMPATH\CodeIgniter.php(480): CodeIgniter\CodeIgniter->runController(Object(App\Controllers\Admin\Auth))
 3 SYSTEMPATH\CodeIgniter.php(349): CodeIgniter\CodeIgniter->handleRequest(null, Object(Config\Cache), false)
 4 FCPATH\index.php(67): CodeIgniter\CodeIgniter->run()
 5 SYSTEMPATH\Commands\Server\rewrite.php(47): require_once('FCPATH\\index.php')
CRITICAL - 2023-01-17 17:22:07 --> Cannot use object of type App\Models\UsuarioModel as array
in APPPATH\Controllers\Admin\Auth.php on line 39.
 1 SYSTEMPATH\CodeIgniter.php(925): App\Controllers\Admin\Auth->login()
 2 SYSTEMPATH\CodeIgniter.php(480): CodeIgniter\CodeIgniter->runController(Object(App\Controllers\Admin\Auth))
 3 SYSTEMPATH\CodeIgniter.php(349): CodeIgniter\CodeIgniter->handleRequest(null, Object(Config\Cache), false)
 4 FCPATH\index.php(67): CodeIgniter\CodeIgniter->run()
 5 SYSTEMPATH\Commands\Server\rewrite.php(47): require_once('FCPATH\\index.php')
CRITICAL - 2023-01-17 17:22:44 --> Trying to get property 'id' of non-object
in APPPATH\Controllers\Admin\Auth.php on line 39.
 1 APPPATH\Controllers\Admin\Auth.php(39): CodeIgniter\Debug\Exceptions->errorHandler(8, 'Trying to get property \'id\' of non-object', 'APPPATH\\Controllers\\Admin\\Auth.php', 39, [...])
 2 SYSTEMPATH\CodeIgniter.php(925): App\Controllers\Admin\Auth->login()
 3 SYSTEMPATH\CodeIgniter.php(480): CodeIgniter\CodeIgniter->runController(Object(App\Controllers\Admin\Auth))
 4 SYSTEMPATH\CodeIgniter.php(349): CodeIgniter\CodeIgniter->handleRequest(null, Object(Config\Cache), false)
 5 FCPATH\index.php(67): CodeIgniter\CodeIgniter->run()
 6 SYSTEMPATH\Commands\Server\rewrite.php(47): require_once('FCPATH\\index.php')
CRITICAL - 2023-01-17 17:22:54 --> Trying to get property 'senha' of non-object
in APPPATH\Controllers\Admin\Auth.php on line 39.
 1 APPPATH\Controllers\Admin\Auth.php(39): CodeIgniter\Debug\Exceptions->errorHandler(8, 'Trying to get property \'senha\' of non-object', 'APPPATH\\Controllers\\Admin\\Auth.php', 39, [...])
 2 SYSTEMPATH\CodeIgniter.php(925): App\Controllers\Admin\Auth->login()
 3 SYSTEMPATH\CodeIgniter.php(480): CodeIgniter\CodeIgniter->runController(Object(App\Controllers\Admin\Auth))
 4 SYSTEMPATH\CodeIgniter.php(349): CodeIgniter\CodeIgniter->handleRequest(null, Object(Config\Cache), false)
 5 FCPATH\index.php(67): CodeIgniter\CodeIgniter->run()
 6 SYSTEMPATH\Commands\Server\rewrite.php(47): require_once('FCPATH\\index.php')
CRITICAL - 2023-01-17 17:31:29 --> Trying to get property 'senha' of non-object
in APPPATH\Controllers\Admin\Auth.php on line 39.
 1 APPPATH\Controllers\Admin\Auth.php(39): CodeIgniter\Debug\Exceptions->errorHandler(8, 'Trying to get property \'senha\' of non-object', 'APPPATH\\Controllers\\Admin\\Auth.php', 39, [...])
 2 SYSTEMPATH\CodeIgniter.php(925): App\Controllers\Admin\Auth->login()
 3 SYSTEMPATH\CodeIgniter.php(480): CodeIgniter\CodeIgniter->runController(Object(App\Controllers\Admin\Auth))
 4 SYSTEMPATH\CodeIgniter.php(349): CodeIgniter\CodeIgniter->handleRequest(null, Object(Config\Cache), false)
 5 FCPATH\index.php(67): CodeIgniter\CodeIgniter->run()
 6 SYSTEMPATH\Commands\Server\rewrite.php(47): require_once('FCPATH\\index.php')
CRITICAL - 2023-01-17 17:31:46 --> Trying to get property 'senha' of non-object
in APPPATH\Controllers\Admin\Auth.php on line 39.
 1 APPPATH\Controllers\Admin\Auth.php(39): CodeIgniter\Debug\Exceptions->errorHandler(8, 'Trying to get property \'senha\' of non-object', 'APPPATH\\Controllers\\Admin\\Auth.php', 39, [...])
 2 SYSTEMPATH\CodeIgniter.php(925): App\Controllers\Admin\Auth->login()
 3 SYSTEMPATH\CodeIgniter.php(480): CodeIgniter\CodeIgniter->runController(Object(App\Controllers\Admin\Auth))
 4 SYSTEMPATH\CodeIgniter.php(349): CodeIgniter\CodeIgniter->handleRequest(null, Object(Config\Cache), false)
 5 FCPATH\index.php(67): CodeIgniter\CodeIgniter->run()
 6 SYSTEMPATH\Commands\Server\rewrite.php(47): require_once('FCPATH\\index.php')
CRITICAL - 2023-01-17 17:34:08 --> Undefined variable: alert
in APPPATH\Controllers\Admin\Auth.php on line 57.
 1 APPPATH\Controllers\Admin\Auth.php(57): CodeIgniter\Debug\Exceptions->errorHandler(8, 'Undefined variable: alert', 'APPPATH\\Controllers\\Admin\\Auth.php', 57, [...])
 2 SYSTEMPATH\CodeIgniter.php(925): App\Controllers\Admin\Auth->login()
 3 SYSTEMPATH\CodeIgniter.php(480): CodeIgniter\CodeIgniter->runController(Object(App\Controllers\Admin\Auth))
 4 SYSTEMPATH\CodeIgniter.php(349): CodeIgniter\CodeIgniter->handleRequest(null, Object(Config\Cache), false)
 5 FCPATH\index.php(67): CodeIgniter\CodeIgniter->run()
 6 SYSTEMPATH\Commands\Server\rewrite.php(47): require_once('FCPATH\\index.php')
CRITICAL - 2023-01-17 17:40:22 --> Creating default object from empty value
in APPPATH\Controllers\Admin\Auth.php on line 44.
 1 APPPATH\Controllers\Admin\Auth.php(44): CodeIgniter\Debug\Exceptions->errorHandler(2, 'Creating default object from empty value', 'APPPATH\\Controllers\\Admin\\Auth.php', 44, [...])
 2 SYSTEMPATH\CodeIgniter.php(925): App\Controllers\Admin\Auth->login()
 3 SYSTEMPATH\CodeIgniter.php(480): CodeIgniter\CodeIgniter->runController(Object(App\Controllers\Admin\Auth))
 4 SYSTEMPATH\CodeIgniter.php(349): CodeIgniter\CodeIgniter->handleRequest(null, Object(Config\Cache), false)
 5 FCPATH\index.php(67): CodeIgniter\CodeIgniter->run()
 6 SYSTEMPATH\Commands\Server\rewrite.php(47): require_once('FCPATH\\index.php')
CRITICAL - 2023-01-17 17:40:48 --> Creating default object from empty value
in APPPATH\Controllers\Admin\Auth.php on line 45.
 1 APPPATH\Controllers\Admin\Auth.php(45): CodeIgniter\Debug\Exceptions->errorHandler(2, 'Creating default object from empty value', 'APPPATH\\Controllers\\Admin\\Auth.php', 45, [...])
 2 SYSTEMPATH\CodeIgniter.php(925): App\Controllers\Admin\Auth->login()
 3 SYSTEMPATH\CodeIgniter.php(480): CodeIgniter\CodeIgniter->runController(Object(App\Controllers\Admin\Auth))
 4 SYSTEMPATH\CodeIgniter.php(349): CodeIgniter\CodeIgniter->handleRequest(null, Object(Config\Cache), false)
 5 FCPATH\index.php(67): CodeIgniter\CodeIgniter->run()
 6 SYSTEMPATH\Commands\Server\rewrite.php(47): require_once('FCPATH\\index.php')
CRITICAL - 2023-01-17 17:41:26 --> Call to undefined function App\Controllers\Admin\random_string()
in APPPATH\Controllers\Admin\Auth.php on line 47.
 1 SYSTEMPATH\CodeIgniter.php(925): App\Controllers\Admin\Auth->login()
 2 SYSTEMPATH\CodeIgniter.php(480): CodeIgniter\CodeIgniter->runController(Object(App\Controllers\Admin\Auth))
 3 SYSTEMPATH\CodeIgniter.php(349): CodeIgniter\CodeIgniter->handleRequest(null, Object(Config\Cache), false)
 4 FCPATH\index.php(67): CodeIgniter\CodeIgniter->run()
 5 SYSTEMPATH\Commands\Server\rewrite.php(47): require_once('FCPATH\\index.php')
CRITICAL - 2023-01-17 17:50:53 --> Object of class CodeIgniter\Session\Session could not be converted to string
in APPPATH\Views\admin\index.php on line 28.
 1 SYSTEMPATH\View\View.php(213): include()
 2 SYSTEMPATH\View\View.php(216): CodeIgniter\View\View->CodeIgniter\View\{closure}()
 3 SYSTEMPATH\Common.php(1135): CodeIgniter\View\View->render('admin/index.php', [], true)
 4 APPPATH\Controllers\Admin\Home.php(31): view('admin/index.php', [...])
 5 SYSTEMPATH\CodeIgniter.php(925): App\Controllers\Admin\Home->index()
 6 SYSTEMPATH\CodeIgniter.php(480): CodeIgniter\CodeIgniter->runController(Object(App\Controllers\Admin\Home))
 7 SYSTEMPATH\CodeIgniter.php(349): CodeIgniter\CodeIgniter->handleRequest(null, Object(Config\Cache), false)
 8 FCPATH\index.php(67): CodeIgniter\CodeIgniter->run()
 9 SYSTEMPATH\Commands\Server\rewrite.php(47): require_once('FCPATH\\index.php')
