CRITICAL - 2023-01-30 15:06:50 --> Call to a member function doUpload() on null
in APPPATH\Controllers\Admin\Galeria.php on line 287.
 1 SYSTEMPATH\CodeIgniter.php(925): App\Controllers\Admin\Galeria->uploadImages('(:num)')
 2 SYSTEMPATH\CodeIgniter.php(480): CodeIgniter\CodeIgniter->runController(Object(App\Controllers\Admin\Galeria))
 3 SYSTEMPATH\CodeIgniter.php(349): CodeIgniter\CodeIgniter->handleRequest(null, Object(Config\Cache), false)
 4 FCPATH\index.php(67): CodeIgniter\CodeIgniter->run()
CRITICAL - 2023-01-30 15:22:00 --> Undefined property: App\Controllers\Admin\Galeria::$load
in APPPATH\Controllers\Admin\Galeria.php on line 278.
 1 APPPATH\Controllers\Admin\Galeria.php(278): CodeIgniter\Debug\Exceptions->errorHandler(8, 'Undefined property: App\\Controllers\\Admin\\Galeria::$load', 'APPPATH\\Controllers\\Admin\\Galeria.php', 278, [...])
 2 SYSTEMPATH\CodeIgniter.php(925): App\Controllers\Admin\Galeria->uploadImages('(:num)')
 3 SYSTEMPATH\CodeIgniter.php(480): CodeIgniter\CodeIgniter->runController(Object(App\Controllers\Admin\Galeria))
 4 SYSTEMPATH\CodeIgniter.php(349): CodeIgniter\CodeIgniter->handleRequest(null, Object(Config\Cache), false)
 5 FCPATH\index.php(67): CodeIgniter\CodeIgniter->run()
CRITICAL - 2023-01-30 15:35:14 --> count(): Parameter must be an array or an object that implements Countable
in APPPATH\Controllers\Admin\Galeria.php on line 301.
 1 [internal function]: CodeIgniter\Debug\Exceptions->errorHandler(2, 'count(): Parameter must be an array or an object that implements Countable', 'APPPATH\\Controllers\\Admin\\Galeria.php', 301, [...])
 2 APPPATH\Controllers\Admin\Galeria.php(301): count('Não foi possível realizar o upload das imagens')
 3 SYSTEMPATH\CodeIgniter.php(925): App\Controllers\Admin\Galeria->uploadImages('1')
 4 SYSTEMPATH\CodeIgniter.php(480): CodeIgniter\CodeIgniter->runController(Object(App\Controllers\Admin\Galeria))
 5 SYSTEMPATH\CodeIgniter.php(349): CodeIgniter\CodeIgniter->handleRequest(null, Object(Config\Cache), false)
 6 FCPATH\index.php(67): CodeIgniter\CodeIgniter->run()
CRITICAL - 2023-01-30 15:37:42 --> Array to string conversion
in APPPATH\Controllers\Admin\Galeria.php on line 286.
 1 APPPATH\Controllers\Admin\Galeria.php(286): CodeIgniter\Debug\Exceptions->errorHandler(8, 'Array to string conversion', 'APPPATH\\Controllers\\Admin\\Galeria.php', 286, [...])
 2 SYSTEMPATH\CodeIgniter.php(925): App\Controllers\Admin\Galeria->uploadImages('1')
 3 SYSTEMPATH\CodeIgniter.php(480): CodeIgniter\CodeIgniter->runController(Object(App\Controllers\Admin\Galeria))
 4 SYSTEMPATH\CodeIgniter.php(349): CodeIgniter\CodeIgniter->handleRequest(null, Object(Config\Cache), false)
 5 FCPATH\index.php(67): CodeIgniter\CodeIgniter->run()
CRITICAL - 2023-01-30 15:46:55 --> Class 'CodeIgniter\HTTP\Files\File' not found
in APPPATH\Controllers\Admin\Galeria.php on line 315.
 1 SYSTEMPATH\CodeIgniter.php(925): App\Controllers\Admin\Galeria->uploadImages('1')
 2 SYSTEMPATH\CodeIgniter.php(480): CodeIgniter\CodeIgniter->runController(Object(App\Controllers\Admin\Galeria))
 3 SYSTEMPATH\CodeIgniter.php(349): CodeIgniter\CodeIgniter->handleRequest(null, Object(Config\Cache), false)
 4 FCPATH\index.php(67): CodeIgniter\CodeIgniter->run()
CRITICAL - 2023-01-30 16:54:12 --> Não há dados para insert.
in SYSTEMPATH\BaseModel.php on line 730.
 1 SYSTEMPATH\BaseModel.php(730): CodeIgniter\Database\Exceptions\DataException::forEmptyDataset('insert')
 2 SYSTEMPATH\Model.php(699): CodeIgniter\BaseModel->insert([], true)
 3 APPPATH\Controllers\Admin\Galeria.php(318): CodeIgniter\Model->insert([...])
 4 APPPATH\Controllers\Admin\Galeria.php(285): App\Controllers\Admin\Galeria->saveImage(true, '1')
 5 SYSTEMPATH\CodeIgniter.php(925): App\Controllers\Admin\Galeria->uploadImages('1')
 6 SYSTEMPATH\CodeIgniter.php(480): CodeIgniter\CodeIgniter->runController(Object(App\Controllers\Admin\Galeria))
 7 SYSTEMPATH\CodeIgniter.php(349): CodeIgniter\CodeIgniter->handleRequest(null, Object(Config\Cache), false)
 8 FCPATH\index.php(67): CodeIgniter\CodeIgniter->run()
CRITICAL - 2023-01-30 16:54:57 --> Não há dados para insert.
in SYSTEMPATH\BaseModel.php on line 730.
 1 SYSTEMPATH\BaseModel.php(730): CodeIgniter\Database\Exceptions\DataException::forEmptyDataset('insert')
 2 SYSTEMPATH\Model.php(699): CodeIgniter\BaseModel->insert([], true)
 3 APPPATH\Controllers\Admin\Galeria.php(320): CodeIgniter\Model->insert([...])
 4 APPPATH\Controllers\Admin\Galeria.php(285): App\Controllers\Admin\Galeria->saveImage(true, '1')
 5 SYSTEMPATH\CodeIgniter.php(925): App\Controllers\Admin\Galeria->uploadImages('1')
 6 SYSTEMPATH\CodeIgniter.php(480): CodeIgniter\CodeIgniter->runController(Object(App\Controllers\Admin\Galeria))
 7 SYSTEMPATH\CodeIgniter.php(349): CodeIgniter\CodeIgniter->handleRequest(null, Object(Config\Cache), false)
 8 FCPATH\index.php(67): CodeIgniter\CodeIgniter->run()
CRITICAL - 2023-01-30 16:57:54 --> Não há dados para insert.
in SYSTEMPATH\BaseModel.php on line 730.
 1 SYSTEMPATH\BaseModel.php(730): CodeIgniter\Database\Exceptions\DataException::forEmptyDataset('insert')
 2 SYSTEMPATH\Model.php(699): CodeIgniter\BaseModel->insert([], true)
 3 APPPATH\Controllers\Admin\Galeria.php(321): CodeIgniter\Model->insert([...])
 4 APPPATH\Controllers\Admin\Galeria.php(286): App\Controllers\Admin\Galeria->saveImage('ROOTPATH\\writable\\uploads\\img\\1675112273_c30577c98b14f059f20c.png', '1')
 5 SYSTEMPATH\CodeIgniter.php(925): App\Controllers\Admin\Galeria->uploadImages('1')
 6 SYSTEMPATH\CodeIgniter.php(480): CodeIgniter\CodeIgniter->runController(Object(App\Controllers\Admin\Galeria))
 7 SYSTEMPATH\CodeIgniter.php(349): CodeIgniter\CodeIgniter->handleRequest(null, Object(Config\Cache), false)
 8 FCPATH\index.php(67): CodeIgniter\CodeIgniter->run()
CRITICAL - 2023-01-30 17:13:21 --> fopen(http://local.admin/uploads/img/1675113200_b20c2885384b78d147c4.png/index.html): failed to open stream: HTTP wrapper does not support writeable connections
in SYSTEMPATH\HTTP\Files\UploadedFile.php on line 179.
 1 [internal function]: CodeIgniter\Debug\Exceptions->errorHandler(2, 'fopen(http://local.admin/uploads/img/1675113200_b20c2885384b78d147c4.png/index.html): failed to open stream: HTTP wrapper does not support writeable connections', 'SYSTEMPATH\\HTTP\\Files\\UploadedFile.php', 179, [...])
 2 SYSTEMPATH\HTTP\Files\UploadedFile.php(179): fopen('http://local.admin/uploads/img/1675113200_b20c2885384b78d147c4.png/index.html', 'x+b')
 3 SYSTEMPATH\HTTP\Files\UploadedFile.php(130): CodeIgniter\HTTP\Files\UploadedFile->setPath('http://local.admin/uploads/img/1675113200_b20c2885384b78d147c4.png/')
 4 APPPATH\Controllers\Admin\Galeria.php(285): CodeIgniter\HTTP\Files\UploadedFile->move('http://local.admin/uploads/img/1675113200_b20c2885384b78d147c4.png/')
 5 SYSTEMPATH\CodeIgniter.php(925): App\Controllers\Admin\Galeria->uploadImages('1')
 6 SYSTEMPATH\CodeIgniter.php(480): CodeIgniter\CodeIgniter->runController(Object(App\Controllers\Admin\Galeria))
 7 SYSTEMPATH\CodeIgniter.php(349): CodeIgniter\CodeIgniter->handleRequest(null, Object(Config\Cache), false)
 8 FCPATH\index.php(67): CodeIgniter\CodeIgniter->run()
CRITICAL - 2023-01-30 17:15:06 --> Call to undefined method App\Controllers\Admin\Galeria::move()
in APPPATH\Controllers\Admin\Galeria.php on line 314.
 1 APPPATH\Controllers\Admin\Galeria.php(286): App\Controllers\Admin\Galeria->saveImage('ROOTPATH\\writable\\uploads\\img\\1675113306_39e88aa377c6ba097726.png', '1')
 2 SYSTEMPATH\CodeIgniter.php(925): App\Controllers\Admin\Galeria->uploadImages('1')
 3 SYSTEMPATH\CodeIgniter.php(480): CodeIgniter\CodeIgniter->runController(Object(App\Controllers\Admin\Galeria))
 4 SYSTEMPATH\CodeIgniter.php(349): CodeIgniter\CodeIgniter->handleRequest(null, Object(Config\Cache), false)
 5 FCPATH\index.php(67): CodeIgniter\CodeIgniter->run()
CRITICAL - 2023-01-30 17:16:18 --> Call to a member function move() on string
in APPPATH\Controllers\Admin\Galeria.php on line 314.
 1 APPPATH\Controllers\Admin\Galeria.php(286): App\Controllers\Admin\Galeria->saveImage('ROOTPATH\\writable\\uploads\\img\\1675113378_3d2f1459e07fc3f8eb0c.png', '1')
 2 SYSTEMPATH\CodeIgniter.php(925): App\Controllers\Admin\Galeria->uploadImages('1')
 3 SYSTEMPATH\CodeIgniter.php(480): CodeIgniter\CodeIgniter->runController(Object(App\Controllers\Admin\Galeria))
 4 SYSTEMPATH\CodeIgniter.php(349): CodeIgniter\CodeIgniter->handleRequest(null, Object(Config\Cache), false)
 5 FCPATH\index.php(67): CodeIgniter\CodeIgniter->run()
CRITICAL - 2023-01-30 17:21:22 --> Não há dados para insert.
in SYSTEMPATH\BaseModel.php on line 730.
 1 SYSTEMPATH\BaseModel.php(730): CodeIgniter\Database\Exceptions\DataException::forEmptyDataset('insert')
 2 SYSTEMPATH\Model.php(699): CodeIgniter\BaseModel->insert([], true)
 3 APPPATH\Controllers\Admin\Galeria.php(311): CodeIgniter\Model->insert([...])
 4 APPPATH\Controllers\Admin\Galeria.php(285): App\Controllers\Admin\Galeria->saveImage('1675113681_df4bea2b096b20cc3aa7.png', '1')
 5 SYSTEMPATH\CodeIgniter.php(925): App\Controllers\Admin\Galeria->uploadImages('1')
 6 SYSTEMPATH\CodeIgniter.php(480): CodeIgniter\CodeIgniter->runController(Object(App\Controllers\Admin\Galeria))
 7 SYSTEMPATH\CodeIgniter.php(349): CodeIgniter\CodeIgniter->handleRequest(null, Object(Config\Cache), false)
 8 FCPATH\index.php(67): CodeIgniter\CodeIgniter->run()
CRITICAL - 2023-01-30 17:21:44 --> Undefined property: App\Controllers\Admin\Galeria::$modelImage
in APPPATH\Controllers\Admin\Galeria.php on line 311.
 1 APPPATH\Controllers\Admin\Galeria.php(311): CodeIgniter\Debug\Exceptions->errorHandler(8, 'Undefined property: App\\Controllers\\Admin\\Galeria::$modelImage', 'APPPATH\\Controllers\\Admin\\Galeria.php', 311, [...])
 2 APPPATH\Controllers\Admin\Galeria.php(285): App\Controllers\Admin\Galeria->saveImage('1675113704_308817984d67e239b80e.png', '1')
 3 SYSTEMPATH\CodeIgniter.php(925): App\Controllers\Admin\Galeria->uploadImages('1')
 4 SYSTEMPATH\CodeIgniter.php(480): CodeIgniter\CodeIgniter->runController(Object(App\Controllers\Admin\Galeria))
 5 SYSTEMPATH\CodeIgniter.php(349): CodeIgniter\CodeIgniter->handleRequest(null, Object(Config\Cache), false)
 6 FCPATH\index.php(67): CodeIgniter\CodeIgniter->run()
CRITICAL - 2023-01-30 17:46:44 --> Trying to get property 'imagem' of non-object
in APPPATH\Views\admin\galerias\images.php on line 110.
 1 APPPATH\Views\admin\galerias\images.php(110): CodeIgniter\Debug\Exceptions->errorHandler(8, 'Trying to get property \'imagem\' of non-object', 'APPPATH\\Views\\admin\\galerias\\images.php', 110, [...])
 2 SYSTEMPATH\View\View.php(213): include('APPPATH\\Views\\admin\\galerias\\images.php')
 3 SYSTEMPATH\View\View.php(216): CodeIgniter\View\View->CodeIgniter\View\{closure}()
 4 SYSTEMPATH\Common.php(1135): CodeIgniter\View\View->render('admin/galerias/images.php', [], true)
 5 APPPATH\Controllers\Admin\Galeria.php(261): view('admin/galerias/images.php', [...])
 6 SYSTEMPATH\CodeIgniter.php(925): App\Controllers\Admin\Galeria->images('1')
 7 SYSTEMPATH\CodeIgniter.php(480): CodeIgniter\CodeIgniter->runController(Object(App\Controllers\Admin\Galeria))
 8 SYSTEMPATH\CodeIgniter.php(349): CodeIgniter\CodeIgniter->handleRequest(null, Object(Config\Cache), false)
 9 FCPATH\index.php(67): CodeIgniter\CodeIgniter->run()
CRITICAL - 2023-01-30 17:47:01 --> Trying to access array offset on value of type null
in APPPATH\Views\admin\galerias\images.php on line 110.
 1 APPPATH\Views\admin\galerias\images.php(110): CodeIgniter\Debug\Exceptions->errorHandler(8, 'Trying to access array offset on value of type null', 'APPPATH\\Views\\admin\\galerias\\images.php', 110, [...])
 2 SYSTEMPATH\View\View.php(213): include('APPPATH\\Views\\admin\\galerias\\images.php')
 3 SYSTEMPATH\View\View.php(216): CodeIgniter\View\View->CodeIgniter\View\{closure}()
 4 SYSTEMPATH\Common.php(1135): CodeIgniter\View\View->render('admin/galerias/images.php', [], true)
 5 APPPATH\Controllers\Admin\Galeria.php(261): view('admin/galerias/images.php', [...])
 6 SYSTEMPATH\CodeIgniter.php(925): App\Controllers\Admin\Galeria->images('1')
 7 SYSTEMPATH\CodeIgniter.php(480): CodeIgniter\CodeIgniter->runController(Object(App\Controllers\Admin\Galeria))
 8 SYSTEMPATH\CodeIgniter.php(349): CodeIgniter\CodeIgniter->handleRequest(null, Object(Config\Cache), false)
 9 FCPATH\index.php(67): CodeIgniter\CodeIgniter->run()
CRITICAL - 2023-01-30 17:51:28 --> Trying to get property 'imagem' of non-object
in APPPATH\Views\admin\galerias\images.php on line 111.
 1 APPPATH\Views\admin\galerias\images.php(111): CodeIgniter\Debug\Exceptions->errorHandler(8, 'Trying to get property \'imagem\' of non-object', 'APPPATH\\Views\\admin\\galerias\\images.php', 111, [...])
 2 SYSTEMPATH\View\View.php(213): include('APPPATH\\Views\\admin\\galerias\\images.php')
 3 SYSTEMPATH\View\View.php(216): CodeIgniter\View\View->CodeIgniter\View\{closure}()
 4 SYSTEMPATH\Common.php(1135): CodeIgniter\View\View->render('admin/galerias/images.php', [], true)
 5 APPPATH\Controllers\Admin\Galeria.php(261): view('admin/galerias/images.php', [...])
 6 SYSTEMPATH\CodeIgniter.php(925): App\Controllers\Admin\Galeria->images('1')
 7 SYSTEMPATH\CodeIgniter.php(480): CodeIgniter\CodeIgniter->runController(Object(App\Controllers\Admin\Galeria))
 8 SYSTEMPATH\CodeIgniter.php(349): CodeIgniter\CodeIgniter->handleRequest(null, Object(Config\Cache), false)
 9 FCPATH\index.php(67): CodeIgniter\CodeIgniter->run()
CRITICAL - 2023-01-30 17:52:57 --> Trying to access array offset on value of type null
in APPPATH\Views\admin\galerias\images.php on line 110.
 1 APPPATH\Views\admin\galerias\images.php(110): CodeIgniter\Debug\Exceptions->errorHandler(8, 'Trying to access array offset on value of type null', 'APPPATH\\Views\\admin\\galerias\\images.php', 110, [...])
 2 SYSTEMPATH\View\View.php(213): include('APPPATH\\Views\\admin\\galerias\\images.php')
 3 SYSTEMPATH\View\View.php(216): CodeIgniter\View\View->CodeIgniter\View\{closure}()
 4 SYSTEMPATH\Common.php(1135): CodeIgniter\View\View->render('admin/galerias/images.php', [], true)
 5 APPPATH\Controllers\Admin\Galeria.php(261): view('admin/galerias/images.php', [...])
 6 SYSTEMPATH\CodeIgniter.php(925): App\Controllers\Admin\Galeria->images('1')
 7 SYSTEMPATH\CodeIgniter.php(480): CodeIgniter\CodeIgniter->runController(Object(App\Controllers\Admin\Galeria))
 8 SYSTEMPATH\CodeIgniter.php(349): CodeIgniter\CodeIgniter->handleRequest(null, Object(Config\Cache), false)
 9 FCPATH\index.php(67): CodeIgniter\CodeIgniter->run()
CRITICAL - 2023-01-30 17:53:37 --> Trying to get property 'table' of non-object
in APPPATH\Views\admin\galerias\images.php on line 111.
 1 APPPATH\Views\admin\galerias\images.php(111): CodeIgniter\Debug\Exceptions->errorHandler(8, 'Trying to get property \'table\' of non-object', 'APPPATH\\Views\\admin\\galerias\\images.php', 111, [...])
 2 SYSTEMPATH\View\View.php(213): include('APPPATH\\Views\\admin\\galerias\\images.php')
 3 SYSTEMPATH\View\View.php(216): CodeIgniter\View\View->CodeIgniter\View\{closure}()
 4 SYSTEMPATH\Common.php(1135): CodeIgniter\View\View->render('admin/galerias/images.php', [], true)
 5 APPPATH\Controllers\Admin\Galeria.php(261): view('admin/galerias/images.php', [...])
 6 SYSTEMPATH\CodeIgniter.php(925): App\Controllers\Admin\Galeria->images('1')
 7 SYSTEMPATH\CodeIgniter.php(480): CodeIgniter\CodeIgniter->runController(Object(App\Controllers\Admin\Galeria))
 8 SYSTEMPATH\CodeIgniter.php(349): CodeIgniter\CodeIgniter->handleRequest(null, Object(Config\Cache), false)
 9 FCPATH\index.php(67): CodeIgniter\CodeIgniter->run()
CRITICAL - 2023-01-30 17:53:52 --> Undefined property: stdClass::$table
in APPPATH\Views\admin\galerias\images.php on line 111.
 1 APPPATH\Views\admin\galerias\images.php(111): CodeIgniter\Debug\Exceptions->errorHandler(8, 'Undefined property: stdClass::$table', 'APPPATH\\Views\\admin\\galerias\\images.php', 111, [...])
 2 SYSTEMPATH\View\View.php(213): include('APPPATH\\Views\\admin\\galerias\\images.php')
 3 SYSTEMPATH\View\View.php(216): CodeIgniter\View\View->CodeIgniter\View\{closure}()
 4 SYSTEMPATH\Common.php(1135): CodeIgniter\View\View->render('admin/galerias/images.php', [], true)
 5 APPPATH\Controllers\Admin\Galeria.php(261): view('admin/galerias/images.php', [...])
 6 SYSTEMPATH\CodeIgniter.php(925): App\Controllers\Admin\Galeria->images('1')
 7 SYSTEMPATH\CodeIgniter.php(480): CodeIgniter\CodeIgniter->runController(Object(App\Controllers\Admin\Galeria))
 8 SYSTEMPATH\CodeIgniter.php(349): CodeIgniter\CodeIgniter->handleRequest(null, Object(Config\Cache), false)
 9 FCPATH\index.php(67): CodeIgniter\CodeIgniter->run()
