CRITICAL - 2023-01-09 13:55:32 --> Arquivo inválido: admin/index.html
in SYSTEMPATH\Exceptions\FrameworkException.php on line 33.
 1 SYSTEMPATH\View\View.php(201): CodeIgniter\Exceptions\FrameworkException::forInvalidFile('FCPATH\\admin\\index.html')
 2 SYSTEMPATH\Common.php(1135): CodeIgniter\View\View->render('FCPATH\\admin\\index.html', [], true)
 3 APPPATH\Controllers\Home.php(9): view('FCPATH\\admin\\index.html')
 4 SYSTEMPATH\CodeIgniter.php(925): App\Controllers\Home->index()
 5 SYSTEMPATH\CodeIgniter.php(480): CodeIgniter\CodeIgniter->runController(Object(App\Controllers\Home))
 6 SYSTEMPATH\CodeIgniter.php(349): CodeIgniter\CodeIgniter->handleRequest(null, Object(Config\Cache), false)
 7 FCPATH\index.php(67): CodeIgniter\CodeIgniter->run()
 8 SYSTEMPATH\Commands\Server\rewrite.php(47): require_once('FCPATH\\index.php')
CRITICAL - 2023-01-09 13:55:51 --> Arquivo inválido: /admin/index.html
in SYSTEMPATH\Exceptions\FrameworkException.php on line 33.
 1 SYSTEMPATH\View\View.php(201): CodeIgniter\Exceptions\FrameworkException::forInvalidFile('/admin/index.html')
 2 SYSTEMPATH\Common.php(1135): CodeIgniter\View\View->render('/admin/index.html', [], true)
 3 APPPATH\Controllers\Home.php(9): view('/admin/index.html')
 4 SYSTEMPATH\CodeIgniter.php(925): App\Controllers\Home->index()
 5 SYSTEMPATH\CodeIgniter.php(480): CodeIgniter\CodeIgniter->runController(Object(App\Controllers\Home))
 6 SYSTEMPATH\CodeIgniter.php(349): CodeIgniter\CodeIgniter->handleRequest(null, Object(Config\Cache), false)
 7 FCPATH\index.php(67): CodeIgniter\CodeIgniter->run()
 8 SYSTEMPATH\Commands\Server\rewrite.php(47): require_once('FCPATH\\index.php')
CRITICAL - 2023-01-09 13:56:47 --> Arquivo inválido: admin/index.html
in SYSTEMPATH\Exceptions\FrameworkException.php on line 33.
 1 SYSTEMPATH\View\View.php(201): CodeIgniter\Exceptions\FrameworkException::forInvalidFile('FCPATH\\admin\\index.html')
 2 SYSTEMPATH\Common.php(1135): CodeIgniter\View\View->render('FCPATH\\admin\\index.html', [], true)
 3 APPPATH\Controllers\Home.php(9): view('FCPATH\\admin\\index.html')
 4 SYSTEMPATH\CodeIgniter.php(925): App\Controllers\Home->index()
 5 SYSTEMPATH\CodeIgniter.php(480): CodeIgniter\CodeIgniter->runController(Object(App\Controllers\Home))
 6 SYSTEMPATH\CodeIgniter.php(349): CodeIgniter\CodeIgniter->handleRequest(null, Object(Config\Cache), false)
 7 FCPATH\index.php(67): CodeIgniter\CodeIgniter->run()
 8 SYSTEMPATH\Commands\Server\rewrite.php(47): require_once('FCPATH\\index.php')
CRITICAL - 2023-01-09 14:03:58 --> Arquivo inválido: admin/index.html
in SYSTEMPATH\Exceptions\FrameworkException.php on line 33.
 1 SYSTEMPATH\View\View.php(201): CodeIgniter\Exceptions\FrameworkException::forInvalidFile('admin/index.html')
 2 SYSTEMPATH\Common.php(1135): CodeIgniter\View\View->render('admin/index.html', [], true)
 3 APPPATH\Controllers\Home.php(9): view('admin/index.html')
 4 SYSTEMPATH\CodeIgniter.php(925): App\Controllers\Home->index()
 5 SYSTEMPATH\CodeIgniter.php(480): CodeIgniter\CodeIgniter->runController(Object(App\Controllers\Home))
 6 SYSTEMPATH\CodeIgniter.php(349): CodeIgniter\CodeIgniter->handleRequest(null, Object(Config\Cache), false)
 7 FCPATH\index.php(67): CodeIgniter\CodeIgniter->run()
 8 SYSTEMPATH\Commands\Server\rewrite.php(47): require_once('FCPATH\\index.php')
CRITICAL - 2023-01-09 14:48:23 --> The namespace delimiter is a backslash (\), not a slash (/). Route handler: \App\Controllers\Admin/Home::index
in SYSTEMPATH\Router\Router.php on line 466.
 1 SYSTEMPATH\Router\Router.php(466): CodeIgniter\Router\Exceptions\RouterException::forInvalidControllerName('\\App\\Controllers\\Admin/Home::index')
 2 SYSTEMPATH\Router\Router.php(181): CodeIgniter\Router\Router->checkRoutes('C:\\')
 3 SYSTEMPATH\CodeIgniter.php(800): CodeIgniter\Router\Router->handle('C:\\')
 4 SYSTEMPATH\CodeIgniter.php(428): CodeIgniter\CodeIgniter->tryToRouteIt(Object(CodeIgniter\Router\RouteCollection))
 5 SYSTEMPATH\CodeIgniter.php(349): CodeIgniter\CodeIgniter->handleRequest(null, Object(Config\Cache), false)
 6 FCPATH\index.php(67): CodeIgniter\CodeIgniter->run()
 7 SYSTEMPATH\Commands\Server\rewrite.php(47): require_once('FCPATH\\index.php')
CRITICAL - 2023-01-09 14:48:32 --> The namespace delimiter is a backslash (\), not a slash (/). Route handler: \App\Controllers\Admin/Home::index
in SYSTEMPATH\Router\Router.php on line 466.
 1 SYSTEMPATH\Router\Router.php(466): CodeIgniter\Router\Exceptions\RouterException::forInvalidControllerName('\\App\\Controllers\\Admin/Home::index')
 2 SYSTEMPATH\Router\Router.php(181): CodeIgniter\Router\Router->checkRoutes('C:\\')
 3 SYSTEMPATH\CodeIgniter.php(800): CodeIgniter\Router\Router->handle('C:\\')
 4 SYSTEMPATH\CodeIgniter.php(428): CodeIgniter\CodeIgniter->tryToRouteIt(Object(CodeIgniter\Router\RouteCollection))
 5 SYSTEMPATH\CodeIgniter.php(349): CodeIgniter\CodeIgniter->handleRequest(null, Object(Config\Cache), false)
 6 FCPATH\index.php(67): CodeIgniter\CodeIgniter->run()
 7 SYSTEMPATH\Commands\Server\rewrite.php(47): require_once('FCPATH\\index.php')
CRITICAL - 2023-01-09 14:48:38 --> The namespace delimiter is a backslash (\), not a slash (/). Route handler: \App\Controllers\/Admin/Home::index
in SYSTEMPATH\Router\Router.php on line 466.
 1 SYSTEMPATH\Router\Router.php(466): CodeIgniter\Router\Exceptions\RouterException::forInvalidControllerName('\\App\\Controllers\\/Admin/Home::index')
 2 SYSTEMPATH\Router\Router.php(181): CodeIgniter\Router\Router->checkRoutes('C:\\')
 3 SYSTEMPATH\CodeIgniter.php(800): CodeIgniter\Router\Router->handle('C:\\')
 4 SYSTEMPATH\CodeIgniter.php(428): CodeIgniter\CodeIgniter->tryToRouteIt(Object(CodeIgniter\Router\RouteCollection))
 5 SYSTEMPATH\CodeIgniter.php(349): CodeIgniter\CodeIgniter->handleRequest(null, Object(Config\Cache), false)
 6 FCPATH\index.php(67): CodeIgniter\CodeIgniter->run()
 7 SYSTEMPATH\Commands\Server\rewrite.php(47): require_once('FCPATH\\index.php')
CRITICAL - 2023-01-09 14:48:39 --> The namespace delimiter is a backslash (\), not a slash (/). Route handler: \App\Controllers\/Admin/Home::index
in SYSTEMPATH\Router\Router.php on line 466.
 1 SYSTEMPATH\Router\Router.php(466): CodeIgniter\Router\Exceptions\RouterException::forInvalidControllerName('\\App\\Controllers\\/Admin/Home::index')
 2 SYSTEMPATH\Router\Router.php(181): CodeIgniter\Router\Router->checkRoutes('C:\\')
 3 SYSTEMPATH\CodeIgniter.php(800): CodeIgniter\Router\Router->handle('C:\\')
 4 SYSTEMPATH\CodeIgniter.php(428): CodeIgniter\CodeIgniter->tryToRouteIt(Object(CodeIgniter\Router\RouteCollection))
 5 SYSTEMPATH\CodeIgniter.php(349): CodeIgniter\CodeIgniter->handleRequest(null, Object(Config\Cache), false)
 6 FCPATH\index.php(67): CodeIgniter\CodeIgniter->run()
 7 SYSTEMPATH\Commands\Server\rewrite.php(47): require_once('FCPATH\\index.php')
CRITICAL - 2023-01-09 14:49:41 --> The namespace delimiter is a backslash (\), not a slash (/). Route handler: \App\Controllers\/Admin/Home::index
in SYSTEMPATH\Router\Router.php on line 466.
 1 SYSTEMPATH\Router\Router.php(466): CodeIgniter\Router\Exceptions\RouterException::forInvalidControllerName('\\App\\Controllers\\/Admin/Home::index')
 2 SYSTEMPATH\Router\Router.php(181): CodeIgniter\Router\Router->checkRoutes('C:\\')
 3 SYSTEMPATH\CodeIgniter.php(800): CodeIgniter\Router\Router->handle('C:\\')
 4 SYSTEMPATH\CodeIgniter.php(428): CodeIgniter\CodeIgniter->tryToRouteIt(Object(CodeIgniter\Router\RouteCollection))
 5 SYSTEMPATH\CodeIgniter.php(349): CodeIgniter\CodeIgniter->handleRequest(null, Object(Config\Cache), false)
 6 FCPATH\index.php(67): CodeIgniter\CodeIgniter->run()
 7 SYSTEMPATH\Commands\Server\rewrite.php(47): require_once('FCPATH\\index.php')
CRITICAL - 2023-01-09 14:54:43 --> Class 'App\Controllers\Admin\BaseController' not found
in APPPATH\Controllers\Admin\Home.php on line 5.
 1 SYSTEMPATH\Autoloader\Autoloader.php(283): include_once()
 2 SYSTEMPATH\Autoloader\Autoloader.php(260): CodeIgniter\Autoloader\Autoloader->includeFile('APPPATH\\Controllers\\Admin\\Home.php')
 3 SYSTEMPATH\Autoloader\Autoloader.php(238): CodeIgniter\Autoloader\Autoloader->loadInNamespace('App\\Controllers\\Admin\\Home')
 4 [internal function]: CodeIgniter\Autoloader\Autoloader->loadClass('App\\Controllers\\Admin\\Home')
 5 [internal function]: spl_autoload_call('App\\Controllers\\Admin\\Home')
 6 SYSTEMPATH\CodeIgniter.php(875): class_exists('\\App\\Controllers\\Admin\\Home', true)
 7 SYSTEMPATH\CodeIgniter.php(467): CodeIgniter\CodeIgniter->startController()
 8 SYSTEMPATH\CodeIgniter.php(349): CodeIgniter\CodeIgniter->handleRequest(null, Object(Config\Cache), false)
 9 FCPATH\index.php(67): CodeIgniter\CodeIgniter->run()
10 SYSTEMPATH\Commands\Server\rewrite.php(47): require_once('FCPATH\\index.php')
CRITICAL - 2023-01-09 14:55:24 --> Class 'App\Controllers\Admin\BaseController' not found
in APPPATH\Controllers\Admin\Home.php on line 5.
 1 SYSTEMPATH\Autoloader\Autoloader.php(283): include_once()
 2 SYSTEMPATH\Autoloader\Autoloader.php(260): CodeIgniter\Autoloader\Autoloader->includeFile('APPPATH\\Controllers\\Admin\\Home.php')
 3 SYSTEMPATH\Autoloader\Autoloader.php(238): CodeIgniter\Autoloader\Autoloader->loadInNamespace('App\\Controllers\\Admin\\Home')
 4 [internal function]: CodeIgniter\Autoloader\Autoloader->loadClass('App\\Controllers\\Admin\\Home')
 5 [internal function]: spl_autoload_call('App\\Controllers\\Admin\\Home')
 6 SYSTEMPATH\CodeIgniter.php(875): class_exists('\\App\\Controllers\\Admin\\Home', true)
 7 SYSTEMPATH\CodeIgniter.php(467): CodeIgniter\CodeIgniter->startController()
 8 SYSTEMPATH\CodeIgniter.php(349): CodeIgniter\CodeIgniter->handleRequest(null, Object(Config\Cache), false)
 9 FCPATH\index.php(67): CodeIgniter\CodeIgniter->run()
10 SYSTEMPATH\Commands\Server\rewrite.php(47): require_once('FCPATH\\index.php')
CRITICAL - 2023-01-09 14:55:48 --> Call to undefined method App\Controllers\Admin\Home::initController()
in SYSTEMPATH\CodeIgniter.php on line 888.
 1 SYSTEMPATH\CodeIgniter.php(471): CodeIgniter\CodeIgniter->createController()
 2 SYSTEMPATH\CodeIgniter.php(349): CodeIgniter\CodeIgniter->handleRequest(null, Object(Config\Cache), false)
 3 FCPATH\index.php(67): CodeIgniter\CodeIgniter->run()
 4 SYSTEMPATH\Commands\Server\rewrite.php(47): require_once('FCPATH\\index.php')
CRITICAL - 2023-01-09 14:55:56 --> Class 'App\Controllers\Admin\BaseController' not found
in APPPATH\Controllers\Admin\Home.php on line 5.
 1 SYSTEMPATH\Autoloader\Autoloader.php(283): include_once()
 2 SYSTEMPATH\Autoloader\Autoloader.php(260): CodeIgniter\Autoloader\Autoloader->includeFile('APPPATH\\Controllers\\Admin\\Home.php')
 3 SYSTEMPATH\Autoloader\Autoloader.php(238): CodeIgniter\Autoloader\Autoloader->loadInNamespace('App\\Controllers\\Admin\\Home')
 4 [internal function]: CodeIgniter\Autoloader\Autoloader->loadClass('App\\Controllers\\Admin\\Home')
 5 [internal function]: spl_autoload_call('App\\Controllers\\Admin\\Home')
 6 SYSTEMPATH\CodeIgniter.php(875): class_exists('\\App\\Controllers\\Admin\\Home', true)
 7 SYSTEMPATH\CodeIgniter.php(467): CodeIgniter\CodeIgniter->startController()
 8 SYSTEMPATH\CodeIgniter.php(349): CodeIgniter\CodeIgniter->handleRequest(null, Object(Config\Cache), false)
 9 FCPATH\index.php(67): CodeIgniter\CodeIgniter->run()
10 SYSTEMPATH\Commands\Server\rewrite.php(47): require_once('FCPATH\\index.php')
CRITICAL - 2023-01-09 14:56:36 --> Class 'App\Controllers\Admin\BaseController' not found
in APPPATH\Controllers\Admin\Home.php on line 5.
 1 SYSTEMPATH\Autoloader\Autoloader.php(283): include_once()
 2 SYSTEMPATH\Autoloader\Autoloader.php(260): CodeIgniter\Autoloader\Autoloader->includeFile('APPPATH\\Controllers\\Admin\\Home.php')
 3 SYSTEMPATH\Autoloader\Autoloader.php(238): CodeIgniter\Autoloader\Autoloader->loadInNamespace('App\\Controllers\\Admin\\Home')
 4 [internal function]: CodeIgniter\Autoloader\Autoloader->loadClass('App\\Controllers\\Admin\\Home')
 5 [internal function]: spl_autoload_call('App\\Controllers\\Admin\\Home')
 6 SYSTEMPATH\CodeIgniter.php(875): class_exists('\\App\\Controllers\\Admin\\Home', true)
 7 SYSTEMPATH\CodeIgniter.php(467): CodeIgniter\CodeIgniter->startController()
 8 SYSTEMPATH\CodeIgniter.php(349): CodeIgniter\CodeIgniter->handleRequest(null, Object(Config\Cache), false)
 9 FCPATH\index.php(67): CodeIgniter\CodeIgniter->run()
10 SYSTEMPATH\Commands\Server\rewrite.php(47): require_once('FCPATH\\index.php')
CRITICAL - 2023-01-09 14:57:35 --> Class 'App\Controllers\Admin\BaseController' not found
in APPPATH\Controllers\Admin\Home.php on line 6.
 1 SYSTEMPATH\Autoloader\Autoloader.php(283): include_once()
 2 SYSTEMPATH\Autoloader\Autoloader.php(260): CodeIgniter\Autoloader\Autoloader->includeFile('APPPATH\\Controllers\\Admin\\Home.php')
 3 SYSTEMPATH\Autoloader\Autoloader.php(238): CodeIgniter\Autoloader\Autoloader->loadInNamespace('App\\Controllers\\Admin\\Home')
 4 [internal function]: CodeIgniter\Autoloader\Autoloader->loadClass('App\\Controllers\\Admin\\Home')
 5 [internal function]: spl_autoload_call('App\\Controllers\\Admin\\Home')
 6 SYSTEMPATH\CodeIgniter.php(875): class_exists('\\App\\Controllers\\Admin\\Home', true)
 7 SYSTEMPATH\CodeIgniter.php(467): CodeIgniter\CodeIgniter->startController()
 8 SYSTEMPATH\CodeIgniter.php(349): CodeIgniter\CodeIgniter->handleRequest(null, Object(Config\Cache), false)
 9 FCPATH\index.php(67): CodeIgniter\CodeIgniter->run()
10 SYSTEMPATH\Commands\Server\rewrite.php(47): require_once('FCPATH\\index.php')
CRITICAL - 2023-01-09 15:14:34 --> Undefined variable: data
in APPPATH\Views\admin\index.php on line 1031.
 1 APPPATH\Views\admin\index.php(1031): CodeIgniter\Debug\Exceptions->errorHandler(8, 'Undefined variable: data', 'APPPATH\\Views\\admin\\index.php', 1031, [...])
 2 SYSTEMPATH\View\View.php(213): include('APPPATH\\Views\\admin\\index.php')
 3 SYSTEMPATH\View\View.php(216): CodeIgniter\View\View->CodeIgniter\View\{closure}()
 4 SYSTEMPATH\Common.php(1135): CodeIgniter\View\View->render('admin/index.php', [], true)
 5 APPPATH\Controllers\Admin\Home.php(23): view('admin/index.php', [...])
 6 SYSTEMPATH\CodeIgniter.php(925): App\Controllers\Admin\Home->index()
 7 SYSTEMPATH\CodeIgniter.php(480): CodeIgniter\CodeIgniter->runController(Object(App\Controllers\Admin\Home))
 8 SYSTEMPATH\CodeIgniter.php(349): CodeIgniter\CodeIgniter->handleRequest(null, Object(Config\Cache), false)
 9 FCPATH\index.php(67): CodeIgniter\CodeIgniter->run()
10 SYSTEMPATH\Commands\Server\rewrite.php(47): require_once('FCPATH\\index.php')
CRITICAL - 2023-01-09 15:15:07 --> Undefined variable: data
in APPPATH\Views\admin\index.php on line 1031.
 1 APPPATH\Views\admin\index.php(1031): CodeIgniter\Debug\Exceptions->errorHandler(8, 'Undefined variable: data', 'APPPATH\\Views\\admin\\index.php', 1031, [...])
 2 SYSTEMPATH\View\View.php(213): include('APPPATH\\Views\\admin\\index.php')
 3 SYSTEMPATH\View\View.php(216): CodeIgniter\View\View->CodeIgniter\View\{closure}()
 4 SYSTEMPATH\Common.php(1135): CodeIgniter\View\View->render('admin/index.php', [], true)
 5 APPPATH\Controllers\Admin\Home.php(23): view('admin/index.php', [...])
 6 SYSTEMPATH\CodeIgniter.php(925): App\Controllers\Admin\Home->index()
 7 SYSTEMPATH\CodeIgniter.php(480): CodeIgniter\CodeIgniter->runController(Object(App\Controllers\Admin\Home))
 8 SYSTEMPATH\CodeIgniter.php(349): CodeIgniter\CodeIgniter->handleRequest(null, Object(Config\Cache), false)
 9 FCPATH\index.php(67): CodeIgniter\CodeIgniter->run()
10 SYSTEMPATH\Commands\Server\rewrite.php(47): require_once('FCPATH\\index.php')
CRITICAL - 2023-01-09 15:16:03 --> Invalid argument supplied for foreach()
in APPPATH\Views\admin\index.php on line 1032.
 1 APPPATH\Views\admin\index.php(1032): CodeIgniter\Debug\Exceptions->errorHandler(2, 'Invalid argument supplied for foreach()', 'APPPATH\\Views\\admin\\index.php', 1032, [...])
 2 SYSTEMPATH\View\View.php(213): include('APPPATH\\Views\\admin\\index.php')
 3 SYSTEMPATH\View\View.php(216): CodeIgniter\View\View->CodeIgniter\View\{closure}()
 4 SYSTEMPATH\Common.php(1135): CodeIgniter\View\View->render('admin/index.php', [], true)
 5 APPPATH\Controllers\Admin\Home.php(23): view('admin/index.php', [...])
 6 SYSTEMPATH\CodeIgniter.php(925): App\Controllers\Admin\Home->index()
 7 SYSTEMPATH\CodeIgniter.php(480): CodeIgniter\CodeIgniter->runController(Object(App\Controllers\Admin\Home))
 8 SYSTEMPATH\CodeIgniter.php(349): CodeIgniter\CodeIgniter->handleRequest(null, Object(Config\Cache), false)
 9 FCPATH\index.php(67): CodeIgniter\CodeIgniter->run()
10 SYSTEMPATH\Commands\Server\rewrite.php(47): require_once('FCPATH\\index.php')
ERROR - 2023-01-09 15:17:38 --> Error connecting to the database: mysqli_sql_exception: Access denied for user ''@'localhost' (using password: YES) in C:\wamp64\www\admin\system\Database\MySQLi\Connection.php:171
Stack trace:
#0 C:\wamp64\www\admin\system\Database\MySQLi\Connection.php(171): mysqli->real_connect('localhost', '', '', '', 3306, '', 0)
#1 C:\wamp64\www\admin\system\Database\BaseConnection.php(382): CodeIgniter\Database\MySQLi\Connection->connect(false)
#2 C:\wamp64\www\admin\system\Database\BaseConnection.php(561): CodeIgniter\Database\BaseConnection->initialize()
#3 C:\wamp64\www\admin\system\Database\BaseBuilder.php(1585): CodeIgniter\Database\BaseConnection->query('SELECT *\nFROM `...', Array, false)
#4 C:\wamp64\www\admin\system\Model.php(199): CodeIgniter\Database\BaseBuilder->get()
#5 C:\wamp64\www\admin\system\BaseModel.php(525): CodeIgniter\Model->doFind(true, 1)
#6 C:\wamp64\www\admin\app\Controllers\Admin\Home.php(19): CodeIgniter\BaseModel->find(1)
#7 C:\wamp64\www\admin\system\CodeIgniter.php(925): App\Controllers\Admin\Home->index()
#8 C:\wamp64\www\admin\system\CodeIgniter.php(480): CodeIgniter\CodeIgniter->runController(Object(App\Controllers\Admin\Home))
#9 C:\wamp64\www\admin\system\CodeIgniter.php(349): CodeIgniter\CodeIgniter->handleRequest(NULL, Object(Config\Cache), false)
#10 C:\wamp64\www\admin\public\index.php(67): CodeIgniter\CodeIgniter->run()
#11 C:\wamp64\www\admin\system\Commands\Server\rewrite.php(47): require_once('C:\\wamp64\\www\\a...')
#12 {main}

Next CodeIgniter\Database\Exceptions\DatabaseException: Access denied for user ''@'localhost' (using password: YES) in C:\wamp64\www\admin\system\Database\MySQLi\Connection.php:215
Stack trace:
#0 C:\wamp64\www\admin\system\Database\BaseConnection.php(382): CodeIgniter\Database\MySQLi\Connection->connect(false)
#1 C:\wamp64\www\admin\system\Database\BaseConnection.php(561): CodeIgniter\Database\BaseConnection->initialize()
#2 C:\wamp64\www\admin\system\Database\BaseBuilder.php(1585): CodeIgniter\Database\BaseConnection->query('SELECT *\nFROM `...', Array, false)
#3 C:\wamp64\www\admin\system\Model.php(199): CodeIgniter\Database\BaseBuilder->get()
#4 C:\wamp64\www\admin\system\BaseModel.php(525): CodeIgniter\Model->doFind(true, 1)
#5 C:\wamp64\www\admin\app\Controllers\Admin\Home.php(19): CodeIgniter\BaseModel->find(1)
#6 C:\wamp64\www\admin\system\CodeIgniter.php(925): App\Controllers\Admin\Home->index()
#7 C:\wamp64\www\admin\system\CodeIgniter.php(480): CodeIgniter\CodeIgniter->runController(Object(App\Controllers\Admin\Home))
#8 C:\wamp64\www\admin\system\CodeIgniter.php(349): CodeIgniter\CodeIgniter->handleRequest(NULL, Object(Config\Cache), false)
#9 C:\wamp64\www\admin\public\index.php(67): CodeIgniter\CodeIgniter->run()
#10 C:\wamp64\www\admin\system\Commands\Server\rewrite.php(47): require_once('C:\\wamp64\\www\\a...')
#11 {main}
CRITICAL - 2023-01-09 15:17:38 --> Unable to connect to the database.
Main connection [MySQLi]: Access denied for user ''@'localhost' (using password: YES)
in SYSTEMPATH\Database\BaseConnection.php on line 418.
 1 SYSTEMPATH\Database\BaseConnection.php(561): CodeIgniter\Database\BaseConnection->initialize()
 2 SYSTEMPATH\Database\BaseBuilder.php(1585): CodeIgniter\Database\BaseConnection->query('SELECT *
FROM `usuarios`
WHERE `usuarios`.`deleted_at` IS NULL
AND `usuarios`.`id` = :usuarios.id:', [...], false)
 3 SYSTEMPATH\Model.php(199): CodeIgniter\Database\BaseBuilder->get()
 4 SYSTEMPATH\BaseModel.php(525): CodeIgniter\Model->doFind(true, 1)
 5 APPPATH\Controllers\Admin\Home.php(19): CodeIgniter\BaseModel->find(1)
 6 SYSTEMPATH\CodeIgniter.php(925): App\Controllers\Admin\Home->index()
 7 SYSTEMPATH\CodeIgniter.php(480): CodeIgniter\CodeIgniter->runController(Object(App\Controllers\Admin\Home))
 8 SYSTEMPATH\CodeIgniter.php(349): CodeIgniter\CodeIgniter->handleRequest(null, Object(Config\Cache), false)
 9 FCPATH\index.php(67): CodeIgniter\CodeIgniter->run()
10 SYSTEMPATH\Commands\Server\rewrite.php(47): require_once('FCPATH\\index.php')
CRITICAL - 2023-01-09 15:18:42 --> Illegal string offset 'nome'
in APPPATH\Views\admin\index.php on line 1033.
 1 APPPATH\Views\admin\index.php(1033): CodeIgniter\Debug\Exceptions->errorHandler(2, 'Illegal string offset \'nome\'', 'APPPATH\\Views\\admin\\index.php', 1033, [...])
 2 SYSTEMPATH\View\View.php(213): include('APPPATH\\Views\\admin\\index.php')
 3 SYSTEMPATH\View\View.php(216): CodeIgniter\View\View->CodeIgniter\View\{closure}()
 4 SYSTEMPATH\Common.php(1135): CodeIgniter\View\View->render('admin/index.php', [], true)
 5 APPPATH\Controllers\Admin\Home.php(23): view('admin/index.php', [...])
 6 SYSTEMPATH\CodeIgniter.php(925): App\Controllers\Admin\Home->index()
 7 SYSTEMPATH\CodeIgniter.php(480): CodeIgniter\CodeIgniter->runController(Object(App\Controllers\Admin\Home))
 8 SYSTEMPATH\CodeIgniter.php(349): CodeIgniter\CodeIgniter->handleRequest(null, Object(Config\Cache), false)
 9 FCPATH\index.php(67): CodeIgniter\CodeIgniter->run()
10 SYSTEMPATH\Commands\Server\rewrite.php(47): require_once('FCPATH\\index.php')
CRITICAL - 2023-01-09 15:20:06 --> Invalid argument supplied for foreach()
in APPPATH\Views\admin\index.php on line 1032.
 1 APPPATH\Views\admin\index.php(1032): CodeIgniter\Debug\Exceptions->errorHandler(2, 'Invalid argument supplied for foreach()', 'APPPATH\\Views\\admin\\index.php', 1032, [...])
 2 SYSTEMPATH\View\View.php(213): include('APPPATH\\Views\\admin\\index.php')
 3 SYSTEMPATH\View\View.php(216): CodeIgniter\View\View->CodeIgniter\View\{closure}()
 4 SYSTEMPATH\Common.php(1135): CodeIgniter\View\View->render('admin/index.php', [], true)
 5 APPPATH\Controllers\Admin\Home.php(22): view('admin/index.php', [...])
 6 SYSTEMPATH\CodeIgniter.php(925): App\Controllers\Admin\Home->index()
 7 SYSTEMPATH\CodeIgniter.php(480): CodeIgniter\CodeIgniter->runController(Object(App\Controllers\Admin\Home))
 8 SYSTEMPATH\CodeIgniter.php(349): CodeIgniter\CodeIgniter->handleRequest(null, Object(Config\Cache), false)
 9 FCPATH\index.php(67): CodeIgniter\CodeIgniter->run()
10 SYSTEMPATH\Commands\Server\rewrite.php(47): require_once('FCPATH\\index.php')
CRITICAL - 2023-01-09 15:20:14 --> Trying to access array offset on value of type null
in APPPATH\Views\admin\index.php on line 1033.
 1 APPPATH\Views\admin\index.php(1033): CodeIgniter\Debug\Exceptions->errorHandler(8, 'Trying to access array offset on value of type null', 'APPPATH\\Views\\admin\\index.php', 1033, [...])
 2 SYSTEMPATH\View\View.php(213): include('APPPATH\\Views\\admin\\index.php')
 3 SYSTEMPATH\View\View.php(216): CodeIgniter\View\View->CodeIgniter\View\{closure}()
 4 SYSTEMPATH\Common.php(1135): CodeIgniter\View\View->render('admin/index.php', [], true)
 5 APPPATH\Controllers\Admin\Home.php(22): view('admin/index.php', [...])
 6 SYSTEMPATH\CodeIgniter.php(925): App\Controllers\Admin\Home->index()
 7 SYSTEMPATH\CodeIgniter.php(480): CodeIgniter\CodeIgniter->runController(Object(App\Controllers\Admin\Home))
 8 SYSTEMPATH\CodeIgniter.php(349): CodeIgniter\CodeIgniter->handleRequest(null, Object(Config\Cache), false)
 9 FCPATH\index.php(67): CodeIgniter\CodeIgniter->run()
10 SYSTEMPATH\Commands\Server\rewrite.php(47): require_once('FCPATH\\index.php')
CRITICAL - 2023-01-09 17:09:43 --> Arquivo inválido: admin/template/footer.php
in SYSTEMPATH\Exceptions\FrameworkException.php on line 33.
 1 SYSTEMPATH\View\View.php(201): CodeIgniter\Exceptions\FrameworkException::forInvalidFile('admin/template/footer.php')
 2 SYSTEMPATH\Common.php(1135): CodeIgniter\View\View->render('admin/template/footer.php', [], true)
 3 APPPATH\Controllers\Admin\Home.php(25): view('admin/template/footer.php', [...])
 4 SYSTEMPATH\CodeIgniter.php(925): App\Controllers\Admin\Home->index()
 5 SYSTEMPATH\CodeIgniter.php(480): CodeIgniter\CodeIgniter->runController(Object(App\Controllers\Admin\Home))
 6 SYSTEMPATH\CodeIgniter.php(349): CodeIgniter\CodeIgniter->handleRequest(null, Object(Config\Cache), false)
 7 FCPATH\index.php(67): CodeIgniter\CodeIgniter->run()
 8 SYSTEMPATH\Commands\Server\rewrite.php(47): require_once('FCPATH\\index.php')
CRITICAL - 2023-01-09 17:09:53 --> Arquivo inválido: admin/template/footer.php
in SYSTEMPATH\Exceptions\FrameworkException.php on line 33.
 1 SYSTEMPATH\View\View.php(201): CodeIgniter\Exceptions\FrameworkException::forInvalidFile('admin/template/footer.php')
 2 SYSTEMPATH\Common.php(1135): CodeIgniter\View\View->render('admin/template/footer.php', [], true)
 3 APPPATH\Controllers\Admin\Home.php(25): view('admin/template/footer.php', [...])
 4 SYSTEMPATH\CodeIgniter.php(925): App\Controllers\Admin\Home->index()
 5 SYSTEMPATH\CodeIgniter.php(480): CodeIgniter\CodeIgniter->runController(Object(App\Controllers\Admin\Home))
 6 SYSTEMPATH\CodeIgniter.php(349): CodeIgniter\CodeIgniter->handleRequest(null, Object(Config\Cache), false)
 7 FCPATH\index.php(67): CodeIgniter\CodeIgniter->run()
 8 SYSTEMPATH\Commands\Server\rewrite.php(47): require_once('FCPATH\\index.php')
CRITICAL - 2023-01-09 17:10:33 --> Undefined variable: table
in APPPATH\Views\admin\template\sidebar.php on line 18.
 1 APPPATH\Views\admin\template\sidebar.php(18): CodeIgniter\Debug\Exceptions->errorHandler(8, 'Undefined variable: table', 'APPPATH\\Views\\admin\\template\\sidebar.php', 18, [])
 2 SYSTEMPATH\View\View.php(213): include('APPPATH\\Views\\admin\\template\\sidebar.php')
 3 SYSTEMPATH\View\View.php(216): CodeIgniter\View\View->CodeIgniter\View\{closure}()
 4 SYSTEMPATH\Common.php(1135): CodeIgniter\View\View->render('admin/template/sidebar.php', [], true)
 5 APPPATH\Controllers\Admin\Home.php(23): view('admin/template/sidebar.php')
 6 SYSTEMPATH\CodeIgniter.php(925): App\Controllers\Admin\Home->index()
 7 SYSTEMPATH\CodeIgniter.php(480): CodeIgniter\CodeIgniter->runController(Object(App\Controllers\Admin\Home))
 8 SYSTEMPATH\CodeIgniter.php(349): CodeIgniter\CodeIgniter->handleRequest(null, Object(Config\Cache), false)
 9 FCPATH\index.php(67): CodeIgniter\CodeIgniter->run()
10 SYSTEMPATH\Commands\Server\rewrite.php(47): require_once('FCPATH\\index.php')
CRITICAL - 2023-01-09 17:11:30 --> Undefined variable: table
in APPPATH\Views\admin\template\sidebar.php on line 18.
 1 APPPATH\Views\admin\template\sidebar.php(18): CodeIgniter\Debug\Exceptions->errorHandler(8, 'Undefined variable: table', 'APPPATH\\Views\\admin\\template\\sidebar.php', 18, [])
 2 SYSTEMPATH\View\View.php(213): include('APPPATH\\Views\\admin\\template\\sidebar.php')
 3 SYSTEMPATH\View\View.php(216): CodeIgniter\View\View->CodeIgniter\View\{closure}()
 4 SYSTEMPATH\Common.php(1135): CodeIgniter\View\View->render('admin/template/sidebar.php', [], true)
 5 APPPATH\Controllers\Admin\Home.php(23): view('admin/template/sidebar.php')
 6 SYSTEMPATH\CodeIgniter.php(925): App\Controllers\Admin\Home->index()
 7 SYSTEMPATH\CodeIgniter.php(480): CodeIgniter\CodeIgniter->runController(Object(App\Controllers\Admin\Home))
 8 SYSTEMPATH\CodeIgniter.php(349): CodeIgniter\CodeIgniter->handleRequest(null, Object(Config\Cache), false)
 9 FCPATH\index.php(67): CodeIgniter\CodeIgniter->run()
10 SYSTEMPATH\Commands\Server\rewrite.php(47): require_once('FCPATH\\index.php')
CRITICAL - 2023-01-09 17:12:01 --> Undefined variable: table
in APPPATH\Views\admin\template\sidebar.php on line 18.
 1 APPPATH\Views\admin\template\sidebar.php(18): CodeIgniter\Debug\Exceptions->errorHandler(8, 'Undefined variable: table', 'APPPATH\\Views\\admin\\template\\sidebar.php', 18, [])
 2 SYSTEMPATH\View\View.php(213): include('APPPATH\\Views\\admin\\template\\sidebar.php')
 3 SYSTEMPATH\View\View.php(216): CodeIgniter\View\View->CodeIgniter\View\{closure}()
 4 SYSTEMPATH\Common.php(1135): CodeIgniter\View\View->render('admin/template/sidebar.php', [], true)
 5 APPPATH\Controllers\Admin\Home.php(23): view('admin/template/sidebar.php')
 6 SYSTEMPATH\CodeIgniter.php(925): App\Controllers\Admin\Home->index()
 7 SYSTEMPATH\CodeIgniter.php(480): CodeIgniter\CodeIgniter->runController(Object(App\Controllers\Admin\Home))
 8 SYSTEMPATH\CodeIgniter.php(349): CodeIgniter\CodeIgniter->handleRequest(null, Object(Config\Cache), false)
 9 FCPATH\index.php(67): CodeIgniter\CodeIgniter->run()
10 SYSTEMPATH\Commands\Server\rewrite.php(47): require_once('FCPATH\\index.php')
CRITICAL - 2023-01-09 17:12:05 --> Undefined variable: table
in APPPATH\Views\admin\template\sidebar.php on line 18.
 1 APPPATH\Views\admin\template\sidebar.php(18): CodeIgniter\Debug\Exceptions->errorHandler(8, 'Undefined variable: table', 'APPPATH\\Views\\admin\\template\\sidebar.php', 18, [])
 2 SYSTEMPATH\View\View.php(213): include('APPPATH\\Views\\admin\\template\\sidebar.php')
 3 SYSTEMPATH\View\View.php(216): CodeIgniter\View\View->CodeIgniter\View\{closure}()
 4 SYSTEMPATH\Common.php(1135): CodeIgniter\View\View->render('admin/template/sidebar.php', [], true)
 5 APPPATH\Controllers\Admin\Home.php(23): view('admin/template/sidebar.php')
 6 SYSTEMPATH\CodeIgniter.php(925): App\Controllers\Admin\Home->index()
 7 SYSTEMPATH\CodeIgniter.php(480): CodeIgniter\CodeIgniter->runController(Object(App\Controllers\Admin\Home))
 8 SYSTEMPATH\CodeIgniter.php(349): CodeIgniter\CodeIgniter->handleRequest(null, Object(Config\Cache), false)
 9 FCPATH\index.php(67): CodeIgniter\CodeIgniter->run()
10 SYSTEMPATH\Commands\Server\rewrite.php(47): require_once('FCPATH\\index.php')
CRITICAL - 2023-01-09 17:13:51 --> Undefined variable: table
in APPPATH\Views\admin\template\sidebar.php on line 18.
 1 APPPATH\Views\admin\template\sidebar.php(18): CodeIgniter\Debug\Exceptions->errorHandler(8, 'Undefined variable: table', 'APPPATH\\Views\\admin\\template\\sidebar.php', 18, [])
 2 SYSTEMPATH\View\View.php(213): include('APPPATH\\Views\\admin\\template\\sidebar.php')
 3 SYSTEMPATH\View\View.php(216): CodeIgniter\View\View->CodeIgniter\View\{closure}()
 4 SYSTEMPATH\Common.php(1135): CodeIgniter\View\View->render('admin/template/sidebar.php', [], true)
 5 APPPATH\Controllers\Admin\Home.php(23): view('admin/template/sidebar.php')
 6 SYSTEMPATH\CodeIgniter.php(925): App\Controllers\Admin\Home->index()
 7 SYSTEMPATH\CodeIgniter.php(480): CodeIgniter\CodeIgniter->runController(Object(App\Controllers\Admin\Home))
 8 SYSTEMPATH\CodeIgniter.php(349): CodeIgniter\CodeIgniter->handleRequest(null, Object(Config\Cache), false)
 9 FCPATH\index.php(67): CodeIgniter\CodeIgniter->run()
10 SYSTEMPATH\Commands\Server\rewrite.php(47): require_once('FCPATH\\index.php')
CRITICAL - 2023-01-09 17:14:58 --> Undefined variable: table
in APPPATH\Views\admin\template\sidebar.php on line 18.
 1 APPPATH\Views\admin\template\sidebar.php(18): CodeIgniter\Debug\Exceptions->errorHandler(8, 'Undefined variable: table', 'APPPATH\\Views\\admin\\template\\sidebar.php', 18, [])
 2 SYSTEMPATH\View\View.php(213): include('APPPATH\\Views\\admin\\template\\sidebar.php')
 3 SYSTEMPATH\View\View.php(216): CodeIgniter\View\View->CodeIgniter\View\{closure}()
 4 SYSTEMPATH\Common.php(1135): CodeIgniter\View\View->render('admin/template/sidebar.php', [], true)
 5 APPPATH\Controllers\Admin\Home.php(23): view('admin/template/sidebar.php')
 6 SYSTEMPATH\CodeIgniter.php(925): App\Controllers\Admin\Home->index()
 7 SYSTEMPATH\CodeIgniter.php(480): CodeIgniter\CodeIgniter->runController(Object(App\Controllers\Admin\Home))
 8 SYSTEMPATH\CodeIgniter.php(349): CodeIgniter\CodeIgniter->handleRequest(null, Object(Config\Cache), false)
 9 FCPATH\index.php(67): CodeIgniter\CodeIgniter->run()
10 SYSTEMPATH\Commands\Server\rewrite.php(47): require_once('FCPATH\\index.php')
CRITICAL - 2023-01-09 17:15:31 --> Undefined variable: table
in APPPATH\Views\admin\template\sidebar.php on line 18.
 1 APPPATH\Views\admin\template\sidebar.php(18): CodeIgniter\Debug\Exceptions->errorHandler(8, 'Undefined variable: table', 'APPPATH\\Views\\admin\\template\\sidebar.php', 18, [])
 2 SYSTEMPATH\View\View.php(213): include('APPPATH\\Views\\admin\\template\\sidebar.php')
 3 SYSTEMPATH\View\View.php(216): CodeIgniter\View\View->CodeIgniter\View\{closure}()
 4 SYSTEMPATH\Common.php(1135): CodeIgniter\View\View->render('admin/template/sidebar.php', [], true)
 5 APPPATH\Controllers\Admin\Home.php(23): view('admin/template/sidebar.php')
 6 SYSTEMPATH\CodeIgniter.php(925): App\Controllers\Admin\Home->index()
 7 SYSTEMPATH\CodeIgniter.php(480): CodeIgniter\CodeIgniter->runController(Object(App\Controllers\Admin\Home))
 8 SYSTEMPATH\CodeIgniter.php(349): CodeIgniter\CodeIgniter->handleRequest(null, Object(Config\Cache), false)
 9 FCPATH\index.php(67): CodeIgniter\CodeIgniter->run()
10 SYSTEMPATH\Commands\Server\rewrite.php(47): require_once('FCPATH\\index.php')
CRITICAL - 2023-01-09 17:16:14 --> Undefined variable: table
in APPPATH\Views\admin\template\header.php on line 90.
 1 APPPATH\Views\admin\template\header.php(90): CodeIgniter\Debug\Exceptions->errorHandler(8, 'Undefined variable: table', 'APPPATH\\Views\\admin\\template\\header.php', 90, [])
 2 SYSTEMPATH\View\View.php(213): include('APPPATH\\Views\\admin\\template\\header.php')
 3 SYSTEMPATH\View\View.php(216): CodeIgniter\View\View->CodeIgniter\View\{closure}()
 4 SYSTEMPATH\Common.php(1135): CodeIgniter\View\View->render('admin/template/header.php', [], true)
 5 APPPATH\Controllers\Admin\Home.php(22): view('admin/template/header.php')
 6 SYSTEMPATH\CodeIgniter.php(925): App\Controllers\Admin\Home->index()
 7 SYSTEMPATH\CodeIgniter.php(480): CodeIgniter\CodeIgniter->runController(Object(App\Controllers\Admin\Home))
 8 SYSTEMPATH\CodeIgniter.php(349): CodeIgniter\CodeIgniter->handleRequest(null, Object(Config\Cache), false)
 9 FCPATH\index.php(67): CodeIgniter\CodeIgniter->run()
10 SYSTEMPATH\Commands\Server\rewrite.php(47): require_once('FCPATH\\index.php')
CRITICAL - 2023-01-09 17:17:37 --> Undefined variable: table
in APPPATH\Views\admin\template\header.php on line 90.
 1 APPPATH\Views\admin\template\header.php(90): CodeIgniter\Debug\Exceptions->errorHandler(8, 'Undefined variable: table', 'APPPATH\\Views\\admin\\template\\header.php', 90, [])
 2 SYSTEMPATH\View\View.php(213): include('APPPATH\\Views\\admin\\template\\header.php')
 3 SYSTEMPATH\View\View.php(216): CodeIgniter\View\View->CodeIgniter\View\{closure}()
 4 SYSTEMPATH\Common.php(1135): CodeIgniter\View\View->render('admin/template/header.php', [], true)
 5 APPPATH\Controllers\Admin\Home.php(22): view('admin/template/header.php')
 6 SYSTEMPATH\CodeIgniter.php(925): App\Controllers\Admin\Home->index()
 7 SYSTEMPATH\CodeIgniter.php(480): CodeIgniter\CodeIgniter->runController(Object(App\Controllers\Admin\Home))
 8 SYSTEMPATH\CodeIgniter.php(349): CodeIgniter\CodeIgniter->handleRequest(null, Object(Config\Cache), false)
 9 FCPATH\index.php(67): CodeIgniter\CodeIgniter->run()
10 SYSTEMPATH\Commands\Server\rewrite.php(47): require_once('FCPATH\\index.php')
CRITICAL - 2023-01-09 17:17:38 --> Undefined variable: table
in APPPATH\Views\admin\template\header.php on line 90.
 1 APPPATH\Views\admin\template\header.php(90): CodeIgniter\Debug\Exceptions->errorHandler(8, 'Undefined variable: table', 'APPPATH\\Views\\admin\\template\\header.php', 90, [])
 2 SYSTEMPATH\View\View.php(213): include('APPPATH\\Views\\admin\\template\\header.php')
 3 SYSTEMPATH\View\View.php(216): CodeIgniter\View\View->CodeIgniter\View\{closure}()
 4 SYSTEMPATH\Common.php(1135): CodeIgniter\View\View->render('admin/template/header.php', [], true)
 5 APPPATH\Controllers\Admin\Home.php(22): view('admin/template/header.php')
 6 SYSTEMPATH\CodeIgniter.php(925): App\Controllers\Admin\Home->index()
 7 SYSTEMPATH\CodeIgniter.php(480): CodeIgniter\CodeIgniter->runController(Object(App\Controllers\Admin\Home))
 8 SYSTEMPATH\CodeIgniter.php(349): CodeIgniter\CodeIgniter->handleRequest(null, Object(Config\Cache), false)
 9 FCPATH\index.php(67): CodeIgniter\CodeIgniter->run()
10 SYSTEMPATH\Commands\Server\rewrite.php(47): require_once('FCPATH\\index.php')
CRITICAL - 2023-01-09 17:50:23 --> Undefined variable: endereco
in APPPATH\Views\admin\index.php on line 47.
 1 APPPATH\Views\admin\index.php(47): CodeIgniter\Debug\Exceptions->errorHandler(8, 'Undefined variable: endereco', 'APPPATH\\Views\\admin\\index.php', 47, [...])
 2 SYSTEMPATH\View\View.php(213): include('APPPATH\\Views\\admin\\index.php')
 3 SYSTEMPATH\View\View.php(216): CodeIgniter\View\View->CodeIgniter\View\{closure}()
 4 SYSTEMPATH\Common.php(1135): CodeIgniter\View\View->render('admin/index.php', [], true)
 5 APPPATH\Controllers\Admin\Home.php(24): view('admin/index.php', [...])
 6 SYSTEMPATH\CodeIgniter.php(925): App\Controllers\Admin\Home->index()
 7 SYSTEMPATH\CodeIgniter.php(480): CodeIgniter\CodeIgniter->runController(Object(App\Controllers\Admin\Home))
 8 SYSTEMPATH\CodeIgniter.php(349): CodeIgniter\CodeIgniter->handleRequest(null, Object(Config\Cache), false)
 9 FCPATH\index.php(67): CodeIgniter\CodeIgniter->run()
10 SYSTEMPATH\Commands\Server\rewrite.php(47): require_once('FCPATH\\index.php')
CRITICAL - 2023-01-09 17:50:59 --> Undefined variable: endereco
in APPPATH\Views\admin\index.php on line 47.
 1 APPPATH\Views\admin\index.php(47): CodeIgniter\Debug\Exceptions->errorHandler(8, 'Undefined variable: endereco', 'APPPATH\\Views\\admin\\index.php', 47, [...])
 2 SYSTEMPATH\View\View.php(213): include('APPPATH\\Views\\admin\\index.php')
 3 SYSTEMPATH\View\View.php(216): CodeIgniter\View\View->CodeIgniter\View\{closure}()
 4 SYSTEMPATH\Common.php(1135): CodeIgniter\View\View->render('admin/index.php', [], true)
 5 APPPATH\Controllers\Admin\Home.php(24): view('admin/index.php', [...])
 6 SYSTEMPATH\CodeIgniter.php(925): App\Controllers\Admin\Home->index()
 7 SYSTEMPATH\CodeIgniter.php(480): CodeIgniter\CodeIgniter->runController(Object(App\Controllers\Admin\Home))
 8 SYSTEMPATH\CodeIgniter.php(349): CodeIgniter\CodeIgniter->handleRequest(null, Object(Config\Cache), false)
 9 FCPATH\index.php(67): CodeIgniter\CodeIgniter->run()
10 SYSTEMPATH\Commands\Server\rewrite.php(47): require_once('FCPATH\\index.php')
CRITICAL - 2023-01-09 17:51:56 --> Undefined variable: indexPage
in APPPATH\Views\admin\index.php on line 47.
 1 APPPATH\Views\admin\index.php(47): CodeIgniter\Debug\Exceptions->errorHandler(8, 'Undefined variable: indexPage', 'APPPATH\\Views\\admin\\index.php', 47, [...])
 2 SYSTEMPATH\View\View.php(213): include('APPPATH\\Views\\admin\\index.php')
 3 SYSTEMPATH\View\View.php(216): CodeIgniter\View\View->CodeIgniter\View\{closure}()
 4 SYSTEMPATH\Common.php(1135): CodeIgniter\View\View->render('admin/index.php', [], true)
 5 APPPATH\Controllers\Admin\Home.php(24): view('admin/index.php', [...])
 6 SYSTEMPATH\CodeIgniter.php(925): App\Controllers\Admin\Home->index()
 7 SYSTEMPATH\CodeIgniter.php(480): CodeIgniter\CodeIgniter->runController(Object(App\Controllers\Admin\Home))
 8 SYSTEMPATH\CodeIgniter.php(349): CodeIgniter\CodeIgniter->handleRequest(null, Object(Config\Cache), false)
 9 FCPATH\index.php(67): CodeIgniter\CodeIgniter->run()
10 SYSTEMPATH\Commands\Server\rewrite.php(47): require_once('FCPATH\\index.php')
CRITICAL - 2023-01-09 17:52:09 --> Undefined variable: baseURL
in APPPATH\Views\admin\index.php on line 47.
 1 APPPATH\Views\admin\index.php(47): CodeIgniter\Debug\Exceptions->errorHandler(8, 'Undefined variable: baseURL', 'APPPATH\\Views\\admin\\index.php', 47, [...])
 2 SYSTEMPATH\View\View.php(213): include('APPPATH\\Views\\admin\\index.php')
 3 SYSTEMPATH\View\View.php(216): CodeIgniter\View\View->CodeIgniter\View\{closure}()
 4 SYSTEMPATH\Common.php(1135): CodeIgniter\View\View->render('admin/index.php', [], true)
 5 APPPATH\Controllers\Admin\Home.php(24): view('admin/index.php', [...])
 6 SYSTEMPATH\CodeIgniter.php(925): App\Controllers\Admin\Home->index()
 7 SYSTEMPATH\CodeIgniter.php(480): CodeIgniter\CodeIgniter->runController(Object(App\Controllers\Admin\Home))
 8 SYSTEMPATH\CodeIgniter.php(349): CodeIgniter\CodeIgniter->handleRequest(null, Object(Config\Cache), false)
 9 FCPATH\index.php(67): CodeIgniter\CodeIgniter->run()
10 SYSTEMPATH\Commands\Server\rewrite.php(47): require_once('FCPATH\\index.php')
CRITICAL - 2023-01-09 17:55:54 --> Undefined variable: baseURL
in APPPATH\Views\admin\index.php on line 47.
 1 APPPATH\Views\admin\index.php(47): CodeIgniter\Debug\Exceptions->errorHandler(8, 'Undefined variable: baseURL', 'APPPATH\\Views\\admin\\index.php', 47, [...])
 2 SYSTEMPATH\View\View.php(213): include('APPPATH\\Views\\admin\\index.php')
 3 SYSTEMPATH\View\View.php(216): CodeIgniter\View\View->CodeIgniter\View\{closure}()
 4 SYSTEMPATH\Common.php(1135): CodeIgniter\View\View->render('admin/index.php', [], true)
 5 APPPATH\Controllers\Admin\Home.php(24): view('admin/index.php', [...])
 6 SYSTEMPATH\CodeIgniter.php(925): App\Controllers\Admin\Home->index()
 7 SYSTEMPATH\CodeIgniter.php(480): CodeIgniter\CodeIgniter->runController(Object(App\Controllers\Admin\Home))
 8 SYSTEMPATH\CodeIgniter.php(349): CodeIgniter\CodeIgniter->handleRequest(null, Object(Config\Cache), false)
 9 FCPATH\index.php(67): CodeIgniter\CodeIgniter->run()
10 SYSTEMPATH\Commands\Server\rewrite.php(47): require_once('FCPATH\\index.php')
CRITICAL - 2023-01-09 17:59:45 --> constant(): Couldn't find constant site
in APPPATH\Views\admin\index.php on line 50.
 1 [internal function]: CodeIgniter\Debug\Exceptions->errorHandler(2, 'constant(): Couldn\'t find constant site', 'APPPATH\\Views\\admin\\index.php', 50, [...])
 2 APPPATH\Views\admin\index.php(50): constant('site')
 3 SYSTEMPATH\View\View.php(213): include('APPPATH\\Views\\admin\\index.php')
 4 SYSTEMPATH\View\View.php(216): CodeIgniter\View\View->CodeIgniter\View\{closure}()
 5 SYSTEMPATH\Common.php(1135): CodeIgniter\View\View->render('admin/index.php', [], true)
 6 APPPATH\Controllers\Admin\Home.php(24): view('admin/index.php', [...])
 7 SYSTEMPATH\CodeIgniter.php(925): App\Controllers\Admin\Home->index()
 8 SYSTEMPATH\CodeIgniter.php(480): CodeIgniter\CodeIgniter->runController(Object(App\Controllers\Admin\Home))
 9 SYSTEMPATH\CodeIgniter.php(349): CodeIgniter\CodeIgniter->handleRequest(null, Object(Config\Cache), false)
10 FCPATH\index.php(67): CodeIgniter\CodeIgniter->run()
11 SYSTEMPATH\Commands\Server\rewrite.php(47): require_once('FCPATH\\index.php')
