ERROR - 2025-05-19 08:35:44 --> mysqli_sql_exception: Table 'secretaria_digital.alunos_turmas' doesn't exist in C:\wamp64\www\secretaria-digital\project\system\Database\MySQLi\Connection.php:292
Stack trace:
#0 C:\wamp64\www\secretaria-digital\project\system\Database\MySQLi\Connection.php(292): mysqli->query('SELECT `alunos`...', 0)
#1 C:\wamp64\www\secretaria-digital\project\system\Database\BaseConnection.php(666): CodeIgniter\Database\MySQLi\Connection->execute('SELECT `alunos`...')
#2 C:\wamp64\www\secretaria-digital\project\system\Database\BaseConnection.php(593): CodeIgniter\Database\BaseConnection->simpleQuery('SELECT `alunos`...')
#3 C:\wamp64\www\secretaria-digital\project\system\Database\BaseBuilder.php(1585): CodeIgniter\Database\BaseConnection->query('SELECT `alunos`...', Array, false)
#4 C:\wamp64\www\secretaria-digital\project\system\Model.php(240): CodeIgniter\Database\BaseBuilder->get()
#5 C:\wamp64\www\secretaria-digital\project\system\BaseModel.php(586): CodeIgniter\Model->doFindAll(0, 0)
#6 C:\wamp64\www\secretaria-digital\project\app\Controllers\Admin\Turmas.php(143): CodeIgniter\BaseModel->findAll()
#7 C:\wamp64\www\secretaria-digital\project\system\CodeIgniter.php(925): App\Controllers\Admin\Turmas->alunosTurmas('1')
#8 C:\wamp64\www\secretaria-digital\project\system\CodeIgniter.php(480): CodeIgniter\CodeIgniter->runController(Object(App\Controllers\Admin\Turmas))
#9 C:\wamp64\www\secretaria-digital\project\system\CodeIgniter.php(349): CodeIgniter\CodeIgniter->handleRequest(NULL, Object(Config\Cache), false)
#10 C:\wamp64\www\secretaria-digital\public\index.php(67): CodeIgniter\CodeIgniter->run()
#11 {main}
CRITICAL - 2025-05-19 08:35:44 --> Table 'secretaria_digital.alunos_turmas' doesn't exist
in SYSTEMPATH\Database\MySQLi\Connection.php on line 292.
 1 SYSTEMPATH\Database\MySQLi\Connection.php(292): mysqli->query('SELECT `alunos`.*, `alunos_turmas`.`id_turma`, `turmas`.`nome` as `nome_turma`, `turmas`.`ano_letivo` as `ano_turma`, `turmas`.`periodo` as `periodo_turma`
FROM `alunos`
JOIN `alunos_turmas` ON `alunos_turmas`.`id_aluno` = `alunos`.`id`
LEFT JOIN `turmas` ON `turmas`.`id` = `alunos_turmas`.`id_turma`
WHERE `alunos_turmas`.`id_turma` = \'1\'
AND `alunos_turmas`.`deleted_at` is null
AND `alunos`.`deleted_at` IS NULL', 0)
 2 SYSTEMPATH\Database\BaseConnection.php(666): CodeIgniter\Database\MySQLi\Connection->execute('SELECT `alunos`.*, `alunos_turmas`.`id_turma`, `turmas`.`nome` as `nome_turma`, `turmas`.`ano_letivo` as `ano_turma`, `turmas`.`periodo` as `periodo_turma`
FROM `alunos`
JOIN `alunos_turmas` ON `alunos_turmas`.`id_aluno` = `alunos`.`id`
LEFT JOIN `turmas` ON `turmas`.`id` = `alunos_turmas`.`id_turma`
WHERE `alunos_turmas`.`id_turma` = \'1\'
AND `alunos_turmas`.`deleted_at` is null
AND `alunos`.`deleted_at` IS NULL')
 3 SYSTEMPATH\Database\BaseConnection.php(593): CodeIgniter\Database\BaseConnection->simpleQuery('SELECT `alunos`.*, `alunos_turmas`.`id_turma`, `turmas`.`nome` as `nome_turma`, `turmas`.`ano_letivo` as `ano_turma`, `turmas`.`periodo` as `periodo_turma`
FROM `alunos`
JOIN `alunos_turmas` ON `alunos_turmas`.`id_aluno` = `alunos`.`id`
LEFT JOIN `turmas` ON `turmas`.`id` = `alunos_turmas`.`id_turma`
WHERE `alunos_turmas`.`id_turma` = \'1\'
AND `alunos_turmas`.`deleted_at` is null
AND `alunos`.`deleted_at` IS NULL')
 4 SYSTEMPATH\Database\BaseBuilder.php(1585): CodeIgniter\Database\BaseConnection->query('SELECT `alunos`.*, `alunos_turmas`.`id_turma`, `turmas`.`nome` as `nome_turma`, `turmas`.`ano_letivo` as `ano_turma`, `turmas`.`periodo` as `periodo_turma`
FROM `alunos`
JOIN `alunos_turmas` ON `alunos_turmas`.`id_aluno` = `alunos`.`id`
LEFT JOIN `turmas` ON `turmas`.`id` = `alunos_turmas`.`id_turma`
WHERE `alunos_turmas`.`id_turma` = :alunos_turmas.id_turma:
AND `alunos_turmas`.`deleted_at` is null
AND `alunos`.`deleted_at` IS NULL', [...], false)
 5 SYSTEMPATH\Model.php(240): CodeIgniter\Database\BaseBuilder->get()
 6 SYSTEMPATH\BaseModel.php(586): CodeIgniter\Model->doFindAll(0, 0)
 7 APPPATH\Controllers\Admin\Turmas.php(143): CodeIgniter\BaseModel->findAll()
 8 SYSTEMPATH\CodeIgniter.php(925): App\Controllers\Admin\Turmas->alunosTurmas('1')
 9 SYSTEMPATH\CodeIgniter.php(480): CodeIgniter\CodeIgniter->runController(Object(App\Controllers\Admin\Turmas))
10 SYSTEMPATH\CodeIgniter.php(349): CodeIgniter\CodeIgniter->handleRequest(null, Object(Config\Cache), false)
11 FCPATH\index.php(67): CodeIgniter\CodeIgniter->run()
ERROR - 2025-05-19 08:36:09 --> mysqli_sql_exception: Table 'secretaria_digital.alunos_turmas' doesn't exist in C:\wamp64\www\secretaria-digital\project\system\Database\MySQLi\Connection.php:292
Stack trace:
#0 C:\wamp64\www\secretaria-digital\project\system\Database\MySQLi\Connection.php(292): mysqli->query('SELECT `alunos`...', 0)
#1 C:\wamp64\www\secretaria-digital\project\system\Database\BaseConnection.php(666): CodeIgniter\Database\MySQLi\Connection->execute('SELECT `alunos`...')
#2 C:\wamp64\www\secretaria-digital\project\system\Database\BaseConnection.php(593): CodeIgniter\Database\BaseConnection->simpleQuery('SELECT `alunos`...')
#3 C:\wamp64\www\secretaria-digital\project\system\Database\BaseBuilder.php(1585): CodeIgniter\Database\BaseConnection->query('SELECT `alunos`...', Array, false)
#4 C:\wamp64\www\secretaria-digital\project\system\Model.php(240): CodeIgniter\Database\BaseBuilder->get()
#5 C:\wamp64\www\secretaria-digital\project\system\BaseModel.php(586): CodeIgniter\Model->doFindAll(0, 0)
#6 C:\wamp64\www\secretaria-digital\project\app\Controllers\Admin\Turmas.php(143): CodeIgniter\BaseModel->findAll()
#7 C:\wamp64\www\secretaria-digital\project\system\CodeIgniter.php(925): App\Controllers\Admin\Turmas->alunosTurmas('1')
#8 C:\wamp64\www\secretaria-digital\project\system\CodeIgniter.php(480): CodeIgniter\CodeIgniter->runController(Object(App\Controllers\Admin\Turmas))
#9 C:\wamp64\www\secretaria-digital\project\system\CodeIgniter.php(349): CodeIgniter\CodeIgniter->handleRequest(NULL, Object(Config\Cache), false)
#10 C:\wamp64\www\secretaria-digital\public\index.php(67): CodeIgniter\CodeIgniter->run()
#11 {main}
CRITICAL - 2025-05-19 08:36:09 --> Table 'secretaria_digital.alunos_turmas' doesn't exist
in SYSTEMPATH\Database\MySQLi\Connection.php on line 292.
 1 SYSTEMPATH\Database\MySQLi\Connection.php(292): mysqli->query('SELECT `alunos`.*, `alunos_turmas`.`id_turma`, `turmas`.`nome` as `nome_turma`, `turmas`.`ano_letivo` as `ano_turma`, `turmas`.`periodo` as `periodo_turma`
FROM `alunos`
JOIN `alunos_turmas` ON `alunos_turmas`.`id_aluno` = `alunos`.`id`
LEFT JOIN `turmas` ON `turmas`.`id` = `alunos_turmas`.`id_turma`
WHERE `alunos_turmas`.`id_turma` = \'1\'
AND `alunos_turmas`.`deleted_at` is null
AND `alunos`.`deleted_at` IS NULL', 0)
 2 SYSTEMPATH\Database\BaseConnection.php(666): CodeIgniter\Database\MySQLi\Connection->execute('SELECT `alunos`.*, `alunos_turmas`.`id_turma`, `turmas`.`nome` as `nome_turma`, `turmas`.`ano_letivo` as `ano_turma`, `turmas`.`periodo` as `periodo_turma`
FROM `alunos`
JOIN `alunos_turmas` ON `alunos_turmas`.`id_aluno` = `alunos`.`id`
LEFT JOIN `turmas` ON `turmas`.`id` = `alunos_turmas`.`id_turma`
WHERE `alunos_turmas`.`id_turma` = \'1\'
AND `alunos_turmas`.`deleted_at` is null
AND `alunos`.`deleted_at` IS NULL')
 3 SYSTEMPATH\Database\BaseConnection.php(593): CodeIgniter\Database\BaseConnection->simpleQuery('SELECT `alunos`.*, `alunos_turmas`.`id_turma`, `turmas`.`nome` as `nome_turma`, `turmas`.`ano_letivo` as `ano_turma`, `turmas`.`periodo` as `periodo_turma`
FROM `alunos`
JOIN `alunos_turmas` ON `alunos_turmas`.`id_aluno` = `alunos`.`id`
LEFT JOIN `turmas` ON `turmas`.`id` = `alunos_turmas`.`id_turma`
WHERE `alunos_turmas`.`id_turma` = \'1\'
AND `alunos_turmas`.`deleted_at` is null
AND `alunos`.`deleted_at` IS NULL')
 4 SYSTEMPATH\Database\BaseBuilder.php(1585): CodeIgniter\Database\BaseConnection->query('SELECT `alunos`.*, `alunos_turmas`.`id_turma`, `turmas`.`nome` as `nome_turma`, `turmas`.`ano_letivo` as `ano_turma`, `turmas`.`periodo` as `periodo_turma`
FROM `alunos`
JOIN `alunos_turmas` ON `alunos_turmas`.`id_aluno` = `alunos`.`id`
LEFT JOIN `turmas` ON `turmas`.`id` = `alunos_turmas`.`id_turma`
WHERE `alunos_turmas`.`id_turma` = :alunos_turmas.id_turma:
AND `alunos_turmas`.`deleted_at` is null
AND `alunos`.`deleted_at` IS NULL', [...], false)
 5 SYSTEMPATH\Model.php(240): CodeIgniter\Database\BaseBuilder->get()
 6 SYSTEMPATH\BaseModel.php(586): CodeIgniter\Model->doFindAll(0, 0)
 7 APPPATH\Controllers\Admin\Turmas.php(143): CodeIgniter\BaseModel->findAll()
 8 SYSTEMPATH\CodeIgniter.php(925): App\Controllers\Admin\Turmas->alunosTurmas('1')
 9 SYSTEMPATH\CodeIgniter.php(480): CodeIgniter\CodeIgniter->runController(Object(App\Controllers\Admin\Turmas))
10 SYSTEMPATH\CodeIgniter.php(349): CodeIgniter\CodeIgniter->handleRequest(null, Object(Config\Cache), false)
11 FCPATH\index.php(67): CodeIgniter\CodeIgniter->run()
ERROR - 2025-05-19 08:38:42 --> mysqli_sql_exception: Table 'secretaria_digital.turma_alunos' doesn't exist in C:\wamp64\www\secretaria-digital\project\system\Database\MySQLi\Connection.php:292
Stack trace:
#0 C:\wamp64\www\secretaria-digital\project\system\Database\MySQLi\Connection.php(292): mysqli->query('SELECT `alunos`...', 0)
#1 C:\wamp64\www\secretaria-digital\project\system\Database\BaseConnection.php(666): CodeIgniter\Database\MySQLi\Connection->execute('SELECT `alunos`...')
#2 C:\wamp64\www\secretaria-digital\project\system\Database\BaseConnection.php(593): CodeIgniter\Database\BaseConnection->simpleQuery('SELECT `alunos`...')
#3 C:\wamp64\www\secretaria-digital\project\system\Database\BaseBuilder.php(1585): CodeIgniter\Database\BaseConnection->query('SELECT `alunos`...', Array, false)
#4 C:\wamp64\www\secretaria-digital\project\system\Model.php(240): CodeIgniter\Database\BaseBuilder->get()
#5 C:\wamp64\www\secretaria-digital\project\system\BaseModel.php(586): CodeIgniter\Model->doFindAll(0, 0)
#6 C:\wamp64\www\secretaria-digital\project\app\Controllers\Admin\Turmas.php(143): CodeIgniter\BaseModel->findAll()
#7 C:\wamp64\www\secretaria-digital\project\system\CodeIgniter.php(925): App\Controllers\Admin\Turmas->alunosTurmas('1')
#8 C:\wamp64\www\secretaria-digital\project\system\CodeIgniter.php(480): CodeIgniter\CodeIgniter->runController(Object(App\Controllers\Admin\Turmas))
#9 C:\wamp64\www\secretaria-digital\project\system\CodeIgniter.php(349): CodeIgniter\CodeIgniter->handleRequest(NULL, Object(Config\Cache), false)
#10 C:\wamp64\www\secretaria-digital\public\index.php(67): CodeIgniter\CodeIgniter->run()
#11 {main}
CRITICAL - 2025-05-19 08:38:42 --> Table 'secretaria_digital.turma_alunos' doesn't exist
in SYSTEMPATH\Database\MySQLi\Connection.php on line 292.
 1 SYSTEMPATH\Database\MySQLi\Connection.php(292): mysqli->query('SELECT `alunos`.*, `turma_aluno`.`id_turma`, `turmas`.`nome` as `nome_turma`, `turmas`.`ano_letivo` as `ano_turma`, `turmas`.`periodo` as `periodo_turma`
FROM `alunos`
JOIN `turma_alunos` ON `turma_aluno`.`id_aluno` = `alunos`.`id`
LEFT JOIN `turmas` ON `turmas`.`id` = `turma_aluno`.`id_turma`
WHERE `turma_aluno`.`id_turma` = \'1\'
AND `turma_aluno`.`deleted_at` is null
AND `alunos`.`deleted_at` IS NULL', 0)
 2 SYSTEMPATH\Database\BaseConnection.php(666): CodeIgniter\Database\MySQLi\Connection->execute('SELECT `alunos`.*, `turma_aluno`.`id_turma`, `turmas`.`nome` as `nome_turma`, `turmas`.`ano_letivo` as `ano_turma`, `turmas`.`periodo` as `periodo_turma`
FROM `alunos`
JOIN `turma_alunos` ON `turma_aluno`.`id_aluno` = `alunos`.`id`
LEFT JOIN `turmas` ON `turmas`.`id` = `turma_aluno`.`id_turma`
WHERE `turma_aluno`.`id_turma` = \'1\'
AND `turma_aluno`.`deleted_at` is null
AND `alunos`.`deleted_at` IS NULL')
 3 SYSTEMPATH\Database\BaseConnection.php(593): CodeIgniter\Database\BaseConnection->simpleQuery('SELECT `alunos`.*, `turma_aluno`.`id_turma`, `turmas`.`nome` as `nome_turma`, `turmas`.`ano_letivo` as `ano_turma`, `turmas`.`periodo` as `periodo_turma`
FROM `alunos`
JOIN `turma_alunos` ON `turma_aluno`.`id_aluno` = `alunos`.`id`
LEFT JOIN `turmas` ON `turmas`.`id` = `turma_aluno`.`id_turma`
WHERE `turma_aluno`.`id_turma` = \'1\'
AND `turma_aluno`.`deleted_at` is null
AND `alunos`.`deleted_at` IS NULL')
 4 SYSTEMPATH\Database\BaseBuilder.php(1585): CodeIgniter\Database\BaseConnection->query('SELECT `alunos`.*, `turma_aluno`.`id_turma`, `turmas`.`nome` as `nome_turma`, `turmas`.`ano_letivo` as `ano_turma`, `turmas`.`periodo` as `periodo_turma`
FROM `alunos`
JOIN `turma_alunos` ON `turma_aluno`.`id_aluno` = `alunos`.`id`
LEFT JOIN `turmas` ON `turmas`.`id` = `turma_aluno`.`id_turma`
WHERE `turma_aluno`.`id_turma` = :turma_aluno.id_turma:
AND `turma_aluno`.`deleted_at` is null
AND `alunos`.`deleted_at` IS NULL', [...], false)
 5 SYSTEMPATH\Model.php(240): CodeIgniter\Database\BaseBuilder->get()
 6 SYSTEMPATH\BaseModel.php(586): CodeIgniter\Model->doFindAll(0, 0)
 7 APPPATH\Controllers\Admin\Turmas.php(143): CodeIgniter\BaseModel->findAll()
 8 SYSTEMPATH\CodeIgniter.php(925): App\Controllers\Admin\Turmas->alunosTurmas('1')
 9 SYSTEMPATH\CodeIgniter.php(480): CodeIgniter\CodeIgniter->runController(Object(App\Controllers\Admin\Turmas))
10 SYSTEMPATH\CodeIgniter.php(349): CodeIgniter\CodeIgniter->handleRequest(null, Object(Config\Cache), false)
11 FCPATH\index.php(67): CodeIgniter\CodeIgniter->run()
ERROR - 2025-05-19 08:38:52 --> mysqli_sql_exception: Table 'secretaria_digital.turma_alunos' doesn't exist in C:\wamp64\www\secretaria-digital\project\system\Database\MySQLi\Connection.php:292
Stack trace:
#0 C:\wamp64\www\secretaria-digital\project\system\Database\MySQLi\Connection.php(292): mysqli->query('SELECT `alunos`...', 0)
#1 C:\wamp64\www\secretaria-digital\project\system\Database\BaseConnection.php(666): CodeIgniter\Database\MySQLi\Connection->execute('SELECT `alunos`...')
#2 C:\wamp64\www\secretaria-digital\project\system\Database\BaseConnection.php(593): CodeIgniter\Database\BaseConnection->simpleQuery('SELECT `alunos`...')
#3 C:\wamp64\www\secretaria-digital\project\system\Database\BaseBuilder.php(1585): CodeIgniter\Database\BaseConnection->query('SELECT `alunos`...', Array, false)
#4 C:\wamp64\www\secretaria-digital\project\system\Model.php(240): CodeIgniter\Database\BaseBuilder->get()
#5 C:\wamp64\www\secretaria-digital\project\system\BaseModel.php(586): CodeIgniter\Model->doFindAll(0, 0)
#6 C:\wamp64\www\secretaria-digital\project\app\Controllers\Admin\Turmas.php(143): CodeIgniter\BaseModel->findAll()
#7 C:\wamp64\www\secretaria-digital\project\system\CodeIgniter.php(925): App\Controllers\Admin\Turmas->alunosTurmas('1')
#8 C:\wamp64\www\secretaria-digital\project\system\CodeIgniter.php(480): CodeIgniter\CodeIgniter->runController(Object(App\Controllers\Admin\Turmas))
#9 C:\wamp64\www\secretaria-digital\project\system\CodeIgniter.php(349): CodeIgniter\CodeIgniter->handleRequest(NULL, Object(Config\Cache), false)
#10 C:\wamp64\www\secretaria-digital\public\index.php(67): CodeIgniter\CodeIgniter->run()
#11 {main}
CRITICAL - 2025-05-19 08:38:52 --> Table 'secretaria_digital.turma_alunos' doesn't exist
in SYSTEMPATH\Database\MySQLi\Connection.php on line 292.
 1 SYSTEMPATH\Database\MySQLi\Connection.php(292): mysqli->query('SELECT `alunos`.*, `turma_aluno`.`id_turma`, `turmas`.`nome` as `nome_turma`, `turmas`.`ano_letivo` as `ano_turma`, `turmas`.`periodo` as `periodo_turma`
FROM `alunos`
JOIN `turma_alunos` ON `turma_aluno`.`id_aluno` = `alunos`.`id`
LEFT JOIN `turmas` ON `turmas`.`id` = `turma_aluno`.`id_turma`
WHERE `turma_aluno`.`id_turma` = \'1\'
AND `turma_aluno`.`deleted_at` is null
AND `alunos`.`deleted_at` IS NULL', 0)
 2 SYSTEMPATH\Database\BaseConnection.php(666): CodeIgniter\Database\MySQLi\Connection->execute('SELECT `alunos`.*, `turma_aluno`.`id_turma`, `turmas`.`nome` as `nome_turma`, `turmas`.`ano_letivo` as `ano_turma`, `turmas`.`periodo` as `periodo_turma`
FROM `alunos`
JOIN `turma_alunos` ON `turma_aluno`.`id_aluno` = `alunos`.`id`
LEFT JOIN `turmas` ON `turmas`.`id` = `turma_aluno`.`id_turma`
WHERE `turma_aluno`.`id_turma` = \'1\'
AND `turma_aluno`.`deleted_at` is null
AND `alunos`.`deleted_at` IS NULL')
 3 SYSTEMPATH\Database\BaseConnection.php(593): CodeIgniter\Database\BaseConnection->simpleQuery('SELECT `alunos`.*, `turma_aluno`.`id_turma`, `turmas`.`nome` as `nome_turma`, `turmas`.`ano_letivo` as `ano_turma`, `turmas`.`periodo` as `periodo_turma`
FROM `alunos`
JOIN `turma_alunos` ON `turma_aluno`.`id_aluno` = `alunos`.`id`
LEFT JOIN `turmas` ON `turmas`.`id` = `turma_aluno`.`id_turma`
WHERE `turma_aluno`.`id_turma` = \'1\'
AND `turma_aluno`.`deleted_at` is null
AND `alunos`.`deleted_at` IS NULL')
 4 SYSTEMPATH\Database\BaseBuilder.php(1585): CodeIgniter\Database\BaseConnection->query('SELECT `alunos`.*, `turma_aluno`.`id_turma`, `turmas`.`nome` as `nome_turma`, `turmas`.`ano_letivo` as `ano_turma`, `turmas`.`periodo` as `periodo_turma`
FROM `alunos`
JOIN `turma_alunos` ON `turma_aluno`.`id_aluno` = `alunos`.`id`
LEFT JOIN `turmas` ON `turmas`.`id` = `turma_aluno`.`id_turma`
WHERE `turma_aluno`.`id_turma` = :turma_aluno.id_turma:
AND `turma_aluno`.`deleted_at` is null
AND `alunos`.`deleted_at` IS NULL', [...], false)
 5 SYSTEMPATH\Model.php(240): CodeIgniter\Database\BaseBuilder->get()
 6 SYSTEMPATH\BaseModel.php(586): CodeIgniter\Model->doFindAll(0, 0)
 7 APPPATH\Controllers\Admin\Turmas.php(143): CodeIgniter\BaseModel->findAll()
 8 SYSTEMPATH\CodeIgniter.php(925): App\Controllers\Admin\Turmas->alunosTurmas('1')
 9 SYSTEMPATH\CodeIgniter.php(480): CodeIgniter\CodeIgniter->runController(Object(App\Controllers\Admin\Turmas))
10 SYSTEMPATH\CodeIgniter.php(349): CodeIgniter\CodeIgniter->handleRequest(null, Object(Config\Cache), false)
11 FCPATH\index.php(67): CodeIgniter\CodeIgniter->run()
ERROR - 2025-05-19 08:40:39 --> mysqli_sql_exception: Table 'secretaria_digital.turma_alunos' doesn't exist in C:\wamp64\www\secretaria-digital\project\system\Database\MySQLi\Connection.php:292
Stack trace:
#0 C:\wamp64\www\secretaria-digital\project\system\Database\MySQLi\Connection.php(292): mysqli->query('SELECT `alunos`...', 0)
#1 C:\wamp64\www\secretaria-digital\project\system\Database\BaseConnection.php(666): CodeIgniter\Database\MySQLi\Connection->execute('SELECT `alunos`...')
#2 C:\wamp64\www\secretaria-digital\project\system\Database\BaseConnection.php(593): CodeIgniter\Database\BaseConnection->simpleQuery('SELECT `alunos`...')
#3 C:\wamp64\www\secretaria-digital\project\system\Database\BaseBuilder.php(1585): CodeIgniter\Database\BaseConnection->query('SELECT `alunos`...', Array, false)
#4 C:\wamp64\www\secretaria-digital\project\system\Model.php(240): CodeIgniter\Database\BaseBuilder->get()
#5 C:\wamp64\www\secretaria-digital\project\system\BaseModel.php(586): CodeIgniter\Model->doFindAll(0, 0)
#6 C:\wamp64\www\secretaria-digital\project\app\Controllers\Admin\Turmas.php(143): CodeIgniter\BaseModel->findAll()
#7 C:\wamp64\www\secretaria-digital\project\system\CodeIgniter.php(925): App\Controllers\Admin\Turmas->alunosTurmas('1')
#8 C:\wamp64\www\secretaria-digital\project\system\CodeIgniter.php(480): CodeIgniter\CodeIgniter->runController(Object(App\Controllers\Admin\Turmas))
#9 C:\wamp64\www\secretaria-digital\project\system\CodeIgniter.php(349): CodeIgniter\CodeIgniter->handleRequest(NULL, Object(Config\Cache), false)
#10 C:\wamp64\www\secretaria-digital\public\index.php(67): CodeIgniter\CodeIgniter->run()
#11 {main}
CRITICAL - 2025-05-19 08:40:39 --> Table 'secretaria_digital.turma_alunos' doesn't exist
in SYSTEMPATH\Database\MySQLi\Connection.php on line 292.
 1 SYSTEMPATH\Database\MySQLi\Connection.php(292): mysqli->query('SELECT `alunos`.*, `turma_aluno`.`id_turma`, `turmas`.`nome` as `nome_turma`, `turmas`.`ano_letivo` as `ano_turma`, `turmas`.`periodo` as `periodo_turma`
FROM `alunos`
JOIN `turma_alunos` ON `turma_aluno`.`id_aluno` = `alunos`.`id`
LEFT JOIN `turmas` ON `turmas`.`id` = `turma_aluno`.`id_turma`
WHERE `turma_aluno`.`id_turma` = \'1\'
AND `turma_aluno`.`deleted_at` is null
AND `alunos`.`deleted_at` IS NULL', 0)
 2 SYSTEMPATH\Database\BaseConnection.php(666): CodeIgniter\Database\MySQLi\Connection->execute('SELECT `alunos`.*, `turma_aluno`.`id_turma`, `turmas`.`nome` as `nome_turma`, `turmas`.`ano_letivo` as `ano_turma`, `turmas`.`periodo` as `periodo_turma`
FROM `alunos`
JOIN `turma_alunos` ON `turma_aluno`.`id_aluno` = `alunos`.`id`
LEFT JOIN `turmas` ON `turmas`.`id` = `turma_aluno`.`id_turma`
WHERE `turma_aluno`.`id_turma` = \'1\'
AND `turma_aluno`.`deleted_at` is null
AND `alunos`.`deleted_at` IS NULL')
 3 SYSTEMPATH\Database\BaseConnection.php(593): CodeIgniter\Database\BaseConnection->simpleQuery('SELECT `alunos`.*, `turma_aluno`.`id_turma`, `turmas`.`nome` as `nome_turma`, `turmas`.`ano_letivo` as `ano_turma`, `turmas`.`periodo` as `periodo_turma`
FROM `alunos`
JOIN `turma_alunos` ON `turma_aluno`.`id_aluno` = `alunos`.`id`
LEFT JOIN `turmas` ON `turmas`.`id` = `turma_aluno`.`id_turma`
WHERE `turma_aluno`.`id_turma` = \'1\'
AND `turma_aluno`.`deleted_at` is null
AND `alunos`.`deleted_at` IS NULL')
 4 SYSTEMPATH\Database\BaseBuilder.php(1585): CodeIgniter\Database\BaseConnection->query('SELECT `alunos`.*, `turma_aluno`.`id_turma`, `turmas`.`nome` as `nome_turma`, `turmas`.`ano_letivo` as `ano_turma`, `turmas`.`periodo` as `periodo_turma`
FROM `alunos`
JOIN `turma_alunos` ON `turma_aluno`.`id_aluno` = `alunos`.`id`
LEFT JOIN `turmas` ON `turmas`.`id` = `turma_aluno`.`id_turma`
WHERE `turma_aluno`.`id_turma` = :turma_aluno.id_turma:
AND `turma_aluno`.`deleted_at` is null
AND `alunos`.`deleted_at` IS NULL', [...], false)
 5 SYSTEMPATH\Model.php(240): CodeIgniter\Database\BaseBuilder->get()
 6 SYSTEMPATH\BaseModel.php(586): CodeIgniter\Model->doFindAll(0, 0)
 7 APPPATH\Controllers\Admin\Turmas.php(143): CodeIgniter\BaseModel->findAll()
 8 SYSTEMPATH\CodeIgniter.php(925): App\Controllers\Admin\Turmas->alunosTurmas('1')
 9 SYSTEMPATH\CodeIgniter.php(480): CodeIgniter\CodeIgniter->runController(Object(App\Controllers\Admin\Turmas))
10 SYSTEMPATH\CodeIgniter.php(349): CodeIgniter\CodeIgniter->handleRequest(null, Object(Config\Cache), false)
11 FCPATH\index.php(67): CodeIgniter\CodeIgniter->run()
ERROR - 2025-05-19 08:40:44 --> mysqli_sql_exception: Table 'secretaria_digital.turma_alunos' doesn't exist in C:\wamp64\www\secretaria-digital\project\system\Database\MySQLi\Connection.php:292
Stack trace:
#0 C:\wamp64\www\secretaria-digital\project\system\Database\MySQLi\Connection.php(292): mysqli->query('SELECT `alunos`...', 0)
#1 C:\wamp64\www\secretaria-digital\project\system\Database\BaseConnection.php(666): CodeIgniter\Database\MySQLi\Connection->execute('SELECT `alunos`...')
#2 C:\wamp64\www\secretaria-digital\project\system\Database\BaseConnection.php(593): CodeIgniter\Database\BaseConnection->simpleQuery('SELECT `alunos`...')
#3 C:\wamp64\www\secretaria-digital\project\system\Database\BaseBuilder.php(1585): CodeIgniter\Database\BaseConnection->query('SELECT `alunos`...', Array, false)
#4 C:\wamp64\www\secretaria-digital\project\system\Model.php(240): CodeIgniter\Database\BaseBuilder->get()
#5 C:\wamp64\www\secretaria-digital\project\system\BaseModel.php(586): CodeIgniter\Model->doFindAll(0, 0)
#6 C:\wamp64\www\secretaria-digital\project\app\Controllers\Admin\Turmas.php(143): CodeIgniter\BaseModel->findAll()
#7 C:\wamp64\www\secretaria-digital\project\system\CodeIgniter.php(925): App\Controllers\Admin\Turmas->alunosTurmas('1')
#8 C:\wamp64\www\secretaria-digital\project\system\CodeIgniter.php(480): CodeIgniter\CodeIgniter->runController(Object(App\Controllers\Admin\Turmas))
#9 C:\wamp64\www\secretaria-digital\project\system\CodeIgniter.php(349): CodeIgniter\CodeIgniter->handleRequest(NULL, Object(Config\Cache), false)
#10 C:\wamp64\www\secretaria-digital\public\index.php(67): CodeIgniter\CodeIgniter->run()
#11 {main}
CRITICAL - 2025-05-19 08:40:44 --> Table 'secretaria_digital.turma_alunos' doesn't exist
in SYSTEMPATH\Database\MySQLi\Connection.php on line 292.
 1 SYSTEMPATH\Database\MySQLi\Connection.php(292): mysqli->query('SELECT `alunos`.*, `turma_aluno`.`id_turma`, `turmas`.`nome` as `nome_turma`, `turmas`.`ano_letivo` as `ano_turma`, `turmas`.`periodo` as `periodo_turma`
FROM `alunos`
JOIN `turma_alunos` ON `turma_aluno`.`id_aluno` = `alunos`.`id`
LEFT JOIN `turmas` ON `turmas`.`id` = `turma_aluno`.`id_turma`
WHERE `turma_aluno`.`id_turma` = \'1\'
AND `turma_aluno`.`deleted_at` is null
AND `alunos`.`deleted_at` IS NULL', 0)
 2 SYSTEMPATH\Database\BaseConnection.php(666): CodeIgniter\Database\MySQLi\Connection->execute('SELECT `alunos`.*, `turma_aluno`.`id_turma`, `turmas`.`nome` as `nome_turma`, `turmas`.`ano_letivo` as `ano_turma`, `turmas`.`periodo` as `periodo_turma`
FROM `alunos`
JOIN `turma_alunos` ON `turma_aluno`.`id_aluno` = `alunos`.`id`
LEFT JOIN `turmas` ON `turmas`.`id` = `turma_aluno`.`id_turma`
WHERE `turma_aluno`.`id_turma` = \'1\'
AND `turma_aluno`.`deleted_at` is null
AND `alunos`.`deleted_at` IS NULL')
 3 SYSTEMPATH\Database\BaseConnection.php(593): CodeIgniter\Database\BaseConnection->simpleQuery('SELECT `alunos`.*, `turma_aluno`.`id_turma`, `turmas`.`nome` as `nome_turma`, `turmas`.`ano_letivo` as `ano_turma`, `turmas`.`periodo` as `periodo_turma`
FROM `alunos`
JOIN `turma_alunos` ON `turma_aluno`.`id_aluno` = `alunos`.`id`
LEFT JOIN `turmas` ON `turmas`.`id` = `turma_aluno`.`id_turma`
WHERE `turma_aluno`.`id_turma` = \'1\'
AND `turma_aluno`.`deleted_at` is null
AND `alunos`.`deleted_at` IS NULL')
 4 SYSTEMPATH\Database\BaseBuilder.php(1585): CodeIgniter\Database\BaseConnection->query('SELECT `alunos`.*, `turma_aluno`.`id_turma`, `turmas`.`nome` as `nome_turma`, `turmas`.`ano_letivo` as `ano_turma`, `turmas`.`periodo` as `periodo_turma`
FROM `alunos`
JOIN `turma_alunos` ON `turma_aluno`.`id_aluno` = `alunos`.`id`
LEFT JOIN `turmas` ON `turmas`.`id` = `turma_aluno`.`id_turma`
WHERE `turma_aluno`.`id_turma` = :turma_aluno.id_turma:
AND `turma_aluno`.`deleted_at` is null
AND `alunos`.`deleted_at` IS NULL', [...], false)
 5 SYSTEMPATH\Model.php(240): CodeIgniter\Database\BaseBuilder->get()
 6 SYSTEMPATH\BaseModel.php(586): CodeIgniter\Model->doFindAll(0, 0)
 7 APPPATH\Controllers\Admin\Turmas.php(143): CodeIgniter\BaseModel->findAll()
 8 SYSTEMPATH\CodeIgniter.php(925): App\Controllers\Admin\Turmas->alunosTurmas('1')
 9 SYSTEMPATH\CodeIgniter.php(480): CodeIgniter\CodeIgniter->runController(Object(App\Controllers\Admin\Turmas))
10 SYSTEMPATH\CodeIgniter.php(349): CodeIgniter\CodeIgniter->handleRequest(null, Object(Config\Cache), false)
11 FCPATH\index.php(67): CodeIgniter\CodeIgniter->run()
CRITICAL - 2025-05-19 08:47:10 --> Object of class stdClass could not be converted to string
in SYSTEMPATH\Database\Query.php on line 335.
 1 SYSTEMPATH\Database\Query.php(335): strtr('SELECT *
FROM `turma_aluno`
WHERE `id_aluno` = :id_aluno:
AND `ano_letivo` = :ano_letivo:
AND `turma_aluno`.`deleted_at` IS NULL
 LIMIT 1', [...])
 2 SYSTEMPATH\Database\Query.php(310): CodeIgniter\Database\Query->matchNamedBinds('SELECT *
FROM `turma_aluno`
WHERE `id_aluno` = :id_aluno:
AND `ano_letivo` = :ano_letivo:
AND `turma_aluno`.`deleted_at` IS NULL
 LIMIT 1', [...])
 3 SYSTEMPATH\Database\Query.php(159): CodeIgniter\Database\Query->compileBinds()
 4 SYSTEMPATH\Database\BaseConnection.php(593): CodeIgniter\Database\Query->getQuery()
 5 SYSTEMPATH\Database\BaseBuilder.php(1585): CodeIgniter\Database\BaseConnection->query('SELECT *
FROM `turma_aluno`
WHERE `id_aluno` = :id_aluno:
AND `ano_letivo` = :ano_letivo:
AND `turma_aluno`.`deleted_at` IS NULL
 LIMIT 1', [...], false)
 6 SYSTEMPATH\Model.php(267): CodeIgniter\Database\BaseBuilder->get()
 7 SYSTEMPATH\BaseModel.php(624): CodeIgniter\Model->doFirst()
 8 APPPATH\Controllers\Admin\Turmas.php(169): CodeIgniter\BaseModel->first()
 9 SYSTEMPATH\CodeIgniter.php(925): App\Controllers\Admin\Turmas->incluirAluno()
10 SYSTEMPATH\CodeIgniter.php(480): CodeIgniter\CodeIgniter->runController(Object(App\Controllers\Admin\Turmas))
11 SYSTEMPATH\CodeIgniter.php(349): CodeIgniter\CodeIgniter->handleRequest(null, Object(Config\Cache), false)
12 FCPATH\index.php(67): CodeIgniter\CodeIgniter->run()
CRITICAL - 2025-05-19 08:48:55 --> Undefined property: stdClass::$ano_letivo
in APPPATH\Controllers\Admin\Turmas.php on line 159.
 1 APPPATH\Controllers\Admin\Turmas.php(159): CodeIgniter\Debug\Exceptions->errorHandler(8, 'Undefined property: stdClass::$ano_letivo', 'APPPATH\\Controllers\\Admin\\Turmas.php', 159, [...])
 2 SYSTEMPATH\CodeIgniter.php(925): App\Controllers\Admin\Turmas->incluirAluno()
 3 SYSTEMPATH\CodeIgniter.php(480): CodeIgniter\CodeIgniter->runController(Object(App\Controllers\Admin\Turmas))
 4 SYSTEMPATH\CodeIgniter.php(349): CodeIgniter\CodeIgniter->handleRequest(null, Object(Config\Cache), false)
 5 FCPATH\index.php(67): CodeIgniter\CodeIgniter->run()
CRITICAL - 2025-05-19 08:58:14 --> A non-numeric value encountered
in APPPATH\Controllers\Admin\Turmas.php on line 202.
 1 SYSTEMPATH\CodeIgniter.php(925): App\Controllers\Admin\Turmas->incluirAluno()
 2 SYSTEMPATH\CodeIgniter.php(480): CodeIgniter\CodeIgniter->runController(Object(App\Controllers\Admin\Turmas))
 3 SYSTEMPATH\CodeIgniter.php(349): CodeIgniter\CodeIgniter->handleRequest(null, Object(Config\Cache), false)
 4 FCPATH\index.php(67): CodeIgniter\CodeIgniter->run()
CRITICAL - 2025-05-19 09:02:20 --> syntax error, unexpected 'public' (T_PUBLIC)
in APPPATH\Controllers\Admin\Turmas.php on line 248.
 1 SYSTEMPATH\Autoloader\Autoloader.php(260): CodeIgniter\Autoloader\Autoloader->includeFile('APPPATH\\Controllers\\Admin\\Turmas.php')
 2 SYSTEMPATH\Autoloader\Autoloader.php(238): CodeIgniter\Autoloader\Autoloader->loadInNamespace('App\\Controllers\\Admin\\Turmas')
 3 [internal function]: CodeIgniter\Autoloader\Autoloader->loadClass('App\\Controllers\\Admin\\Turmas')
 4 [internal function]: spl_autoload_call('App\\Controllers\\Admin\\Turmas')
 5 SYSTEMPATH\CodeIgniter.php(875): class_exists('\\App\\Controllers\\Admin\\Turmas', true)
 6 SYSTEMPATH\CodeIgniter.php(467): CodeIgniter\CodeIgniter->startController()
 7 SYSTEMPATH\CodeIgniter.php(349): CodeIgniter\CodeIgniter->handleRequest(null, Object(Config\Cache), false)
 8 FCPATH\index.php(67): CodeIgniter\CodeIgniter->run()
CRITICAL - 2025-05-19 09:08:48 --> A non-numeric value encountered
in APPPATH\Controllers\Admin\Turmas.php on line 176.
 1 APPPATH\Controllers\Admin\Turmas.php(176): CodeIgniter\Debug\Exceptions->errorHandler(2, 'A non-numeric value encountered', 'APPPATH\\Controllers\\Admin\\Turmas.php', 176, [...])
 2 SYSTEMPATH\CodeIgniter.php(925): App\Controllers\Admin\Turmas->incluirAluno()
 3 SYSTEMPATH\CodeIgniter.php(480): CodeIgniter\CodeIgniter->runController(Object(App\Controllers\Admin\Turmas))
 4 SYSTEMPATH\CodeIgniter.php(349): CodeIgniter\CodeIgniter->handleRequest(null, Object(Config\Cache), false)
 5 FCPATH\index.php(67): CodeIgniter\CodeIgniter->run()
CRITICAL - 2025-05-19 09:09:05 --> count(): Parameter must be an array or an object that implements Countable
in APPPATH\Controllers\Admin\Turmas.php on line 181.
 1 [internal function]: CodeIgniter\Debug\Exceptions->errorHandler(2, 'count(): Parameter must be an array or an object that implements Countable', 'APPPATH\\Controllers\\Admin\\Turmas.php', 181, [...])
 2 APPPATH\Controllers\Admin\Turmas.php(181): count('Murilo Rafael Passos Rondon')
 3 SYSTEMPATH\CodeIgniter.php(925): App\Controllers\Admin\Turmas->incluirAluno()
 4 SYSTEMPATH\CodeIgniter.php(480): CodeIgniter\CodeIgniter->runController(Object(App\Controllers\Admin\Turmas))
 5 SYSTEMPATH\CodeIgniter.php(349): CodeIgniter\CodeIgniter->handleRequest(null, Object(Config\Cache), false)
 6 FCPATH\index.php(67): CodeIgniter\CodeIgniter->run()
CRITICAL - 2025-05-19 09:09:18 --> implode(): Invalid arguments passed
in APPPATH\Controllers\Admin\Turmas.php on line 183.
 1 [internal function]: CodeIgniter\Debug\Exceptions->errorHandler(2, 'implode(): Invalid arguments passed', 'APPPATH\\Controllers\\Admin\\Turmas.php', 183, [...])
 2 APPPATH\Controllers\Admin\Turmas.php(183): implode(', ', 'Murilo Rafael Passos Rondon')
 3 SYSTEMPATH\CodeIgniter.php(925): App\Controllers\Admin\Turmas->incluirAluno()
 4 SYSTEMPATH\CodeIgniter.php(480): CodeIgniter\CodeIgniter->runController(Object(App\Controllers\Admin\Turmas))
 5 SYSTEMPATH\CodeIgniter.php(349): CodeIgniter\CodeIgniter->handleRequest(null, Object(Config\Cache), false)
 6 FCPATH\index.php(67): CodeIgniter\CodeIgniter->run()
CRITICAL - 2025-05-19 09:10:10 --> A non-numeric value encountered
in APPPATH\Controllers\Admin\Turmas.php on line 176.
 1 APPPATH\Controllers\Admin\Turmas.php(176): CodeIgniter\Debug\Exceptions->errorHandler(2, 'A non-numeric value encountered', 'APPPATH\\Controllers\\Admin\\Turmas.php', 176, [...])
 2 SYSTEMPATH\CodeIgniter.php(925): App\Controllers\Admin\Turmas->incluirAluno()
 3 SYSTEMPATH\CodeIgniter.php(480): CodeIgniter\CodeIgniter->runController(Object(App\Controllers\Admin\Turmas))
 4 SYSTEMPATH\CodeIgniter.php(349): CodeIgniter\CodeIgniter->handleRequest(null, Object(Config\Cache), false)
 5 FCPATH\index.php(67): CodeIgniter\CodeIgniter->run()
ERROR - 2025-05-19 09:21:00 --> mysqli_sql_exception: Table 'secretaria_digital.alunos_turmas' doesn't exist in C:\wamp64\www\secretaria-digital\project\system\Database\MySQLi\Connection.php:292
Stack trace:
#0 C:\wamp64\www\secretaria-digital\project\system\Database\MySQLi\Connection.php(292): mysqli->query('SELECT `alunos`...', 0)
#1 C:\wamp64\www\secretaria-digital\project\system\Database\BaseConnection.php(666): CodeIgniter\Database\MySQLi\Connection->execute('SELECT `alunos`...')
#2 C:\wamp64\www\secretaria-digital\project\system\Database\BaseConnection.php(593): CodeIgniter\Database\BaseConnection->simpleQuery('SELECT `alunos`...')
#3 C:\wamp64\www\secretaria-digital\project\system\Database\BaseBuilder.php(1585): CodeIgniter\Database\BaseConnection->query('SELECT `alunos`...', Array, false)
#4 C:\wamp64\www\secretaria-digital\project\system\Model.php(240): CodeIgniter\Database\BaseBuilder->get()
#5 C:\wamp64\www\secretaria-digital\project\system\BaseModel.php(586): CodeIgniter\Model->doFindAll(0, 0)
#6 C:\wamp64\www\secretaria-digital\project\app\Controllers\Admin\Alunos.php(44): CodeIgniter\BaseModel->findAll()
#7 C:\wamp64\www\secretaria-digital\project\system\CodeIgniter.php(925): App\Controllers\Admin\Alunos->index('92')
#8 C:\wamp64\www\secretaria-digital\project\system\CodeIgniter.php(480): CodeIgniter\CodeIgniter->runController(Object(App\Controllers\Admin\Alunos))
#9 C:\wamp64\www\secretaria-digital\project\system\CodeIgniter.php(349): CodeIgniter\CodeIgniter->handleRequest(NULL, Object(Config\Cache), false)
#10 C:\wamp64\www\secretaria-digital\public\index.php(67): CodeIgniter\CodeIgniter->run()
#11 {main}
CRITICAL - 2025-05-19 09:21:00 --> Table 'secretaria_digital.alunos_turmas' doesn't exist
in SYSTEMPATH\Database\MySQLi\Connection.php on line 292.
 1 SYSTEMPATH\Database\MySQLi\Connection.php(292): mysqli->query('SELECT `alunos`.*, `alunos_turmas`.`id_turma`, `turmas`.`nome` as `nome_turma`, `turmas`.`ano_letivo` as `ano_turma`, `turmas`.`periodo` as `periodo_turma`
FROM `alunos`
LEFT JOIN `alunos_turmas` ON `alunos_turmas`.`id_aluno` = `alunos`.`id`
LEFT JOIN `turmas` ON `turmas`.`id` = `alunos_turmas`.`id_turma`
WHERE `alunos`.`deleted_at` is null
AND `alunos`.`deleted_at` IS NULL
ORDER BY `turmas`.`ano_letivo` DESC', 0)
 2 SYSTEMPATH\Database\BaseConnection.php(666): CodeIgniter\Database\MySQLi\Connection->execute('SELECT `alunos`.*, `alunos_turmas`.`id_turma`, `turmas`.`nome` as `nome_turma`, `turmas`.`ano_letivo` as `ano_turma`, `turmas`.`periodo` as `periodo_turma`
FROM `alunos`
LEFT JOIN `alunos_turmas` ON `alunos_turmas`.`id_aluno` = `alunos`.`id`
LEFT JOIN `turmas` ON `turmas`.`id` = `alunos_turmas`.`id_turma`
WHERE `alunos`.`deleted_at` is null
AND `alunos`.`deleted_at` IS NULL
ORDER BY `turmas`.`ano_letivo` DESC')
 3 SYSTEMPATH\Database\BaseConnection.php(593): CodeIgniter\Database\BaseConnection->simpleQuery('SELECT `alunos`.*, `alunos_turmas`.`id_turma`, `turmas`.`nome` as `nome_turma`, `turmas`.`ano_letivo` as `ano_turma`, `turmas`.`periodo` as `periodo_turma`
FROM `alunos`
LEFT JOIN `alunos_turmas` ON `alunos_turmas`.`id_aluno` = `alunos`.`id`
LEFT JOIN `turmas` ON `turmas`.`id` = `alunos_turmas`.`id_turma`
WHERE `alunos`.`deleted_at` is null
AND `alunos`.`deleted_at` IS NULL
ORDER BY `turmas`.`ano_letivo` DESC')
 4 SYSTEMPATH\Database\BaseBuilder.php(1585): CodeIgniter\Database\BaseConnection->query('SELECT `alunos`.*, `alunos_turmas`.`id_turma`, `turmas`.`nome` as `nome_turma`, `turmas`.`ano_letivo` as `ano_turma`, `turmas`.`periodo` as `periodo_turma`
FROM `alunos`
LEFT JOIN `alunos_turmas` ON `alunos_turmas`.`id_aluno` = `alunos`.`id`
LEFT JOIN `turmas` ON `turmas`.`id` = `alunos_turmas`.`id_turma`
WHERE `alunos`.`deleted_at` is null
AND `alunos`.`deleted_at` IS NULL
ORDER BY `turmas`.`ano_letivo` DESC', [], false)
 5 SYSTEMPATH\Model.php(240): CodeIgniter\Database\BaseBuilder->get()
 6 SYSTEMPATH\BaseModel.php(586): CodeIgniter\Model->doFindAll(0, 0)
 7 APPPATH\Controllers\Admin\Alunos.php(44): CodeIgniter\BaseModel->findAll()
 8 SYSTEMPATH\CodeIgniter.php(925): App\Controllers\Admin\Alunos->index('92')
 9 SYSTEMPATH\CodeIgniter.php(480): CodeIgniter\CodeIgniter->runController(Object(App\Controllers\Admin\Alunos))
10 SYSTEMPATH\CodeIgniter.php(349): CodeIgniter\CodeIgniter->handleRequest(null, Object(Config\Cache), false)
11 FCPATH\index.php(67): CodeIgniter\CodeIgniter->run()
CRITICAL - 2025-05-19 10:11:20 --> Undefined variable: id_turma
in APPPATH\Views\admin\turmas\lancar-notas-alunos.php on line 47.
 1 APPPATH\Views\admin\turmas\lancar-notas-alunos.php(47): CodeIgniter\Debug\Exceptions->errorHandler(8, 'Undefined variable: id_turma', 'APPPATH\\Views\\admin\\turmas\\lancar-notas-alunos.php', 47, [...])
 2 SYSTEMPATH\View\View.php(213): include('APPPATH\\Views\\admin\\turmas\\lancar-notas-alunos.php')
 3 SYSTEMPATH\View\View.php(216): CodeIgniter\View\View->CodeIgniter\View\{closure}()
 4 SYSTEMPATH\Common.php(1135): CodeIgniter\View\View->render('admin/turmas/lancar-notas-alunos.php', [], true)
 5 APPPATH\Controllers\Admin\Turmas.php(634): view('admin/turmas/lancar-notas-alunos.php', [...])
 6 SYSTEMPATH\CodeIgniter.php(925): App\Controllers\Admin\Turmas->lancarNotasAlunos('7')
 7 SYSTEMPATH\CodeIgniter.php(480): CodeIgniter\CodeIgniter->runController(Object(App\Controllers\Admin\Turmas))
 8 SYSTEMPATH\CodeIgniter.php(349): CodeIgniter\CodeIgniter->handleRequest(null, Object(Config\Cache), false)
 9 FCPATH\index.php(67): CodeIgniter\CodeIgniter->run()
CRITICAL - 2025-05-19 10:14:47 --> Undefined variable: id_turma
in APPPATH\Views\admin\turmas\lancar-notas-alunos.php on line 47.
 1 APPPATH\Views\admin\turmas\lancar-notas-alunos.php(47): CodeIgniter\Debug\Exceptions->errorHandler(8, 'Undefined variable: id_turma', 'APPPATH\\Views\\admin\\turmas\\lancar-notas-alunos.php', 47, [...])
 2 SYSTEMPATH\View\View.php(213): include('APPPATH\\Views\\admin\\turmas\\lancar-notas-alunos.php')
 3 SYSTEMPATH\View\View.php(216): CodeIgniter\View\View->CodeIgniter\View\{closure}()
 4 SYSTEMPATH\Common.php(1135): CodeIgniter\View\View->render('admin/turmas/lancar-notas-alunos.php', [], true)
 5 APPPATH\Controllers\Admin\Turmas.php(634): view('admin/turmas/lancar-notas-alunos.php', [...])
 6 SYSTEMPATH\CodeIgniter.php(925): App\Controllers\Admin\Turmas->lancarNotasAlunos('7')
 7 SYSTEMPATH\CodeIgniter.php(480): CodeIgniter\CodeIgniter->runController(Object(App\Controllers\Admin\Turmas))
 8 SYSTEMPATH\CodeIgniter.php(349): CodeIgniter\CodeIgniter->handleRequest(null, Object(Config\Cache), false)
 9 FCPATH\index.php(67): CodeIgniter\CodeIgniter->run()
CRITICAL - 2025-05-19 10:14:49 --> Too few arguments to function App\Controllers\Admin\Turmas::lancarNotas(), 1 passed in C:\wamp64\www\secretaria-digital\project\system\CodeIgniter.php on line 925 and exactly 2 expected
in APPPATH\Controllers\Admin\Turmas.php on line 578.
 1 SYSTEMPATH\CodeIgniter.php(925): App\Controllers\Admin\Turmas->lancarNotas('1')
 2 SYSTEMPATH\CodeIgniter.php(480): CodeIgniter\CodeIgniter->runController(Object(App\Controllers\Admin\Turmas))
 3 SYSTEMPATH\CodeIgniter.php(349): CodeIgniter\CodeIgniter->handleRequest(null, Object(Config\Cache), false)
 4 FCPATH\index.php(67): CodeIgniter\CodeIgniter->run()
CRITICAL - 2025-05-19 10:14:55 --> Too few arguments to function App\Controllers\Admin\Turmas::lancarNotas(), 1 passed in C:\wamp64\www\secretaria-digital\project\system\CodeIgniter.php on line 925 and exactly 2 expected
in APPPATH\Controllers\Admin\Turmas.php on line 578.
 1 SYSTEMPATH\CodeIgniter.php(925): App\Controllers\Admin\Turmas->lancarNotas('1')
 2 SYSTEMPATH\CodeIgniter.php(480): CodeIgniter\CodeIgniter->runController(Object(App\Controllers\Admin\Turmas))
 3 SYSTEMPATH\CodeIgniter.php(349): CodeIgniter\CodeIgniter->handleRequest(null, Object(Config\Cache), false)
 4 FCPATH\index.php(67): CodeIgniter\CodeIgniter->run()
CRITICAL - 2025-05-19 10:17:13 --> Undefined variable: idTurmav
in APPPATH\Controllers\Admin\Turmas.php on line 594.
 1 APPPATH\Controllers\Admin\Turmas.php(594): CodeIgniter\Debug\Exceptions->errorHandler(8, 'Undefined variable: idTurmav', 'APPPATH\\Controllers\\Admin\\Turmas.php', 594, [...])
 2 SYSTEMPATH\CodeIgniter.php(925): App\Controllers\Admin\Turmas->lancarNotasAlunos('1', '7')
 3 SYSTEMPATH\CodeIgniter.php(480): CodeIgniter\CodeIgniter->runController(Object(App\Controllers\Admin\Turmas))
 4 SYSTEMPATH\CodeIgniter.php(349): CodeIgniter\CodeIgniter->handleRequest(null, Object(Config\Cache), false)
 5 FCPATH\index.php(67): CodeIgniter\CodeIgniter->run()
CRITICAL - 2025-05-19 10:17:29 --> Undefined variable: id_turma
in APPPATH\Views\admin\turmas\lancar-notas-alunos.php on line 47.
 1 APPPATH\Views\admin\turmas\lancar-notas-alunos.php(47): CodeIgniter\Debug\Exceptions->errorHandler(8, 'Undefined variable: id_turma', 'APPPATH\\Views\\admin\\turmas\\lancar-notas-alunos.php', 47, [...])
 2 SYSTEMPATH\View\View.php(213): include('APPPATH\\Views\\admin\\turmas\\lancar-notas-alunos.php')
 3 SYSTEMPATH\View\View.php(216): CodeIgniter\View\View->CodeIgniter\View\{closure}()
 4 SYSTEMPATH\Common.php(1135): CodeIgniter\View\View->render('admin/turmas/lancar-notas-alunos.php', [], true)
 5 APPPATH\Controllers\Admin\Turmas.php(634): view('admin/turmas/lancar-notas-alunos.php', [...])
 6 SYSTEMPATH\CodeIgniter.php(925): App\Controllers\Admin\Turmas->lancarNotasAlunos('1', '7')
 7 SYSTEMPATH\CodeIgniter.php(480): CodeIgniter\CodeIgniter->runController(Object(App\Controllers\Admin\Turmas))
 8 SYSTEMPATH\CodeIgniter.php(349): CodeIgniter\CodeIgniter->handleRequest(null, Object(Config\Cache), false)
 9 FCPATH\index.php(67): CodeIgniter\CodeIgniter->run()
CRITICAL - 2025-05-19 10:17:45 --> Undefined variable: alunos
in APPPATH\Views\admin\turmas\lancar-notas-alunos.php on line 50.
 1 APPPATH\Views\admin\turmas\lancar-notas-alunos.php(50): CodeIgniter\Debug\Exceptions->errorHandler(8, 'Undefined variable: alunos', 'APPPATH\\Views\\admin\\turmas\\lancar-notas-alunos.php', 50, [...])
 2 SYSTEMPATH\View\View.php(213): include('APPPATH\\Views\\admin\\turmas\\lancar-notas-alunos.php')
 3 SYSTEMPATH\View\View.php(216): CodeIgniter\View\View->CodeIgniter\View\{closure}()
 4 SYSTEMPATH\Common.php(1135): CodeIgniter\View\View->render('admin/turmas/lancar-notas-alunos.php', [], true)
 5 APPPATH\Controllers\Admin\Turmas.php(635): view('admin/turmas/lancar-notas-alunos.php', [...])
 6 SYSTEMPATH\CodeIgniter.php(925): App\Controllers\Admin\Turmas->lancarNotasAlunos('1', '7')
 7 SYSTEMPATH\CodeIgniter.php(480): CodeIgniter\CodeIgniter->runController(Object(App\Controllers\Admin\Turmas))
 8 SYSTEMPATH\CodeIgniter.php(349): CodeIgniter\CodeIgniter->handleRequest(null, Object(Config\Cache), false)
 9 FCPATH\index.php(67): CodeIgniter\CodeIgniter->run()
CRITICAL - 2025-05-19 10:19:15 --> Undefined variable: alunos
in APPPATH\Views\admin\turmas\lancar-notas-alunos.php on line 50.
 1 APPPATH\Views\admin\turmas\lancar-notas-alunos.php(50): CodeIgniter\Debug\Exceptions->errorHandler(8, 'Undefined variable: alunos', 'APPPATH\\Views\\admin\\turmas\\lancar-notas-alunos.php', 50, [...])
 2 SYSTEMPATH\View\View.php(213): include('APPPATH\\Views\\admin\\turmas\\lancar-notas-alunos.php')
 3 SYSTEMPATH\View\View.php(216): CodeIgniter\View\View->CodeIgniter\View\{closure}()
 4 SYSTEMPATH\Common.php(1135): CodeIgniter\View\View->render('admin/turmas/lancar-notas-alunos.php', [], true)
 5 APPPATH\Controllers\Admin\Turmas.php(607): view('admin/turmas/lancar-notas-alunos.php', [...])
 6 SYSTEMPATH\CodeIgniter.php(925): App\Controllers\Admin\Turmas->lancarNotasAlunos('1', '7')
 7 SYSTEMPATH\CodeIgniter.php(480): CodeIgniter\CodeIgniter->runController(Object(App\Controllers\Admin\Turmas))
 8 SYSTEMPATH\CodeIgniter.php(349): CodeIgniter\CodeIgniter->handleRequest(null, Object(Config\Cache), false)
 9 FCPATH\index.php(67): CodeIgniter\CodeIgniter->run()
CRITICAL - 2025-05-19 10:53:50 --> syntax error, unexpected end of file, expecting function (T_FUNCTION) or const (T_CONST)
in APPPATH\Controllers\Admin\Turmas.php on line 647.
 1 SYSTEMPATH\Autoloader\Autoloader.php(260): CodeIgniter\Autoloader\Autoloader->includeFile('APPPATH\\Controllers\\Admin\\Turmas.php')
 2 SYSTEMPATH\Autoloader\Autoloader.php(238): CodeIgniter\Autoloader\Autoloader->loadInNamespace('App\\Controllers\\Admin\\Turmas')
 3 [internal function]: CodeIgniter\Autoloader\Autoloader->loadClass('App\\Controllers\\Admin\\Turmas')
 4 [internal function]: spl_autoload_call('App\\Controllers\\Admin\\Turmas')
 5 SYSTEMPATH\CodeIgniter.php(875): class_exists('\\App\\Controllers\\Admin\\Turmas', true)
 6 SYSTEMPATH\CodeIgniter.php(467): CodeIgniter\CodeIgniter->startController()
 7 SYSTEMPATH\CodeIgniter.php(349): CodeIgniter\CodeIgniter->handleRequest(null, Object(Config\Cache), false)
 8 FCPATH\index.php(67): CodeIgniter\CodeIgniter->run()
CRITICAL - 2025-05-19 10:54:22 --> syntax error, unexpected end of file, expecting function (T_FUNCTION) or const (T_CONST)
in APPPATH\Controllers\Admin\Turmas.php on line 647.
 1 SYSTEMPATH\Autoloader\Autoloader.php(260): CodeIgniter\Autoloader\Autoloader->includeFile('APPPATH\\Controllers\\Admin\\Turmas.php')
 2 SYSTEMPATH\Autoloader\Autoloader.php(238): CodeIgniter\Autoloader\Autoloader->loadInNamespace('App\\Controllers\\Admin\\Turmas')
 3 [internal function]: CodeIgniter\Autoloader\Autoloader->loadClass('App\\Controllers\\Admin\\Turmas')
 4 [internal function]: spl_autoload_call('App\\Controllers\\Admin\\Turmas')
 5 SYSTEMPATH\CodeIgniter.php(875): class_exists('\\App\\Controllers\\Admin\\Turmas', true)
 6 SYSTEMPATH\CodeIgniter.php(467): CodeIgniter\CodeIgniter->startController()
 7 SYSTEMPATH\CodeIgniter.php(349): CodeIgniter\CodeIgniter->handleRequest(null, Object(Config\Cache), false)
 8 FCPATH\index.php(67): CodeIgniter\CodeIgniter->run()
CRITICAL - 2025-05-19 10:55:11 --> Undefined variable: idDisciplina
in APPPATH\Views\admin\turmas\lancar-notas-alunos.php on line 84.
 1 APPPATH\Views\admin\turmas\lancar-notas-alunos.php(84): CodeIgniter\Debug\Exceptions->errorHandler(8, 'Undefined variable: idDisciplina', 'APPPATH\\Views\\admin\\turmas\\lancar-notas-alunos.php', 84, [...])
 2 SYSTEMPATH\View\View.php(213): include('APPPATH\\Views\\admin\\turmas\\lancar-notas-alunos.php')
 3 SYSTEMPATH\View\View.php(216): CodeIgniter\View\View->CodeIgniter\View\{closure}()
 4 SYSTEMPATH\Common.php(1135): CodeIgniter\View\View->render('admin/turmas/lancar-notas-alunos.php', [], true)
 5 APPPATH\Controllers\Admin\Turmas.php(606): view('admin/turmas/lancar-notas-alunos.php', [...])
 6 SYSTEMPATH\CodeIgniter.php(925): App\Controllers\Admin\Turmas->lancarNotasAlunos('1', '7')
 7 SYSTEMPATH\CodeIgniter.php(480): CodeIgniter\CodeIgniter->runController(Object(App\Controllers\Admin\Turmas))
 8 SYSTEMPATH\CodeIgniter.php(349): CodeIgniter\CodeIgniter->handleRequest(null, Object(Config\Cache), false)
 9 FCPATH\index.php(67): CodeIgniter\CodeIgniter->run()
ERROR - 2025-05-19 10:58:14 --> Undefined index: turma
