CRITICAL - 2023-01-20 13:28:17 --> Too few arguments to function App\Controllers\Admin\Noticias::upload(), 0 passed in C:\wamp64\www\admin\system\CodeIgniter.php on line 925 and exactly 1 expected
in APPPATH\Controllers\Admin\Noticias.php on line 204.
 1 SYSTEMPATH\CodeIgniter.php(925): App\Controllers\Admin\Noticias->upload()
 2 SYSTEMPATH\CodeIgniter.php(480): CodeIgniter\CodeIgniter->runController(Object(App\Controllers\Admin\Noticias))
 3 SYSTEMPATH\CodeIgniter.php(349): CodeIgniter\CodeIgniter->handleRequest(null, Object(Config\Cache), false)
 4 FCPATH\index.php(67): CodeIgniter\CodeIgniter->run()
 5 SYSTEMPATH\Commands\Server\rewrite.php(47): require_once('FCPATH\\index.php')
CRITICAL - 2023-01-20 13:28:28 --> Too few arguments to function App\Controllers\Admin\Noticias::upload(), 0 passed in C:\wamp64\www\admin\system\CodeIgniter.php on line 925 and exactly 1 expected
in APPPATH\Controllers\Admin\Noticias.php on line 204.
 1 SYSTEMPATH\CodeIgniter.php(925): App\Controllers\Admin\Noticias->upload()
 2 SYSTEMPATH\CodeIgniter.php(480): CodeIgniter\CodeIgniter->runController(Object(App\Controllers\Admin\Noticias))
 3 SYSTEMPATH\CodeIgniter.php(349): CodeIgniter\CodeIgniter->handleRequest(null, Object(Config\Cache), false)
 4 FCPATH\index.php(67): CodeIgniter\CodeIgniter->run()
 5 SYSTEMPATH\Commands\Server\rewrite.php(47): require_once('FCPATH\\index.php')
CRITICAL - 2023-01-20 13:30:39 --> Uncaught ErrorException: realpath() expects parameter 1 to be a valid path, string given in C:\wamp64\www\admin\system\Common.php:91
Stack trace:
#0 [internal function]: CodeIgniter\Debug\Exceptions->errorHandler(2, 'realpath() expe...', 'C:\\wamp64\\www\\a...', 91, Array)
#1 C:\wamp64\www\admin\system\Common.php(91): realpath('\x89PNG\r\n\x1A\n\x00\x00\x00\rIHD...')
#2 C:\wamp64\www\admin\system\Debug\Exceptions.php(517): clean_path('\x89PNG\r\n\x1A\n\x00\x00\x00\rIHD...')
#3 [internal function]: CodeIgniter\Debug\Exceptions::CodeIgniter\Debug\{closure}('\x89PNG\r\n\x1A\n\x00\x00\x00\rIHD...')
#4 C:\wamp64\www\admin\system\Debug\Exceptions.php(522): array_map(Object(Closure), Array)
#5 C:\wamp64\www\admin\system\Debug\Exceptions.php(115): CodeIgniter\Debug\Exceptions::renderBacktrace(Array)
#6 [internal function]: CodeIgniter\Debug\Exceptions->exceptionHandler(Object(ErrorException))
#7 {main}
  thrown
in SYSTEMPATH\Common.php on line 91.
 1 [internal function]: CodeIgniter\Debug\Exceptions->shutdownHandler()
CRITICAL - 2023-01-20 13:30:42 --> Uncaught ErrorException: realpath() expects parameter 1 to be a valid path, string given in C:\wamp64\www\admin\system\Common.php:91
Stack trace:
#0 [internal function]: CodeIgniter\Debug\Exceptions->errorHandler(2, 'realpath() expe...', 'C:\\wamp64\\www\\a...', 91, Array)
#1 C:\wamp64\www\admin\system\Common.php(91): realpath('\x89PNG\r\n\x1A\n\x00\x00\x00\rIHD...')
#2 C:\wamp64\www\admin\system\Debug\Exceptions.php(517): clean_path('\x89PNG\r\n\x1A\n\x00\x00\x00\rIHD...')
#3 [internal function]: CodeIgniter\Debug\Exceptions::CodeIgniter\Debug\{closure}('\x89PNG\r\n\x1A\n\x00\x00\x00\rIHD...')
#4 C:\wamp64\www\admin\system\Debug\Exceptions.php(522): array_map(Object(Closure), Array)
#5 C:\wamp64\www\admin\system\Debug\Exceptions.php(115): CodeIgniter\Debug\Exceptions::renderBacktrace(Array)
#6 [internal function]: CodeIgniter\Debug\Exceptions->exceptionHandler(Object(ErrorException))
#7 {main}
  thrown
in SYSTEMPATH\Common.php on line 91.
 1 [internal function]: CodeIgniter\Debug\Exceptions->shutdownHandler()
CRITICAL - 2023-01-20 13:31:09 --> Uncaught ErrorException: realpath() expects parameter 1 to be a valid path, string given in C:\wamp64\www\admin\system\Common.php:91
Stack trace:
#0 [internal function]: CodeIgniter\Debug\Exceptions->errorHandler(2, 'realpath() expe...', 'C:\\wamp64\\www\\a...', 91, Array)
#1 C:\wamp64\www\admin\system\Common.php(91): realpath('\x89PNG\r\n\x1A\n\x00\x00\x00\rIHD...')
#2 C:\wamp64\www\admin\system\Debug\Exceptions.php(517): clean_path('\x89PNG\r\n\x1A\n\x00\x00\x00\rIHD...')
#3 [internal function]: CodeIgniter\Debug\Exceptions::CodeIgniter\Debug\{closure}('\x89PNG\r\n\x1A\n\x00\x00\x00\rIHD...')
#4 C:\wamp64\www\admin\system\Debug\Exceptions.php(522): array_map(Object(Closure), Array)
#5 C:\wamp64\www\admin\system\Debug\Exceptions.php(115): CodeIgniter\Debug\Exceptions::renderBacktrace(Array)
#6 [internal function]: CodeIgniter\Debug\Exceptions->exceptionHandler(Object(ErrorException))
#7 {main}
  thrown
in SYSTEMPATH\Common.php on line 91.
 1 [internal function]: CodeIgniter\Debug\Exceptions->shutdownHandler()
CRITICAL - 2023-01-20 13:31:17 --> Uncaught ErrorException: realpath() expects parameter 1 to be a valid path, string given in C:\wamp64\www\admin\system\Common.php:91
Stack trace:
#0 [internal function]: CodeIgniter\Debug\Exceptions->errorHandler(2, 'realpath() expe...', 'C:\\wamp64\\www\\a...', 91, Array)
#1 C:\wamp64\www\admin\system\Common.php(91): realpath('\x89PNG\r\n\x1A\n\x00\x00\x00\rIHD...')
#2 C:\wamp64\www\admin\system\Debug\Exceptions.php(517): clean_path('\x89PNG\r\n\x1A\n\x00\x00\x00\rIHD...')
#3 [internal function]: CodeIgniter\Debug\Exceptions::CodeIgniter\Debug\{closure}('\x89PNG\r\n\x1A\n\x00\x00\x00\rIHD...')
#4 C:\wamp64\www\admin\system\Debug\Exceptions.php(522): array_map(Object(Closure), Array)
#5 C:\wamp64\www\admin\system\Debug\Exceptions.php(115): CodeIgniter\Debug\Exceptions::renderBacktrace(Array)
#6 [internal function]: CodeIgniter\Debug\Exceptions->exceptionHandler(Object(ErrorException))
#7 {main}
  thrown
in SYSTEMPATH\Common.php on line 91.
 1 [internal function]: CodeIgniter\Debug\Exceptions->shutdownHandler()
CRITICAL - 2023-01-20 13:34:28 --> Uncaught ErrorException: realpath() expects parameter 1 to be a valid path, string given in C:\wamp64\www\admin\system\Common.php:91
Stack trace:
#0 [internal function]: CodeIgniter\Debug\Exceptions->errorHandler(2, 'realpath() expe...', 'C:\\wamp64\\www\\a...', 91, Array)
#1 C:\wamp64\www\admin\system\Common.php(91): realpath('\x89PNG\r\n\x1A\n\x00\x00\x00\rIHD...')
#2 C:\wamp64\www\admin\system\Debug\Exceptions.php(517): clean_path('\x89PNG\r\n\x1A\n\x00\x00\x00\rIHD...')
#3 [internal function]: CodeIgniter\Debug\Exceptions::CodeIgniter\Debug\{closure}('\x89PNG\r\n\x1A\n\x00\x00\x00\rIHD...')
#4 C:\wamp64\www\admin\system\Debug\Exceptions.php(522): array_map(Object(Closure), Array)
#5 C:\wamp64\www\admin\system\Debug\Exceptions.php(115): CodeIgniter\Debug\Exceptions::renderBacktrace(Array)
#6 [internal function]: CodeIgniter\Debug\Exceptions->exceptionHandler(Object(ErrorException))
#7 {main}
  thrown
in SYSTEMPATH\Common.php on line 91.
 1 [internal function]: CodeIgniter\Debug\Exceptions->shutdownHandler()
CRITICAL - 2023-01-20 13:34:54 --> Uncaught ErrorException: realpath() expects parameter 1 to be a valid path, string given in C:\wamp64\www\admin\system\Common.php:91
Stack trace:
#0 [internal function]: CodeIgniter\Debug\Exceptions->errorHandler(2, 'realpath() expe...', 'C:\\wamp64\\www\\a...', 91, Array)
#1 C:\wamp64\www\admin\system\Common.php(91): realpath('\x89PNG\r\n\x1A\n\x00\x00\x00\rIHD...')
#2 C:\wamp64\www\admin\system\Debug\Exceptions.php(517): clean_path('\x89PNG\r\n\x1A\n\x00\x00\x00\rIHD...')
#3 [internal function]: CodeIgniter\Debug\Exceptions::CodeIgniter\Debug\{closure}('\x89PNG\r\n\x1A\n\x00\x00\x00\rIHD...')
#4 C:\wamp64\www\admin\system\Debug\Exceptions.php(522): array_map(Object(Closure), Array)
#5 C:\wamp64\www\admin\system\Debug\Exceptions.php(115): CodeIgniter\Debug\Exceptions::renderBacktrace(Array)
#6 [internal function]: CodeIgniter\Debug\Exceptions->exceptionHandler(Object(ErrorException))
#7 {main}
  thrown
in SYSTEMPATH\Common.php on line 91.
 1 [internal function]: CodeIgniter\Debug\Exceptions->shutdownHandler()
CRITICAL - 2023-01-20 13:36:22 --> Uncaught ErrorException: realpath() expects parameter 1 to be a valid path, string given in C:\wamp64\www\admin\system\Common.php:91
Stack trace:
#0 [internal function]: CodeIgniter\Debug\Exceptions->errorHandler(2, 'realpath() expe...', 'C:\\wamp64\\www\\a...', 91, Array)
#1 C:\wamp64\www\admin\system\Common.php(91): realpath('\x89PNG\r\n\x1A\n\x00\x00\x00\rIHD...')
#2 C:\wamp64\www\admin\system\Debug\Exceptions.php(517): clean_path('\x89PNG\r\n\x1A\n\x00\x00\x00\rIHD...')
#3 [internal function]: CodeIgniter\Debug\Exceptions::CodeIgniter\Debug\{closure}('\x89PNG\r\n\x1A\n\x00\x00\x00\rIHD...')
#4 C:\wamp64\www\admin\system\Debug\Exceptions.php(522): array_map(Object(Closure), Array)
#5 C:\wamp64\www\admin\system\Debug\Exceptions.php(115): CodeIgniter\Debug\Exceptions::renderBacktrace(Array)
#6 [internal function]: CodeIgniter\Debug\Exceptions->exceptionHandler(Object(ErrorException))
#7 {main}
  thrown
in SYSTEMPATH\Common.php on line 91.
 1 [internal function]: CodeIgniter\Debug\Exceptions->shutdownHandler()
CRITICAL - 2023-01-20 13:36:52 --> Undefined offset: 1
in APPPATH\Controllers\Admin\Noticias.php on line 214.
 1 APPPATH\Controllers\Admin\Noticias.php(214): CodeIgniter\Debug\Exceptions->errorHandler(8, 'Undefined offset: 1', 'APPPATH\\Controllers\\Admin\\Noticias.php', 214, [...])
 2 SYSTEMPATH\CodeIgniter.php(925): App\Controllers\Admin\Noticias->upload()
 3 SYSTEMPATH\CodeIgniter.php(480): CodeIgniter\CodeIgniter->runController(Object(App\Controllers\Admin\Noticias))
 4 SYSTEMPATH\CodeIgniter.php(349): CodeIgniter\CodeIgniter->handleRequest(null, Object(Config\Cache), false)
 5 FCPATH\index.php(67): CodeIgniter\CodeIgniter->run()
 6 SYSTEMPATH\Commands\Server\rewrite.php(47): require_once('FCPATH\\index.php')
CRITICAL - 2023-01-20 13:38:08 --> Uncaught ErrorException: realpath() expects parameter 1 to be a valid path, string given in C:\wamp64\www\admin\system\Common.php:91
Stack trace:
#0 [internal function]: CodeIgniter\Debug\Exceptions->errorHandler(2, 'realpath() expe...', 'C:\\wamp64\\www\\a...', 91, Array)
#1 C:\wamp64\www\admin\system\Common.php(91): realpath('\x89PNG\r\n\x1A\n\x00\x00\x00\rIHD...')
#2 C:\wamp64\www\admin\system\Debug\Exceptions.php(517): clean_path('\x89PNG\r\n\x1A\n\x00\x00\x00\rIHD...')
#3 [internal function]: CodeIgniter\Debug\Exceptions::CodeIgniter\Debug\{closure}('\x89PNG\r\n\x1A\n\x00\x00\x00\rIHD...')
#4 C:\wamp64\www\admin\system\Debug\Exceptions.php(522): array_map(Object(Closure), Array)
#5 C:\wamp64\www\admin\system\Debug\Exceptions.php(115): CodeIgniter\Debug\Exceptions::renderBacktrace(Array)
#6 [internal function]: CodeIgniter\Debug\Exceptions->exceptionHandler(Object(ErrorException))
#7 {main}
  thrown
in SYSTEMPATH\Common.php on line 91.
 1 [internal function]: CodeIgniter\Debug\Exceptions->shutdownHandler()
CRITICAL - 2023-01-20 13:45:07 --> Uncaught ErrorException: realpath() expects parameter 1 to be a valid path, string given in C:\wamp64\www\admin\system\Common.php:91
Stack trace:
#0 [internal function]: CodeIgniter\Debug\Exceptions->errorHandler(2, 'realpath() expe...', 'C:\\wamp64\\www\\a...', 91, Array)
#1 C:\wamp64\www\admin\system\Common.php(91): realpath('\x89PNG\r\n\x1A\n\x00\x00\x00\rIHD...')
#2 C:\wamp64\www\admin\system\Debug\Exceptions.php(517): clean_path('\x89PNG\r\n\x1A\n\x00\x00\x00\rIHD...')
#3 [internal function]: CodeIgniter\Debug\Exceptions::CodeIgniter\Debug\{closure}('\x89PNG\r\n\x1A\n\x00\x00\x00\rIHD...')
#4 C:\wamp64\www\admin\system\Debug\Exceptions.php(522): array_map(Object(Closure), Array)
#5 C:\wamp64\www\admin\system\Debug\Exceptions.php(115): CodeIgniter\Debug\Exceptions::renderBacktrace(Array)
#6 [internal function]: CodeIgniter\Debug\Exceptions->exceptionHandler(Object(ErrorException))
#7 {main}
  thrown
in SYSTEMPATH\Common.php on line 91.
 1 [internal function]: CodeIgniter\Debug\Exceptions->shutdownHandler()
CRITICAL - 2023-01-20 13:45:45 --> Uncaught ErrorException: realpath() expects parameter 1 to be a valid path, string given in C:\wamp64\www\admin\system\Common.php:91
Stack trace:
#0 [internal function]: CodeIgniter\Debug\Exceptions->errorHandler(2, 'realpath() expe...', 'C:\\wamp64\\www\\a...', 91, Array)
#1 C:\wamp64\www\admin\system\Common.php(91): realpath('\x89PNG\r\n\x1A\n\x00\x00\x00\rIHD...')
#2 C:\wamp64\www\admin\system\Debug\Exceptions.php(517): clean_path('\x89PNG\r\n\x1A\n\x00\x00\x00\rIHD...')
#3 [internal function]: CodeIgniter\Debug\Exceptions::CodeIgniter\Debug\{closure}('\x89PNG\r\n\x1A\n\x00\x00\x00\rIHD...')
#4 C:\wamp64\www\admin\system\Debug\Exceptions.php(522): array_map(Object(Closure), Array)
#5 C:\wamp64\www\admin\system\Debug\Exceptions.php(115): CodeIgniter\Debug\Exceptions::renderBacktrace(Array)
#6 [internal function]: CodeIgniter\Debug\Exceptions->exceptionHandler(Object(ErrorException))
#7 {main}
  thrown
in SYSTEMPATH\Common.php on line 91.
 1 [internal function]: CodeIgniter\Debug\Exceptions->shutdownHandler()
CRITICAL - 2023-01-20 13:48:24 --> Class 'App\Controllers\Admin\Publisher' not found
in APPPATH\Controllers\Admin\Noticias.php on line 223.
 1 SYSTEMPATH\CodeIgniter.php(925): App\Controllers\Admin\Noticias->upload()
 2 SYSTEMPATH\CodeIgniter.php(480): CodeIgniter\CodeIgniter->runController(Object(App\Controllers\Admin\Noticias))
 3 SYSTEMPATH\CodeIgniter.php(349): CodeIgniter\CodeIgniter->handleRequest(null, Object(Config\Cache), false)
 4 FCPATH\index.php(67): CodeIgniter\CodeIgniter->run()
 5 SYSTEMPATH\Commands\Server\rewrite.php(47): require_once('FCPATH\\index.php')
CRITICAL - 2023-01-20 13:55:16 --> Uncaught ErrorException: realpath() expects parameter 1 to be a valid path, string given in C:\wamp64\www\admin\system\Common.php:91
Stack trace:
#0 [internal function]: CodeIgniter\Debug\Exceptions->errorHandler(2, 'realpath() expe...', 'C:\\wamp64\\www\\a...', 91, Array)
#1 C:\wamp64\www\admin\system\Common.php(91): realpath('\x89PNG\r\n\x1A\n\x00\x00\x00\rIHD...')
#2 C:\wamp64\www\admin\system\Debug\Exceptions.php(517): clean_path('\x89PNG\r\n\x1A\n\x00\x00\x00\rIHD...')
#3 [internal function]: CodeIgniter\Debug\Exceptions::CodeIgniter\Debug\{closure}('\x89PNG\r\n\x1A\n\x00\x00\x00\rIHD...')
#4 C:\wamp64\www\admin\system\Debug\Exceptions.php(522): array_map(Object(Closure), Array)
#5 C:\wamp64\www\admin\system\Debug\Exceptions.php(115): CodeIgniter\Debug\Exceptions::renderBacktrace(Array)
#6 [internal function]: CodeIgniter\Debug\Exceptions->exceptionHandler(Object(ErrorException))
#7 {main}
  thrown
in SYSTEMPATH\Common.php on line 91.
 1 [internal function]: CodeIgniter\Debug\Exceptions->shutdownHandler()
CRITICAL - 2023-01-20 13:56:55 --> Uncaught ErrorException: realpath() expects parameter 1 to be a valid path, string given in C:\wamp64\www\admin\system\Common.php:91
Stack trace:
#0 [internal function]: CodeIgniter\Debug\Exceptions->errorHandler(2, 'realpath() expe...', 'C:\\wamp64\\www\\a...', 91, Array)
#1 C:\wamp64\www\admin\system\Common.php(91): realpath('\x89PNG\r\n\x1A\n\x00\x00\x00\rIHD...')
#2 C:\wamp64\www\admin\system\Debug\Exceptions.php(517): clean_path('\x89PNG\r\n\x1A\n\x00\x00\x00\rIHD...')
#3 [internal function]: CodeIgniter\Debug\Exceptions::CodeIgniter\Debug\{closure}('\x89PNG\r\n\x1A\n\x00\x00\x00\rIHD...')
#4 C:\wamp64\www\admin\system\Debug\Exceptions.php(522): array_map(Object(Closure), Array)
#5 C:\wamp64\www\admin\system\Debug\Exceptions.php(115): CodeIgniter\Debug\Exceptions::renderBacktrace(Array)
#6 [internal function]: CodeIgniter\Debug\Exceptions->exceptionHandler(Object(ErrorException))
#7 {main}
  thrown
in SYSTEMPATH\Common.php on line 91.
 1 [internal function]: CodeIgniter\Debug\Exceptions->shutdownHandler()
CRITICAL - 2023-01-20 14:01:52 --> Uncaught ErrorException: realpath() expects parameter 1 to be a valid path, string given in C:\wamp64\www\admin\system\Common.php:91
Stack trace:
#0 [internal function]: CodeIgniter\Debug\Exceptions->errorHandler(2, 'realpath() expe...', 'C:\\wamp64\\www\\a...', 91, Array)
#1 C:\wamp64\www\admin\system\Common.php(91): realpath('\x89PNG\r\n\x1A\n\x00\x00\x00\rIHD...')
#2 C:\wamp64\www\admin\system\Debug\Exceptions.php(517): clean_path('\x89PNG\r\n\x1A\n\x00\x00\x00\rIHD...')
#3 [internal function]: CodeIgniter\Debug\Exceptions::CodeIgniter\Debug\{closure}('\x89PNG\r\n\x1A\n\x00\x00\x00\rIHD...')
#4 C:\wamp64\www\admin\system\Debug\Exceptions.php(522): array_map(Object(Closure), Array)
#5 C:\wamp64\www\admin\system\Debug\Exceptions.php(115): CodeIgniter\Debug\Exceptions::renderBacktrace(Array)
#6 [internal function]: CodeIgniter\Debug\Exceptions->exceptionHandler(Object(ErrorException))
#7 {main}
  thrown
in SYSTEMPATH\Common.php on line 91.
 1 [internal function]: CodeIgniter\Debug\Exceptions->shutdownHandler()
CRITICAL - 2023-01-20 14:09:28 --> Uncaught ErrorException: realpath() expects parameter 1 to be a valid path, string given in C:\wamp64\www\admin\system\Common.php:91
Stack trace:
#0 [internal function]: CodeIgniter\Debug\Exceptions->errorHandler(2, 'realpath() expe...', 'C:\\wamp64\\www\\a...', 91, Array)
#1 C:\wamp64\www\admin\system\Common.php(91): realpath('\x89PNG\r\n\x1A\n\x00\x00\x00\rIHD...')
#2 C:\wamp64\www\admin\system\Debug\Exceptions.php(517): clean_path('\x89PNG\r\n\x1A\n\x00\x00\x00\rIHD...')
#3 [internal function]: CodeIgniter\Debug\Exceptions::CodeIgniter\Debug\{closure}('\x89PNG\r\n\x1A\n\x00\x00\x00\rIHD...')
#4 C:\wamp64\www\admin\system\Debug\Exceptions.php(522): array_map(Object(Closure), Array)
#5 C:\wamp64\www\admin\system\Debug\Exceptions.php(115): CodeIgniter\Debug\Exceptions::renderBacktrace(Array)
#6 [internal function]: CodeIgniter\Debug\Exceptions->exceptionHandler(Object(ErrorException))
#7 {main}
  thrown
in SYSTEMPATH\Common.php on line 91.
 1 [internal function]: CodeIgniter\Debug\Exceptions->shutdownHandler()
CRITICAL - 2023-01-20 14:09:30 --> Uncaught ErrorException: realpath() expects parameter 1 to be a valid path, string given in C:\wamp64\www\admin\system\Common.php:91
Stack trace:
#0 [internal function]: CodeIgniter\Debug\Exceptions->errorHandler(2, 'realpath() expe...', 'C:\\wamp64\\www\\a...', 91, Array)
#1 C:\wamp64\www\admin\system\Common.php(91): realpath('\x89PNG\r\n\x1A\n\x00\x00\x00\rIHD...')
#2 C:\wamp64\www\admin\system\Debug\Exceptions.php(517): clean_path('\x89PNG\r\n\x1A\n\x00\x00\x00\rIHD...')
#3 [internal function]: CodeIgniter\Debug\Exceptions::CodeIgniter\Debug\{closure}('\x89PNG\r\n\x1A\n\x00\x00\x00\rIHD...')
#4 C:\wamp64\www\admin\system\Debug\Exceptions.php(522): array_map(Object(Closure), Array)
#5 C:\wamp64\www\admin\system\Debug\Exceptions.php(115): CodeIgniter\Debug\Exceptions::renderBacktrace(Array)
#6 [internal function]: CodeIgniter\Debug\Exceptions->exceptionHandler(Object(ErrorException))
#7 {main}
  thrown
in SYSTEMPATH\Common.php on line 91.
 1 [internal function]: CodeIgniter\Debug\Exceptions->shutdownHandler()
CRITICAL - 2023-01-20 14:12:44 --> Uncaught ErrorException: realpath() expects parameter 1 to be a valid path, string given in C:\wamp64\www\admin\system\Common.php:91
Stack trace:
#0 [internal function]: CodeIgniter\Debug\Exceptions->errorHandler(2, 'realpath() expe...', 'C:\\wamp64\\www\\a...', 91, Array)
#1 C:\wamp64\www\admin\system\Common.php(91): realpath('\x89PNG\r\n\x1A\n\x00\x00\x00\rIHD...')
#2 C:\wamp64\www\admin\system\Debug\Exceptions.php(517): clean_path('\x89PNG\r\n\x1A\n\x00\x00\x00\rIHD...')
#3 [internal function]: CodeIgniter\Debug\Exceptions::CodeIgniter\Debug\{closure}('\x89PNG\r\n\x1A\n\x00\x00\x00\rIHD...')
#4 C:\wamp64\www\admin\system\Debug\Exceptions.php(522): array_map(Object(Closure), Array)
#5 C:\wamp64\www\admin\system\Debug\Exceptions.php(115): CodeIgniter\Debug\Exceptions::renderBacktrace(Array)
#6 [internal function]: CodeIgniter\Debug\Exceptions->exceptionHandler(Object(ErrorException))
#7 {main}
  thrown
in SYSTEMPATH\Common.php on line 91.
 1 [internal function]: CodeIgniter\Debug\Exceptions->shutdownHandler()
CRITICAL - 2023-01-20 14:20:14 --> Class 'App\Controllers\Admin\FileCollection' not found
in APPPATH\Controllers\Admin\Noticias.php on line 225.
 1 SYSTEMPATH\CodeIgniter.php(925): App\Controllers\Admin\Noticias->upload()
 2 SYSTEMPATH\CodeIgniter.php(480): CodeIgniter\CodeIgniter->runController(Object(App\Controllers\Admin\Noticias))
 3 SYSTEMPATH\CodeIgniter.php(349): CodeIgniter\CodeIgniter->handleRequest(null, Object(Config\Cache), false)
 4 FCPATH\index.php(67): CodeIgniter\CodeIgniter->run()
 5 SYSTEMPATH\Commands\Server\rewrite.php(47): require_once('FCPATH\\index.php')
CRITICAL - 2023-01-20 14:21:22 --> Undefined variable: path
in APPPATH\Controllers\Admin\Noticias.php on line 15.
 1 APPPATH\Controllers\Admin\Noticias.php(15): CodeIgniter\Debug\Exceptions->errorHandler(8, 'Undefined variable: path', 'APPPATH\\Controllers\\Admin\\Noticias.php', 15, [])
 2 SYSTEMPATH\CodeIgniter.php(887): App\Controllers\Admin\Noticias->__construct()
 3 SYSTEMPATH\CodeIgniter.php(471): CodeIgniter\CodeIgniter->createController()
 4 SYSTEMPATH\CodeIgniter.php(349): CodeIgniter\CodeIgniter->handleRequest(null, Object(Config\Cache), false)
 5 FCPATH\index.php(67): CodeIgniter\CodeIgniter->run()
 6 SYSTEMPATH\Commands\Server\rewrite.php(47): require_once('FCPATH\\index.php')
CRITICAL - 2023-01-20 14:22:58 --> Uncaught ErrorException: realpath() expects parameter 1 to be a valid path, string given in C:\wamp64\www\admin\system\Common.php:91
Stack trace:
#0 [internal function]: CodeIgniter\Debug\Exceptions->errorHandler(2, 'realpath() expe...', 'C:\\wamp64\\www\\a...', 91, Array)
#1 C:\wamp64\www\admin\system\Common.php(91): realpath('\x89PNG\r\n\x1A\n\x00\x00\x00\rIHD...')
#2 C:\wamp64\www\admin\system\Debug\Exceptions.php(517): clean_path('\x89PNG\r\n\x1A\n\x00\x00\x00\rIHD...')
#3 [internal function]: CodeIgniter\Debug\Exceptions::CodeIgniter\Debug\{closure}('\x89PNG\r\n\x1A\n\x00\x00\x00\rIHD...')
#4 C:\wamp64\www\admin\system\Debug\Exceptions.php(522): array_map(Object(Closure), Array)
#5 C:\wamp64\www\admin\system\Debug\Exceptions.php(115): CodeIgniter\Debug\Exceptions::renderBacktrace(Array)
#6 [internal function]: CodeIgniter\Debug\Exceptions->exceptionHandler(Object(ErrorException))
#7 {main}
  thrown
in SYSTEMPATH\Common.php on line 91.
 1 [internal function]: CodeIgniter\Debug\Exceptions->shutdownHandler()
CRITICAL - 2023-01-20 14:25:43 --> Uncaught ErrorException: realpath() expects parameter 1 to be a valid path, string given in C:\wamp64\www\admin\system\Common.php:91
Stack trace:
#0 [internal function]: CodeIgniter\Debug\Exceptions->errorHandler(2, 'realpath() expe...', 'C:\\wamp64\\www\\a...', 91, Array)
#1 C:\wamp64\www\admin\system\Common.php(91): realpath('\x89PNG\r\n\x1A\n\x00\x00\x00\rIHD...')
#2 C:\wamp64\www\admin\system\Debug\Exceptions.php(517): clean_path('\x89PNG\r\n\x1A\n\x00\x00\x00\rIHD...')
#3 [internal function]: CodeIgniter\Debug\Exceptions::CodeIgniter\Debug\{closure}('\x89PNG\r\n\x1A\n\x00\x00\x00\rIHD...')
#4 C:\wamp64\www\admin\system\Debug\Exceptions.php(522): array_map(Object(Closure), Array)
#5 C:\wamp64\www\admin\system\Debug\Exceptions.php(115): CodeIgniter\Debug\Exceptions::renderBacktrace(Array)
#6 [internal function]: CodeIgniter\Debug\Exceptions->exceptionHandler(Object(ErrorException))
#7 {main}
  thrown
in SYSTEMPATH\Common.php on line 91.
 1 [internal function]: CodeIgniter\Debug\Exceptions->shutdownHandler()
CRITICAL - 2023-01-20 14:27:49 --> Uncaught ErrorException: realpath() expects parameter 1 to be a valid path, string given in C:\wamp64\www\admin\system\Common.php:91
Stack trace:
#0 [internal function]: CodeIgniter\Debug\Exceptions->errorHandler(2, 'realpath() expe...', 'C:\\wamp64\\www\\a...', 91, Array)
#1 C:\wamp64\www\admin\system\Common.php(91): realpath('\x89PNG\r\n\x1A\n\x00\x00\x00\rIHD...')
#2 C:\wamp64\www\admin\system\Debug\Exceptions.php(517): clean_path('\x89PNG\r\n\x1A\n\x00\x00\x00\rIHD...')
#3 [internal function]: CodeIgniter\Debug\Exceptions::CodeIgniter\Debug\{closure}('\x89PNG\r\n\x1A\n\x00\x00\x00\rIHD...')
#4 C:\wamp64\www\admin\system\Debug\Exceptions.php(522): array_map(Object(Closure), Array)
#5 C:\wamp64\www\admin\system\Debug\Exceptions.php(115): CodeIgniter\Debug\Exceptions::renderBacktrace(Array)
#6 [internal function]: CodeIgniter\Debug\Exceptions->exceptionHandler(Object(ErrorException))
#7 {main}
  thrown
in SYSTEMPATH\Common.php on line 91.
 1 [internal function]: CodeIgniter\Debug\Exceptions->shutdownHandler()
CRITICAL - 2023-01-20 14:34:06 --> Uncaught ErrorException: realpath() expects parameter 1 to be a valid path, string given in C:\wamp64\www\admin\system\Common.php:91
Stack trace:
#0 [internal function]: CodeIgniter\Debug\Exceptions->errorHandler(2, 'realpath() expe...', 'C:\\wamp64\\www\\a...', 91, Array)
#1 C:\wamp64\www\admin\system\Common.php(91): realpath('\x89PNG\r\n\x1A\n\x00\x00\x00\rIHD...')
#2 C:\wamp64\www\admin\system\Debug\Exceptions.php(517): clean_path('\x89PNG\r\n\x1A\n\x00\x00\x00\rIHD...')
#3 [internal function]: CodeIgniter\Debug\Exceptions::CodeIgniter\Debug\{closure}('\x89PNG\r\n\x1A\n\x00\x00\x00\rIHD...')
#4 C:\wamp64\www\admin\system\Debug\Exceptions.php(522): array_map(Object(Closure), Array)
#5 C:\wamp64\www\admin\system\Debug\Exceptions.php(115): CodeIgniter\Debug\Exceptions::renderBacktrace(Array)
#6 [internal function]: CodeIgniter\Debug\Exceptions->exceptionHandler(Object(ErrorException))
#7 {main}
  thrown
in SYSTEMPATH\Common.php on line 91.
 1 [internal function]: CodeIgniter\Debug\Exceptions->shutdownHandler()
CRITICAL - 2023-01-20 14:35:35 --> Uncaught ErrorException: realpath() expects parameter 1 to be a valid path, string given in C:\wamp64\www\admin\system\Common.php:91
Stack trace:
#0 [internal function]: CodeIgniter\Debug\Exceptions->errorHandler(2, 'realpath() expe...', 'C:\\wamp64\\www\\a...', 91, Array)
#1 C:\wamp64\www\admin\system\Common.php(91): realpath('\x89PNG\r\n\x1A\n\x00\x00\x00\rIHD...')
#2 C:\wamp64\www\admin\system\Debug\Exceptions.php(517): clean_path('\x89PNG\r\n\x1A\n\x00\x00\x00\rIHD...')
#3 [internal function]: CodeIgniter\Debug\Exceptions::CodeIgniter\Debug\{closure}('\x89PNG\r\n\x1A\n\x00\x00\x00\rIHD...')
#4 C:\wamp64\www\admin\system\Debug\Exceptions.php(522): array_map(Object(Closure), Array)
#5 C:\wamp64\www\admin\system\Debug\Exceptions.php(115): CodeIgniter\Debug\Exceptions::renderBacktrace(Array)
#6 [internal function]: CodeIgniter\Debug\Exceptions->exceptionHandler(Object(ErrorException))
#7 {main}
  thrown
in SYSTEMPATH\Common.php on line 91.
 1 [internal function]: CodeIgniter\Debug\Exceptions->shutdownHandler()
CRITICAL - 2023-01-20 14:53:07 --> Uncaught ErrorException: realpath() expects parameter 1 to be a valid path, string given in C:\wamp64\www\admin\system\Common.php:91
Stack trace:
#0 [internal function]: CodeIgniter\Debug\Exceptions->errorHandler(2, 'realpath() expe...', 'C:\\wamp64\\www\\a...', 91, Array)
#1 C:\wamp64\www\admin\system\Common.php(91): realpath('\x89PNG\r\n\x1A\n\x00\x00\x00\rIHD...')
#2 C:\wamp64\www\admin\system\Debug\Exceptions.php(517): clean_path('\x89PNG\r\n\x1A\n\x00\x00\x00\rIHD...')
#3 [internal function]: CodeIgniter\Debug\Exceptions::CodeIgniter\Debug\{closure}('\x89PNG\r\n\x1A\n\x00\x00\x00\rIHD...')
#4 C:\wamp64\www\admin\system\Debug\Exceptions.php(522): array_map(Object(Closure), Array)
#5 C:\wamp64\www\admin\system\Debug\Exceptions.php(115): CodeIgniter\Debug\Exceptions::renderBacktrace(Array)
#6 [internal function]: CodeIgniter\Debug\Exceptions->exceptionHandler(Object(ErrorException))
#7 {main}
  thrown
in SYSTEMPATH\Common.php on line 91.
 1 [internal function]: CodeIgniter\Debug\Exceptions->shutdownHandler()
CRITICAL - 2023-01-20 14:53:09 --> Uncaught ErrorException: realpath() expects parameter 1 to be a valid path, string given in C:\wamp64\www\admin\system\Common.php:91
Stack trace:
#0 [internal function]: CodeIgniter\Debug\Exceptions->errorHandler(2, 'realpath() expe...', 'C:\\wamp64\\www\\a...', 91, Array)
#1 C:\wamp64\www\admin\system\Common.php(91): realpath('\x89PNG\r\n\x1A\n\x00\x00\x00\rIHD...')
#2 C:\wamp64\www\admin\system\Debug\Exceptions.php(517): clean_path('\x89PNG\r\n\x1A\n\x00\x00\x00\rIHD...')
#3 [internal function]: CodeIgniter\Debug\Exceptions::CodeIgniter\Debug\{closure}('\x89PNG\r\n\x1A\n\x00\x00\x00\rIHD...')
#4 C:\wamp64\www\admin\system\Debug\Exceptions.php(522): array_map(Object(Closure), Array)
#5 C:\wamp64\www\admin\system\Debug\Exceptions.php(115): CodeIgniter\Debug\Exceptions::renderBacktrace(Array)
#6 [internal function]: CodeIgniter\Debug\Exceptions->exceptionHandler(Object(ErrorException))
#7 {main}
  thrown
in SYSTEMPATH\Common.php on line 91.
 1 [internal function]: CodeIgniter\Debug\Exceptions->shutdownHandler()
CRITICAL - 2023-01-20 14:53:51 --> Uncaught ErrorException: realpath() expects parameter 1 to be a valid path, string given in C:\wamp64\www\admin\system\Common.php:91
Stack trace:
#0 [internal function]: CodeIgniter\Debug\Exceptions->errorHandler(2, 'realpath() expe...', 'C:\\wamp64\\www\\a...', 91, Array)
#1 C:\wamp64\www\admin\system\Common.php(91): realpath('\x89PNG\r\n\x1A\n\x00\x00\x00\rIHD...')
#2 C:\wamp64\www\admin\system\Debug\Exceptions.php(517): clean_path('\x89PNG\r\n\x1A\n\x00\x00\x00\rIHD...')
#3 [internal function]: CodeIgniter\Debug\Exceptions::CodeIgniter\Debug\{closure}('\x89PNG\r\n\x1A\n\x00\x00\x00\rIHD...')
#4 C:\wamp64\www\admin\system\Debug\Exceptions.php(522): array_map(Object(Closure), Array)
#5 C:\wamp64\www\admin\system\Debug\Exceptions.php(115): CodeIgniter\Debug\Exceptions::renderBacktrace(Array)
#6 [internal function]: CodeIgniter\Debug\Exceptions->exceptionHandler(Object(ErrorException))
#7 {main}
  thrown
in SYSTEMPATH\Common.php on line 91.
 1 [internal function]: CodeIgniter\Debug\Exceptions->shutdownHandler()
CRITICAL - 2023-01-20 14:55:01 --> Uncaught ErrorException: realpath() expects parameter 1 to be a valid path, string given in C:\wamp64\www\admin\system\Common.php:91
Stack trace:
#0 [internal function]: CodeIgniter\Debug\Exceptions->errorHandler(2, 'realpath() expe...', 'C:\\wamp64\\www\\a...', 91, Array)
#1 C:\wamp64\www\admin\system\Common.php(91): realpath('\x89PNG\r\n\x1A\n\x00\x00\x00\rIHD...')
#2 C:\wamp64\www\admin\system\Debug\Exceptions.php(517): clean_path('\x89PNG\r\n\x1A\n\x00\x00\x00\rIHD...')
#3 [internal function]: CodeIgniter\Debug\Exceptions::CodeIgniter\Debug\{closure}('\x89PNG\r\n\x1A\n\x00\x00\x00\rIHD...')
#4 C:\wamp64\www\admin\system\Debug\Exceptions.php(522): array_map(Object(Closure), Array)
#5 C:\wamp64\www\admin\system\Debug\Exceptions.php(115): CodeIgniter\Debug\Exceptions::renderBacktrace(Array)
#6 [internal function]: CodeIgniter\Debug\Exceptions->exceptionHandler(Object(ErrorException))
#7 {main}
  thrown
in SYSTEMPATH\Common.php on line 91.
 1 [internal function]: CodeIgniter\Debug\Exceptions->shutdownHandler()
CRITICAL - 2023-01-20 15:09:01 --> file_put_contents(http://local.admin/assets/dist/img/img2.png): failed to open stream: HTTP wrapper does not support writeable connections
in APPPATH\Controllers\Admin\Noticias.php on line 233.
 1 [internal function]: CodeIgniter\Debug\Exceptions->errorHandler(2, 'file_put_contents(http://local.admin/assets/dist/img/img2.png): failed to open stream: HTTP wrapper does not support writeable connections', 'APPPATH\\Controllers\\Admin\\Noticias.php', 233, [...])
 2 APPPATH\Controllers\Admin\Noticias.php(233): file_put_contents('http://local.admin/assets/dist/img/img2.png', 'http://local.admin/assets/dist/img/img.png')
 3 SYSTEMPATH\CodeIgniter.php(925): App\Controllers\Admin\Noticias->upload()
 4 SYSTEMPATH\CodeIgniter.php(480): CodeIgniter\CodeIgniter->runController(Object(App\Controllers\Admin\Noticias))
 5 SYSTEMPATH\CodeIgniter.php(349): CodeIgniter\CodeIgniter->handleRequest(null, Object(Config\Cache), false)
 6 FCPATH\index.php(67): CodeIgniter\CodeIgniter->run()
CRITICAL - 2023-01-20 15:09:01 --> Uncaught CodeIgniter\Format\Exceptions\FormatException: Falha ao analisar a string json, erro: "Malformed UTF-8 characters, possibly incorrectly encoded". in C:\wamp64\www\admin\system\Format\JSONFormatter.php:41
Stack trace:
#0 C:\wamp64\www\admin\system\Format\JSONFormatter.php(41): CodeIgniter\Format\Exceptions\FormatException::forInvalidJSON('Malformed UTF-8...')
#1 C:\wamp64\www\admin\system\API\ResponseTrait.php(348): CodeIgniter\Format\JSONFormatter->format(Array)
#2 C:\wamp64\www\admin\system\API\ResponseTrait.php(99): CodeIgniter\Debug\Exceptions->format(Array)
#3 C:\wamp64\www\admin\system\Debug\Exceptions.php(133): CodeIgniter\Debug\Exceptions->respond(Array, 500)
#4 [internal function]: CodeIgniter\Debug\Exceptions->exceptionHandler(Object(ErrorException))
#5 {main}
  thrown
in SYSTEMPATH\Format\JSONFormatter.php on line 41.
 1 [internal function]: CodeIgniter\Debug\Exceptions->shutdownHandler()
CRITICAL - 2023-01-20 15:39:35 --> file_put_contents(http://local.admin/assets/dist/img/img2.png): failed to open stream: HTTP wrapper does not support writeable connections
in APPPATH\Controllers\Admin\Noticias.php on line 233.
 1 [internal function]: CodeIgniter\Debug\Exceptions->errorHandler(2, 'file_put_contents(http://local.admin/assets/dist/img/img2.png): failed to open stream: HTTP wrapper does not support writeable connections', 'APPPATH\\Controllers\\Admin\\Noticias.php', 233, [...])
 2 APPPATH\Controllers\Admin\Noticias.php(233): file_put_contents('http://local.admin/assets/dist/img/img2.png', 'http://local.admin/assets/dist/img/img.png')
 3 SYSTEMPATH\CodeIgniter.php(925): App\Controllers\Admin\Noticias->upload()
 4 SYSTEMPATH\CodeIgniter.php(480): CodeIgniter\CodeIgniter->runController(Object(App\Controllers\Admin\Noticias))
 5 SYSTEMPATH\CodeIgniter.php(349): CodeIgniter\CodeIgniter->handleRequest(null, Object(Config\Cache), false)
 6 FCPATH\index.php(67): CodeIgniter\CodeIgniter->run()
CRITICAL - 2023-01-20 15:39:35 --> Uncaught CodeIgniter\Format\Exceptions\FormatException: Falha ao analisar a string json, erro: "Malformed UTF-8 characters, possibly incorrectly encoded". in C:\wamp64\www\admin\system\Format\JSONFormatter.php:41
Stack trace:
#0 C:\wamp64\www\admin\system\Format\JSONFormatter.php(41): CodeIgniter\Format\Exceptions\FormatException::forInvalidJSON('Malformed UTF-8...')
#1 C:\wamp64\www\admin\system\API\ResponseTrait.php(348): CodeIgniter\Format\JSONFormatter->format(Array)
#2 C:\wamp64\www\admin\system\API\ResponseTrait.php(99): CodeIgniter\Debug\Exceptions->format(Array)
#3 C:\wamp64\www\admin\system\Debug\Exceptions.php(133): CodeIgniter\Debug\Exceptions->respond(Array, 500)
#4 [internal function]: CodeIgniter\Debug\Exceptions->exceptionHandler(Object(ErrorException))
#5 {main}
  thrown
in SYSTEMPATH\Format\JSONFormatter.php on line 41.
 1 [internal function]: CodeIgniter\Debug\Exceptions->shutdownHandler()
CRITICAL - 2023-01-20 15:50:52 --> Uncaught ErrorException: realpath() expects parameter 1 to be a valid path, string given in C:\wamp64\www\admin\system\Common.php:91
Stack trace:
#0 [internal function]: CodeIgniter\Debug\Exceptions->errorHandler(2, 'realpath() expe...', 'C:\\wamp64\\www\\a...', 91, Array)
#1 C:\wamp64\www\admin\system\Common.php(91): realpath('\x89PNG\r\n\x1A\n\x00\x00\x00\rIHD...')
#2 C:\wamp64\www\admin\system\Debug\Exceptions.php(517): clean_path('\x89PNG\r\n\x1A\n\x00\x00\x00\rIHD...')
#3 [internal function]: CodeIgniter\Debug\Exceptions::CodeIgniter\Debug\{closure}('\x89PNG\r\n\x1A\n\x00\x00\x00\rIHD...')
#4 C:\wamp64\www\admin\system\Debug\Exceptions.php(522): array_map(Object(Closure), Array)
#5 C:\wamp64\www\admin\system\Debug\Exceptions.php(115): CodeIgniter\Debug\Exceptions::renderBacktrace(Array)
#6 [internal function]: CodeIgniter\Debug\Exceptions->exceptionHandler(Object(ErrorException))
#7 {main}
  thrown
in SYSTEMPATH\Common.php on line 91.
 1 [internal function]: CodeIgniter\Debug\Exceptions->shutdownHandler()
CRITICAL - 2023-01-20 15:50:58 --> Uncaught ErrorException: realpath() expects parameter 1 to be a valid path, string given in C:\wamp64\www\admin\system\Common.php:91
Stack trace:
#0 [internal function]: CodeIgniter\Debug\Exceptions->errorHandler(2, 'realpath() expe...', 'C:\\wamp64\\www\\a...', 91, Array)
#1 C:\wamp64\www\admin\system\Common.php(91): realpath('\x89PNG\r\n\x1A\n\x00\x00\x00\rIHD...')
#2 C:\wamp64\www\admin\system\Debug\Exceptions.php(517): clean_path('\x89PNG\r\n\x1A\n\x00\x00\x00\rIHD...')
#3 [internal function]: CodeIgniter\Debug\Exceptions::CodeIgniter\Debug\{closure}('\x89PNG\r\n\x1A\n\x00\x00\x00\rIHD...')
#4 C:\wamp64\www\admin\system\Debug\Exceptions.php(522): array_map(Object(Closure), Array)
#5 C:\wamp64\www\admin\system\Debug\Exceptions.php(115): CodeIgniter\Debug\Exceptions::renderBacktrace(Array)
#6 [internal function]: CodeIgniter\Debug\Exceptions->exceptionHandler(Object(ErrorException))
#7 {main}
  thrown
in SYSTEMPATH\Common.php on line 91.
 1 [internal function]: CodeIgniter\Debug\Exceptions->shutdownHandler()
CRITICAL - 2023-01-20 15:51:10 --> Uncaught ErrorException: realpath() expects parameter 1 to be a valid path, string given in C:\wamp64\www\admin\system\Common.php:91
Stack trace:
#0 [internal function]: CodeIgniter\Debug\Exceptions->errorHandler(2, 'realpath() expe...', 'C:\\wamp64\\www\\a...', 91, Array)
#1 C:\wamp64\www\admin\system\Common.php(91): realpath('\x89PNG\r\n\x1A\n\x00\x00\x00\rIHD...')
#2 C:\wamp64\www\admin\system\Debug\Exceptions.php(517): clean_path('\x89PNG\r\n\x1A\n\x00\x00\x00\rIHD...')
#3 [internal function]: CodeIgniter\Debug\Exceptions::CodeIgniter\Debug\{closure}('\x89PNG\r\n\x1A\n\x00\x00\x00\rIHD...')
#4 C:\wamp64\www\admin\system\Debug\Exceptions.php(522): array_map(Object(Closure), Array)
#5 C:\wamp64\www\admin\system\Debug\Exceptions.php(115): CodeIgniter\Debug\Exceptions::renderBacktrace(Array)
#6 [internal function]: CodeIgniter\Debug\Exceptions->exceptionHandler(Object(ErrorException))
#7 {main}
  thrown
in SYSTEMPATH\Common.php on line 91.
 1 [internal function]: CodeIgniter\Debug\Exceptions->shutdownHandler()
CRITICAL - 2023-01-20 16:09:07 --> Uncaught ErrorException: realpath() expects parameter 1 to be a valid path, string given in C:\wamp64\www\admin\system\Common.php:91
Stack trace:
#0 [internal function]: CodeIgniter\Debug\Exceptions->errorHandler(2, 'realpath() expe...', 'C:\\wamp64\\www\\a...', 91, Array)
#1 C:\wamp64\www\admin\system\Common.php(91): realpath('\x89PNG\r\n\x1A\n\x00\x00\x00\rIHD...')
#2 C:\wamp64\www\admin\system\Debug\Exceptions.php(517): clean_path('\x89PNG\r\n\x1A\n\x00\x00\x00\rIHD...')
#3 [internal function]: CodeIgniter\Debug\Exceptions::CodeIgniter\Debug\{closure}('\x89PNG\r\n\x1A\n\x00\x00\x00\rIHD...')
#4 C:\wamp64\www\admin\system\Debug\Exceptions.php(522): array_map(Object(Closure), Array)
#5 C:\wamp64\www\admin\system\Debug\Exceptions.php(115): CodeIgniter\Debug\Exceptions::renderBacktrace(Array)
#6 [internal function]: CodeIgniter\Debug\Exceptions->exceptionHandler(Object(ErrorException))
#7 {main}
  thrown
in SYSTEMPATH\Common.php on line 91.
 1 [internal function]: CodeIgniter\Debug\Exceptions->shutdownHandler()
CRITICAL - 2023-01-20 16:09:51 --> Uncaught ErrorException: realpath() expects parameter 1 to be a valid path, string given in C:\wamp64\www\admin\system\Common.php:91
Stack trace:
#0 [internal function]: CodeIgniter\Debug\Exceptions->errorHandler(2, 'realpath() expe...', 'C:\\wamp64\\www\\a...', 91, Array)
#1 C:\wamp64\www\admin\system\Common.php(91): realpath('\x89PNG\r\n\x1A\n\x00\x00\x00\rIHD...')
#2 C:\wamp64\www\admin\system\Debug\Exceptions.php(517): clean_path('\x89PNG\r\n\x1A\n\x00\x00\x00\rIHD...')
#3 [internal function]: CodeIgniter\Debug\Exceptions::CodeIgniter\Debug\{closure}('\x89PNG\r\n\x1A\n\x00\x00\x00\rIHD...')
#4 C:\wamp64\www\admin\system\Debug\Exceptions.php(522): array_map(Object(Closure), Array)
#5 C:\wamp64\www\admin\system\Debug\Exceptions.php(115): CodeIgniter\Debug\Exceptions::renderBacktrace(Array)
#6 [internal function]: CodeIgniter\Debug\Exceptions->exceptionHandler(Object(ErrorException))
#7 {main}
  thrown
in SYSTEMPATH\Common.php on line 91.
 1 [internal function]: CodeIgniter\Debug\Exceptions->shutdownHandler()
CRITICAL - 2023-01-20 16:10:09 --> Uncaught ErrorException: realpath() expects parameter 1 to be a valid path, string given in C:\wamp64\www\admin\system\Common.php:91
Stack trace:
#0 [internal function]: CodeIgniter\Debug\Exceptions->errorHandler(2, 'realpath() expe...', 'C:\\wamp64\\www\\a...', 91, Array)
#1 C:\wamp64\www\admin\system\Common.php(91): realpath('\x89PNG\r\n\x1A\n\x00\x00\x00\rIHD...')
#2 C:\wamp64\www\admin\system\Debug\Exceptions.php(517): clean_path('\x89PNG\r\n\x1A\n\x00\x00\x00\rIHD...')
#3 [internal function]: CodeIgniter\Debug\Exceptions::CodeIgniter\Debug\{closure}('\x89PNG\r\n\x1A\n\x00\x00\x00\rIHD...')
#4 C:\wamp64\www\admin\system\Debug\Exceptions.php(522): array_map(Object(Closure), Array)
#5 C:\wamp64\www\admin\system\Debug\Exceptions.php(115): CodeIgniter\Debug\Exceptions::renderBacktrace(Array)
#6 [internal function]: CodeIgniter\Debug\Exceptions->exceptionHandler(Object(ErrorException))
#7 {main}
  thrown
in SYSTEMPATH\Common.php on line 91.
 1 [internal function]: CodeIgniter\Debug\Exceptions->shutdownHandler()
CRITICAL - 2023-01-20 16:11:27 --> Uncaught ErrorException: realpath() expects parameter 1 to be a valid path, string given in C:\wamp64\www\admin\system\Common.php:91
Stack trace:
#0 [internal function]: CodeIgniter\Debug\Exceptions->errorHandler(2, 'realpath() expe...', 'C:\\wamp64\\www\\a...', 91, Array)
#1 C:\wamp64\www\admin\system\Common.php(91): realpath('\x89PNG\r\n\x1A\n\x00\x00\x00\rIHD...')
#2 C:\wamp64\www\admin\system\Debug\Exceptions.php(517): clean_path('\x89PNG\r\n\x1A\n\x00\x00\x00\rIHD...')
#3 [internal function]: CodeIgniter\Debug\Exceptions::CodeIgniter\Debug\{closure}('\x89PNG\r\n\x1A\n\x00\x00\x00\rIHD...')
#4 C:\wamp64\www\admin\system\Debug\Exceptions.php(522): array_map(Object(Closure), Array)
#5 C:\wamp64\www\admin\system\Debug\Exceptions.php(115): CodeIgniter\Debug\Exceptions::renderBacktrace(Array)
#6 [internal function]: CodeIgniter\Debug\Exceptions->exceptionHandler(Object(ErrorException))
#7 {main}
  thrown
in SYSTEMPATH\Common.php on line 91.
 1 [internal function]: CodeIgniter\Debug\Exceptions->shutdownHandler()
CRITICAL - 2023-01-20 16:12:13 --> Uncaught ErrorException: realpath() expects parameter 1 to be a valid path, string given in C:\wamp64\www\admin\system\Common.php:91
Stack trace:
#0 [internal function]: CodeIgniter\Debug\Exceptions->errorHandler(2, 'realpath() expe...', 'C:\\wamp64\\www\\a...', 91, Array)
#1 C:\wamp64\www\admin\system\Common.php(91): realpath('\x89PNG\r\n\x1A\n\x00\x00\x00\rIHD...')
#2 C:\wamp64\www\admin\system\Debug\Exceptions.php(517): clean_path('\x89PNG\r\n\x1A\n\x00\x00\x00\rIHD...')
#3 [internal function]: CodeIgniter\Debug\Exceptions::CodeIgniter\Debug\{closure}('\x89PNG\r\n\x1A\n\x00\x00\x00\rIHD...')
#4 C:\wamp64\www\admin\system\Debug\Exceptions.php(522): array_map(Object(Closure), Array)
#5 C:\wamp64\www\admin\system\Debug\Exceptions.php(115): CodeIgniter\Debug\Exceptions::renderBacktrace(Array)
#6 [internal function]: CodeIgniter\Debug\Exceptions->exceptionHandler(Object(ErrorException))
#7 {main}
  thrown
in SYSTEMPATH\Common.php on line 91.
 1 [internal function]: CodeIgniter\Debug\Exceptions->shutdownHandler()
CRITICAL - 2023-01-20 16:13:32 --> Uncaught ErrorException: realpath() expects parameter 1 to be a valid path, string given in C:\wamp64\www\admin\system\Common.php:91
Stack trace:
#0 [internal function]: CodeIgniter\Debug\Exceptions->errorHandler(2, 'realpath() expe...', 'C:\\wamp64\\www\\a...', 91, Array)
#1 C:\wamp64\www\admin\system\Common.php(91): realpath('\x89PNG\r\n\x1A\n\x00\x00\x00\rIHD...')
#2 C:\wamp64\www\admin\system\Debug\Exceptions.php(517): clean_path('\x89PNG\r\n\x1A\n\x00\x00\x00\rIHD...')
#3 [internal function]: CodeIgniter\Debug\Exceptions::CodeIgniter\Debug\{closure}('\x89PNG\r\n\x1A\n\x00\x00\x00\rIHD...')
#4 C:\wamp64\www\admin\system\Debug\Exceptions.php(522): array_map(Object(Closure), Array)
#5 C:\wamp64\www\admin\system\Debug\Exceptions.php(115): CodeIgniter\Debug\Exceptions::renderBacktrace(Array)
#6 [internal function]: CodeIgniter\Debug\Exceptions->exceptionHandler(Object(ErrorException))
#7 {main}
  thrown
in SYSTEMPATH\Common.php on line 91.
 1 [internal function]: CodeIgniter\Debug\Exceptions->shutdownHandler()
CRITICAL - 2023-01-20 16:20:00 --> Too few arguments to function App\Controllers\Admin\Noticias::upload(), 0 passed in C:\wamp64\www\admin\system\CodeIgniter.php on line 925 and exactly 1 expected
in APPPATH\Controllers\Admin\Noticias.php on line 209.
 1 SYSTEMPATH\CodeIgniter.php(925): App\Controllers\Admin\Noticias->upload()
 2 SYSTEMPATH\CodeIgniter.php(480): CodeIgniter\CodeIgniter->runController(Object(App\Controllers\Admin\Noticias))
 3 SYSTEMPATH\CodeIgniter.php(349): CodeIgniter\CodeIgniter->handleRequest(null, Object(Config\Cache), false)
 4 FCPATH\index.php(67): CodeIgniter\CodeIgniter->run()
CRITICAL - 2023-01-20 16:20:05 --> Too few arguments to function App\Controllers\Admin\Noticias::upload(), 0 passed in C:\wamp64\www\admin\system\CodeIgniter.php on line 925 and exactly 1 expected
in APPPATH\Controllers\Admin\Noticias.php on line 209.
 1 SYSTEMPATH\CodeIgniter.php(925): App\Controllers\Admin\Noticias->upload()
 2 SYSTEMPATH\CodeIgniter.php(480): CodeIgniter\CodeIgniter->runController(Object(App\Controllers\Admin\Noticias))
 3 SYSTEMPATH\CodeIgniter.php(349): CodeIgniter\CodeIgniter->handleRequest(null, Object(Config\Cache), false)
 4 FCPATH\index.php(67): CodeIgniter\CodeIgniter->run()
CRITICAL - 2023-01-20 16:20:47 --> Too few arguments to function App\Controllers\Admin\Noticias::upload(), 0 passed in C:\wamp64\www\admin\system\CodeIgniter.php on line 925 and exactly 1 expected
in APPPATH\Controllers\Admin\Noticias.php on line 209.
 1 SYSTEMPATH\CodeIgniter.php(925): App\Controllers\Admin\Noticias->upload()
 2 SYSTEMPATH\CodeIgniter.php(480): CodeIgniter\CodeIgniter->runController(Object(App\Controllers\Admin\Noticias))
 3 SYSTEMPATH\CodeIgniter.php(349): CodeIgniter\CodeIgniter->handleRequest(null, Object(Config\Cache), false)
 4 FCPATH\index.php(67): CodeIgniter\CodeIgniter->run()
CRITICAL - 2023-01-20 16:23:48 --> Too few arguments to function App\Controllers\Admin\Noticias::upload(), 0 passed in C:\wamp64\www\admin\system\CodeIgniter.php on line 925 and exactly 1 expected
in APPPATH\Controllers\Admin\Noticias.php on line 209.
 1 SYSTEMPATH\CodeIgniter.php(925): App\Controllers\Admin\Noticias->upload()
 2 SYSTEMPATH\CodeIgniter.php(480): CodeIgniter\CodeIgniter->runController(Object(App\Controllers\Admin\Noticias))
 3 SYSTEMPATH\CodeIgniter.php(349): CodeIgniter\CodeIgniter->handleRequest(null, Object(Config\Cache), false)
 4 FCPATH\index.php(67): CodeIgniter\CodeIgniter->run()
CRITICAL - 2023-01-20 16:34:49 --> Too few arguments to function App\Controllers\Admin\Noticias::upload(), 0 passed in C:\wamp64\www\admin\system\CodeIgniter.php on line 925 and exactly 1 expected
in APPPATH\Controllers\Admin\Noticias.php on line 209.
 1 SYSTEMPATH\CodeIgniter.php(925): App\Controllers\Admin\Noticias->upload()
 2 SYSTEMPATH\CodeIgniter.php(480): CodeIgniter\CodeIgniter->runController(Object(App\Controllers\Admin\Noticias))
 3 SYSTEMPATH\CodeIgniter.php(349): CodeIgniter\CodeIgniter->handleRequest(null, Object(Config\Cache), false)
 4 FCPATH\index.php(67): CodeIgniter\CodeIgniter->run()
CRITICAL - 2023-01-20 16:58:32 --> Too few arguments to function App\Controllers\Admin\Noticias::upload(), 0 passed in C:\wamp64\www\admin\system\CodeIgniter.php on line 925 and exactly 1 expected
in APPPATH\Controllers\Admin\Noticias.php on line 210.
 1 SYSTEMPATH\CodeIgniter.php(925): App\Controllers\Admin\Noticias->upload()
 2 SYSTEMPATH\CodeIgniter.php(480): CodeIgniter\CodeIgniter->runController(Object(App\Controllers\Admin\Noticias))
 3 SYSTEMPATH\CodeIgniter.php(349): CodeIgniter\CodeIgniter->handleRequest(null, Object(Config\Cache), false)
 4 FCPATH\index.php(67): CodeIgniter\CodeIgniter->run()
CRITICAL - 2023-01-20 17:21:24 --> Too few arguments to function App\Controllers\Admin\Noticias::upload(), 0 passed in C:\wamp64\www\admin\system\CodeIgniter.php on line 925 and exactly 1 expected
in APPPATH\Controllers\Admin\Noticias.php on line 207.
 1 SYSTEMPATH\CodeIgniter.php(925): App\Controllers\Admin\Noticias->upload()
 2 SYSTEMPATH\CodeIgniter.php(480): CodeIgniter\CodeIgniter->runController(Object(App\Controllers\Admin\Noticias))
 3 SYSTEMPATH\CodeIgniter.php(349): CodeIgniter\CodeIgniter->handleRequest(null, Object(Config\Cache), false)
 4 FCPATH\index.php(67): CodeIgniter\CodeIgniter->run()
CRITICAL - 2023-01-20 17:21:30 --> Too few arguments to function App\Controllers\Admin\Noticias::upload(), 0 passed in C:\wamp64\www\admin\system\CodeIgniter.php on line 925 and exactly 1 expected
in APPPATH\Controllers\Admin\Noticias.php on line 207.
 1 SYSTEMPATH\CodeIgniter.php(925): App\Controllers\Admin\Noticias->upload()
 2 SYSTEMPATH\CodeIgniter.php(480): CodeIgniter\CodeIgniter->runController(Object(App\Controllers\Admin\Noticias))
 3 SYSTEMPATH\CodeIgniter.php(349): CodeIgniter\CodeIgniter->handleRequest(null, Object(Config\Cache), false)
 4 FCPATH\index.php(67): CodeIgniter\CodeIgniter->run()
CRITICAL - 2023-01-20 17:21:46 --> Too few arguments to function App\Controllers\Admin\Noticias::upload(), 0 passed in C:\wamp64\www\admin\system\CodeIgniter.php on line 925 and exactly 1 expected
in APPPATH\Controllers\Admin\Noticias.php on line 207.
 1 SYSTEMPATH\CodeIgniter.php(925): App\Controllers\Admin\Noticias->upload()
 2 SYSTEMPATH\CodeIgniter.php(480): CodeIgniter\CodeIgniter->runController(Object(App\Controllers\Admin\Noticias))
 3 SYSTEMPATH\CodeIgniter.php(349): CodeIgniter\CodeIgniter->handleRequest(null, Object(Config\Cache), false)
 4 FCPATH\index.php(67): CodeIgniter\CodeIgniter->run()
CRITICAL - 2023-01-20 17:36:05 --> __construct expects a valid directory.
in SYSTEMPATH\Files\FileCollection.php on line 50.
 1 SYSTEMPATH\Files\FileCollection.php(50): CodeIgniter\Files\Exceptions\FileException::forExpectedDirectory('__construct')
 2 SYSTEMPATH\Publisher\Publisher.php(157): CodeIgniter\Files\FileCollection::resolveDirectory('ROOTPATH\\writable\\uploads\\img\\1674250565.png')
 3 APPPATH\Controllers\Admin\Noticias.php(245): CodeIgniter\Publisher\Publisher->__construct('ROOTPATH\\writable\\uploads\\img\\1674250565.png', 'FCPATH\\assets/img')
 4 SYSTEMPATH\CodeIgniter.php(925): App\Controllers\Admin\Noticias->upload()
 5 SYSTEMPATH\CodeIgniter.php(480): CodeIgniter\CodeIgniter->runController(Object(App\Controllers\Admin\Noticias))
 6 SYSTEMPATH\CodeIgniter.php(349): CodeIgniter\CodeIgniter->handleRequest(null, Object(Config\Cache), false)
 7 FCPATH\index.php(67): CodeIgniter\CodeIgniter->run()
CRITICAL - 2023-01-20 17:40:41 --> copy(http://local.admin/assets/img/imagem-x.jpg): failed to open stream: HTTP wrapper does not support writeable connections
in APPPATH\Controllers\Admin\Noticias.php on line 247.
 1 [internal function]: CodeIgniter\Debug\Exceptions->errorHandler(2, 'copy(http://local.admin/assets/img/imagem-x.jpg): failed to open stream: HTTP wrapper does not support writeable connections', 'APPPATH\\Controllers\\Admin\\Noticias.php', 247, [...])
 2 APPPATH\Controllers\Admin\Noticias.php(247): copy('ROOTPATH\\writable\\uploads\\img\\1674250841.png', 'http://local.admin/assets/img/imagem-x.jpg')
 3 SYSTEMPATH\CodeIgniter.php(925): App\Controllers\Admin\Noticias->upload()
 4 SYSTEMPATH\CodeIgniter.php(480): CodeIgniter\CodeIgniter->runController(Object(App\Controllers\Admin\Noticias))
 5 SYSTEMPATH\CodeIgniter.php(349): CodeIgniter\CodeIgniter->handleRequest(null, Object(Config\Cache), false)
 6 FCPATH\index.php(67): CodeIgniter\CodeIgniter->run()
CRITICAL - 2023-01-20 17:40:42 --> Uncaught CodeIgniter\Format\Exceptions\FormatException: Falha ao analisar a string json, erro: "Malformed UTF-8 characters, possibly incorrectly encoded". in C:\wamp64\www\admin\system\Format\JSONFormatter.php:41
Stack trace:
#0 C:\wamp64\www\admin\system\Format\JSONFormatter.php(41): CodeIgniter\Format\Exceptions\FormatException::forInvalidJSON('Malformed UTF-8...')
#1 C:\wamp64\www\admin\system\API\ResponseTrait.php(348): CodeIgniter\Format\JSONFormatter->format(Array)
#2 C:\wamp64\www\admin\system\API\ResponseTrait.php(99): CodeIgniter\Debug\Exceptions->format(Array)
#3 C:\wamp64\www\admin\system\Debug\Exceptions.php(133): CodeIgniter\Debug\Exceptions->respond(Array, 500)
#4 [internal function]: CodeIgniter\Debug\Exceptions->exceptionHandler(Object(ErrorException))
#5 {main}
  thrown
in SYSTEMPATH\Format\JSONFormatter.php on line 41.
 1 [internal function]: CodeIgniter\Debug\Exceptions->shutdownHandler()
CRITICAL - 2023-01-20 17:40:46 --> copy(http://local.admin/assets/img/imagem-x.jpg): failed to open stream: HTTP wrapper does not support writeable connections
in APPPATH\Controllers\Admin\Noticias.php on line 247.
 1 [internal function]: CodeIgniter\Debug\Exceptions->errorHandler(2, 'copy(http://local.admin/assets/img/imagem-x.jpg): failed to open stream: HTTP wrapper does not support writeable connections', 'APPPATH\\Controllers\\Admin\\Noticias.php', 247, [...])
 2 APPPATH\Controllers\Admin\Noticias.php(247): copy('ROOTPATH\\writable\\uploads\\img\\1674250846.png', 'http://local.admin/assets/img/imagem-x.jpg')
 3 SYSTEMPATH\CodeIgniter.php(925): App\Controllers\Admin\Noticias->upload()
 4 SYSTEMPATH\CodeIgniter.php(480): CodeIgniter\CodeIgniter->runController(Object(App\Controllers\Admin\Noticias))
 5 SYSTEMPATH\CodeIgniter.php(349): CodeIgniter\CodeIgniter->handleRequest(null, Object(Config\Cache), false)
 6 FCPATH\index.php(67): CodeIgniter\CodeIgniter->run()
CRITICAL - 2023-01-20 17:40:47 --> Uncaught CodeIgniter\Format\Exceptions\FormatException: Falha ao analisar a string json, erro: "Malformed UTF-8 characters, possibly incorrectly encoded". in C:\wamp64\www\admin\system\Format\JSONFormatter.php:41
Stack trace:
#0 C:\wamp64\www\admin\system\Format\JSONFormatter.php(41): CodeIgniter\Format\Exceptions\FormatException::forInvalidJSON('Malformed UTF-8...')
#1 C:\wamp64\www\admin\system\API\ResponseTrait.php(348): CodeIgniter\Format\JSONFormatter->format(Array)
#2 C:\wamp64\www\admin\system\API\ResponseTrait.php(99): CodeIgniter\Debug\Exceptions->format(Array)
#3 C:\wamp64\www\admin\system\Debug\Exceptions.php(133): CodeIgniter\Debug\Exceptions->respond(Array, 500)
#4 [internal function]: CodeIgniter\Debug\Exceptions->exceptionHandler(Object(ErrorException))
#5 {main}
  thrown
in SYSTEMPATH\Format\JSONFormatter.php on line 41.
 1 [internal function]: CodeIgniter\Debug\Exceptions->shutdownHandler()
CRITICAL - 2023-01-20 17:41:59 --> copy(http://local.admin/assets/dist/img/imagem-x.jpg): failed to open stream: HTTP wrapper does not support writeable connections
in APPPATH\Controllers\Admin\Noticias.php on line 249.
 1 [internal function]: CodeIgniter\Debug\Exceptions->errorHandler(2, 'copy(http://local.admin/assets/dist/img/imagem-x.jpg): failed to open stream: HTTP wrapper does not support writeable connections', 'APPPATH\\Controllers\\Admin\\Noticias.php', 249, [...])
 2 APPPATH\Controllers\Admin\Noticias.php(249): copy('ROOTPATH\\writable\\uploads\\img\\1674250919.png', 'http://local.admin/assets/dist/img/imagem-x.jpg')
 3 SYSTEMPATH\CodeIgniter.php(925): App\Controllers\Admin\Noticias->upload()
 4 SYSTEMPATH\CodeIgniter.php(480): CodeIgniter\CodeIgniter->runController(Object(App\Controllers\Admin\Noticias))
 5 SYSTEMPATH\CodeIgniter.php(349): CodeIgniter\CodeIgniter->handleRequest(null, Object(Config\Cache), false)
 6 FCPATH\index.php(67): CodeIgniter\CodeIgniter->run()
CRITICAL - 2023-01-20 17:42:00 --> Uncaught CodeIgniter\Format\Exceptions\FormatException: Falha ao analisar a string json, erro: "Malformed UTF-8 characters, possibly incorrectly encoded". in C:\wamp64\www\admin\system\Format\JSONFormatter.php:41
Stack trace:
#0 C:\wamp64\www\admin\system\Format\JSONFormatter.php(41): CodeIgniter\Format\Exceptions\FormatException::forInvalidJSON('Malformed UTF-8...')
#1 C:\wamp64\www\admin\system\API\ResponseTrait.php(348): CodeIgniter\Format\JSONFormatter->format(Array)
#2 C:\wamp64\www\admin\system\API\ResponseTrait.php(99): CodeIgniter\Debug\Exceptions->format(Array)
#3 C:\wamp64\www\admin\system\Debug\Exceptions.php(133): CodeIgniter\Debug\Exceptions->respond(Array, 500)
#4 [internal function]: CodeIgniter\Debug\Exceptions->exceptionHandler(Object(ErrorException))
#5 {main}
  thrown
in SYSTEMPATH\Format\JSONFormatter.php on line 41.
 1 [internal function]: CodeIgniter\Debug\Exceptions->shutdownHandler()
