ERROR - 2025-01-22 14:41:57 --> mysqli_sql_exception: Unknown column 'empresa.deleted_at' in 'where clause' in C:\wamp64\www\startcommerce\project\system\Database\MySQLi\Connection.php:292
Stack trace:
#0 C:\wamp64\www\startcommerce\project\system\Database\MySQLi\Connection.php(292): mysqli->query('SELECT *\nFROM `...', 0)
#1 C:\wamp64\www\startcommerce\project\system\Database\BaseConnection.php(666): CodeIgniter\Database\MySQLi\Connection->execute('SELECT *\nFROM `...')
#2 C:\wamp64\www\startcommerce\project\system\Database\BaseConnection.php(593): CodeIgniter\Database\BaseConnection->simpleQuery('SELECT *\nFROM `...')
#3 C:\wamp64\www\startcommerce\project\system\Database\BaseBuilder.php(1585): CodeIgniter\Database\BaseConnection->query('SELECT *\nFROM `...', Array, false)
#4 C:\wamp64\www\startcommerce\project\system\Model.php(240): CodeIgniter\Database\BaseBuilder->get()
#5 C:\wamp64\www\startcommerce\project\system\BaseModel.php(586): CodeIgniter\Model->doFindAll(0, 0)
#6 C:\wamp64\www\startcommerce\project\app\Models\Admin\EmpresaModel.php(28): CodeIgniter\BaseModel->findAll()
#7 C:\wamp64\www\startcommerce\project\app\Controllers\Admin\Home.php(26): App\Models\Admin\EmpresaModel->get()
#8 C:\wamp64\www\startcommerce\project\system\CodeIgniter.php(925): App\Controllers\Admin\Home->index()
#9 C:\wamp64\www\startcommerce\project\system\CodeIgniter.php(480): CodeIgniter\CodeIgniter->runController(Object(App\Controllers\Admin\Home))
#10 C:\wamp64\www\startcommerce\project\system\CodeIgniter.php(349): CodeIgniter\CodeIgniter->handleRequest(NULL, Object(Config\Cache), false)
#11 C:\wamp64\www\startcommerce\public\index.php(67): CodeIgniter\CodeIgniter->run()
#12 {main}
CRITICAL - 2025-01-22 14:41:57 --> Unknown column 'empresa.deleted_at' in 'where clause'
in SYSTEMPATH\Database\MySQLi\Connection.php on line 292.
 1 SYSTEMPATH\Database\MySQLi\Connection.php(292): mysqli->query('SELECT *
FROM `empresa`
WHERE `empresa`.`deleted_at` IS NULL', 0)
 2 SYSTEMPATH\Database\BaseConnection.php(666): CodeIgniter\Database\MySQLi\Connection->execute('SELECT *
FROM `empresa`
WHERE `empresa`.`deleted_at` IS NULL')
 3 SYSTEMPATH\Database\BaseConnection.php(593): CodeIgniter\Database\BaseConnection->simpleQuery('SELECT *
FROM `empresa`
WHERE `empresa`.`deleted_at` IS NULL')
 4 SYSTEMPATH\Database\BaseBuilder.php(1585): CodeIgniter\Database\BaseConnection->query('SELECT *
FROM `empresa`
WHERE `empresa`.`deleted_at` IS NULL', [], false)
 5 SYSTEMPATH\Model.php(240): CodeIgniter\Database\BaseBuilder->get()
 6 SYSTEMPATH\BaseModel.php(586): CodeIgniter\Model->doFindAll(0, 0)
 7 APPPATH\Models\Admin\EmpresaModel.php(28): CodeIgniter\BaseModel->findAll()
 8 APPPATH\Controllers\Admin\Home.php(26): App\Models\Admin\EmpresaModel->get()
 9 SYSTEMPATH\CodeIgniter.php(925): App\Controllers\Admin\Home->index()
10 SYSTEMPATH\CodeIgniter.php(480): CodeIgniter\CodeIgniter->runController(Object(App\Controllers\Admin\Home))
11 SYSTEMPATH\CodeIgniter.php(349): CodeIgniter\CodeIgniter->handleRequest(null, Object(Config\Cache), false)
12 FCPATH\index.php(67): CodeIgniter\CodeIgniter->run()
CRITICAL - 2025-01-22 14:42:37 --> Call to a member function first() on array
in APPPATH\Controllers\Admin\Home.php on line 26.
 1 SYSTEMPATH\CodeIgniter.php(925): App\Controllers\Admin\Home->index()
 2 SYSTEMPATH\CodeIgniter.php(480): CodeIgniter\CodeIgniter->runController(Object(App\Controllers\Admin\Home))
 3 SYSTEMPATH\CodeIgniter.php(349): CodeIgniter\CodeIgniter->handleRequest(null, Object(Config\Cache), false)
 4 FCPATH\index.php(67): CodeIgniter\CodeIgniter->run()
CRITICAL - 2025-01-22 14:49:29 --> Undefined variable $site
in APPPATH\Views\admin\home\index.php on line 27.
 1 APPPATH\Views\admin\home\index.php(27): CodeIgniter\Debug\Exceptions->errorHandler(2, 'Undefined variable $site', 'APPPATH\\Views\\admin\\home\\index.php', 27)
 2 SYSTEMPATH\View\View.php(213): include('APPPATH\\Views\\admin\\home\\index.php')
 3 SYSTEMPATH\View\View.php(216): CodeIgniter\View\View->CodeIgniter\View\{closure}()
 4 SYSTEMPATH\Common.php(1135): CodeIgniter\View\View->render('admin/home/index.php', [], true)
 5 APPPATH\Controllers\Admin\Home.php(31): view('admin/home/index.php', [...])
 6 SYSTEMPATH\CodeIgniter.php(925): App\Controllers\Admin\Home->index()
 7 SYSTEMPATH\CodeIgniter.php(480): CodeIgniter\CodeIgniter->runController(Object(App\Controllers\Admin\Home))
 8 SYSTEMPATH\CodeIgniter.php(349): CodeIgniter\CodeIgniter->handleRequest(null, Object(Config\Cache), false)
 9 FCPATH\index.php(67): CodeIgniter\CodeIgniter->run()
CRITICAL - 2025-01-22 14:49:46 --> Undefined variable $site
in APPPATH\Views\admin\home\index.php on line 27.
 1 APPPATH\Views\admin\home\index.php(27): CodeIgniter\Debug\Exceptions->errorHandler(2, 'Undefined variable $site', 'APPPATH\\Views\\admin\\home\\index.php', 27)
 2 SYSTEMPATH\View\View.php(213): include('APPPATH\\Views\\admin\\home\\index.php')
 3 SYSTEMPATH\View\View.php(216): CodeIgniter\View\View->CodeIgniter\View\{closure}()
 4 SYSTEMPATH\Common.php(1135): CodeIgniter\View\View->render('admin/home/index.php', [], true)
 5 APPPATH\Controllers\Admin\Home.php(31): view('admin/home/index.php', [...])
 6 SYSTEMPATH\CodeIgniter.php(925): App\Controllers\Admin\Home->index()
 7 SYSTEMPATH\CodeIgniter.php(480): CodeIgniter\CodeIgniter->runController(Object(App\Controllers\Admin\Home))
 8 SYSTEMPATH\CodeIgniter.php(349): CodeIgniter\CodeIgniter->handleRequest(null, Object(Config\Cache), false)
 9 FCPATH\index.php(67): CodeIgniter\CodeIgniter->run()
CRITICAL - 2025-01-22 14:49:47 --> Undefined variable $site
in APPPATH\Views\admin\home\index.php on line 27.
 1 APPPATH\Views\admin\home\index.php(27): CodeIgniter\Debug\Exceptions->errorHandler(2, 'Undefined variable $site', 'APPPATH\\Views\\admin\\home\\index.php', 27)
 2 SYSTEMPATH\View\View.php(213): include('APPPATH\\Views\\admin\\home\\index.php')
 3 SYSTEMPATH\View\View.php(216): CodeIgniter\View\View->CodeIgniter\View\{closure}()
 4 SYSTEMPATH\Common.php(1135): CodeIgniter\View\View->render('admin/home/index.php', [], true)
 5 APPPATH\Controllers\Admin\Home.php(31): view('admin/home/index.php', [...])
 6 SYSTEMPATH\CodeIgniter.php(925): App\Controllers\Admin\Home->index()
 7 SYSTEMPATH\CodeIgniter.php(480): CodeIgniter\CodeIgniter->runController(Object(App\Controllers\Admin\Home))
 8 SYSTEMPATH\CodeIgniter.php(349): CodeIgniter\CodeIgniter->handleRequest(null, Object(Config\Cache), false)
 9 FCPATH\index.php(67): CodeIgniter\CodeIgniter->run()
CRITICAL - 2025-01-22 14:55:44 --> Unparenthesized `a ? b : c ? d : e` is not supported. Use either `(a ? b : c) ? d : e` or `a ? b : (c ? d : e)`
in APPPATH\Views\admin\home\index.php on line 114.
 1 [internal function]: CodeIgniter\Debug\Exceptions->shutdownHandler()
CRITICAL - 2025-01-22 14:55:53 --> syntax error, unexpected token ";"
in APPPATH\Views\admin\home\index.php on line 114.
 1 SYSTEMPATH\View\View.php(216): CodeIgniter\View\View->CodeIgniter\View\{closure}()
 2 SYSTEMPATH\Common.php(1135): CodeIgniter\View\View->render('admin/home/index.php', [], true)
 3 APPPATH\Controllers\Admin\Home.php(31): view('admin/home/index.php', [...])
 4 SYSTEMPATH\CodeIgniter.php(925): App\Controllers\Admin\Home->index()
 5 SYSTEMPATH\CodeIgniter.php(480): CodeIgniter\CodeIgniter->runController(Object(App\Controllers\Admin\Home))
 6 SYSTEMPATH\CodeIgniter.php(349): CodeIgniter\CodeIgniter->handleRequest(null, Object(Config\Cache), false)
 7 FCPATH\index.php(67): CodeIgniter\CodeIgniter->run()
CRITICAL - 2025-01-22 14:57:22 --> Call to undefined method stdClass::cidade()
in APPPATH\Views\admin\home\index.php on line 114.
 1 SYSTEMPATH\View\View.php(213): include()
 2 SYSTEMPATH\View\View.php(216): CodeIgniter\View\View->CodeIgniter\View\{closure}()
 3 SYSTEMPATH\Common.php(1135): CodeIgniter\View\View->render('admin/home/index.php', [], true)
 4 APPPATH\Controllers\Admin\Home.php(31): view('admin/home/index.php', [...])
 5 SYSTEMPATH\CodeIgniter.php(925): App\Controllers\Admin\Home->index()
 6 SYSTEMPATH\CodeIgniter.php(480): CodeIgniter\CodeIgniter->runController(Object(App\Controllers\Admin\Home))
 7 SYSTEMPATH\CodeIgniter.php(349): CodeIgniter\CodeIgniter->handleRequest(null, Object(Config\Cache), false)
 8 FCPATH\index.php(67): CodeIgniter\CodeIgniter->run()
CRITICAL - 2025-01-22 15:04:23 --> Unparenthesized `a ? b : c ? d : e` is not supported. Use either `(a ? b : c) ? d : e` or `a ? b : (c ? d : e)`
in APPPATH\Views\admin\home\index.php on line 114.
 1 [internal function]: CodeIgniter\Debug\Exceptions->shutdownHandler()
