CRITICAL - 2025-11-14 09:50:26 --> Function strftime() is deprecated
in APPPATH\Views\admin\relatorios\atestado-transferencia.php on line 135.
 1 APPPATH\Views\admin\relatorios\atestado-transferencia.php(135): CodeIgniter\Debug\Exceptions->errorHandler(8192, 'Function strftime() is deprecated', 'APPPATH\\Views\\admin\\relatorios\\atestado-transferencia.php', 135)
 2 SYSTEMPATH\View\View.php(213): include('APPPATH\\Views\\admin\\relatorios\\atestado-transferencia.php')
 3 SYSTEMPATH\View\View.php(216): CodeIgniter\View\View->CodeIgniter\View\{closure}()
 4 SYSTEMPATH\Common.php(1135): CodeIgniter\View\View->render('admin/relatorios/atestado-transferencia', [], true)
 5 APPPATH\Controllers\Admin\Relatorios.php(231): view('admin/relatorios/atestado-transferencia', [...])
 6 APPPATH\Controllers\Admin\Relatorios.php(93): App\Controllers\Admin\Relatorios->atestadoTransferencia('1', '2')
 7 SYSTEMPATH\CodeIgniter.php(925): App\Controllers\Admin\Relatorios->gerarRelatorio()
 8 SYSTEMPATH\CodeIgniter.php(480): CodeIgniter\CodeIgniter->runController(Object(App\Controllers\Admin\Relatorios))
 9 SYSTEMPATH\CodeIgniter.php(349): CodeIgniter\CodeIgniter->handleRequest(null, Object(Config\Cache), false)
10 FCPATH\index.php(69): CodeIgniter\CodeIgniter->run()
CRITICAL - 2025-11-14 10:39:42 --> Undefined variable $turma_transferencia
in APPPATH\Views\admin\relatorios\index.php on line 90.
 1 APPPATH\Views\admin\relatorios\index.php(90): CodeIgniter\Debug\Exceptions->errorHandler(2, 'Undefined variable $turma_transferencia', 'APPPATH\\Views\\admin\\relatorios\\index.php', 90)
 2 SYSTEMPATH\View\View.php(213): include('APPPATH\\Views\\admin\\relatorios\\index.php')
 3 SYSTEMPATH\View\View.php(216): CodeIgniter\View\View->CodeIgniter\View\{closure}()
 4 SYSTEMPATH\Common.php(1135): CodeIgniter\View\View->render('admin/relatorios/index.php', [], true)
 5 APPPATH\Controllers\Admin\Relatorios.php(50): view('admin/relatorios/index.php', [...])
 6 SYSTEMPATH\CodeIgniter.php(925): App\Controllers\Admin\Relatorios->index()
 7 SYSTEMPATH\CodeIgniter.php(480): CodeIgniter\CodeIgniter->runController(Object(App\Controllers\Admin\Relatorios))
 8 SYSTEMPATH\CodeIgniter.php(349): CodeIgniter\CodeIgniter->handleRequest(null, Object(Config\Cache), false)
 9 FCPATH\index.php(69): CodeIgniter\CodeIgniter->run()
CRITICAL - 2025-11-14 10:40:06 --> Undefined variable $turma_transferencia
in APPPATH\Views\admin\relatorios\index.php on line 90.
 1 APPPATH\Views\admin\relatorios\index.php(90): CodeIgniter\Debug\Exceptions->errorHandler(2, 'Undefined variable $turma_transferencia', 'APPPATH\\Views\\admin\\relatorios\\index.php', 90)
 2 SYSTEMPATH\View\View.php(213): include('APPPATH\\Views\\admin\\relatorios\\index.php')
 3 SYSTEMPATH\View\View.php(216): CodeIgniter\View\View->CodeIgniter\View\{closure}()
 4 SYSTEMPATH\Common.php(1135): CodeIgniter\View\View->render('admin/relatorios/index.php', [], true)
 5 APPPATH\Controllers\Admin\Relatorios.php(50): view('admin/relatorios/index.php', [...])
 6 SYSTEMPATH\CodeIgniter.php(925): App\Controllers\Admin\Relatorios->index()
 7 SYSTEMPATH\CodeIgniter.php(480): CodeIgniter\CodeIgniter->runController(Object(App\Controllers\Admin\Relatorios))
 8 SYSTEMPATH\CodeIgniter.php(349): CodeIgniter\CodeIgniter->handleRequest(null, Object(Config\Cache), false)
 9 FCPATH\index.php(69): CodeIgniter\CodeIgniter->run()
CRITICAL - 2025-11-14 10:42:45 --> Attempt to read property "nome" on string
in APPPATH\Views\admin\relatorios\index.php on line 91.
 1 APPPATH\Views\admin\relatorios\index.php(91): CodeIgniter\Debug\Exceptions->errorHandler(2, 'Attempt to read property "nome" on string', 'APPPATH\\Views\\admin\\relatorios\\index.php', 91)
 2 SYSTEMPATH\View\View.php(213): include('APPPATH\\Views\\admin\\relatorios\\index.php')
 3 SYSTEMPATH\View\View.php(216): CodeIgniter\View\View->CodeIgniter\View\{closure}()
 4 SYSTEMPATH\Common.php(1135): CodeIgniter\View\View->render('admin/relatorios/index.php', [], true)
 5 APPPATH\Controllers\Admin\Relatorios.php(51): view('admin/relatorios/index.php', [...])
 6 SYSTEMPATH\CodeIgniter.php(925): App\Controllers\Admin\Relatorios->index()
 7 SYSTEMPATH\CodeIgniter.php(480): CodeIgniter\CodeIgniter->runController(Object(App\Controllers\Admin\Relatorios))
 8 SYSTEMPATH\CodeIgniter.php(349): CodeIgniter\CodeIgniter->handleRequest(null, Object(Config\Cache), false)
 9 FCPATH\index.php(69): CodeIgniter\CodeIgniter->run()
CRITICAL - 2025-11-14 10:58:04 --> Cannot access offset of type string on string
in APPPATH\Views\admin\relatorios\index.php on line 91.
 1 SYSTEMPATH\View\View.php(213): include()
 2 SYSTEMPATH\View\View.php(216): CodeIgniter\View\View->CodeIgniter\View\{closure}()
 3 SYSTEMPATH\Common.php(1135): CodeIgniter\View\View->render('admin/relatorios/index.php', [], true)
 4 APPPATH\Controllers\Admin\Relatorios.php(51): view('admin/relatorios/index.php', [...])
 5 SYSTEMPATH\CodeIgniter.php(925): App\Controllers\Admin\Relatorios->index()
 6 SYSTEMPATH\CodeIgniter.php(480): CodeIgniter\CodeIgniter->runController(Object(App\Controllers\Admin\Relatorios))
 7 SYSTEMPATH\CodeIgniter.php(349): CodeIgniter\CodeIgniter->handleRequest(null, Object(Config\Cache), false)
 8 FCPATH\index.php(69): CodeIgniter\CodeIgniter->run()
CRITICAL - 2025-11-14 10:58:12 --> htmlspecialchars(): Argument #1 ($string) must be of type string, array given
in APPPATH\Views\admin\relatorios\index.php on line 91.
 1 APPPATH\Views\admin\relatorios\index.php(91): htmlspecialchars([...])
 2 SYSTEMPATH\View\View.php(213): include('APPPATH\\Views\\admin\\relatorios\\index.php')
 3 SYSTEMPATH\View\View.php(216): CodeIgniter\View\View->CodeIgniter\View\{closure}()
 4 SYSTEMPATH\Common.php(1135): CodeIgniter\View\View->render('admin/relatorios/index.php', [], true)
 5 APPPATH\Controllers\Admin\Relatorios.php(51): view('admin/relatorios/index.php', [...])
 6 SYSTEMPATH\CodeIgniter.php(925): App\Controllers\Admin\Relatorios->index()
 7 SYSTEMPATH\CodeIgniter.php(480): CodeIgniter\CodeIgniter->runController(Object(App\Controllers\Admin\Relatorios))
 8 SYSTEMPATH\CodeIgniter.php(349): CodeIgniter\CodeIgniter->handleRequest(null, Object(Config\Cache), false)
 9 FCPATH\index.php(69): CodeIgniter\CodeIgniter->run()
CRITICAL - 2025-11-14 11:01:59 --> htmlspecialchars(): Argument #1 ($string) must be of type string, array given
in APPPATH\Views\admin\relatorios\index.php on line 91.
 1 APPPATH\Views\admin\relatorios\index.php(91): htmlspecialchars([...])
 2 SYSTEMPATH\View\View.php(213): include('APPPATH\\Views\\admin\\relatorios\\index.php')
 3 SYSTEMPATH\View\View.php(216): CodeIgniter\View\View->CodeIgniter\View\{closure}()
 4 SYSTEMPATH\Common.php(1135): CodeIgniter\View\View->render('admin/relatorios/index.php', [], true)
 5 APPPATH\Controllers\Admin\Relatorios.php(51): view('admin/relatorios/index.php', [...])
 6 SYSTEMPATH\CodeIgniter.php(925): App\Controllers\Admin\Relatorios->index()
 7 SYSTEMPATH\CodeIgniter.php(480): CodeIgniter\CodeIgniter->runController(Object(App\Controllers\Admin\Relatorios))
 8 SYSTEMPATH\CodeIgniter.php(349): CodeIgniter\CodeIgniter->handleRequest(null, Object(Config\Cache), false)
 9 FCPATH\index.php(69): CodeIgniter\CodeIgniter->run()
CRITICAL - 2025-11-14 11:02:07 --> htmlspecialchars(): Argument #1 ($string) must be of type string, array given
in APPPATH\Views\admin\relatorios\index.php on line 91.
 1 APPPATH\Views\admin\relatorios\index.php(91): htmlspecialchars([...])
 2 SYSTEMPATH\View\View.php(213): include('APPPATH\\Views\\admin\\relatorios\\index.php')
 3 SYSTEMPATH\View\View.php(216): CodeIgniter\View\View->CodeIgniter\View\{closure}()
 4 SYSTEMPATH\Common.php(1135): CodeIgniter\View\View->render('admin/relatorios/index.php', [], true)
 5 APPPATH\Controllers\Admin\Relatorios.php(51): view('admin/relatorios/index.php', [...])
 6 SYSTEMPATH\CodeIgniter.php(925): App\Controllers\Admin\Relatorios->index()
 7 SYSTEMPATH\CodeIgniter.php(480): CodeIgniter\CodeIgniter->runController(Object(App\Controllers\Admin\Relatorios))
 8 SYSTEMPATH\CodeIgniter.php(349): CodeIgniter\CodeIgniter->handleRequest(null, Object(Config\Cache), false)
 9 FCPATH\index.php(69): CodeIgniter\CodeIgniter->run()
CRITICAL - 2025-11-14 11:04:28 --> Trying to access array offset on int
in APPPATH\Views\admin\relatorios\index.php on line 92.
 1 APPPATH\Views\admin\relatorios\index.php(92): CodeIgniter\Debug\Exceptions->errorHandler(2, 'Trying to access array offset on int', 'APPPATH\\Views\\admin\\relatorios\\index.php', 92)
 2 SYSTEMPATH\View\View.php(213): include('APPPATH\\Views\\admin\\relatorios\\index.php')
 3 SYSTEMPATH\View\View.php(216): CodeIgniter\View\View->CodeIgniter\View\{closure}()
 4 SYSTEMPATH\Common.php(1135): CodeIgniter\View\View->render('admin/relatorios/index.php', [], true)
 5 APPPATH\Controllers\Admin\Relatorios.php(51): view('admin/relatorios/index.php', [...])
 6 SYSTEMPATH\CodeIgniter.php(925): App\Controllers\Admin\Relatorios->index()
 7 SYSTEMPATH\CodeIgniter.php(480): CodeIgniter\CodeIgniter->runController(Object(App\Controllers\Admin\Relatorios))
 8 SYSTEMPATH\CodeIgniter.php(349): CodeIgniter\CodeIgniter->handleRequest(null, Object(Config\Cache), false)
 9 FCPATH\index.php(69): CodeIgniter\CodeIgniter->run()
CRITICAL - 2025-11-14 11:04:41 --> Trying to access array offset on int
in APPPATH\Views\admin\relatorios\index.php on line 93.
 1 APPPATH\Views\admin\relatorios\index.php(93): CodeIgniter\Debug\Exceptions->errorHandler(2, 'Trying to access array offset on int', 'APPPATH\\Views\\admin\\relatorios\\index.php', 93)
 2 SYSTEMPATH\View\View.php(213): include('APPPATH\\Views\\admin\\relatorios\\index.php')
 3 SYSTEMPATH\View\View.php(216): CodeIgniter\View\View->CodeIgniter\View\{closure}()
 4 SYSTEMPATH\Common.php(1135): CodeIgniter\View\View->render('admin/relatorios/index.php', [], true)
 5 APPPATH\Controllers\Admin\Relatorios.php(51): view('admin/relatorios/index.php', [...])
 6 SYSTEMPATH\CodeIgniter.php(925): App\Controllers\Admin\Relatorios->index()
 7 SYSTEMPATH\CodeIgniter.php(480): CodeIgniter\CodeIgniter->runController(Object(App\Controllers\Admin\Relatorios))
 8 SYSTEMPATH\CodeIgniter.php(349): CodeIgniter\CodeIgniter->handleRequest(null, Object(Config\Cache), false)
 9 FCPATH\index.php(69): CodeIgniter\CodeIgniter->run()
