CRITICAL - 2023-01-12 13:16:59 --> Undefined variable: request
in APPPATH\Controllers\Admin\Usuarios.php on line 32.
 1 APPPATH\Controllers\Admin\Usuarios.php(32): CodeIgniter\Debug\Exceptions->errorHandler(8, 'Undefined variable: request', 'APPPATH\\Controllers\\Admin\\Usuarios.php', 32, [])
 2 SYSTEMPATH\CodeIgniter.php(925): App\Controllers\Admin\Usuarios->create()
 3 SYSTEMPATH\CodeIgniter.php(480): CodeIgniter\CodeIgniter->runController(Object(App\Controllers\Admin\Usuarios))
 4 SYSTEMPATH\CodeIgniter.php(349): CodeIgniter\CodeIgniter->handleRequest(null, Object(Config\Cache), false)
 5 FCPATH\index.php(67): CodeIgniter\CodeIgniter->run()
 6 SYSTEMPATH\Commands\Server\rewrite.php(47): require_once('FCPATH\\index.php')
CRITICAL - 2023-01-12 13:25:14 --> Too few arguments to function App\Controllers\Admin\Usuarios::save(), 0 passed in C:\wamp64\www\admin\app\Controllers\Admin\Usuarios.php on line 34 and exactly 1 expected
in APPPATH\Controllers\Admin\Usuarios.php on line 51.
 1 APPPATH\Controllers\Admin\Usuarios.php(34): App\Controllers\Admin\Usuarios->save()
 2 SYSTEMPATH\CodeIgniter.php(925): App\Controllers\Admin\Usuarios->create()
 3 SYSTEMPATH\CodeIgniter.php(480): CodeIgniter\CodeIgniter->runController(Object(App\Controllers\Admin\Usuarios))
 4 SYSTEMPATH\CodeIgniter.php(349): CodeIgniter\CodeIgniter->handleRequest(null, Object(Config\Cache), false)
 5 FCPATH\index.php(67): CodeIgniter\CodeIgniter->run()
 6 SYSTEMPATH\Commands\Server\rewrite.php(47): require_once('FCPATH\\index.php')
CRITICAL - 2023-01-12 13:27:21 --> Call to undefined method CodeIgniter\HTTP\IncomingRequest::postVar()
in APPPATH\Controllers\Admin\Usuarios.php on line 54.
 1 APPPATH\Controllers\Admin\Usuarios.php(34): App\Controllers\Admin\Usuarios->save()
 2 SYSTEMPATH\CodeIgniter.php(925): App\Controllers\Admin\Usuarios->create()
 3 SYSTEMPATH\CodeIgniter.php(480): CodeIgniter\CodeIgniter->runController(Object(App\Controllers\Admin\Usuarios))
 4 SYSTEMPATH\CodeIgniter.php(349): CodeIgniter\CodeIgniter->handleRequest(null, Object(Config\Cache), false)
 5 FCPATH\index.php(67): CodeIgniter\CodeIgniter->run()
 6 SYSTEMPATH\Commands\Server\rewrite.php(47): require_once('FCPATH\\index.php')
CRITICAL - 2023-01-12 16:03:30 --> Array to string conversion
in APPPATH\Controllers\Admin\Usuarios.php on line 71.
 1 APPPATH\Controllers\Admin\Usuarios.php(71): CodeIgniter\Debug\Exceptions->errorHandler(8, 'Array to string conversion', 'APPPATH\\Controllers\\Admin\\Usuarios.php', 71, [...])
 2 SYSTEMPATH\CodeIgniter.php(925): App\Controllers\Admin\Usuarios->edit('71', [])
 3 SYSTEMPATH\CodeIgniter.php(480): CodeIgniter\CodeIgniter->runController(Object(App\Controllers\Admin\Usuarios))
 4 SYSTEMPATH\CodeIgniter.php(349): CodeIgniter\CodeIgniter->handleRequest(null, Object(Config\Cache), false)
 5 FCPATH\index.php(67): CodeIgniter\CodeIgniter->run()
 6 SYSTEMPATH\Commands\Server\rewrite.php(47): require_once('FCPATH\\index.php')
