CRITICAL - 2025-03-16 18:26:49 --> Call to undefined method CodeIgniter\HTTP\IncomingRequest::is()
in APPPATH\Controllers\Admin\Pais.php on line 27.
 1 SYSTEMPATH\CodeIgniter.php(925): App\Controllers\Admin\Pais->index()
 2 SYSTEMPATH\CodeIgniter.php(480): CodeIgniter\CodeIgniter->runController(Object(App\Controllers\Admin\Pais))
 3 SYSTEMPATH\CodeIgniter.php(349): CodeIgniter\CodeIgniter->handleRequest(null, Object(Config\Cache), false)
 4 FCPATH\index.php(67): CodeIgniter\CodeIgniter->run()
ERROR - 2025-03-16 18:27:17 --> mysqli_sql_exception: Unknown column 'pais.deleted_at' in 'where clause' in C:\wamp64\www\secretaria-digital\project\system\Database\MySQLi\Connection.php:292
Stack trace:
#0 C:\wamp64\www\secretaria-digital\project\system\Database\MySQLi\Connection.php(292): mysqli->query('SELECT COUNT(*)...', 0)
#1 C:\wamp64\www\secretaria-digital\project\system\Database\BaseConnection.php(666): CodeIgniter\Database\MySQLi\Connection->execute('SELECT COUNT(*)...')
#2 C:\wamp64\www\secretaria-digital\project\system\Database\BaseConnection.php(593): CodeIgniter\Database\BaseConnection->simpleQuery('SELECT COUNT(*)...')
#3 C:\wamp64\www\secretaria-digital\project\system\Database\BaseBuilder.php(1669): CodeIgniter\Database\BaseConnection->query('SELECT COUNT(*)...', Array, false)
#4 C:\wamp64\www\secretaria-digital\project\system\Model.php(575): CodeIgniter\Database\BaseBuilder->countAllResults(false)
#5 C:\wamp64\www\secretaria-digital\project\system\BaseModel.php(1108): CodeIgniter\Model->countAllResults(false)
#6 C:\wamp64\www\secretaria-digital\project\app\Controllers\Admin\Pais.php(40): CodeIgniter\BaseModel->paginate(10)
#7 C:\wamp64\www\secretaria-digital\project\system\CodeIgniter.php(925): App\Controllers\Admin\Pais->index()
#8 C:\wamp64\www\secretaria-digital\project\system\CodeIgniter.php(480): CodeIgniter\CodeIgniter->runController(Object(App\Controllers\Admin\Pais))
#9 C:\wamp64\www\secretaria-digital\project\system\CodeIgniter.php(349): CodeIgniter\CodeIgniter->handleRequest(NULL, Object(Config\Cache), false)
#10 C:\wamp64\www\secretaria-digital\public\index.php(67): CodeIgniter\CodeIgniter->run()
#11 {main}
CRITICAL - 2025-03-16 18:27:17 --> Unknown column 'pais.deleted_at' in 'where clause'
in SYSTEMPATH\Database\MySQLi\Connection.php on line 292.
 1 SYSTEMPATH\Database\MySQLi\Connection.php(292): mysqli->query('SELECT COUNT(*) AS `numrows`
FROM `pais`
WHERE `pais`.`deleted_at` IS NULL', 0)
 2 SYSTEMPATH\Database\BaseConnection.php(666): CodeIgniter\Database\MySQLi\Connection->execute('SELECT COUNT(*) AS `numrows`
FROM `pais`
WHERE `pais`.`deleted_at` IS NULL')
 3 SYSTEMPATH\Database\BaseConnection.php(593): CodeIgniter\Database\BaseConnection->simpleQuery('SELECT COUNT(*) AS `numrows`
FROM `pais`
WHERE `pais`.`deleted_at` IS NULL')
 4 SYSTEMPATH\Database\BaseBuilder.php(1669): CodeIgniter\Database\BaseConnection->query('SELECT COUNT(*) AS `numrows`
FROM `pais`
WHERE `pais`.`deleted_at` IS NULL', [], false)
 5 SYSTEMPATH\Model.php(575): CodeIgniter\Database\BaseBuilder->countAllResults(false)
 6 SYSTEMPATH\BaseModel.php(1108): CodeIgniter\Model->countAllResults(false)
 7 APPPATH\Controllers\Admin\Pais.php(40): CodeIgniter\BaseModel->paginate(10)
 8 SYSTEMPATH\CodeIgniter.php(925): App\Controllers\Admin\Pais->index()
 9 SYSTEMPATH\CodeIgniter.php(480): CodeIgniter\CodeIgniter->runController(Object(App\Controllers\Admin\Pais))
10 SYSTEMPATH\CodeIgniter.php(349): CodeIgniter\CodeIgniter->handleRequest(null, Object(Config\Cache), false)
11 FCPATH\index.php(67): CodeIgniter\CodeIgniter->run()
CRITICAL - 2025-03-16 19:26:19 --> Undefined variable: alert
in APPPATH\Controllers\Admin\Pais.php on line 87.
 1 APPPATH\Controllers\Admin\Pais.php(87): CodeIgniter\Debug\Exceptions->errorHandler(8, 'Undefined variable: alert', 'APPPATH\\Controllers\\Admin\\Pais.php', 87, [...])
 2 SYSTEMPATH\CodeIgniter.php(925): App\Controllers\Admin\Pais->create()
 3 SYSTEMPATH\CodeIgniter.php(480): CodeIgniter\CodeIgniter->runController(Object(App\Controllers\Admin\Pais))
 4 SYSTEMPATH\CodeIgniter.php(349): CodeIgniter\CodeIgniter->handleRequest(null, Object(Config\Cache), false)
 5 FCPATH\index.php(67): CodeIgniter\CodeIgniter->run()
CRITICAL - 2025-03-16 19:27:23 --> Undefined variable: alert
in APPPATH\Controllers\Admin\Pais.php on line 89.
 1 APPPATH\Controllers\Admin\Pais.php(89): CodeIgniter\Debug\Exceptions->errorHandler(8, 'Undefined variable: alert', 'APPPATH\\Controllers\\Admin\\Pais.php', 89, [...])
 2 SYSTEMPATH\CodeIgniter.php(925): App\Controllers\Admin\Pais->create()
 3 SYSTEMPATH\CodeIgniter.php(480): CodeIgniter\CodeIgniter->runController(Object(App\Controllers\Admin\Pais))
 4 SYSTEMPATH\CodeIgniter.php(349): CodeIgniter\CodeIgniter->handleRequest(null, Object(Config\Cache), false)
 5 FCPATH\index.php(67): CodeIgniter\CodeIgniter->run()
CRITICAL - 2025-03-16 20:19:38 --> Undefined property: stdClass::$login
in APPPATH\Views\admin\usuarios\edit.php on line 89.
 1 APPPATH\Views\admin\usuarios\edit.php(89): CodeIgniter\Debug\Exceptions->errorHandler(8, 'Undefined property: stdClass::$login', 'APPPATH\\Views\\admin\\usuarios\\edit.php', 89, [...])
 2 SYSTEMPATH\View\View.php(213): include('APPPATH\\Views\\admin\\usuarios\\edit.php')
 3 SYSTEMPATH\View\View.php(216): CodeIgniter\View\View->CodeIgniter\View\{closure}()
 4 SYSTEMPATH\Common.php(1135): CodeIgniter\View\View->render('admin/usuarios/edit.php', [], true)
 5 APPPATH\Controllers\Admin\Pais.php(159): view('admin/usuarios/edit.php', [...])
 6 SYSTEMPATH\CodeIgniter.php(925): App\Controllers\Admin\Pais->edit('5')
 7 SYSTEMPATH\CodeIgniter.php(480): CodeIgniter\CodeIgniter->runController(Object(App\Controllers\Admin\Pais))
 8 SYSTEMPATH\CodeIgniter.php(349): CodeIgniter\CodeIgniter->handleRequest(null, Object(Config\Cache), false)
 9 FCPATH\index.php(67): CodeIgniter\CodeIgniter->run()
CRITICAL - 2025-03-16 20:22:09 --> syntax error, unexpected '}', expecting ';'
in APPPATH\Controllers\Admin\Pais.php on line 176.
 1 SYSTEMPATH\Autoloader\Autoloader.php(260): CodeIgniter\Autoloader\Autoloader->includeFile('APPPATH\\Controllers\\Admin\\Pais.php')
 2 SYSTEMPATH\Autoloader\Autoloader.php(238): CodeIgniter\Autoloader\Autoloader->loadInNamespace('App\\Controllers\\Admin\\Pais')
 3 [internal function]: CodeIgniter\Autoloader\Autoloader->loadClass('App\\Controllers\\Admin\\Pais')
 4 [internal function]: spl_autoload_call('App\\Controllers\\Admin\\Pais')
 5 SYSTEMPATH\CodeIgniter.php(875): class_exists('\\App\\Controllers\\Admin\\Pais', true)
 6 SYSTEMPATH\CodeIgniter.php(467): CodeIgniter\CodeIgniter->startController()
 7 SYSTEMPATH\CodeIgniter.php(349): CodeIgniter\CodeIgniter->handleRequest(null, Object(Config\Cache), false)
 8 FCPATH\index.php(67): CodeIgniter\CodeIgniter->run()
ERROR - 2025-03-16 20:39:14 --> mysqli_sql_exception: Column 'id_familia' cannot be null in C:\wamp64\www\secretaria-digital\project\system\Database\MySQLi\Connection.php:292
Stack trace:
#0 C:\wamp64\www\secretaria-digital\project\system\Database\MySQLi\Connection.php(292): mysqli->query('INSERT INTO `pa...', 0)
#1 C:\wamp64\www\secretaria-digital\project\system\Database\BaseConnection.php(666): CodeIgniter\Database\MySQLi\Connection->execute('INSERT INTO `pa...')
#2 C:\wamp64\www\secretaria-digital\project\system\Database\BaseConnection.php(593): CodeIgniter\Database\BaseConnection->simpleQuery('INSERT INTO `pa...')
#3 C:\wamp64\www\secretaria-digital\project\system\Database\BaseBuilder.php(1916): CodeIgniter\Database\BaseConnection->query('INSERT INTO `pa...', Array, false)
#4 C:\wamp64\www\secretaria-digital\project\system\Model.php(303): CodeIgniter\Database\BaseBuilder->insert()
#5 C:\wamp64\www\secretaria-digital\project\system\BaseModel.php(750): CodeIgniter\Model->doInsert(Array)
#6 C:\wamp64\www\secretaria-digital\project\system\Model.php(699): CodeIgniter\BaseModel->insert(Array, true)
#7 C:\wamp64\www\secretaria-digital\project\app\Controllers\Admin\Pais.php(138): CodeIgniter\Model->insert(Array, true)
#8 C:\wamp64\www\secretaria-digital\project\app\Controllers\Admin\Pais.php(71): App\Controllers\Admin\Pais->save()
#9 C:\wamp64\www\secretaria-digital\project\system\CodeIgniter.php(925): App\Controllers\Admin\Pais->create()
#10 C:\wamp64\www\secretaria-digital\project\system\CodeIgniter.php(480): CodeIgniter\CodeIgniter->runController(Object(App\Controllers\Admin\Pais))
#11 C:\wamp64\www\secretaria-digital\project\system\CodeIgniter.php(349): CodeIgniter\CodeIgniter->handleRequest(NULL, Object(Config\Cache), false)
#12 C:\wamp64\www\secretaria-digital\public\index.php(67): CodeIgniter\CodeIgniter->run()
#13 {main}
CRITICAL - 2025-03-16 20:39:14 --> Column 'id_familia' cannot be null
in SYSTEMPATH\Database\MySQLi\Connection.php on line 292.
 1 SYSTEMPATH\Database\MySQLi\Connection.php(292): mysqli->query('INSERT INTO `pais` (`id_familia`, `nome`, `cpf`, `rg`, `data_nascimento`, `telefone`, `email`, `profissao`, `empresa`, `naturalidade`, `nacionalidade`, `endereco`, `numero`, `complemento`, `bairro`, `cidade`, `estado`, `cep`, `estado_civil`, `parentesco`, `responsavel_financeiro`, `created_at`, `updated_at`) VALUES (NULL, \'Maria Do Carmo Muniz Rondon\', \'21321321321\', \'2132132\', \'1990-11-14\', \'65984518769\', \'lucasrondon@gmail.com\', \'Empresária\', \'Mimos Cestas Afetivas\', \'Cuiabana\', \'Brasileira\', \'Rua\', \'6\', \'\', \'Parque das Nações\', \'Cuiabá\', \'MT\', \'78056851\', \'Casado(a)\', \'Avó\', \'0\', \'2025-03-16 20:39:14\', \'2025-03-16 20:39:14\')', 0)
 2 SYSTEMPATH\Database\BaseConnection.php(666): CodeIgniter\Database\MySQLi\Connection->execute('INSERT INTO `pais` (`id_familia`, `nome`, `cpf`, `rg`, `data_nascimento`, `telefone`, `email`, `profissao`, `empresa`, `naturalidade`, `nacionalidade`, `endereco`, `numero`, `complemento`, `bairro`, `cidade`, `estado`, `cep`, `estado_civil`, `parentesco`, `responsavel_financeiro`, `created_at`, `updated_at`) VALUES (NULL, \'Maria Do Carmo Muniz Rondon\', \'21321321321\', \'2132132\', \'1990-11-14\', \'65984518769\', \'lucasrondon@gmail.com\', \'Empresária\', \'Mimos Cestas Afetivas\', \'Cuiabana\', \'Brasileira\', \'Rua\', \'6\', \'\', \'Parque das Nações\', \'Cuiabá\', \'MT\', \'78056851\', \'Casado(a)\', \'Avó\', \'0\', \'2025-03-16 20:39:14\', \'2025-03-16 20:39:14\')')
 3 SYSTEMPATH\Database\BaseConnection.php(593): CodeIgniter\Database\BaseConnection->simpleQuery('INSERT INTO `pais` (`id_familia`, `nome`, `cpf`, `rg`, `data_nascimento`, `telefone`, `email`, `profissao`, `empresa`, `naturalidade`, `nacionalidade`, `endereco`, `numero`, `complemento`, `bairro`, `cidade`, `estado`, `cep`, `estado_civil`, `parentesco`, `responsavel_financeiro`, `created_at`, `updated_at`) VALUES (NULL, \'Maria Do Carmo Muniz Rondon\', \'21321321321\', \'2132132\', \'1990-11-14\', \'65984518769\', \'lucasrondon@gmail.com\', \'Empresária\', \'Mimos Cestas Afetivas\', \'Cuiabana\', \'Brasileira\', \'Rua\', \'6\', \'\', \'Parque das Nações\', \'Cuiabá\', \'MT\', \'78056851\', \'Casado(a)\', \'Avó\', \'0\', \'2025-03-16 20:39:14\', \'2025-03-16 20:39:14\')')
 4 SYSTEMPATH\Database\BaseBuilder.php(1916): CodeIgniter\Database\BaseConnection->query('INSERT INTO `pais` (`id_familia`, `nome`, `cpf`, `rg`, `data_nascimento`, `telefone`, `email`, `profissao`, `empresa`, `naturalidade`, `nacionalidade`, `endereco`, `numero`, `complemento`, `bairro`, `cidade`, `estado`, `cep`, `estado_civil`, `parentesco`, `responsavel_financeiro`, `created_at`, `updated_at`) VALUES (:id_familia:, :nome:, :cpf:, :rg:, :data_nascimento:, :telefone:, :email:, :profissao:, :empresa:, :naturalidade:, :nacionalidade:, :endereco:, :numero:, :complemento:, :bairro:, :cidade:, :estado:, :cep:, :estado_civil:, :parentesco:, :responsavel_financeiro:, :created_at:, :updated_at:)', [...], false)
 5 SYSTEMPATH\Model.php(303): CodeIgniter\Database\BaseBuilder->insert()
 6 SYSTEMPATH\BaseModel.php(750): CodeIgniter\Model->doInsert([...])
 7 SYSTEMPATH\Model.php(699): CodeIgniter\BaseModel->insert([...], true)
 8 APPPATH\Controllers\Admin\Pais.php(138): CodeIgniter\Model->insert([...], true)
 9 APPPATH\Controllers\Admin\Pais.php(71): App\Controllers\Admin\Pais->save()
10 SYSTEMPATH\CodeIgniter.php(925): App\Controllers\Admin\Pais->create()
11 SYSTEMPATH\CodeIgniter.php(480): CodeIgniter\CodeIgniter->runController(Object(App\Controllers\Admin\Pais))
12 SYSTEMPATH\CodeIgniter.php(349): CodeIgniter\CodeIgniter->handleRequest(null, Object(Config\Cache), false)
13 FCPATH\index.php(67): CodeIgniter\CodeIgniter->run()
