CRITICAL - 2023-01-24 13:14:46 --> Class 'App\Controllers\Admin\NoticiaModel' not found
in APPPATH\Controllers\Admin\Servicos.php on line 16.
 1 SYSTEMPATH\CodeIgniter.php(887): App\Controllers\Admin\Servicos->__construct()
 2 SYSTEMPATH\CodeIgniter.php(471): CodeIgniter\CodeIgniter->createController()
 3 SYSTEMPATH\CodeIgniter.php(349): CodeIgniter\CodeIgniter->handleRequest(null, Object(Config\Cache), false)
 4 FCPATH\index.php(67): CodeIgniter\CodeIgniter->run()
CRITICAL - 2023-01-24 13:14:55 --> Undefined property: stdClass::$dataNoticia
in APPPATH\Views\admin\servicos\index.php on line 105.
 1 APPPATH\Views\admin\servicos\index.php(105): CodeIgniter\Debug\Exceptions->errorHandler(8, 'Undefined property: stdClass::$dataNoticia', 'APPPATH\\Views\\admin\\servicos\\index.php', 105, [...])
 2 SYSTEMPATH\View\View.php(213): include('APPPATH\\Views\\admin\\servicos\\index.php')
 3 SYSTEMPATH\View\View.php(216): CodeIgniter\View\View->CodeIgniter\View\{closure}()
 4 SYSTEMPATH\Common.php(1135): CodeIgniter\View\View->render('admin/servicos/index.php', [], true)
 5 APPPATH\Controllers\Admin\Servicos.php(45): view('admin/servicos/index.php', [...])
 6 SYSTEMPATH\CodeIgniter.php(925): App\Controllers\Admin\Servicos->index()
 7 SYSTEMPATH\CodeIgniter.php(480): CodeIgniter\CodeIgniter->runController(Object(App\Controllers\Admin\Servicos))
 8 SYSTEMPATH\CodeIgniter.php(349): CodeIgniter\CodeIgniter->handleRequest(null, Object(Config\Cache), false)
 9 FCPATH\index.php(67): CodeIgniter\CodeIgniter->run()
CRITICAL - 2023-01-24 13:18:18 --> Undefined variable: categoria
in APPPATH\Views\admin\noticias\create.php on line 179.
 1 APPPATH\Views\admin\noticias\create.php(179): CodeIgniter\Debug\Exceptions->errorHandler(8, 'Undefined variable: categoria', 'APPPATH\\Views\\admin\\noticias\\create.php', 179, [...])
 2 SYSTEMPATH\View\View.php(213): include('APPPATH\\Views\\admin\\noticias\\create.php')
 3 SYSTEMPATH\View\View.php(216): CodeIgniter\View\View->CodeIgniter\View\{closure}()
 4 SYSTEMPATH\Common.php(1135): CodeIgniter\View\View->render('admin/noticias/create.php', [], true)
 5 APPPATH\Controllers\Admin\Servicos.php(95): view('admin/noticias/create.php')
 6 SYSTEMPATH\CodeIgniter.php(925): App\Controllers\Admin\Servicos->create()
 7 SYSTEMPATH\CodeIgniter.php(480): CodeIgniter\CodeIgniter->runController(Object(App\Controllers\Admin\Servicos))
 8 SYSTEMPATH\CodeIgniter.php(349): CodeIgniter\CodeIgniter->handleRequest(null, Object(Config\Cache), false)
 9 FCPATH\index.php(67): CodeIgniter\CodeIgniter->run()
CRITICAL - 2023-01-24 13:19:15 --> Undefined variable: categoria
in APPPATH\Views\admin\noticias\create.php on line 179.
 1 APPPATH\Views\admin\noticias\create.php(179): CodeIgniter\Debug\Exceptions->errorHandler(8, 'Undefined variable: categoria', 'APPPATH\\Views\\admin\\noticias\\create.php', 179, [...])
 2 SYSTEMPATH\View\View.php(213): include('APPPATH\\Views\\admin\\noticias\\create.php')
 3 SYSTEMPATH\View\View.php(216): CodeIgniter\View\View->CodeIgniter\View\{closure}()
 4 SYSTEMPATH\Common.php(1135): CodeIgniter\View\View->render('admin/noticias/create.php', [], true)
 5 APPPATH\Controllers\Admin\Servicos.php(95): view('admin/noticias/create.php')
 6 SYSTEMPATH\CodeIgniter.php(925): App\Controllers\Admin\Servicos->create()
 7 SYSTEMPATH\CodeIgniter.php(480): CodeIgniter\CodeIgniter->runController(Object(App\Controllers\Admin\Servicos))
 8 SYSTEMPATH\CodeIgniter.php(349): CodeIgniter\CodeIgniter->handleRequest(null, Object(Config\Cache), false)
 9 FCPATH\index.php(67): CodeIgniter\CodeIgniter->run()
CRITICAL - 2023-01-24 13:25:47 --> Undefined property: App\Controllers\Admin\Servicos::$modelCategoria
in APPPATH\Controllers\Admin\Servicos.php on line 148.
 1 APPPATH\Controllers\Admin\Servicos.php(148): CodeIgniter\Debug\Exceptions->errorHandler(8, 'Undefined property: App\\Controllers\\Admin\\Servicos::$modelCategoria', 'APPPATH\\Controllers\\Admin\\Servicos.php', 148, [...])
 2 SYSTEMPATH\CodeIgniter.php(925): App\Controllers\Admin\Servicos->edit('12')
 3 SYSTEMPATH\CodeIgniter.php(480): CodeIgniter\CodeIgniter->runController(Object(App\Controllers\Admin\Servicos))
 4 SYSTEMPATH\CodeIgniter.php(349): CodeIgniter\CodeIgniter->handleRequest(null, Object(Config\Cache), false)
 5 FCPATH\index.php(67): CodeIgniter\CodeIgniter->run()
CRITICAL - 2023-01-24 13:26:30 --> Undefined variable: field
in APPPATH\Views\admin\servicos\edit.php on line 132.
 1 APPPATH\Views\admin\servicos\edit.php(132): CodeIgniter\Debug\Exceptions->errorHandler(8, 'Undefined variable: field', 'APPPATH\\Views\\admin\\servicos\\edit.php', 132, [...])
 2 SYSTEMPATH\View\View.php(213): include('APPPATH\\Views\\admin\\servicos\\edit.php')
 3 SYSTEMPATH\View\View.php(216): CodeIgniter\View\View->CodeIgniter\View\{closure}()
 4 SYSTEMPATH\Common.php(1135): CodeIgniter\View\View->render('admin/servicos/edit.php', [], true)
 5 APPPATH\Controllers\Admin\Servicos.php(150): view('admin/servicos/edit.php')
 6 SYSTEMPATH\CodeIgniter.php(925): App\Controllers\Admin\Servicos->edit('12')
 7 SYSTEMPATH\CodeIgniter.php(480): CodeIgniter\CodeIgniter->runController(Object(App\Controllers\Admin\Servicos))
 8 SYSTEMPATH\CodeIgniter.php(349): CodeIgniter\CodeIgniter->handleRequest(null, Object(Config\Cache), false)
 9 FCPATH\index.php(67): CodeIgniter\CodeIgniter->run()
CRITICAL - 2023-01-24 13:27:25 --> Undefined variable: field
in APPPATH\Views\admin\servicos\edit.php on line 132.
 1 APPPATH\Views\admin\servicos\edit.php(132): CodeIgniter\Debug\Exceptions->errorHandler(8, 'Undefined variable: field', 'APPPATH\\Views\\admin\\servicos\\edit.php', 132, [...])
 2 SYSTEMPATH\View\View.php(213): include('APPPATH\\Views\\admin\\servicos\\edit.php')
 3 SYSTEMPATH\View\View.php(216): CodeIgniter\View\View->CodeIgniter\View\{closure}()
 4 SYSTEMPATH\Common.php(1135): CodeIgniter\View\View->render('admin/servicos/edit.php', [], true)
 5 APPPATH\Controllers\Admin\Servicos.php(150): view('admin/servicos/edit.php')
 6 SYSTEMPATH\CodeIgniter.php(925): App\Controllers\Admin\Servicos->edit('12')
 7 SYSTEMPATH\CodeIgniter.php(480): CodeIgniter\CodeIgniter->runController(Object(App\Controllers\Admin\Servicos))
 8 SYSTEMPATH\CodeIgniter.php(349): CodeIgniter\CodeIgniter->handleRequest(null, Object(Config\Cache), false)
 9 FCPATH\index.php(67): CodeIgniter\CodeIgniter->run()
CRITICAL - 2023-01-24 13:28:18 --> Undefined variable: field
in APPPATH\Views\admin\servicos\edit.php on line 132.
 1 APPPATH\Views\admin\servicos\edit.php(132): CodeIgniter\Debug\Exceptions->errorHandler(8, 'Undefined variable: field', 'APPPATH\\Views\\admin\\servicos\\edit.php', 132, [...])
 2 SYSTEMPATH\View\View.php(213): include('APPPATH\\Views\\admin\\servicos\\edit.php')
 3 SYSTEMPATH\View\View.php(216): CodeIgniter\View\View->CodeIgniter\View\{closure}()
 4 SYSTEMPATH\Common.php(1135): CodeIgniter\View\View->render('admin/servicos/edit.php', [], true)
 5 APPPATH\Controllers\Admin\Servicos.php(150): view('admin/servicos/edit.php')
 6 SYSTEMPATH\CodeIgniter.php(925): App\Controllers\Admin\Servicos->edit('12')
 7 SYSTEMPATH\CodeIgniter.php(480): CodeIgniter\CodeIgniter->runController(Object(App\Controllers\Admin\Servicos))
 8 SYSTEMPATH\CodeIgniter.php(349): CodeIgniter\CodeIgniter->handleRequest(null, Object(Config\Cache), false)
 9 FCPATH\index.php(67): CodeIgniter\CodeIgniter->run()
CRITICAL - 2023-01-24 14:10:43 --> Undefined property: stdClass::$capa
in APPPATH\Views\admin\noticias\index.php on line 103.
 1 APPPATH\Views\admin\noticias\index.php(103): CodeIgniter\Debug\Exceptions->errorHandler(8, 'Undefined property: stdClass::$capa', 'APPPATH\\Views\\admin\\noticias\\index.php', 103, [...])
 2 SYSTEMPATH\View\View.php(213): include('APPPATH\\Views\\admin\\noticias\\index.php')
 3 SYSTEMPATH\View\View.php(216): CodeIgniter\View\View->CodeIgniter\View\{closure}()
 4 SYSTEMPATH\Common.php(1135): CodeIgniter\View\View->render('admin/noticias/index.php', [], true)
 5 APPPATH\Controllers\Admin\Galeria.php(48): view('admin/noticias/index.php', [...])
 6 SYSTEMPATH\CodeIgniter.php(925): App\Controllers\Admin\Galeria->index()
 7 SYSTEMPATH\CodeIgniter.php(480): CodeIgniter\CodeIgniter->runController(Object(App\Controllers\Admin\Galeria))
 8 SYSTEMPATH\CodeIgniter.php(349): CodeIgniter\CodeIgniter->handleRequest(null, Object(Config\Cache), false)
 9 FCPATH\index.php(67): CodeIgniter\CodeIgniter->run()
CRITICAL - 2023-01-24 14:11:22 --> Undefined property: stdClass::$dataNoticia
in APPPATH\Views\admin\noticias\index.php on line 105.
 1 APPPATH\Views\admin\noticias\index.php(105): CodeIgniter\Debug\Exceptions->errorHandler(8, 'Undefined property: stdClass::$dataNoticia', 'APPPATH\\Views\\admin\\noticias\\index.php', 105, [...])
 2 SYSTEMPATH\View\View.php(213): include('APPPATH\\Views\\admin\\noticias\\index.php')
 3 SYSTEMPATH\View\View.php(216): CodeIgniter\View\View->CodeIgniter\View\{closure}()
 4 SYSTEMPATH\Common.php(1135): CodeIgniter\View\View->render('admin/noticias/index.php', [], true)
 5 APPPATH\Controllers\Admin\Galeria.php(48): view('admin/noticias/index.php', [...])
 6 SYSTEMPATH\CodeIgniter.php(925): App\Controllers\Admin\Galeria->index()
 7 SYSTEMPATH\CodeIgniter.php(480): CodeIgniter\CodeIgniter->runController(Object(App\Controllers\Admin\Galeria))
 8 SYSTEMPATH\CodeIgniter.php(349): CodeIgniter\CodeIgniter->handleRequest(null, Object(Config\Cache), false)
 9 FCPATH\index.php(67): CodeIgniter\CodeIgniter->run()
CRITICAL - 2023-01-24 14:11:45 --> Undefined property: stdClass::$dataNoticia
in APPPATH\Views\admin\noticias\index.php on line 105.
 1 APPPATH\Views\admin\noticias\index.php(105): CodeIgniter\Debug\Exceptions->errorHandler(8, 'Undefined property: stdClass::$dataNoticia', 'APPPATH\\Views\\admin\\noticias\\index.php', 105, [...])
 2 SYSTEMPATH\View\View.php(213): include('APPPATH\\Views\\admin\\noticias\\index.php')
 3 SYSTEMPATH\View\View.php(216): CodeIgniter\View\View->CodeIgniter\View\{closure}()
 4 SYSTEMPATH\Common.php(1135): CodeIgniter\View\View->render('admin/noticias/index.php', [], true)
 5 APPPATH\Controllers\Admin\Galeria.php(48): view('admin/noticias/index.php', [...])
 6 SYSTEMPATH\CodeIgniter.php(925): App\Controllers\Admin\Galeria->index()
 7 SYSTEMPATH\CodeIgniter.php(480): CodeIgniter\CodeIgniter->runController(Object(App\Controllers\Admin\Galeria))
 8 SYSTEMPATH\CodeIgniter.php(349): CodeIgniter\CodeIgniter->handleRequest(null, Object(Config\Cache), false)
 9 FCPATH\index.php(67): CodeIgniter\CodeIgniter->run()
CRITICAL - 2023-01-24 14:13:02 --> Undefined property: stdClass::$dataNoticia
in APPPATH\Views\admin\noticias\index.php on line 105.
 1 APPPATH\Views\admin\noticias\index.php(105): CodeIgniter\Debug\Exceptions->errorHandler(8, 'Undefined property: stdClass::$dataNoticia', 'APPPATH\\Views\\admin\\noticias\\index.php', 105, [...])
 2 SYSTEMPATH\View\View.php(213): include('APPPATH\\Views\\admin\\noticias\\index.php')
 3 SYSTEMPATH\View\View.php(216): CodeIgniter\View\View->CodeIgniter\View\{closure}()
 4 SYSTEMPATH\Common.php(1135): CodeIgniter\View\View->render('admin/noticias/index.php', [], true)
 5 APPPATH\Controllers\Admin\Galeria.php(48): view('admin/noticias/index.php', [...])
 6 SYSTEMPATH\CodeIgniter.php(925): App\Controllers\Admin\Galeria->index()
 7 SYSTEMPATH\CodeIgniter.php(480): CodeIgniter\CodeIgniter->runController(Object(App\Controllers\Admin\Galeria))
 8 SYSTEMPATH\CodeIgniter.php(349): CodeIgniter\CodeIgniter->handleRequest(null, Object(Config\Cache), false)
 9 FCPATH\index.php(67): CodeIgniter\CodeIgniter->run()
ERROR - 2023-01-24 14:17:12 --> mysqli_sql_exception: Cannot add or update a child row: a foreign key constraint fails (`admin`.`galeria`, CONSTRAINT `galeria_categorias` FOREIGN KEY (`idCategoria`) REFERENCES `galeria_categorias` (`id`)) in C:\wamp64\www\admin\system\Database\MySQLi\Connection.php:292
Stack trace:
#0 C:\wamp64\www\admin\system\Database\MySQLi\Connection.php(292): mysqli->query('UPDATE `galeria...', 0)
#1 C:\wamp64\www\admin\system\Database\BaseConnection.php(666): CodeIgniter\Database\MySQLi\Connection->execute('UPDATE `galeria...')
#2 C:\wamp64\www\admin\system\Database\BaseConnection.php(593): CodeIgniter\Database\BaseConnection->simpleQuery('UPDATE `galeria...')
#3 C:\wamp64\www\admin\system\Database\BaseBuilder.php(2079): CodeIgniter\Database\BaseConnection->query('UPDATE `galeria...', Array, false)
#4 C:\wamp64\www\admin\system\Model.php(362): CodeIgniter\Database\BaseBuilder->update()
#5 C:\wamp64\www\admin\system\BaseModel.php(887): CodeIgniter\Model->doUpdate(Array, Array)
#6 C:\wamp64\www\admin\system\Model.php(725): CodeIgniter\BaseModel->update(Array, Array)
#7 C:\wamp64\www\admin\app\Controllers\Admin\Galeria.php(169): CodeIgniter\Model->update('2', Array)
#8 C:\wamp64\www\admin\app\Controllers\Admin\Galeria.php(137): App\Controllers\Admin\Galeria->update('2')
#9 C:\wamp64\www\admin\system\CodeIgniter.php(925): App\Controllers\Admin\Galeria->edit('2')
#10 C:\wamp64\www\admin\system\CodeIgniter.php(480): CodeIgniter\CodeIgniter->runController(Object(App\Controllers\Admin\Galeria))
#11 C:\wamp64\www\admin\system\CodeIgniter.php(349): CodeIgniter\CodeIgniter->handleRequest(NULL, Object(Config\Cache), false)
#12 C:\wamp64\www\admin\public\index.php(67): CodeIgniter\CodeIgniter->run()
#13 {main}
CRITICAL - 2023-01-24 14:17:13 --> Cannot add or update a child row: a foreign key constraint fails (`admin`.`galeria`, CONSTRAINT `galeria_categorias` FOREIGN KEY (`idCategoria`) REFERENCES `galeria_categorias` (`id`))
in SYSTEMPATH\Database\MySQLi\Connection.php on line 292.
 1 SYSTEMPATH\Database\MySQLi\Connection.php(292): mysqli->query('UPDATE `galeria` SET `idUsuario` = \'149\', `titulo` = \'Galeria 2\', `status` = \'0\', `idCategoria` = \'Selecione\', `capa` = \'http://local.admin/assets/dist/img/1674584213.png\', `updated_at` = \'2023-01-24 14:17:12\'
WHERE `galeria`.`id` IN (\'2\')', 0)
 2 SYSTEMPATH\Database\BaseConnection.php(666): CodeIgniter\Database\MySQLi\Connection->execute('UPDATE `galeria` SET `idUsuario` = \'149\', `titulo` = \'Galeria 2\', `status` = \'0\', `idCategoria` = \'Selecione\', `capa` = \'http://local.admin/assets/dist/img/1674584213.png\', `updated_at` = \'2023-01-24 14:17:12\'
WHERE `galeria`.`id` IN (\'2\')')
 3 SYSTEMPATH\Database\BaseConnection.php(593): CodeIgniter\Database\BaseConnection->simpleQuery('UPDATE `galeria` SET `idUsuario` = \'149\', `titulo` = \'Galeria 2\', `status` = \'0\', `idCategoria` = \'Selecione\', `capa` = \'http://local.admin/assets/dist/img/1674584213.png\', `updated_at` = \'2023-01-24 14:17:12\'
WHERE `galeria`.`id` IN (\'2\')')
 4 SYSTEMPATH\Database\BaseBuilder.php(2079): CodeIgniter\Database\BaseConnection->query('UPDATE `galeria` SET `idUsuario` = :idUsuario:, `titulo` = :titulo:, `status` = :status:, `idCategoria` = :idCategoria:, `capa` = :capa:, `updated_at` = :updated_at:
WHERE `galeria`.`id` IN :galeria.id:', [...], false)
 5 SYSTEMPATH\Model.php(362): CodeIgniter\Database\BaseBuilder->update()
 6 SYSTEMPATH\BaseModel.php(887): CodeIgniter\Model->doUpdate([...], [...])
 7 SYSTEMPATH\Model.php(725): CodeIgniter\BaseModel->update([...], [...])
 8 APPPATH\Controllers\Admin\Galeria.php(169): CodeIgniter\Model->update('2', [...])
 9 APPPATH\Controllers\Admin\Galeria.php(137): App\Controllers\Admin\Galeria->update('2')
10 SYSTEMPATH\CodeIgniter.php(925): App\Controllers\Admin\Galeria->edit('2')
11 SYSTEMPATH\CodeIgniter.php(480): CodeIgniter\CodeIgniter->runController(Object(App\Controllers\Admin\Galeria))
12 SYSTEMPATH\CodeIgniter.php(349): CodeIgniter\CodeIgniter->handleRequest(null, Object(Config\Cache), false)
13 FCPATH\index.php(67): CodeIgniter\CodeIgniter->run()
ERROR - 2023-01-24 14:21:41 --> mysqli_sql_exception: Cannot add or update a child row: a foreign key constraint fails (`admin`.`galeria`, CONSTRAINT `galeria_categorias` FOREIGN KEY (`idCategoria`) REFERENCES `galeria_categorias` (`id`)) in C:\wamp64\www\admin\system\Database\MySQLi\Connection.php:292
Stack trace:
#0 C:\wamp64\www\admin\system\Database\MySQLi\Connection.php(292): mysqli->query('INSERT INTO `ga...', 0)
#1 C:\wamp64\www\admin\system\Database\BaseConnection.php(666): CodeIgniter\Database\MySQLi\Connection->execute('INSERT INTO `ga...')
#2 C:\wamp64\www\admin\system\Database\BaseConnection.php(593): CodeIgniter\Database\BaseConnection->simpleQuery('INSERT INTO `ga...')
#3 C:\wamp64\www\admin\system\Database\BaseBuilder.php(1916): CodeIgniter\Database\BaseConnection->query('INSERT INTO `ga...', Array, false)
#4 C:\wamp64\www\admin\system\Model.php(303): CodeIgniter\Database\BaseBuilder->insert()
#5 C:\wamp64\www\admin\system\BaseModel.php(750): CodeIgniter\Model->doInsert(Array)
#6 C:\wamp64\www\admin\system\Model.php(699): CodeIgniter\BaseModel->insert(Array, true)
#7 C:\wamp64\www\admin\app\Controllers\Admin\Galeria.php(112): CodeIgniter\Model->insert(Array)
#8 C:\wamp64\www\admin\app\Controllers\Admin\Galeria.php(70): App\Controllers\Admin\Galeria->save()
#9 C:\wamp64\www\admin\system\CodeIgniter.php(925): App\Controllers\Admin\Galeria->create()
#10 C:\wamp64\www\admin\system\CodeIgniter.php(480): CodeIgniter\CodeIgniter->runController(Object(App\Controllers\Admin\Galeria))
#11 C:\wamp64\www\admin\system\CodeIgniter.php(349): CodeIgniter\CodeIgniter->handleRequest(NULL, Object(Config\Cache), false)
#12 C:\wamp64\www\admin\public\index.php(67): CodeIgniter\CodeIgniter->run()
#13 {main}
CRITICAL - 2023-01-24 14:21:41 --> Cannot add or update a child row: a foreign key constraint fails (`admin`.`galeria`, CONSTRAINT `galeria_categorias` FOREIGN KEY (`idCategoria`) REFERENCES `galeria_categorias` (`id`))
in SYSTEMPATH\Database\MySQLi\Connection.php on line 292.
 1 SYSTEMPATH\Database\MySQLi\Connection.php(292): mysqli->query('INSERT INTO `galeria` (`idUsuario`, `titulo`, `status`, `idCategoria`, `capa`, `created_at`, `updated_at`) VALUES (\'149\', \'Galeria 5\', \'1\', \'Selecione\', \'\', \'2023-01-24 14:21:41\', \'2023-01-24 14:21:41\')', 0)
 2 SYSTEMPATH\Database\BaseConnection.php(666): CodeIgniter\Database\MySQLi\Connection->execute('INSERT INTO `galeria` (`idUsuario`, `titulo`, `status`, `idCategoria`, `capa`, `created_at`, `updated_at`) VALUES (\'149\', \'Galeria 5\', \'1\', \'Selecione\', \'\', \'2023-01-24 14:21:41\', \'2023-01-24 14:21:41\')')
 3 SYSTEMPATH\Database\BaseConnection.php(593): CodeIgniter\Database\BaseConnection->simpleQuery('INSERT INTO `galeria` (`idUsuario`, `titulo`, `status`, `idCategoria`, `capa`, `created_at`, `updated_at`) VALUES (\'149\', \'Galeria 5\', \'1\', \'Selecione\', \'\', \'2023-01-24 14:21:41\', \'2023-01-24 14:21:41\')')
 4 SYSTEMPATH\Database\BaseBuilder.php(1916): CodeIgniter\Database\BaseConnection->query('INSERT INTO `galeria` (`idUsuario`, `titulo`, `status`, `idCategoria`, `capa`, `created_at`, `updated_at`) VALUES (:idUsuario:, :titulo:, :status:, :idCategoria:, :capa:, :created_at:, :updated_at:)', [...], false)
 5 SYSTEMPATH\Model.php(303): CodeIgniter\Database\BaseBuilder->insert()
 6 SYSTEMPATH\BaseModel.php(750): CodeIgniter\Model->doInsert([...])
 7 SYSTEMPATH\Model.php(699): CodeIgniter\BaseModel->insert([...], true)
 8 APPPATH\Controllers\Admin\Galeria.php(112): CodeIgniter\Model->insert([...])
 9 APPPATH\Controllers\Admin\Galeria.php(70): App\Controllers\Admin\Galeria->save()
10 SYSTEMPATH\CodeIgniter.php(925): App\Controllers\Admin\Galeria->create()
11 SYSTEMPATH\CodeIgniter.php(480): CodeIgniter\CodeIgniter->runController(Object(App\Controllers\Admin\Galeria))
12 SYSTEMPATH\CodeIgniter.php(349): CodeIgniter\CodeIgniter->handleRequest(null, Object(Config\Cache), false)
13 FCPATH\index.php(67): CodeIgniter\CodeIgniter->run()
ERROR - 2023-01-24 14:22:43 --> mysqli_sql_exception: Cannot add or update a child row: a foreign key constraint fails (`admin`.`galeria`, CONSTRAINT `galeria_categorias` FOREIGN KEY (`idCategoria`) REFERENCES `galeria_categorias` (`id`)) in C:\wamp64\www\admin\system\Database\MySQLi\Connection.php:292
Stack trace:
#0 C:\wamp64\www\admin\system\Database\MySQLi\Connection.php(292): mysqli->query('INSERT INTO `ga...', 0)
#1 C:\wamp64\www\admin\system\Database\BaseConnection.php(666): CodeIgniter\Database\MySQLi\Connection->execute('INSERT INTO `ga...')
#2 C:\wamp64\www\admin\system\Database\BaseConnection.php(593): CodeIgniter\Database\BaseConnection->simpleQuery('INSERT INTO `ga...')
#3 C:\wamp64\www\admin\system\Database\BaseBuilder.php(1916): CodeIgniter\Database\BaseConnection->query('INSERT INTO `ga...', Array, false)
#4 C:\wamp64\www\admin\system\Model.php(303): CodeIgniter\Database\BaseBuilder->insert()
#5 C:\wamp64\www\admin\system\BaseModel.php(750): CodeIgniter\Model->doInsert(Array)
#6 C:\wamp64\www\admin\system\Model.php(699): CodeIgniter\BaseModel->insert(Array, true)
#7 C:\wamp64\www\admin\app\Controllers\Admin\Galeria.php(112): CodeIgniter\Model->insert(Array)
#8 C:\wamp64\www\admin\app\Controllers\Admin\Galeria.php(70): App\Controllers\Admin\Galeria->save()
#9 C:\wamp64\www\admin\system\CodeIgniter.php(925): App\Controllers\Admin\Galeria->create()
#10 C:\wamp64\www\admin\system\CodeIgniter.php(480): CodeIgniter\CodeIgniter->runController(Object(App\Controllers\Admin\Galeria))
#11 C:\wamp64\www\admin\system\CodeIgniter.php(349): CodeIgniter\CodeIgniter->handleRequest(NULL, Object(Config\Cache), false)
#12 C:\wamp64\www\admin\public\index.php(67): CodeIgniter\CodeIgniter->run()
#13 {main}
CRITICAL - 2023-01-24 14:22:43 --> Cannot add or update a child row: a foreign key constraint fails (`admin`.`galeria`, CONSTRAINT `galeria_categorias` FOREIGN KEY (`idCategoria`) REFERENCES `galeria_categorias` (`id`))
in SYSTEMPATH\Database\MySQLi\Connection.php on line 292.
 1 SYSTEMPATH\Database\MySQLi\Connection.php(292): mysqli->query('INSERT INTO `galeria` (`idUsuario`, `titulo`, `status`, `idCategoria`, `capa`, `created_at`, `updated_at`) VALUES (\'149\', \'Galeria 5\', \'1\', \'NULL\', \'\', \'2023-01-24 14:22:43\', \'2023-01-24 14:22:43\')', 0)
 2 SYSTEMPATH\Database\BaseConnection.php(666): CodeIgniter\Database\MySQLi\Connection->execute('INSERT INTO `galeria` (`idUsuario`, `titulo`, `status`, `idCategoria`, `capa`, `created_at`, `updated_at`) VALUES (\'149\', \'Galeria 5\', \'1\', \'NULL\', \'\', \'2023-01-24 14:22:43\', \'2023-01-24 14:22:43\')')
 3 SYSTEMPATH\Database\BaseConnection.php(593): CodeIgniter\Database\BaseConnection->simpleQuery('INSERT INTO `galeria` (`idUsuario`, `titulo`, `status`, `idCategoria`, `capa`, `created_at`, `updated_at`) VALUES (\'149\', \'Galeria 5\', \'1\', \'NULL\', \'\', \'2023-01-24 14:22:43\', \'2023-01-24 14:22:43\')')
 4 SYSTEMPATH\Database\BaseBuilder.php(1916): CodeIgniter\Database\BaseConnection->query('INSERT INTO `galeria` (`idUsuario`, `titulo`, `status`, `idCategoria`, `capa`, `created_at`, `updated_at`) VALUES (:idUsuario:, :titulo:, :status:, :idCategoria:, :capa:, :created_at:, :updated_at:)', [...], false)
 5 SYSTEMPATH\Model.php(303): CodeIgniter\Database\BaseBuilder->insert()
 6 SYSTEMPATH\BaseModel.php(750): CodeIgniter\Model->doInsert([...])
 7 SYSTEMPATH\Model.php(699): CodeIgniter\BaseModel->insert([...], true)
 8 APPPATH\Controllers\Admin\Galeria.php(112): CodeIgniter\Model->insert([...])
 9 APPPATH\Controllers\Admin\Galeria.php(70): App\Controllers\Admin\Galeria->save()
10 SYSTEMPATH\CodeIgniter.php(925): App\Controllers\Admin\Galeria->create()
11 SYSTEMPATH\CodeIgniter.php(480): CodeIgniter\CodeIgniter->runController(Object(App\Controllers\Admin\Galeria))
12 SYSTEMPATH\CodeIgniter.php(349): CodeIgniter\CodeIgniter->handleRequest(null, Object(Config\Cache), false)
13 FCPATH\index.php(67): CodeIgniter\CodeIgniter->run()
ERROR - 2023-01-24 14:23:35 --> mysqli_sql_exception: Cannot add or update a child row: a foreign key constraint fails (`admin`.`galeria`, CONSTRAINT `galeria_categorias` FOREIGN KEY (`idCategoria`) REFERENCES `galeria_categorias` (`id`)) in C:\wamp64\www\admin\system\Database\MySQLi\Connection.php:292
Stack trace:
#0 C:\wamp64\www\admin\system\Database\MySQLi\Connection.php(292): mysqli->query('INSERT INTO `ga...', 0)
#1 C:\wamp64\www\admin\system\Database\BaseConnection.php(666): CodeIgniter\Database\MySQLi\Connection->execute('INSERT INTO `ga...')
#2 C:\wamp64\www\admin\system\Database\BaseConnection.php(593): CodeIgniter\Database\BaseConnection->simpleQuery('INSERT INTO `ga...')
#3 C:\wamp64\www\admin\system\Database\BaseBuilder.php(1916): CodeIgniter\Database\BaseConnection->query('INSERT INTO `ga...', Array, false)
#4 C:\wamp64\www\admin\system\Model.php(303): CodeIgniter\Database\BaseBuilder->insert()
#5 C:\wamp64\www\admin\system\BaseModel.php(750): CodeIgniter\Model->doInsert(Array)
#6 C:\wamp64\www\admin\system\Model.php(699): CodeIgniter\BaseModel->insert(Array, true)
#7 C:\wamp64\www\admin\app\Controllers\Admin\Galeria.php(112): CodeIgniter\Model->insert(Array)
#8 C:\wamp64\www\admin\app\Controllers\Admin\Galeria.php(70): App\Controllers\Admin\Galeria->save()
#9 C:\wamp64\www\admin\system\CodeIgniter.php(925): App\Controllers\Admin\Galeria->create()
#10 C:\wamp64\www\admin\system\CodeIgniter.php(480): CodeIgniter\CodeIgniter->runController(Object(App\Controllers\Admin\Galeria))
#11 C:\wamp64\www\admin\system\CodeIgniter.php(349): CodeIgniter\CodeIgniter->handleRequest(NULL, Object(Config\Cache), false)
#12 C:\wamp64\www\admin\public\index.php(67): CodeIgniter\CodeIgniter->run()
#13 {main}
CRITICAL - 2023-01-24 14:23:35 --> Cannot add or update a child row: a foreign key constraint fails (`admin`.`galeria`, CONSTRAINT `galeria_categorias` FOREIGN KEY (`idCategoria`) REFERENCES `galeria_categorias` (`id`))
in SYSTEMPATH\Database\MySQLi\Connection.php on line 292.
 1 SYSTEMPATH\Database\MySQLi\Connection.php(292): mysqli->query('INSERT INTO `galeria` (`idUsuario`, `titulo`, `status`, `idCategoria`, `capa`, `created_at`, `updated_at`) VALUES (\'149\', \'Galeria 6\', \'1\', \'0\', \'http://local.admin/assets/dist/img/1674584612.png\', \'2023-01-24 14:23:35\', \'2023-01-24 14:23:35\')', 0)
 2 SYSTEMPATH\Database\BaseConnection.php(666): CodeIgniter\Database\MySQLi\Connection->execute('INSERT INTO `galeria` (`idUsuario`, `titulo`, `status`, `idCategoria`, `capa`, `created_at`, `updated_at`) VALUES (\'149\', \'Galeria 6\', \'1\', \'0\', \'http://local.admin/assets/dist/img/1674584612.png\', \'2023-01-24 14:23:35\', \'2023-01-24 14:23:35\')')
 3 SYSTEMPATH\Database\BaseConnection.php(593): CodeIgniter\Database\BaseConnection->simpleQuery('INSERT INTO `galeria` (`idUsuario`, `titulo`, `status`, `idCategoria`, `capa`, `created_at`, `updated_at`) VALUES (\'149\', \'Galeria 6\', \'1\', \'0\', \'http://local.admin/assets/dist/img/1674584612.png\', \'2023-01-24 14:23:35\', \'2023-01-24 14:23:35\')')
 4 SYSTEMPATH\Database\BaseBuilder.php(1916): CodeIgniter\Database\BaseConnection->query('INSERT INTO `galeria` (`idUsuario`, `titulo`, `status`, `idCategoria`, `capa`, `created_at`, `updated_at`) VALUES (:idUsuario:, :titulo:, :status:, :idCategoria:, :capa:, :created_at:, :updated_at:)', [...], false)
 5 SYSTEMPATH\Model.php(303): CodeIgniter\Database\BaseBuilder->insert()
 6 SYSTEMPATH\BaseModel.php(750): CodeIgniter\Model->doInsert([...])
 7 SYSTEMPATH\Model.php(699): CodeIgniter\BaseModel->insert([...], true)
 8 APPPATH\Controllers\Admin\Galeria.php(112): CodeIgniter\Model->insert([...])
 9 APPPATH\Controllers\Admin\Galeria.php(70): App\Controllers\Admin\Galeria->save()
10 SYSTEMPATH\CodeIgniter.php(925): App\Controllers\Admin\Galeria->create()
11 SYSTEMPATH\CodeIgniter.php(480): CodeIgniter\CodeIgniter->runController(Object(App\Controllers\Admin\Galeria))
12 SYSTEMPATH\CodeIgniter.php(349): CodeIgniter\CodeIgniter->handleRequest(null, Object(Config\Cache), false)
13 FCPATH\index.php(67): CodeIgniter\CodeIgniter->run()
ERROR - 2023-01-24 14:24:01 --> mysqli_sql_exception: Cannot add or update a child row: a foreign key constraint fails (`admin`.`galeria`, CONSTRAINT `galeria_categorias` FOREIGN KEY (`idCategoria`) REFERENCES `galeria_categorias` (`id`)) in C:\wamp64\www\admin\system\Database\MySQLi\Connection.php:292
Stack trace:
#0 C:\wamp64\www\admin\system\Database\MySQLi\Connection.php(292): mysqli->query('INSERT INTO `ga...', 0)
#1 C:\wamp64\www\admin\system\Database\BaseConnection.php(666): CodeIgniter\Database\MySQLi\Connection->execute('INSERT INTO `ga...')
#2 C:\wamp64\www\admin\system\Database\BaseConnection.php(593): CodeIgniter\Database\BaseConnection->simpleQuery('INSERT INTO `ga...')
#3 C:\wamp64\www\admin\system\Database\BaseBuilder.php(1916): CodeIgniter\Database\BaseConnection->query('INSERT INTO `ga...', Array, false)
#4 C:\wamp64\www\admin\system\Model.php(303): CodeIgniter\Database\BaseBuilder->insert()
#5 C:\wamp64\www\admin\system\BaseModel.php(750): CodeIgniter\Model->doInsert(Array)
#6 C:\wamp64\www\admin\system\Model.php(699): CodeIgniter\BaseModel->insert(Array, true)
#7 C:\wamp64\www\admin\app\Controllers\Admin\Galeria.php(112): CodeIgniter\Model->insert(Array)
#8 C:\wamp64\www\admin\app\Controllers\Admin\Galeria.php(70): App\Controllers\Admin\Galeria->save()
#9 C:\wamp64\www\admin\system\CodeIgniter.php(925): App\Controllers\Admin\Galeria->create()
#10 C:\wamp64\www\admin\system\CodeIgniter.php(480): CodeIgniter\CodeIgniter->runController(Object(App\Controllers\Admin\Galeria))
#11 C:\wamp64\www\admin\system\CodeIgniter.php(349): CodeIgniter\CodeIgniter->handleRequest(NULL, Object(Config\Cache), false)
#12 C:\wamp64\www\admin\public\index.php(67): CodeIgniter\CodeIgniter->run()
#13 {main}
CRITICAL - 2023-01-24 14:24:01 --> Cannot add or update a child row: a foreign key constraint fails (`admin`.`galeria`, CONSTRAINT `galeria_categorias` FOREIGN KEY (`idCategoria`) REFERENCES `galeria_categorias` (`id`))
in SYSTEMPATH\Database\MySQLi\Connection.php on line 292.
 1 SYSTEMPATH\Database\MySQLi\Connection.php(292): mysqli->query('INSERT INTO `galeria` (`idUsuario`, `titulo`, `status`, `idCategoria`, `capa`, `created_at`, `updated_at`) VALUES (\'149\', \'Galeria 6\', \'1\', \'0\', \'http://local.admin/assets/dist/img/1674584612.png\', \'2023-01-24 14:24:01\', \'2023-01-24 14:24:01\')', 0)
 2 SYSTEMPATH\Database\BaseConnection.php(666): CodeIgniter\Database\MySQLi\Connection->execute('INSERT INTO `galeria` (`idUsuario`, `titulo`, `status`, `idCategoria`, `capa`, `created_at`, `updated_at`) VALUES (\'149\', \'Galeria 6\', \'1\', \'0\', \'http://local.admin/assets/dist/img/1674584612.png\', \'2023-01-24 14:24:01\', \'2023-01-24 14:24:01\')')
 3 SYSTEMPATH\Database\BaseConnection.php(593): CodeIgniter\Database\BaseConnection->simpleQuery('INSERT INTO `galeria` (`idUsuario`, `titulo`, `status`, `idCategoria`, `capa`, `created_at`, `updated_at`) VALUES (\'149\', \'Galeria 6\', \'1\', \'0\', \'http://local.admin/assets/dist/img/1674584612.png\', \'2023-01-24 14:24:01\', \'2023-01-24 14:24:01\')')
 4 SYSTEMPATH\Database\BaseBuilder.php(1916): CodeIgniter\Database\BaseConnection->query('INSERT INTO `galeria` (`idUsuario`, `titulo`, `status`, `idCategoria`, `capa`, `created_at`, `updated_at`) VALUES (:idUsuario:, :titulo:, :status:, :idCategoria:, :capa:, :created_at:, :updated_at:)', [...], false)
 5 SYSTEMPATH\Model.php(303): CodeIgniter\Database\BaseBuilder->insert()
 6 SYSTEMPATH\BaseModel.php(750): CodeIgniter\Model->doInsert([...])
 7 SYSTEMPATH\Model.php(699): CodeIgniter\BaseModel->insert([...], true)
 8 APPPATH\Controllers\Admin\Galeria.php(112): CodeIgniter\Model->insert([...])
 9 APPPATH\Controllers\Admin\Galeria.php(70): App\Controllers\Admin\Galeria->save()
10 SYSTEMPATH\CodeIgniter.php(925): App\Controllers\Admin\Galeria->create()
11 SYSTEMPATH\CodeIgniter.php(480): CodeIgniter\CodeIgniter->runController(Object(App\Controllers\Admin\Galeria))
12 SYSTEMPATH\CodeIgniter.php(349): CodeIgniter\CodeIgniter->handleRequest(null, Object(Config\Cache), false)
13 FCPATH\index.php(67): CodeIgniter\CodeIgniter->run()
