CRITICAL - 2023-01-13 13:15:37 --> Undefined variable: alert
in APPPATH\Views\admin\usuarios\edit.php on line 80.
 1 APPPATH\Views\admin\usuarios\edit.php(80): CodeIgniter\Debug\Exceptions->errorHandler(8, 'Undefined variable: alert', 'APPPATH\\Views\\admin\\usuarios\\edit.php', 80, [...])
 2 SYSTEMPATH\View\View.php(213): include('APPPATH\\Views\\admin\\usuarios\\edit.php')
 3 SYSTEMPATH\View\View.php(216): CodeIgniter\View\View->CodeIgniter\View\{closure}()
 4 SYSTEMPATH\Common.php(1135): CodeIgniter\View\View->render('admin/usuarios/edit.php', [], true)
 5 APPPATH\Controllers\Admin\Usuarios.php(92): view('admin/usuarios/edit.php', [...])
 6 SYSTEMPATH\CodeIgniter.php(925): App\Controllers\Admin\Usuarios->edit('1', 'edit')
 7 SYSTEMPATH\CodeIgniter.php(480): CodeIgniter\CodeIgniter->runController(Object(App\Controllers\Admin\Usuarios))
 8 SYSTEMPATH\CodeIgniter.php(349): CodeIgniter\CodeIgniter->handleRequest(null, Object(Config\Cache), false)
 9 FCPATH\index.php(67): CodeIgniter\CodeIgniter->run()
10 SYSTEMPATH\Commands\Server\rewrite.php(47): require_once('FCPATH\\index.php')
CRITICAL - 2023-01-13 13:17:57 --> Maximum execution time of 60 seconds exceeded
in SYSTEMPATH\Database\MySQLi\Connection.php on line 292.
 1 [internal function]: CodeIgniter\Debug\Exceptions->shutdownHandler()
CRITICAL - 2023-01-13 13:28:55 --> Undefined variable: validation
in APPPATH\Controllers\Admin\Usuarios.php on line 37.
 1 APPPATH\Controllers\Admin\Usuarios.php(37): CodeIgniter\Debug\Exceptions->errorHandler(8, 'Undefined variable: validation', 'APPPATH\\Controllers\\Admin\\Usuarios.php', 37, [])
 2 SYSTEMPATH\CodeIgniter.php(925): App\Controllers\Admin\Usuarios->create()
 3 SYSTEMPATH\CodeIgniter.php(480): CodeIgniter\CodeIgniter->runController(Object(App\Controllers\Admin\Usuarios))
 4 SYSTEMPATH\CodeIgniter.php(349): CodeIgniter\CodeIgniter->handleRequest(null, Object(Config\Cache), false)
 5 FCPATH\index.php(67): CodeIgniter\CodeIgniter->run()
 6 SYSTEMPATH\Commands\Server\rewrite.php(47): require_once('FCPATH\\index.php')
CRITICAL - 2023-01-13 13:29:15 --> Argument 1 passed to CodeIgniter\Validation\Validation::setRules() must be of the type array, object given, called in C:\wamp64\www\admin\system\Controller.php on line 184
in SYSTEMPATH\Validation\Validation.php on line 463.
 1 SYSTEMPATH\Controller.php(184): CodeIgniter\Validation\Validation->setRules(Object(CodeIgniter\Validation\Validation), [])
 2 SYSTEMPATH\Controller.php(138): CodeIgniter\Controller->setValidator(Object(CodeIgniter\Validation\Validation), [])
 3 APPPATH\Controllers\Admin\Usuarios.php(44): CodeIgniter\Controller->validate(Object(CodeIgniter\Validation\Validation))
 4 SYSTEMPATH\CodeIgniter.php(925): App\Controllers\Admin\Usuarios->create()
 5 SYSTEMPATH\CodeIgniter.php(480): CodeIgniter\CodeIgniter->runController(Object(App\Controllers\Admin\Usuarios))
 6 SYSTEMPATH\CodeIgniter.php(349): CodeIgniter\CodeIgniter->handleRequest(null, Object(Config\Cache), false)
 7 FCPATH\index.php(67): CodeIgniter\CodeIgniter->run()
 8 SYSTEMPATH\Commands\Server\rewrite.php(47): require_once('FCPATH\\index.php')
CRITICAL - 2023-01-13 13:29:27 --> Argument 1 passed to CodeIgniter\Validation\Validation::setRules() must be of the type array, object given, called in C:\wamp64\www\admin\system\Controller.php on line 184
in SYSTEMPATH\Validation\Validation.php on line 463.
 1 SYSTEMPATH\Controller.php(184): CodeIgniter\Validation\Validation->setRules(Object(CodeIgniter\Validation\Validation), [])
 2 SYSTEMPATH\Controller.php(138): CodeIgniter\Controller->setValidator(Object(CodeIgniter\Validation\Validation), [])
 3 APPPATH\Controllers\Admin\Usuarios.php(44): CodeIgniter\Controller->validate(Object(CodeIgniter\Validation\Validation))
 4 SYSTEMPATH\CodeIgniter.php(925): App\Controllers\Admin\Usuarios->create()
 5 SYSTEMPATH\CodeIgniter.php(480): CodeIgniter\CodeIgniter->runController(Object(App\Controllers\Admin\Usuarios))
 6 SYSTEMPATH\CodeIgniter.php(349): CodeIgniter\CodeIgniter->handleRequest(null, Object(Config\Cache), false)
 7 FCPATH\index.php(67): CodeIgniter\CodeIgniter->run()
 8 SYSTEMPATH\Commands\Server\rewrite.php(47): require_once('FCPATH\\index.php')
CRITICAL - 2023-01-13 13:31:47 --> Call to undefined function set_value()
in APPPATH\Views\admin\usuarios\create.php on line 47.
 1 SYSTEMPATH\View\View.php(213): include()
 2 SYSTEMPATH\View\View.php(216): CodeIgniter\View\View->CodeIgniter\View\{closure}()
 3 SYSTEMPATH\Common.php(1135): CodeIgniter\View\View->render('admin/usuarios/create.php', [], true)
 4 APPPATH\Controllers\Admin\Usuarios.php(61): view('admin/usuarios/create.php')
 5 SYSTEMPATH\CodeIgniter.php(925): App\Controllers\Admin\Usuarios->create()
 6 SYSTEMPATH\CodeIgniter.php(480): CodeIgniter\CodeIgniter->runController(Object(App\Controllers\Admin\Usuarios))
 7 SYSTEMPATH\CodeIgniter.php(349): CodeIgniter\CodeIgniter->handleRequest(null, Object(Config\Cache), false)
 8 FCPATH\index.php(67): CodeIgniter\CodeIgniter->run()
 9 SYSTEMPATH\Commands\Server\rewrite.php(47): require_once('FCPATH\\index.php')
CRITICAL - 2023-01-13 13:33:10 --> Call to undefined function form_open()
in APPPATH\Views\admin\usuarios\create.php on line 43.
 1 SYSTEMPATH\View\View.php(213): include()
 2 SYSTEMPATH\View\View.php(216): CodeIgniter\View\View->CodeIgniter\View\{closure}()
 3 SYSTEMPATH\Common.php(1135): CodeIgniter\View\View->render('admin/usuarios/create.php', [], true)
 4 APPPATH\Controllers\Admin\Usuarios.php(61): view('admin/usuarios/create.php')
 5 SYSTEMPATH\CodeIgniter.php(925): App\Controllers\Admin\Usuarios->create()
 6 SYSTEMPATH\CodeIgniter.php(480): CodeIgniter\CodeIgniter->runController(Object(App\Controllers\Admin\Usuarios))
 7 SYSTEMPATH\CodeIgniter.php(349): CodeIgniter\CodeIgniter->handleRequest(null, Object(Config\Cache), false)
 8 FCPATH\index.php(67): CodeIgniter\CodeIgniter->run()
 9 SYSTEMPATH\Commands\Server\rewrite.php(47): require_once('FCPATH\\index.php')
CRITICAL - 2023-01-13 14:34:05 --> Arquivo inválido: admin/usuarios/deleted.php
in SYSTEMPATH\Exceptions\FrameworkException.php on line 33.
 1 SYSTEMPATH\View\View.php(201): CodeIgniter\Exceptions\FrameworkException::forInvalidFile('admin/usuarios/deleted.php')
 2 SYSTEMPATH\Common.php(1135): CodeIgniter\View\View->render('admin/usuarios/deleted.php', [], true)
 3 APPPATH\Controllers\Admin\Usuarios.php(160): view('admin/usuarios/deleted.php', [...])
 4 SYSTEMPATH\CodeIgniter.php(925): App\Controllers\Admin\Usuarios->delete('80', 'delete')
 5 SYSTEMPATH\CodeIgniter.php(480): CodeIgniter\CodeIgniter->runController(Object(App\Controllers\Admin\Usuarios))
 6 SYSTEMPATH\CodeIgniter.php(349): CodeIgniter\CodeIgniter->handleRequest(null, Object(Config\Cache), false)
 7 FCPATH\index.php(67): CodeIgniter\CodeIgniter->run()
 8 SYSTEMPATH\Commands\Server\rewrite.php(47): require_once('FCPATH\\index.php')
CRITICAL - 2023-01-13 14:38:37 --> Call to undefined function form_open()
in APPPATH\Views\admin\usuarios\delete.php on line 80.
 1 SYSTEMPATH\View\View.php(213): include()
 2 SYSTEMPATH\View\View.php(216): CodeIgniter\View\View->CodeIgniter\View\{closure}()
 3 SYSTEMPATH\Common.php(1135): CodeIgniter\View\View->render('admin/usuarios/delete.php', [], true)
 4 APPPATH\Controllers\Admin\Usuarios.php(160): view('admin/usuarios/delete.php', [...])
 5 SYSTEMPATH\CodeIgniter.php(925): App\Controllers\Admin\Usuarios->delete('80', 'delete')
 6 SYSTEMPATH\CodeIgniter.php(480): CodeIgniter\CodeIgniter->runController(Object(App\Controllers\Admin\Usuarios))
 7 SYSTEMPATH\CodeIgniter.php(349): CodeIgniter\CodeIgniter->handleRequest(null, Object(Config\Cache), false)
 8 FCPATH\index.php(67): CodeIgniter\CodeIgniter->run()
 9 SYSTEMPATH\Commands\Server\rewrite.php(47): require_once('FCPATH\\index.php')
CRITICAL - 2023-01-13 14:56:32 --> Call to undefined method App\Controllers\Admin\Usuarios::exclude()
in APPPATH\Controllers\Admin\Usuarios.php on line 141.
 1 SYSTEMPATH\CodeIgniter.php(925): App\Controllers\Admin\Usuarios->delete('80', 'delete')
 2 SYSTEMPATH\CodeIgniter.php(480): CodeIgniter\CodeIgniter->runController(Object(App\Controllers\Admin\Usuarios))
 3 SYSTEMPATH\CodeIgniter.php(349): CodeIgniter\CodeIgniter->handleRequest(null, Object(Config\Cache), false)
 4 FCPATH\index.php(67): CodeIgniter\CodeIgniter->run()
 5 SYSTEMPATH\Commands\Server\rewrite.php(47): require_once('FCPATH\\index.php')
CRITICAL - 2023-01-13 14:56:43 --> Undefined variable: update
in APPPATH\Controllers\Admin\Usuarios.php on line 174.
 1 APPPATH\Controllers\Admin\Usuarios.php(174): CodeIgniter\Debug\Exceptions->errorHandler(8, 'Undefined variable: update', 'APPPATH\\Controllers\\Admin\\Usuarios.php', 174, [...])
 2 APPPATH\Controllers\Admin\Usuarios.php(141): App\Controllers\Admin\Usuarios->deleted('80')
 3 SYSTEMPATH\CodeIgniter.php(925): App\Controllers\Admin\Usuarios->delete('80', 'delete')
 4 SYSTEMPATH\CodeIgniter.php(480): CodeIgniter\CodeIgniter->runController(Object(App\Controllers\Admin\Usuarios))
 5 SYSTEMPATH\CodeIgniter.php(349): CodeIgniter\CodeIgniter->handleRequest(null, Object(Config\Cache), false)
 6 FCPATH\index.php(67): CodeIgniter\CodeIgniter->run()
 7 SYSTEMPATH\Commands\Server\rewrite.php(47): require_once('FCPATH\\index.php')
CRITICAL - 2023-01-13 14:56:46 --> Trying to get property 'id' of non-object
in APPPATH\Views\admin\usuarios\delete.php on line 80.
 1 APPPATH\Views\admin\usuarios\delete.php(80): CodeIgniter\Debug\Exceptions->errorHandler(8, 'Trying to get property \'id\' of non-object', 'APPPATH\\Views\\admin\\usuarios\\delete.php', 80, [...])
 2 SYSTEMPATH\View\View.php(213): include('APPPATH\\Views\\admin\\usuarios\\delete.php')
 3 SYSTEMPATH\View\View.php(216): CodeIgniter\View\View->CodeIgniter\View\{closure}()
 4 SYSTEMPATH\Common.php(1135): CodeIgniter\View\View->render('admin/usuarios/delete.php', [], true)
 5 APPPATH\Controllers\Admin\Usuarios.php(162): view('admin/usuarios/delete.php', [...])
 6 SYSTEMPATH\CodeIgniter.php(925): App\Controllers\Admin\Usuarios->delete('80', 'delete')
 7 SYSTEMPATH\CodeIgniter.php(480): CodeIgniter\CodeIgniter->runController(Object(App\Controllers\Admin\Usuarios))
 8 SYSTEMPATH\CodeIgniter.php(349): CodeIgniter\CodeIgniter->handleRequest(null, Object(Config\Cache), false)
 9 FCPATH\index.php(67): CodeIgniter\CodeIgniter->run()
10 SYSTEMPATH\Commands\Server\rewrite.php(47): require_once('FCPATH\\index.php')
CRITICAL - 2023-01-13 14:57:02 --> Trying to get property 'id' of non-object
in APPPATH\Views\admin\usuarios\delete.php on line 80.
 1 APPPATH\Views\admin\usuarios\delete.php(80): CodeIgniter\Debug\Exceptions->errorHandler(8, 'Trying to get property \'id\' of non-object', 'APPPATH\\Views\\admin\\usuarios\\delete.php', 80, [...])
 2 SYSTEMPATH\View\View.php(213): include('APPPATH\\Views\\admin\\usuarios\\delete.php')
 3 SYSTEMPATH\View\View.php(216): CodeIgniter\View\View->CodeIgniter\View\{closure}()
 4 SYSTEMPATH\Common.php(1135): CodeIgniter\View\View->render('admin/usuarios/delete.php', [], true)
 5 APPPATH\Controllers\Admin\Usuarios.php(162): view('admin/usuarios/delete.php', [...])
 6 SYSTEMPATH\CodeIgniter.php(925): App\Controllers\Admin\Usuarios->delete('79', 'success')
 7 SYSTEMPATH\CodeIgniter.php(480): CodeIgniter\CodeIgniter->runController(Object(App\Controllers\Admin\Usuarios))
 8 SYSTEMPATH\CodeIgniter.php(349): CodeIgniter\CodeIgniter->handleRequest(null, Object(Config\Cache), false)
 9 FCPATH\index.php(67): CodeIgniter\CodeIgniter->run()
10 SYSTEMPATH\Commands\Server\rewrite.php(47): require_once('FCPATH\\index.php')
CRITICAL - 2023-01-13 15:03:26 --> Too few arguments to function App\Controllers\Admin\Usuarios::delete(), 1 passed in C:\wamp64\www\admin\system\CodeIgniter.php on line 925 and exactly 2 expected
in APPPATH\Controllers\Admin\Usuarios.php on line 134.
 1 SYSTEMPATH\CodeIgniter.php(925): App\Controllers\Admin\Usuarios->delete('1')
 2 SYSTEMPATH\CodeIgniter.php(480): CodeIgniter\CodeIgniter->runController(Object(App\Controllers\Admin\Usuarios))
 3 SYSTEMPATH\CodeIgniter.php(349): CodeIgniter\CodeIgniter->handleRequest(null, Object(Config\Cache), false)
 4 FCPATH\index.php(67): CodeIgniter\CodeIgniter->run()
 5 SYSTEMPATH\Commands\Server\rewrite.php(47): require_once('FCPATH\\index.php')
CRITICAL - 2023-01-13 15:03:47 --> Trying to get property 'id' of non-object
in APPPATH\Views\admin\usuarios\delete.php on line 80.
 1 APPPATH\Views\admin\usuarios\delete.php(80): CodeIgniter\Debug\Exceptions->errorHandler(8, 'Trying to get property \'id\' of non-object', 'APPPATH\\Views\\admin\\usuarios\\delete.php', 80, [...])
 2 SYSTEMPATH\View\View.php(213): include('APPPATH\\Views\\admin\\usuarios\\delete.php')
 3 SYSTEMPATH\View\View.php(216): CodeIgniter\View\View->CodeIgniter\View\{closure}()
 4 SYSTEMPATH\Common.php(1135): CodeIgniter\View\View->render('admin/usuarios/delete.php', [], true)
 5 APPPATH\Controllers\Admin\Usuarios.php(163): view('admin/usuarios/delete.php', [...])
 6 SYSTEMPATH\CodeIgniter.php(925): App\Controllers\Admin\Usuarios->delete('1')
 7 SYSTEMPATH\CodeIgniter.php(480): CodeIgniter\CodeIgniter->runController(Object(App\Controllers\Admin\Usuarios))
 8 SYSTEMPATH\CodeIgniter.php(349): CodeIgniter\CodeIgniter->handleRequest(null, Object(Config\Cache), false)
 9 FCPATH\index.php(67): CodeIgniter\CodeIgniter->run()
10 SYSTEMPATH\Commands\Server\rewrite.php(47): require_once('FCPATH\\index.php')
CRITICAL - 2023-01-13 15:04:10 --> Trying to get property 'id' of non-object
in APPPATH\Views\admin\usuarios\delete.php on line 80.
 1 APPPATH\Views\admin\usuarios\delete.php(80): CodeIgniter\Debug\Exceptions->errorHandler(8, 'Trying to get property \'id\' of non-object', 'APPPATH\\Views\\admin\\usuarios\\delete.php', 80, [...])
 2 SYSTEMPATH\View\View.php(213): include('APPPATH\\Views\\admin\\usuarios\\delete.php')
 3 SYSTEMPATH\View\View.php(216): CodeIgniter\View\View->CodeIgniter\View\{closure}()
 4 SYSTEMPATH\Common.php(1135): CodeIgniter\View\View->render('admin/usuarios/delete.php', [], true)
 5 APPPATH\Controllers\Admin\Usuarios.php(163): view('admin/usuarios/delete.php', [...])
 6 SYSTEMPATH\CodeIgniter.php(925): App\Controllers\Admin\Usuarios->delete('1')
 7 SYSTEMPATH\CodeIgniter.php(480): CodeIgniter\CodeIgniter->runController(Object(App\Controllers\Admin\Usuarios))
 8 SYSTEMPATH\CodeIgniter.php(349): CodeIgniter\CodeIgniter->handleRequest(null, Object(Config\Cache), false)
 9 FCPATH\index.php(67): CodeIgniter\CodeIgniter->run()
10 SYSTEMPATH\Commands\Server\rewrite.php(47): require_once('FCPATH\\index.php')
CRITICAL - 2023-01-13 15:04:16 --> Trying to get property 'id' of non-object
in APPPATH\Views\admin\usuarios\delete.php on line 80.
 1 APPPATH\Views\admin\usuarios\delete.php(80): CodeIgniter\Debug\Exceptions->errorHandler(8, 'Trying to get property \'id\' of non-object', 'APPPATH\\Views\\admin\\usuarios\\delete.php', 80, [...])
 2 SYSTEMPATH\View\View.php(213): include('APPPATH\\Views\\admin\\usuarios\\delete.php')
 3 SYSTEMPATH\View\View.php(216): CodeIgniter\View\View->CodeIgniter\View\{closure}()
 4 SYSTEMPATH\Common.php(1135): CodeIgniter\View\View->render('admin/usuarios/delete.php', [], true)
 5 APPPATH\Controllers\Admin\Usuarios.php(163): view('admin/usuarios/delete.php', [...])
 6 SYSTEMPATH\CodeIgniter.php(925): App\Controllers\Admin\Usuarios->delete('2')
 7 SYSTEMPATH\CodeIgniter.php(480): CodeIgniter\CodeIgniter->runController(Object(App\Controllers\Admin\Usuarios))
 8 SYSTEMPATH\CodeIgniter.php(349): CodeIgniter\CodeIgniter->handleRequest(null, Object(Config\Cache), false)
 9 FCPATH\index.php(67): CodeIgniter\CodeIgniter->run()
10 SYSTEMPATH\Commands\Server\rewrite.php(47): require_once('FCPATH\\index.php')
CRITICAL - 2023-01-13 15:05:11 --> Trying to get property 'id' of non-object
in APPPATH\Views\admin\usuarios\delete.php on line 80.
 1 APPPATH\Views\admin\usuarios\delete.php(80): CodeIgniter\Debug\Exceptions->errorHandler(8, 'Trying to get property \'id\' of non-object', 'APPPATH\\Views\\admin\\usuarios\\delete.php', 80, [...])
 2 SYSTEMPATH\View\View.php(213): include('APPPATH\\Views\\admin\\usuarios\\delete.php')
 3 SYSTEMPATH\View\View.php(216): CodeIgniter\View\View->CodeIgniter\View\{closure}()
 4 SYSTEMPATH\Common.php(1135): CodeIgniter\View\View->render('admin/usuarios/delete.php', [], true)
 5 APPPATH\Controllers\Admin\Usuarios.php(163): view('admin/usuarios/delete.php', [...])
 6 SYSTEMPATH\CodeIgniter.php(925): App\Controllers\Admin\Usuarios->delete('3')
 7 SYSTEMPATH\CodeIgniter.php(480): CodeIgniter\CodeIgniter->runController(Object(App\Controllers\Admin\Usuarios))
 8 SYSTEMPATH\CodeIgniter.php(349): CodeIgniter\CodeIgniter->handleRequest(null, Object(Config\Cache), false)
 9 FCPATH\index.php(67): CodeIgniter\CodeIgniter->run()
10 SYSTEMPATH\Commands\Server\rewrite.php(47): require_once('FCPATH\\index.php')
CRITICAL - 2023-01-13 15:08:03 --> Trying to get property 'id' of non-object
in APPPATH\Views\admin\usuarios\delete.php on line 80.
 1 APPPATH\Views\admin\usuarios\delete.php(80): CodeIgniter\Debug\Exceptions->errorHandler(8, 'Trying to get property \'id\' of non-object', 'APPPATH\\Views\\admin\\usuarios\\delete.php', 80, [...])
 2 SYSTEMPATH\View\View.php(213): include('APPPATH\\Views\\admin\\usuarios\\delete.php')
 3 SYSTEMPATH\View\View.php(216): CodeIgniter\View\View->CodeIgniter\View\{closure}()
 4 SYSTEMPATH\Common.php(1135): CodeIgniter\View\View->render('admin/usuarios/delete.php', [], true)
 5 APPPATH\Controllers\Admin\Usuarios.php(163): view('admin/usuarios/delete.php', [...])
 6 SYSTEMPATH\CodeIgniter.php(925): App\Controllers\Admin\Usuarios->delete('4')
 7 SYSTEMPATH\CodeIgniter.php(480): CodeIgniter\CodeIgniter->runController(Object(App\Controllers\Admin\Usuarios))
 8 SYSTEMPATH\CodeIgniter.php(349): CodeIgniter\CodeIgniter->handleRequest(null, Object(Config\Cache), false)
 9 FCPATH\index.php(67): CodeIgniter\CodeIgniter->run()
10 SYSTEMPATH\Commands\Server\rewrite.php(47): require_once('FCPATH\\index.php')
CRITICAL - 2023-01-13 15:08:06 --> Trying to get property 'id' of non-object
in APPPATH\Views\admin\usuarios\delete.php on line 80.
 1 APPPATH\Views\admin\usuarios\delete.php(80): CodeIgniter\Debug\Exceptions->errorHandler(8, 'Trying to get property \'id\' of non-object', 'APPPATH\\Views\\admin\\usuarios\\delete.php', 80, [...])
 2 SYSTEMPATH\View\View.php(213): include('APPPATH\\Views\\admin\\usuarios\\delete.php')
 3 SYSTEMPATH\View\View.php(216): CodeIgniter\View\View->CodeIgniter\View\{closure}()
 4 SYSTEMPATH\Common.php(1135): CodeIgniter\View\View->render('admin/usuarios/delete.php', [], true)
 5 APPPATH\Controllers\Admin\Usuarios.php(163): view('admin/usuarios/delete.php', [...])
 6 SYSTEMPATH\CodeIgniter.php(925): App\Controllers\Admin\Usuarios->delete('4')
 7 SYSTEMPATH\CodeIgniter.php(480): CodeIgniter\CodeIgniter->runController(Object(App\Controllers\Admin\Usuarios))
 8 SYSTEMPATH\CodeIgniter.php(349): CodeIgniter\CodeIgniter->handleRequest(null, Object(Config\Cache), false)
 9 FCPATH\index.php(67): CodeIgniter\CodeIgniter->run()
10 SYSTEMPATH\Commands\Server\rewrite.php(47): require_once('FCPATH\\index.php')
CRITICAL - 2023-01-13 15:08:11 --> Trying to get property 'id' of non-object
in APPPATH\Views\admin\usuarios\delete.php on line 80.
 1 APPPATH\Views\admin\usuarios\delete.php(80): CodeIgniter\Debug\Exceptions->errorHandler(8, 'Trying to get property \'id\' of non-object', 'APPPATH\\Views\\admin\\usuarios\\delete.php', 80, [...])
 2 SYSTEMPATH\View\View.php(213): include('APPPATH\\Views\\admin\\usuarios\\delete.php')
 3 SYSTEMPATH\View\View.php(216): CodeIgniter\View\View->CodeIgniter\View\{closure}()
 4 SYSTEMPATH\Common.php(1135): CodeIgniter\View\View->render('admin/usuarios/delete.php', [], true)
 5 APPPATH\Controllers\Admin\Usuarios.php(163): view('admin/usuarios/delete.php', [...])
 6 SYSTEMPATH\CodeIgniter.php(925): App\Controllers\Admin\Usuarios->delete('5')
 7 SYSTEMPATH\CodeIgniter.php(480): CodeIgniter\CodeIgniter->runController(Object(App\Controllers\Admin\Usuarios))
 8 SYSTEMPATH\CodeIgniter.php(349): CodeIgniter\CodeIgniter->handleRequest(null, Object(Config\Cache), false)
 9 FCPATH\index.php(67): CodeIgniter\CodeIgniter->run()
10 SYSTEMPATH\Commands\Server\rewrite.php(47): require_once('FCPATH\\index.php')
CRITICAL - 2023-01-13 15:08:44 --> Trying to get property 'id' of non-object
in APPPATH\Views\admin\usuarios\delete.php on line 80.
 1 APPPATH\Views\admin\usuarios\delete.php(80): CodeIgniter\Debug\Exceptions->errorHandler(8, 'Trying to get property \'id\' of non-object', 'APPPATH\\Views\\admin\\usuarios\\delete.php', 80, [...])
 2 SYSTEMPATH\View\View.php(213): include('APPPATH\\Views\\admin\\usuarios\\delete.php')
 3 SYSTEMPATH\View\View.php(216): CodeIgniter\View\View->CodeIgniter\View\{closure}()
 4 SYSTEMPATH\Common.php(1135): CodeIgniter\View\View->render('admin/usuarios/delete.php', [], true)
 5 APPPATH\Controllers\Admin\Usuarios.php(161): view('admin/usuarios/delete.php', [...])
 6 SYSTEMPATH\CodeIgniter.php(925): App\Controllers\Admin\Usuarios->delete('success')
 7 SYSTEMPATH\CodeIgniter.php(480): CodeIgniter\CodeIgniter->runController(Object(App\Controllers\Admin\Usuarios))
 8 SYSTEMPATH\CodeIgniter.php(349): CodeIgniter\CodeIgniter->handleRequest(null, Object(Config\Cache), false)
 9 FCPATH\index.php(67): CodeIgniter\CodeIgniter->run()
10 SYSTEMPATH\Commands\Server\rewrite.php(47): require_once('FCPATH\\index.php')
CRITICAL - 2023-01-13 15:09:31 --> Trying to get property 'id' of non-object
in APPPATH\Views\admin\usuarios\delete.php on line 80.
 1 APPPATH\Views\admin\usuarios\delete.php(80): CodeIgniter\Debug\Exceptions->errorHandler(8, 'Trying to get property \'id\' of non-object', 'APPPATH\\Views\\admin\\usuarios\\delete.php', 80, [...])
 2 SYSTEMPATH\View\View.php(213): include('APPPATH\\Views\\admin\\usuarios\\delete.php')
 3 SYSTEMPATH\View\View.php(216): CodeIgniter\View\View->CodeIgniter\View\{closure}()
 4 SYSTEMPATH\Common.php(1135): CodeIgniter\View\View->render('admin/usuarios/delete.php', [], true)
 5 APPPATH\Controllers\Admin\Usuarios.php(161): view('admin/usuarios/delete.php', [...])
 6 SYSTEMPATH\CodeIgniter.php(925): App\Controllers\Admin\Usuarios->delete('success')
 7 SYSTEMPATH\CodeIgniter.php(480): CodeIgniter\CodeIgniter->runController(Object(App\Controllers\Admin\Usuarios))
 8 SYSTEMPATH\CodeIgniter.php(349): CodeIgniter\CodeIgniter->handleRequest(null, Object(Config\Cache), false)
 9 FCPATH\index.php(67): CodeIgniter\CodeIgniter->run()
10 SYSTEMPATH\Commands\Server\rewrite.php(47): require_once('FCPATH\\index.php')
CRITICAL - 2023-01-13 15:10:42 --> Trying to get property 'id' of non-object
in APPPATH\Views\admin\usuarios\delete.php on line 80.
 1 APPPATH\Views\admin\usuarios\delete.php(80): CodeIgniter\Debug\Exceptions->errorHandler(8, 'Trying to get property \'id\' of non-object', 'APPPATH\\Views\\admin\\usuarios\\delete.php', 80, [...])
 2 SYSTEMPATH\View\View.php(213): include('APPPATH\\Views\\admin\\usuarios\\delete.php')
 3 SYSTEMPATH\View\View.php(216): CodeIgniter\View\View->CodeIgniter\View\{closure}()
 4 SYSTEMPATH\Common.php(1135): CodeIgniter\View\View->render('admin/usuarios/delete.php', [], true)
 5 APPPATH\Controllers\Admin\Usuarios.php(161): view('admin/usuarios/delete.php', [...])
 6 SYSTEMPATH\CodeIgniter.php(925): App\Controllers\Admin\Usuarios->delete('success')
 7 SYSTEMPATH\CodeIgniter.php(480): CodeIgniter\CodeIgniter->runController(Object(App\Controllers\Admin\Usuarios))
 8 SYSTEMPATH\CodeIgniter.php(349): CodeIgniter\CodeIgniter->handleRequest(null, Object(Config\Cache), false)
 9 FCPATH\index.php(67): CodeIgniter\CodeIgniter->run()
10 SYSTEMPATH\Commands\Server\rewrite.php(47): require_once('FCPATH\\index.php')
CRITICAL - 2023-01-13 15:10:53 --> Trying to get property 'id' of non-object
in APPPATH\Views\admin\usuarios\delete.php on line 80.
 1 APPPATH\Views\admin\usuarios\delete.php(80): CodeIgniter\Debug\Exceptions->errorHandler(8, 'Trying to get property \'id\' of non-object', 'APPPATH\\Views\\admin\\usuarios\\delete.php', 80, [...])
 2 SYSTEMPATH\View\View.php(213): include('APPPATH\\Views\\admin\\usuarios\\delete.php')
 3 SYSTEMPATH\View\View.php(216): CodeIgniter\View\View->CodeIgniter\View\{closure}()
 4 SYSTEMPATH\Common.php(1135): CodeIgniter\View\View->render('admin/usuarios/delete.php', [], true)
 5 APPPATH\Controllers\Admin\Usuarios.php(161): view('admin/usuarios/delete.php', [...])
 6 SYSTEMPATH\CodeIgniter.php(925): App\Controllers\Admin\Usuarios->delete('success')
 7 SYSTEMPATH\CodeIgniter.php(480): CodeIgniter\CodeIgniter->runController(Object(App\Controllers\Admin\Usuarios))
 8 SYSTEMPATH\CodeIgniter.php(349): CodeIgniter\CodeIgniter->handleRequest(null, Object(Config\Cache), false)
 9 FCPATH\index.php(67): CodeIgniter\CodeIgniter->run()
10 SYSTEMPATH\Commands\Server\rewrite.php(47): require_once('FCPATH\\index.php')
CRITICAL - 2023-01-13 15:13:56 --> Trying to get property 'id' of non-object
in APPPATH\Views\admin\usuarios\delete.php on line 80.
 1 APPPATH\Views\admin\usuarios\delete.php(80): CodeIgniter\Debug\Exceptions->errorHandler(8, 'Trying to get property \'id\' of non-object', 'APPPATH\\Views\\admin\\usuarios\\delete.php', 80, [...])
 2 SYSTEMPATH\View\View.php(213): include('APPPATH\\Views\\admin\\usuarios\\delete.php')
 3 SYSTEMPATH\View\View.php(216): CodeIgniter\View\View->CodeIgniter\View\{closure}()
 4 SYSTEMPATH\Common.php(1135): CodeIgniter\View\View->render('admin/usuarios/delete.php', [], true)
 5 APPPATH\Controllers\Admin\Usuarios.php(163): view('admin/usuarios/delete.php', [...])
 6 SYSTEMPATH\CodeIgniter.php(925): App\Controllers\Admin\Usuarios->delete('10')
 7 SYSTEMPATH\CodeIgniter.php(480): CodeIgniter\CodeIgniter->runController(Object(App\Controllers\Admin\Usuarios))
 8 SYSTEMPATH\CodeIgniter.php(349): CodeIgniter\CodeIgniter->handleRequest(null, Object(Config\Cache), false)
 9 FCPATH\index.php(67): CodeIgniter\CodeIgniter->run()
10 SYSTEMPATH\Commands\Server\rewrite.php(47): require_once('FCPATH\\index.php')
CRITICAL - 2023-01-13 15:14:28 --> Trying to get property 'id' of non-object
in APPPATH\Views\admin\usuarios\delete.php on line 80.
 1 APPPATH\Views\admin\usuarios\delete.php(80): CodeIgniter\Debug\Exceptions->errorHandler(8, 'Trying to get property \'id\' of non-object', 'APPPATH\\Views\\admin\\usuarios\\delete.php', 80, [...])
 2 SYSTEMPATH\View\View.php(213): include('APPPATH\\Views\\admin\\usuarios\\delete.php')
 3 SYSTEMPATH\View\View.php(216): CodeIgniter\View\View->CodeIgniter\View\{closure}()
 4 SYSTEMPATH\Common.php(1135): CodeIgniter\View\View->render('admin/usuarios/delete.php', [], true)
 5 APPPATH\Controllers\Admin\Usuarios.php(162): view('admin/usuarios/delete.php', [...])
 6 SYSTEMPATH\CodeIgniter.php(925): App\Controllers\Admin\Usuarios->delete('success')
 7 SYSTEMPATH\CodeIgniter.php(480): CodeIgniter\CodeIgniter->runController(Object(App\Controllers\Admin\Usuarios))
 8 SYSTEMPATH\CodeIgniter.php(349): CodeIgniter\CodeIgniter->handleRequest(null, Object(Config\Cache), false)
 9 FCPATH\index.php(67): CodeIgniter\CodeIgniter->run()
10 SYSTEMPATH\Commands\Server\rewrite.php(47): require_once('FCPATH\\index.php')
CRITICAL - 2023-01-13 15:20:01 --> Trying to get property 'id' of non-object
in APPPATH\Views\admin\usuarios\delete.php on line 80.
 1 APPPATH\Views\admin\usuarios\delete.php(80): CodeIgniter\Debug\Exceptions->errorHandler(8, 'Trying to get property \'id\' of non-object', 'APPPATH\\Views\\admin\\usuarios\\delete.php', 80, [...])
 2 SYSTEMPATH\View\View.php(213): include('APPPATH\\Views\\admin\\usuarios\\delete.php')
 3 SYSTEMPATH\View\View.php(216): CodeIgniter\View\View->CodeIgniter\View\{closure}()
 4 SYSTEMPATH\Common.php(1135): CodeIgniter\View\View->render('admin/usuarios/delete.php', [], true)
 5 APPPATH\Controllers\Admin\Usuarios.php(169): view('admin/usuarios/delete.php', [...])
 6 SYSTEMPATH\CodeIgniter.php(925): App\Controllers\Admin\Usuarios->delete('12')
 7 SYSTEMPATH\CodeIgniter.php(480): CodeIgniter\CodeIgniter->runController(Object(App\Controllers\Admin\Usuarios))
 8 SYSTEMPATH\CodeIgniter.php(349): CodeIgniter\CodeIgniter->handleRequest(null, Object(Config\Cache), false)
 9 FCPATH\index.php(67): CodeIgniter\CodeIgniter->run()
10 SYSTEMPATH\Commands\Server\rewrite.php(47): require_once('FCPATH\\index.php')
CRITICAL - 2023-01-13 15:23:28 --> Trying to get property 'id' of non-object
in APPPATH\Views\admin\usuarios\delete.php on line 80.
 1 APPPATH\Views\admin\usuarios\delete.php(80): CodeIgniter\Debug\Exceptions->errorHandler(8, 'Trying to get property \'id\' of non-object', 'APPPATH\\Views\\admin\\usuarios\\delete.php', 80, [...])
 2 SYSTEMPATH\View\View.php(213): include('APPPATH\\Views\\admin\\usuarios\\delete.php')
 3 SYSTEMPATH\View\View.php(216): CodeIgniter\View\View->CodeIgniter\View\{closure}()
 4 SYSTEMPATH\Common.php(1135): CodeIgniter\View\View->render('admin/usuarios/delete.php', [], true)
 5 APPPATH\Controllers\Admin\Usuarios.php(166): view('admin/usuarios/delete.php', [...])
 6 SYSTEMPATH\CodeIgniter.php(925): App\Controllers\Admin\Usuarios->delete('14')
 7 SYSTEMPATH\CodeIgniter.php(480): CodeIgniter\CodeIgniter->runController(Object(App\Controllers\Admin\Usuarios))
 8 SYSTEMPATH\CodeIgniter.php(349): CodeIgniter\CodeIgniter->handleRequest(null, Object(Config\Cache), false)
 9 FCPATH\index.php(67): CodeIgniter\CodeIgniter->run()
10 SYSTEMPATH\Commands\Server\rewrite.php(47): require_once('FCPATH\\index.php')
CRITICAL - 2023-01-13 15:41:06 --> Call to undefined function form_open()
in APPPATH\Views\admin\usuarios\edit.php on line 80.
 1 SYSTEMPATH\View\View.php(213): include()
 2 SYSTEMPATH\View\View.php(216): CodeIgniter\View\View->CodeIgniter\View\{closure}()
 3 SYSTEMPATH\Common.php(1135): CodeIgniter\View\View->render('admin/usuarios/edit.php', [], true)
 4 APPPATH\Controllers\Admin\Usuarios.php(113): view('admin/usuarios/edit.php', [...])
 5 SYSTEMPATH\CodeIgniter.php(925): App\Controllers\Admin\Usuarios->edit('81', 'success')
 6 SYSTEMPATH\CodeIgniter.php(480): CodeIgniter\CodeIgniter->runController(Object(App\Controllers\Admin\Usuarios))
 7 SYSTEMPATH\CodeIgniter.php(349): CodeIgniter\CodeIgniter->handleRequest(null, Object(Config\Cache), false)
 8 FCPATH\index.php(67): CodeIgniter\CodeIgniter->run()
 9 SYSTEMPATH\Commands\Server\rewrite.php(47): require_once('FCPATH\\index.php')
CRITICAL - 2023-01-13 15:58:23 --> Undefined variable: alert
in APPPATH\Controllers\Admin\Usuarios.php on line 120.
 1 APPPATH\Controllers\Admin\Usuarios.php(120): CodeIgniter\Debug\Exceptions->errorHandler(8, 'Undefined variable: alert', 'APPPATH\\Controllers\\Admin\\Usuarios.php', 120, [...])
 2 SYSTEMPATH\CodeIgniter.php(925): App\Controllers\Admin\Usuarios->edit('20')
 3 SYSTEMPATH\CodeIgniter.php(480): CodeIgniter\CodeIgniter->runController(Object(App\Controllers\Admin\Usuarios))
 4 SYSTEMPATH\CodeIgniter.php(349): CodeIgniter\CodeIgniter->handleRequest(null, Object(Config\Cache), false)
 5 FCPATH\index.php(67): CodeIgniter\CodeIgniter->run()
 6 SYSTEMPATH\Commands\Server\rewrite.php(47): require_once('FCPATH\\index.php')
CRITICAL - 2023-01-13 16:28:55 --> syntax error, unexpected '}', expecting ';'
in APPPATH\Controllers\Admin\Usuarios.php on line 61.
 1 SYSTEMPATH\Autoloader\Autoloader.php(260): CodeIgniter\Autoloader\Autoloader->includeFile('APPPATH\\Controllers\\Admin\\Usuarios.php')
 2 SYSTEMPATH\Autoloader\Autoloader.php(238): CodeIgniter\Autoloader\Autoloader->loadInNamespace('App\\Controllers\\Admin\\Usuarios')
 3 [internal function]: CodeIgniter\Autoloader\Autoloader->loadClass('App\\Controllers\\Admin\\Usuarios')
 4 [internal function]: spl_autoload_call('App\\Controllers\\Admin\\Usuarios')
 5 SYSTEMPATH\CodeIgniter.php(875): class_exists('\\App\\Controllers\\Admin\\Usuarios', true)
 6 SYSTEMPATH\CodeIgniter.php(467): CodeIgniter\CodeIgniter->startController()
 7 SYSTEMPATH\CodeIgniter.php(349): CodeIgniter\CodeIgniter->handleRequest(null, Object(Config\Cache), false)
 8 FCPATH\index.php(67): CodeIgniter\CodeIgniter->run()
 9 SYSTEMPATH\Commands\Server\rewrite.php(47): require_once('FCPATH\\index.php')
CRITICAL - 2023-01-13 16:50:16 --> Trying to get property 'id' of non-object
in APPPATH\Views\admin\usuarios\delete.php on line 37.
 1 APPPATH\Views\admin\usuarios\delete.php(37): CodeIgniter\Debug\Exceptions->errorHandler(8, 'Trying to get property \'id\' of non-object', 'APPPATH\\Views\\admin\\usuarios\\delete.php', 37, [...])
 2 SYSTEMPATH\View\View.php(213): include('APPPATH\\Views\\admin\\usuarios\\delete.php')
 3 SYSTEMPATH\View\View.php(216): CodeIgniter\View\View->CodeIgniter\View\{closure}()
 4 SYSTEMPATH\Common.php(1135): CodeIgniter\View\View->render('admin/usuarios/delete.php', [], true)
 5 APPPATH\Controllers\Admin\Usuarios.php(215): view('admin/usuarios/delete.php', [...])
 6 SYSTEMPATH\CodeIgniter.php(925): App\Controllers\Admin\Usuarios->delete('99')
 7 SYSTEMPATH\CodeIgniter.php(480): CodeIgniter\CodeIgniter->runController(Object(App\Controllers\Admin\Usuarios))
 8 SYSTEMPATH\CodeIgniter.php(349): CodeIgniter\CodeIgniter->handleRequest(null, Object(Config\Cache), false)
 9 FCPATH\index.php(67): CodeIgniter\CodeIgniter->run()
10 SYSTEMPATH\Commands\Server\rewrite.php(47): require_once('FCPATH\\index.php')
CRITICAL - 2023-01-13 16:50:48 --> Trying to get property 'id' of non-object
in APPPATH\Views\admin\usuarios\delete.php on line 37.
 1 APPPATH\Views\admin\usuarios\delete.php(37): CodeIgniter\Debug\Exceptions->errorHandler(8, 'Trying to get property \'id\' of non-object', 'APPPATH\\Views\\admin\\usuarios\\delete.php', 37, [...])
 2 SYSTEMPATH\View\View.php(213): include('APPPATH\\Views\\admin\\usuarios\\delete.php')
 3 SYSTEMPATH\View\View.php(216): CodeIgniter\View\View->CodeIgniter\View\{closure}()
 4 SYSTEMPATH\Common.php(1135): CodeIgniter\View\View->render('admin/usuarios/delete.php', [], true)
 5 APPPATH\Controllers\Admin\Usuarios.php(215): view('admin/usuarios/delete.php', [...])
 6 SYSTEMPATH\CodeIgniter.php(925): App\Controllers\Admin\Usuarios->delete('99')
 7 SYSTEMPATH\CodeIgniter.php(480): CodeIgniter\CodeIgniter->runController(Object(App\Controllers\Admin\Usuarios))
 8 SYSTEMPATH\CodeIgniter.php(349): CodeIgniter\CodeIgniter->handleRequest(null, Object(Config\Cache), false)
 9 FCPATH\index.php(67): CodeIgniter\CodeIgniter->run()
10 SYSTEMPATH\Commands\Server\rewrite.php(47): require_once('FCPATH\\index.php')
CRITICAL - 2023-01-13 16:51:09 --> Trying to get property 'id' of non-object
in APPPATH\Views\admin\usuarios\delete.php on line 37.
 1 APPPATH\Views\admin\usuarios\delete.php(37): CodeIgniter\Debug\Exceptions->errorHandler(8, 'Trying to get property \'id\' of non-object', 'APPPATH\\Views\\admin\\usuarios\\delete.php', 37, [...])
 2 SYSTEMPATH\View\View.php(213): include('APPPATH\\Views\\admin\\usuarios\\delete.php')
 3 SYSTEMPATH\View\View.php(216): CodeIgniter\View\View->CodeIgniter\View\{closure}()
 4 SYSTEMPATH\Common.php(1135): CodeIgniter\View\View->render('admin/usuarios/delete.php', [], true)
 5 APPPATH\Controllers\Admin\Usuarios.php(215): view('admin/usuarios/delete.php', [...])
 6 SYSTEMPATH\CodeIgniter.php(925): App\Controllers\Admin\Usuarios->delete('100')
 7 SYSTEMPATH\CodeIgniter.php(480): CodeIgniter\CodeIgniter->runController(Object(App\Controllers\Admin\Usuarios))
 8 SYSTEMPATH\CodeIgniter.php(349): CodeIgniter\CodeIgniter->handleRequest(null, Object(Config\Cache), false)
 9 FCPATH\index.php(67): CodeIgniter\CodeIgniter->run()
10 SYSTEMPATH\Commands\Server\rewrite.php(47): require_once('FCPATH\\index.php')
CRITICAL - 2023-01-13 16:52:27 --> Trying to get property 'id' of non-object
in APPPATH\Views\admin\usuarios\delete.php on line 37.
 1 APPPATH\Views\admin\usuarios\delete.php(37): CodeIgniter\Debug\Exceptions->errorHandler(8, 'Trying to get property \'id\' of non-object', 'APPPATH\\Views\\admin\\usuarios\\delete.php', 37, [...])
 2 SYSTEMPATH\View\View.php(213): include('APPPATH\\Views\\admin\\usuarios\\delete.php')
 3 SYSTEMPATH\View\View.php(216): CodeIgniter\View\View->CodeIgniter\View\{closure}()
 4 SYSTEMPATH\Common.php(1135): CodeIgniter\View\View->render('admin/usuarios/delete.php', [], true)
 5 APPPATH\Controllers\Admin\Usuarios.php(215): view('admin/usuarios/delete.php', [...])
 6 SYSTEMPATH\CodeIgniter.php(925): App\Controllers\Admin\Usuarios->delete('100')
 7 SYSTEMPATH\CodeIgniter.php(480): CodeIgniter\CodeIgniter->runController(Object(App\Controllers\Admin\Usuarios))
 8 SYSTEMPATH\CodeIgniter.php(349): CodeIgniter\CodeIgniter->handleRequest(null, Object(Config\Cache), false)
 9 FCPATH\index.php(67): CodeIgniter\CodeIgniter->run()
10 SYSTEMPATH\Commands\Server\rewrite.php(47): require_once('FCPATH\\index.php')
CRITICAL - 2023-01-13 16:52:30 --> Trying to get property 'id' of non-object
in APPPATH\Views\admin\usuarios\delete.php on line 37.
 1 APPPATH\Views\admin\usuarios\delete.php(37): CodeIgniter\Debug\Exceptions->errorHandler(8, 'Trying to get property \'id\' of non-object', 'APPPATH\\Views\\admin\\usuarios\\delete.php', 37, [...])
 2 SYSTEMPATH\View\View.php(213): include('APPPATH\\Views\\admin\\usuarios\\delete.php')
 3 SYSTEMPATH\View\View.php(216): CodeIgniter\View\View->CodeIgniter\View\{closure}()
 4 SYSTEMPATH\Common.php(1135): CodeIgniter\View\View->render('admin/usuarios/delete.php', [], true)
 5 APPPATH\Controllers\Admin\Usuarios.php(215): view('admin/usuarios/delete.php', [...])
 6 SYSTEMPATH\CodeIgniter.php(925): App\Controllers\Admin\Usuarios->delete('100')
 7 SYSTEMPATH\CodeIgniter.php(480): CodeIgniter\CodeIgniter->runController(Object(App\Controllers\Admin\Usuarios))
 8 SYSTEMPATH\CodeIgniter.php(349): CodeIgniter\CodeIgniter->handleRequest(null, Object(Config\Cache), false)
 9 FCPATH\index.php(67): CodeIgniter\CodeIgniter->run()
10 SYSTEMPATH\Commands\Server\rewrite.php(47): require_once('FCPATH\\index.php')
CRITICAL - 2023-01-13 16:52:33 --> Trying to get property 'id' of non-object
in APPPATH\Views\admin\usuarios\delete.php on line 37.
 1 APPPATH\Views\admin\usuarios\delete.php(37): CodeIgniter\Debug\Exceptions->errorHandler(8, 'Trying to get property \'id\' of non-object', 'APPPATH\\Views\\admin\\usuarios\\delete.php', 37, [...])
 2 SYSTEMPATH\View\View.php(213): include('APPPATH\\Views\\admin\\usuarios\\delete.php')
 3 SYSTEMPATH\View\View.php(216): CodeIgniter\View\View->CodeIgniter\View\{closure}()
 4 SYSTEMPATH\Common.php(1135): CodeIgniter\View\View->render('admin/usuarios/delete.php', [], true)
 5 APPPATH\Controllers\Admin\Usuarios.php(215): view('admin/usuarios/delete.php', [...])
 6 SYSTEMPATH\CodeIgniter.php(925): App\Controllers\Admin\Usuarios->delete('100')
 7 SYSTEMPATH\CodeIgniter.php(480): CodeIgniter\CodeIgniter->runController(Object(App\Controllers\Admin\Usuarios))
 8 SYSTEMPATH\CodeIgniter.php(349): CodeIgniter\CodeIgniter->handleRequest(null, Object(Config\Cache), false)
 9 FCPATH\index.php(67): CodeIgniter\CodeIgniter->run()
10 SYSTEMPATH\Commands\Server\rewrite.php(47): require_once('FCPATH\\index.php')
CRITICAL - 2023-01-13 16:52:35 --> Trying to get property 'id' of non-object
in APPPATH\Views\admin\usuarios\delete.php on line 37.
 1 APPPATH\Views\admin\usuarios\delete.php(37): CodeIgniter\Debug\Exceptions->errorHandler(8, 'Trying to get property \'id\' of non-object', 'APPPATH\\Views\\admin\\usuarios\\delete.php', 37, [...])
 2 SYSTEMPATH\View\View.php(213): include('APPPATH\\Views\\admin\\usuarios\\delete.php')
 3 SYSTEMPATH\View\View.php(216): CodeIgniter\View\View->CodeIgniter\View\{closure}()
 4 SYSTEMPATH\Common.php(1135): CodeIgniter\View\View->render('admin/usuarios/delete.php', [], true)
 5 APPPATH\Controllers\Admin\Usuarios.php(215): view('admin/usuarios/delete.php', [...])
 6 SYSTEMPATH\CodeIgniter.php(925): App\Controllers\Admin\Usuarios->delete('100')
 7 SYSTEMPATH\CodeIgniter.php(480): CodeIgniter\CodeIgniter->runController(Object(App\Controllers\Admin\Usuarios))
 8 SYSTEMPATH\CodeIgniter.php(349): CodeIgniter\CodeIgniter->handleRequest(null, Object(Config\Cache), false)
 9 FCPATH\index.php(67): CodeIgniter\CodeIgniter->run()
10 SYSTEMPATH\Commands\Server\rewrite.php(47): require_once('FCPATH\\index.php')
CRITICAL - 2023-01-13 16:52:43 --> Trying to get property 'id' of non-object
in APPPATH\Views\admin\usuarios\delete.php on line 37.
 1 APPPATH\Views\admin\usuarios\delete.php(37): CodeIgniter\Debug\Exceptions->errorHandler(8, 'Trying to get property \'id\' of non-object', 'APPPATH\\Views\\admin\\usuarios\\delete.php', 37, [...])
 2 SYSTEMPATH\View\View.php(213): include('APPPATH\\Views\\admin\\usuarios\\delete.php')
 3 SYSTEMPATH\View\View.php(216): CodeIgniter\View\View->CodeIgniter\View\{closure}()
 4 SYSTEMPATH\Common.php(1135): CodeIgniter\View\View->render('admin/usuarios/delete.php', [], true)
 5 APPPATH\Controllers\Admin\Usuarios.php(215): view('admin/usuarios/delete.php', [...])
 6 SYSTEMPATH\CodeIgniter.php(925): App\Controllers\Admin\Usuarios->delete('100')
 7 SYSTEMPATH\CodeIgniter.php(480): CodeIgniter\CodeIgniter->runController(Object(App\Controllers\Admin\Usuarios))
 8 SYSTEMPATH\CodeIgniter.php(349): CodeIgniter\CodeIgniter->handleRequest(null, Object(Config\Cache), false)
 9 FCPATH\index.php(67): CodeIgniter\CodeIgniter->run()
10 SYSTEMPATH\Commands\Server\rewrite.php(47): require_once('FCPATH\\index.php')
CRITICAL - 2023-01-13 16:52:48 --> Trying to get property 'id' of non-object
in APPPATH\Views\admin\usuarios\delete.php on line 37.
 1 APPPATH\Views\admin\usuarios\delete.php(37): CodeIgniter\Debug\Exceptions->errorHandler(8, 'Trying to get property \'id\' of non-object', 'APPPATH\\Views\\admin\\usuarios\\delete.php', 37, [...])
 2 SYSTEMPATH\View\View.php(213): include('APPPATH\\Views\\admin\\usuarios\\delete.php')
 3 SYSTEMPATH\View\View.php(216): CodeIgniter\View\View->CodeIgniter\View\{closure}()
 4 SYSTEMPATH\Common.php(1135): CodeIgniter\View\View->render('admin/usuarios/delete.php', [], true)
 5 APPPATH\Controllers\Admin\Usuarios.php(215): view('admin/usuarios/delete.php', [...])
 6 SYSTEMPATH\CodeIgniter.php(925): App\Controllers\Admin\Usuarios->delete('100')
 7 SYSTEMPATH\CodeIgniter.php(480): CodeIgniter\CodeIgniter->runController(Object(App\Controllers\Admin\Usuarios))
 8 SYSTEMPATH\CodeIgniter.php(349): CodeIgniter\CodeIgniter->handleRequest(null, Object(Config\Cache), false)
 9 FCPATH\index.php(67): CodeIgniter\CodeIgniter->run()
10 SYSTEMPATH\Commands\Server\rewrite.php(47): require_once('FCPATH\\index.php')
CRITICAL - 2023-01-13 16:52:50 --> Trying to get property 'id' of non-object
in APPPATH\Views\admin\usuarios\delete.php on line 37.
 1 APPPATH\Views\admin\usuarios\delete.php(37): CodeIgniter\Debug\Exceptions->errorHandler(8, 'Trying to get property \'id\' of non-object', 'APPPATH\\Views\\admin\\usuarios\\delete.php', 37, [...])
 2 SYSTEMPATH\View\View.php(213): include('APPPATH\\Views\\admin\\usuarios\\delete.php')
 3 SYSTEMPATH\View\View.php(216): CodeIgniter\View\View->CodeIgniter\View\{closure}()
 4 SYSTEMPATH\Common.php(1135): CodeIgniter\View\View->render('admin/usuarios/delete.php', [], true)
 5 APPPATH\Controllers\Admin\Usuarios.php(215): view('admin/usuarios/delete.php', [...])
 6 SYSTEMPATH\CodeIgniter.php(925): App\Controllers\Admin\Usuarios->delete('100')
 7 SYSTEMPATH\CodeIgniter.php(480): CodeIgniter\CodeIgniter->runController(Object(App\Controllers\Admin\Usuarios))
 8 SYSTEMPATH\CodeIgniter.php(349): CodeIgniter\CodeIgniter->handleRequest(null, Object(Config\Cache), false)
 9 FCPATH\index.php(67): CodeIgniter\CodeIgniter->run()
10 SYSTEMPATH\Commands\Server\rewrite.php(47): require_once('FCPATH\\index.php')
CRITICAL - 2023-01-13 16:53:23 --> Trying to get property 'id' of non-object
in APPPATH\Views\admin\usuarios\delete.php on line 37.
 1 APPPATH\Views\admin\usuarios\delete.php(37): CodeIgniter\Debug\Exceptions->errorHandler(8, 'Trying to get property \'id\' of non-object', 'APPPATH\\Views\\admin\\usuarios\\delete.php', 37, [...])
 2 SYSTEMPATH\View\View.php(213): include('APPPATH\\Views\\admin\\usuarios\\delete.php')
 3 SYSTEMPATH\View\View.php(216): CodeIgniter\View\View->CodeIgniter\View\{closure}()
 4 SYSTEMPATH\Common.php(1135): CodeIgniter\View\View->render('admin/usuarios/delete.php', [], true)
 5 APPPATH\Controllers\Admin\Usuarios.php(215): view('admin/usuarios/delete.php', [...])
 6 SYSTEMPATH\CodeIgniter.php(925): App\Controllers\Admin\Usuarios->delete('20')
 7 SYSTEMPATH\CodeIgniter.php(480): CodeIgniter\CodeIgniter->runController(Object(App\Controllers\Admin\Usuarios))
 8 SYSTEMPATH\CodeIgniter.php(349): CodeIgniter\CodeIgniter->handleRequest(null, Object(Config\Cache), false)
 9 FCPATH\index.php(67): CodeIgniter\CodeIgniter->run()
10 SYSTEMPATH\Commands\Server\rewrite.php(47): require_once('FCPATH\\index.php')
CRITICAL - 2023-01-13 17:21:59 --> Call to undefined function form_open()
in APPPATH\Views\admin\usuarios\index.php on line 38.
 1 SYSTEMPATH\View\View.php(213): include()
 2 SYSTEMPATH\View\View.php(216): CodeIgniter\View\View->CodeIgniter\View\{closure}()
 3 SYSTEMPATH\Common.php(1135): CodeIgniter\View\View->render('admin/usuarios/index.php', [], true)
 4 APPPATH\Controllers\Admin\Usuarios.php(30): view('admin/usuarios/index.php', [...])
 5 SYSTEMPATH\CodeIgniter.php(925): App\Controllers\Admin\Usuarios->index()
 6 SYSTEMPATH\CodeIgniter.php(480): CodeIgniter\CodeIgniter->runController(Object(App\Controllers\Admin\Usuarios))
 7 SYSTEMPATH\CodeIgniter.php(349): CodeIgniter\CodeIgniter->handleRequest(null, Object(Config\Cache), false)
 8 FCPATH\index.php(67): CodeIgniter\CodeIgniter->run()
 9 SYSTEMPATH\Commands\Server\rewrite.php(47): require_once('FCPATH\\index.php')
CRITICAL - 2023-01-13 17:29:16 --> Call to a member function where() on null
in APPPATH\Models\UsuarioModel.php on line 35.
 1 APPPATH\Controllers\Admin\Usuarios.php(23): App\Models\UsuarioModel->search('Lucas ')
 2 SYSTEMPATH\CodeIgniter.php(925): App\Controllers\Admin\Usuarios->index()
 3 SYSTEMPATH\CodeIgniter.php(480): CodeIgniter\CodeIgniter->runController(Object(App\Controllers\Admin\Usuarios))
 4 SYSTEMPATH\CodeIgniter.php(349): CodeIgniter\CodeIgniter->handleRequest(null, Object(Config\Cache), false)
 5 FCPATH\index.php(67): CodeIgniter\CodeIgniter->run()
 6 SYSTEMPATH\Commands\Server\rewrite.php(47): require_once('FCPATH\\index.php')
CRITICAL - 2023-01-13 17:31:40 --> Trying to get property 'nome' of non-object
in APPPATH\Views\admin\usuarios\index.php on line 66.
 1 APPPATH\Views\admin\usuarios\index.php(66): CodeIgniter\Debug\Exceptions->errorHandler(8, 'Trying to get property \'nome\' of non-object', 'APPPATH\\Views\\admin\\usuarios\\index.php', 66, [...])
 2 SYSTEMPATH\View\View.php(213): include('APPPATH\\Views\\admin\\usuarios\\index.php')
 3 SYSTEMPATH\View\View.php(216): CodeIgniter\View\View->CodeIgniter\View\{closure}()
 4 SYSTEMPATH\Common.php(1135): CodeIgniter\View\View->render('admin/usuarios/index.php', [], true)
 5 APPPATH\Controllers\Admin\Usuarios.php(37): view('admin/usuarios/index.php', [...])
 6 SYSTEMPATH\CodeIgniter.php(925): App\Controllers\Admin\Usuarios->index()
 7 SYSTEMPATH\CodeIgniter.php(480): CodeIgniter\CodeIgniter->runController(Object(App\Controllers\Admin\Usuarios))
 8 SYSTEMPATH\CodeIgniter.php(349): CodeIgniter\CodeIgniter->handleRequest(null, Object(Config\Cache), false)
 9 FCPATH\index.php(67): CodeIgniter\CodeIgniter->run()
10 SYSTEMPATH\Commands\Server\rewrite.php(47): require_once('FCPATH\\index.php')
